ERROR - 2024-03-18 09:05:03 --> Column 'created_by' cannot be null
ERROR - 2024-03-18 09:05:26 --> Error connecting to the database: Access denied for user '****'@'localhost' (using password: NO)
CRITICAL - 2024-03-18 09:05:26 --> Unable to connect to the database.
Main connection [MySQLi]: Access denied for user '****'@'localhost' (using password: NO)
#0 /Applications/MAMP/htdocs/baliwag/hris/vendor/codeigniter4/framework/system/Database/BaseConnection.php(577): CodeIgniter\Database\BaseConnection->initialize()
#1 /Applications/MAMP/htdocs/baliwag/hris/vendor/codeigniter4/framework/system/Database/BaseBuilder.php(1455): CodeIgniter\Database\BaseConnection->query('SELECT *\nFROM `...', Array, false)
#2 /Applications/MAMP/htdocs/baliwag/hris/vendor/codeigniter4/framework/system/Model.php(142): CodeIgniter\Database\BaseBuilder->get()
#3 /Applications/MAMP/htdocs/baliwag/hris/vendor/codeigniter4/framework/system/BaseModel.php(523): CodeIgniter\Model->doFind(true, '1')
#4 /Applications/MAMP/htdocs/baliwag/hris/vendor/myth/auth/src/Authentication/AuthenticationBase.php(138): CodeIgniter\BaseModel->find('1')
#5 /Applications/MAMP/htdocs/baliwag/hris/vendor/myth/auth/src/Authentication/LocalAuthenticator.php(70): Myth\Auth\Authentication\AuthenticationBase->isLoggedIn()
#6 /Applications/MAMP/htdocs/baliwag/hris/vendor/myth/auth/src/Filters/LoginFilter.php(45): Myth\Auth\Authentication\LocalAuthenticator->check()
#7 /Applications/MAMP/htdocs/baliwag/hris/vendor/codeigniter4/framework/system/Filters/Filters.php(173): Myth\Auth\Filters\LoginFilter->before(Object(CodeIgniter\HTTP\IncomingRequest), NULL)
#8 /Applications/MAMP/htdocs/baliwag/hris/vendor/codeigniter4/framework/system/CodeIgniter.php(393): CodeIgniter\Filters\Filters->run('/dashboard', 'before')
#9 /Applications/MAMP/htdocs/baliwag/hris/vendor/codeigniter4/framework/system/CodeIgniter.php(326): CodeIgniter\CodeIgniter->handleRequest(NULL, Object(Config\Cache), false)
#10 /Applications/MAMP/htdocs/baliwag/hris/index.php(38): CodeIgniter\CodeIgniter->run()
#11 {main}
ERROR - 2024-03-18 09:05:57 --> Table 'baliwagc_hris_db.requirements_list' doesn't exist
CRITICAL - 2024-03-18 09:05:57 --> Table 'baliwagc_hris_db.requirements_list' doesn't exist
#0 /Applications/MAMP/htdocs/baliwag/hris/vendor/codeigniter4/framework/system/Database/MySQLi/Connection.php(292): mysqli->query('SELECT COUNT(*)...', 0)
#1 /Applications/MAMP/htdocs/baliwag/hris/vendor/codeigniter4/framework/system/Database/BaseConnection.php(670): CodeIgniter\Database\MySQLi\Connection->execute('SELECT COUNT(*)...')
#2 /Applications/MAMP/htdocs/baliwag/hris/vendor/codeigniter4/framework/system/Database/BaseConnection.php(598): CodeIgniter\Database\BaseConnection->simpleQuery('SELECT COUNT(*)...')
#3 /Applications/MAMP/htdocs/baliwag/hris/vendor/codeigniter4/framework/system/Database/BaseBuilder.php(1539): CodeIgniter\Database\BaseConnection->query('SELECT COUNT(*)...', Array, false)
#4 /Applications/MAMP/htdocs/baliwag/hris/vendor/hermawan/codeigniter4-datatables/src/DataTableQuery.php(53): CodeIgniter\Database\BaseBuilder->countAllResults()
#5 /Applications/MAMP/htdocs/baliwag/hris/vendor/hermawan/codeigniter4-datatables/src/DataTable.php(174): Hermawan\DataTables\DataTableQuery->countAll()
#6 /Applications/MAMP/htdocs/baliwag/hris/app/Controllers/Requirements.php(35): Hermawan\DataTables\DataTable->toJson(true)
#7 /Applications/MAMP/htdocs/baliwag/hris/vendor/codeigniter4/framework/system/CodeIgniter.php(832): App\Controllers\Requirements->requirementsListDataTables()
#8 /Applications/MAMP/htdocs/baliwag/hris/vendor/codeigniter4/framework/system/CodeIgniter.php(419): CodeIgniter\CodeIgniter->runController(Object(App\Controllers\Requirements))
#9 /Applications/MAMP/htdocs/baliwag/hris/vendor/codeigniter4/framework/system/CodeIgniter.php(326): CodeIgniter\CodeIgniter->handleRequest(NULL, Object(Config\Cache), false)
#10 /Applications/MAMP/htdocs/baliwag/hris/index.php(38): CodeIgniter\CodeIgniter->run()
#11 {main}
ERROR - 2024-03-18 09:08:10 --> Error connecting to the database: Access denied for user '****'@'localhost' (using password: NO)
CRITICAL - 2024-03-18 09:08:10 --> Unable to connect to the database.
Main connection [MySQLi]: Access denied for user '****'@'localhost' (using password: NO)
#0 /Applications/MAMP/htdocs/baliwag/hris/vendor/codeigniter4/framework/system/Database/BaseConnection.php(577): CodeIgniter\Database\BaseConnection->initialize()
#1 /Applications/MAMP/htdocs/baliwag/hris/vendor/codeigniter4/framework/system/Database/BaseBuilder.php(1455): CodeIgniter\Database\BaseConnection->query('SELECT *\nFROM `...', Array, false)
#2 /Applications/MAMP/htdocs/baliwag/hris/vendor/codeigniter4/framework/system/Model.php(142): CodeIgniter\Database\BaseBuilder->get()
#3 /Applications/MAMP/htdocs/baliwag/hris/vendor/codeigniter4/framework/system/BaseModel.php(523): CodeIgniter\Model->doFind(true, '1')
#4 /Applications/MAMP/htdocs/baliwag/hris/vendor/myth/auth/src/Authentication/AuthenticationBase.php(138): CodeIgniter\BaseModel->find('1')
#5 /Applications/MAMP/htdocs/baliwag/hris/vendor/myth/auth/src/Authentication/LocalAuthenticator.php(70): Myth\Auth\Authentication\AuthenticationBase->isLoggedIn()
#6 /Applications/MAMP/htdocs/baliwag/hris/vendor/myth/auth/src/Filters/LoginFilter.php(45): Myth\Auth\Authentication\LocalAuthenticator->check()
#7 /Applications/MAMP/htdocs/baliwag/hris/vendor/codeigniter4/framework/system/Filters/Filters.php(173): Myth\Auth\Filters\LoginFilter->before(Object(CodeIgniter\HTTP\IncomingRequest), NULL)
#8 /Applications/MAMP/htdocs/baliwag/hris/vendor/codeigniter4/framework/system/CodeIgniter.php(393): CodeIgniter\Filters\Filters->run('/requirements', 'before')
#9 /Applications/MAMP/htdocs/baliwag/hris/vendor/codeigniter4/framework/system/CodeIgniter.php(326): CodeIgniter\CodeIgniter->handleRequest(NULL, Object(Config\Cache), false)
#10 /Applications/MAMP/htdocs/baliwag/hris/index.php(38): CodeIgniter\CodeIgniter->run()
#11 {main}
ERROR - 2024-03-18 09:08:18 --> Error connecting to the database: Access denied for user '****'@'localhost' (using password: NO)
CRITICAL - 2024-03-18 09:08:18 --> Unable to connect to the database.
Main connection [MySQLi]: Access denied for user '****'@'localhost' (using password: NO)
#0 /Applications/MAMP/htdocs/baliwag/hris/vendor/codeigniter4/framework/system/Database/BaseConnection.php(577): CodeIgniter\Database\BaseConnection->initialize()
#1 /Applications/MAMP/htdocs/baliwag/hris/vendor/codeigniter4/framework/system/Database/BaseBuilder.php(1455): CodeIgniter\Database\BaseConnection->query('SELECT *\nFROM `...', Array, false)
#2 /Applications/MAMP/htdocs/baliwag/hris/vendor/codeigniter4/framework/system/Model.php(142): CodeIgniter\Database\BaseBuilder->get()
#3 /Applications/MAMP/htdocs/baliwag/hris/vendor/codeigniter4/framework/system/BaseModel.php(523): CodeIgniter\Model->doFind(true, '1')
#4 /Applications/MAMP/htdocs/baliwag/hris/vendor/myth/auth/src/Authentication/AuthenticationBase.php(138): CodeIgniter\BaseModel->find('1')
#5 /Applications/MAMP/htdocs/baliwag/hris/vendor/myth/auth/src/Authentication/LocalAuthenticator.php(70): Myth\Auth\Authentication\AuthenticationBase->isLoggedIn()
#6 /Applications/MAMP/htdocs/baliwag/hris/vendor/myth/auth/src/Filters/LoginFilter.php(45): Myth\Auth\Authentication\LocalAuthenticator->check()
#7 /Applications/MAMP/htdocs/baliwag/hris/vendor/codeigniter4/framework/system/Filters/Filters.php(173): Myth\Auth\Filters\LoginFilter->before(Object(CodeIgniter\HTTP\IncomingRequest), NULL)
#8 /Applications/MAMP/htdocs/baliwag/hris/vendor/codeigniter4/framework/system/CodeIgniter.php(393): CodeIgniter\Filters\Filters->run('/requirements', 'before')
#9 /Applications/MAMP/htdocs/baliwag/hris/vendor/codeigniter4/framework/system/CodeIgniter.php(326): CodeIgniter\CodeIgniter->handleRequest(NULL, Object(Config\Cache), false)
#10 /Applications/MAMP/htdocs/baliwag/hris/index.php(38): CodeIgniter\CodeIgniter->run()
#11 {main}
ERROR - 2024-03-18 09:08:19 --> Error connecting to the database: Access denied for user '****'@'localhost' (using password: NO)
CRITICAL - 2024-03-18 09:08:19 --> Unable to connect to the database.
Main connection [MySQLi]: Access denied for user '****'@'localhost' (using password: NO)
#0 /Applications/MAMP/htdocs/baliwag/hris/vendor/codeigniter4/framework/system/Database/BaseConnection.php(577): CodeIgniter\Database\BaseConnection->initialize()
#1 /Applications/MAMP/htdocs/baliwag/hris/vendor/codeigniter4/framework/system/Database/BaseBuilder.php(1455): CodeIgniter\Database\BaseConnection->query('SELECT *\nFROM `...', Array, false)
#2 /Applications/MAMP/htdocs/baliwag/hris/vendor/codeigniter4/framework/system/Model.php(142): CodeIgniter\Database\BaseBuilder->get()
#3 /Applications/MAMP/htdocs/baliwag/hris/vendor/codeigniter4/framework/system/BaseModel.php(523): CodeIgniter\Model->doFind(true, '1')
#4 /Applications/MAMP/htdocs/baliwag/hris/vendor/myth/auth/src/Authentication/AuthenticationBase.php(138): CodeIgniter\BaseModel->find('1')
#5 /Applications/MAMP/htdocs/baliwag/hris/vendor/myth/auth/src/Authentication/LocalAuthenticator.php(70): Myth\Auth\Authentication\AuthenticationBase->isLoggedIn()
#6 /Applications/MAMP/htdocs/baliwag/hris/vendor/myth/auth/src/Filters/LoginFilter.php(45): Myth\Auth\Authentication\LocalAuthenticator->check()
#7 /Applications/MAMP/htdocs/baliwag/hris/vendor/codeigniter4/framework/system/Filters/Filters.php(173): Myth\Auth\Filters\LoginFilter->before(Object(CodeIgniter\HTTP\IncomingRequest), NULL)
#8 /Applications/MAMP/htdocs/baliwag/hris/vendor/codeigniter4/framework/system/CodeIgniter.php(393): CodeIgniter\Filters\Filters->run('/requirements', 'before')
#9 /Applications/MAMP/htdocs/baliwag/hris/vendor/codeigniter4/framework/system/CodeIgniter.php(326): CodeIgniter\CodeIgniter->handleRequest(NULL, Object(Config\Cache), false)
#10 /Applications/MAMP/htdocs/baliwag/hris/index.php(38): CodeIgniter\CodeIgniter->run()
#11 {main}
ERROR - 2024-03-18 09:11:14 --> Error connecting to the database: Access denied for user '****'@'localhost' (using password: NO)
CRITICAL - 2024-03-18 09:11:14 --> Unable to connect to the database.
Main connection [MySQLi]: Access denied for user '****'@'localhost' (using password: NO)
#0 /Applications/MAMP/htdocs/baliwag/hris/vendor/codeigniter4/framework/system/Database/BaseConnection.php(577): CodeIgniter\Database\BaseConnection->initialize()
#1 /Applications/MAMP/htdocs/baliwag/hris/vendor/codeigniter4/framework/system/Database/BaseBuilder.php(1455): CodeIgniter\Database\BaseConnection->query('SELECT *\nFROM `...', Array, false)
#2 /Applications/MAMP/htdocs/baliwag/hris/vendor/codeigniter4/framework/system/Model.php(142): CodeIgniter\Database\BaseBuilder->get()
#3 /Applications/MAMP/htdocs/baliwag/hris/vendor/codeigniter4/framework/system/BaseModel.php(523): CodeIgniter\Model->doFind(true, '1')
#4 /Applications/MAMP/htdocs/baliwag/hris/vendor/myth/auth/src/Authentication/AuthenticationBase.php(138): CodeIgniter\BaseModel->find('1')
#5 /Applications/MAMP/htdocs/baliwag/hris/vendor/myth/auth/src/Authentication/LocalAuthenticator.php(70): Myth\Auth\Authentication\AuthenticationBase->isLoggedIn()
#6 /Applications/MAMP/htdocs/baliwag/hris/vendor/myth/auth/src/Filters/LoginFilter.php(45): Myth\Auth\Authentication\LocalAuthenticator->check()
#7 /Applications/MAMP/htdocs/baliwag/hris/vendor/codeigniter4/framework/system/Filters/Filters.php(173): Myth\Auth\Filters\LoginFilter->before(Object(CodeIgniter\HTTP\IncomingRequest), NULL)
#8 /Applications/MAMP/htdocs/baliwag/hris/vendor/codeigniter4/framework/system/CodeIgniter.php(393): CodeIgniter\Filters\Filters->run('/systemLogs', 'before')
#9 /Applications/MAMP/htdocs/baliwag/hris/vendor/codeigniter4/framework/system/CodeIgniter.php(326): CodeIgniter\CodeIgniter->handleRequest(NULL, Object(Config\Cache), false)
#10 /Applications/MAMP/htdocs/baliwag/hris/index.php(38): CodeIgniter\CodeIgniter->run()
#11 {main}
ERROR - 2024-03-18 09:13:18 --> Table 'baliwagc_hris_db.employee_info' doesn't exist
CRITICAL - 2024-03-18 09:13:18 --> Table 'baliwagc_hris_db.employee_info' doesn't exist
#0 /Applications/MAMP/htdocs/baliwag/hris/vendor/codeigniter4/framework/system/Database/MySQLi/Connection.php(292): mysqli->query('SELECT COUNT(*)...', 0)
#1 /Applications/MAMP/htdocs/baliwag/hris/vendor/codeigniter4/framework/system/Database/BaseConnection.php(670): CodeIgniter\Database\MySQLi\Connection->execute('SELECT COUNT(*)...')
#2 /Applications/MAMP/htdocs/baliwag/hris/vendor/codeigniter4/framework/system/Database/BaseConnection.php(598): CodeIgniter\Database\BaseConnection->simpleQuery('SELECT COUNT(*)...')
#3 /Applications/MAMP/htdocs/baliwag/hris/vendor/codeigniter4/framework/system/Database/BaseBuilder.php(1539): CodeIgniter\Database\BaseConnection->query('SELECT COUNT(*)...', Array, false)
#4 /Applications/MAMP/htdocs/baliwag/hris/vendor/hermawan/codeigniter4-datatables/src/DataTableQuery.php(53): CodeIgniter\Database\BaseBuilder->countAllResults()
#5 /Applications/MAMP/htdocs/baliwag/hris/vendor/hermawan/codeigniter4-datatables/src/DataTable.php(174): Hermawan\DataTables\DataTableQuery->countAll()
#6 /Applications/MAMP/htdocs/baliwag/hris/app/Controllers/Employees.php(74): Hermawan\DataTables\DataTable->toJson(true)
#7 /Applications/MAMP/htdocs/baliwag/hris/vendor/codeigniter4/framework/system/CodeIgniter.php(832): App\Controllers\Employees->getEmployees()
#8 /Applications/MAMP/htdocs/baliwag/hris/vendor/codeigniter4/framework/system/CodeIgniter.php(419): CodeIgniter\CodeIgniter->runController(Object(App\Controllers\Employees))
#9 /Applications/MAMP/htdocs/baliwag/hris/vendor/codeigniter4/framework/system/CodeIgniter.php(326): CodeIgniter\CodeIgniter->handleRequest(NULL, Object(Config\Cache), false)
#10 /Applications/MAMP/htdocs/baliwag/hris/index.php(38): CodeIgniter\CodeIgniter->run()
#11 {main}
ERROR - 2024-03-18 09:15:21 --> Table 'baliwagc_hris_db.employee_info' doesn't exist
CRITICAL - 2024-03-18 09:15:21 --> Table 'baliwagc_hris_db.employee_info' doesn't exist
#0 /Applications/MAMP/htdocs/baliwag/hris/vendor/codeigniter4/framework/system/Database/MySQLi/Connection.php(292): mysqli->query('SELECT COUNT(*)...', 0)
#1 /Applications/MAMP/htdocs/baliwag/hris/vendor/codeigniter4/framework/system/Database/BaseConnection.php(670): CodeIgniter\Database\MySQLi\Connection->execute('SELECT COUNT(*)...')
#2 /Applications/MAMP/htdocs/baliwag/hris/vendor/codeigniter4/framework/system/Database/BaseConnection.php(598): CodeIgniter\Database\BaseConnection->simpleQuery('SELECT COUNT(*)...')
#3 /Applications/MAMP/htdocs/baliwag/hris/vendor/codeigniter4/framework/system/Database/BaseBuilder.php(1539): CodeIgniter\Database\BaseConnection->query('SELECT COUNT(*)...', Array, false)
#4 /Applications/MAMP/htdocs/baliwag/hris/vendor/hermawan/codeigniter4-datatables/src/DataTableQuery.php(53): CodeIgniter\Database\BaseBuilder->countAllResults()
#5 /Applications/MAMP/htdocs/baliwag/hris/vendor/hermawan/codeigniter4-datatables/src/DataTable.php(174): Hermawan\DataTables\DataTableQuery->countAll()
#6 /Applications/MAMP/htdocs/baliwag/hris/app/Controllers/Attendances.php(44): Hermawan\DataTables\DataTable->toJson(true)
#7 /Applications/MAMP/htdocs/baliwag/hris/vendor/codeigniter4/framework/system/CodeIgniter.php(832): App\Controllers\Attendances->attendanceLogsDataTable()
#8 /Applications/MAMP/htdocs/baliwag/hris/vendor/codeigniter4/framework/system/CodeIgniter.php(419): CodeIgniter\CodeIgniter->runController(Object(App\Controllers\Attendances))
#9 /Applications/MAMP/htdocs/baliwag/hris/vendor/codeigniter4/framework/system/CodeIgniter.php(326): CodeIgniter\CodeIgniter->handleRequest(NULL, Object(Config\Cache), false)
#10 /Applications/MAMP/htdocs/baliwag/hris/index.php(38): CodeIgniter\CodeIgniter->run()
#11 {main}
ERROR - 2024-03-18 09:15:21 --> Table 'baliwagc_hris_db.attendance_logs' doesn't exist
ERROR - 2024-03-18 09:15:33 --> Table 'baliwagc_hris_db.employee_info' doesn't exist
CRITICAL - 2024-03-18 09:15:33 --> Table 'baliwagc_hris_db.employee_info' doesn't exist
#0 /Applications/MAMP/htdocs/baliwag/hris/vendor/codeigniter4/framework/system/Database/MySQLi/Connection.php(292): mysqli->query('SELECT COUNT(*)...', 0)
#1 /Applications/MAMP/htdocs/baliwag/hris/vendor/codeigniter4/framework/system/Database/BaseConnection.php(670): CodeIgniter\Database\MySQLi\Connection->execute('SELECT COUNT(*)...')
#2 /Applications/MAMP/htdocs/baliwag/hris/vendor/codeigniter4/framework/system/Database/BaseConnection.php(598): CodeIgniter\Database\BaseConnection->simpleQuery('SELECT COUNT(*)...')
#3 /Applications/MAMP/htdocs/baliwag/hris/vendor/codeigniter4/framework/system/Database/BaseBuilder.php(1539): CodeIgniter\Database\BaseConnection->query('SELECT COUNT(*)...', Array, false)
#4 /Applications/MAMP/htdocs/baliwag/hris/vendor/hermawan/codeigniter4-datatables/src/DataTableQuery.php(53): CodeIgniter\Database\BaseBuilder->countAllResults()
#5 /Applications/MAMP/htdocs/baliwag/hris/vendor/hermawan/codeigniter4-datatables/src/DataTable.php(174): Hermawan\DataTables\DataTableQuery->countAll()
#6 /Applications/MAMP/htdocs/baliwag/hris/app/Controllers/Attendances.php(81): Hermawan\DataTables\DataTable->toJson(true)
#7 /Applications/MAMP/htdocs/baliwag/hris/vendor/codeigniter4/framework/system/CodeIgniter.php(832): App\Controllers\Attendances->getAttendanceTodayDataTable()
#8 /Applications/MAMP/htdocs/baliwag/hris/vendor/codeigniter4/framework/system/CodeIgniter.php(419): CodeIgniter\CodeIgniter->runController(Object(App\Controllers\Attendances))
#9 /Applications/MAMP/htdocs/baliwag/hris/vendor/codeigniter4/framework/system/CodeIgniter.php(326): CodeIgniter\CodeIgniter->handleRequest(NULL, Object(Config\Cache), false)
#10 /Applications/MAMP/htdocs/baliwag/hris/index.php(38): CodeIgniter\CodeIgniter->run()
#11 {main}
ERROR - 2024-03-18 09:17:08 --> Table 'baliwagc_hris_db.employee_info' doesn't exist
CRITICAL - 2024-03-18 09:17:08 --> Table 'baliwagc_hris_db.employee_info' doesn't exist
#0 /Applications/MAMP/htdocs/baliwag/hris/vendor/codeigniter4/framework/system/Database/MySQLi/Connection.php(292): mysqli->query('SELECT COUNT(*)...', 0)
#1 /Applications/MAMP/htdocs/baliwag/hris/vendor/codeigniter4/framework/system/Database/BaseConnection.php(670): CodeIgniter\Database\MySQLi\Connection->execute('SELECT COUNT(*)...')
#2 /Applications/MAMP/htdocs/baliwag/hris/vendor/codeigniter4/framework/system/Database/BaseConnection.php(598): CodeIgniter\Database\BaseConnection->simpleQuery('SELECT COUNT(*)...')
#3 /Applications/MAMP/htdocs/baliwag/hris/vendor/codeigniter4/framework/system/Database/BaseBuilder.php(1539): CodeIgniter\Database\BaseConnection->query('SELECT COUNT(*)...', Array, false)
#4 /Applications/MAMP/htdocs/baliwag/hris/vendor/hermawan/codeigniter4-datatables/src/DataTableQuery.php(53): CodeIgniter\Database\BaseBuilder->countAllResults()
#5 /Applications/MAMP/htdocs/baliwag/hris/vendor/hermawan/codeigniter4-datatables/src/DataTable.php(174): Hermawan\DataTables\DataTableQuery->countAll()
#6 /Applications/MAMP/htdocs/baliwag/hris/app/Controllers/Employees.php(74): Hermawan\DataTables\DataTable->toJson(true)
#7 /Applications/MAMP/htdocs/baliwag/hris/vendor/codeigniter4/framework/system/CodeIgniter.php(832): App\Controllers\Employees->getEmployees()
#8 /Applications/MAMP/htdocs/baliwag/hris/vendor/codeigniter4/framework/system/CodeIgniter.php(419): CodeIgniter\CodeIgniter->runController(Object(App\Controllers\Employees))
#9 /Applications/MAMP/htdocs/baliwag/hris/vendor/codeigniter4/framework/system/CodeIgniter.php(326): CodeIgniter\CodeIgniter->handleRequest(NULL, Object(Config\Cache), false)
#10 /Applications/MAMP/htdocs/baliwag/hris/index.php(38): CodeIgniter\CodeIgniter->run()
#11 {main}
ERROR - 2024-03-18 09:17:12 --> Table 'baliwagc_hris_db.employee_info' doesn't exist
CRITICAL - 2024-03-18 09:17:12 --> Table 'baliwagc_hris_db.employee_info' doesn't exist
#0 /Applications/MAMP/htdocs/baliwag/hris/vendor/codeigniter4/framework/system/Database/MySQLi/Connection.php(292): mysqli->query('SELECT COUNT(*)...', 0)
#1 /Applications/MAMP/htdocs/baliwag/hris/vendor/codeigniter4/framework/system/Database/BaseConnection.php(670): CodeIgniter\Database\MySQLi\Connection->execute('SELECT COUNT(*)...')
#2 /Applications/MAMP/htdocs/baliwag/hris/vendor/codeigniter4/framework/system/Database/BaseConnection.php(598): CodeIgniter\Database\BaseConnection->simpleQuery('SELECT COUNT(*)...')
#3 /Applications/MAMP/htdocs/baliwag/hris/vendor/codeigniter4/framework/system/Database/BaseBuilder.php(1539): CodeIgniter\Database\BaseConnection->query('SELECT COUNT(*)...', Array, false)
#4 /Applications/MAMP/htdocs/baliwag/hris/vendor/hermawan/codeigniter4-datatables/src/DataTableQuery.php(53): CodeIgniter\Database\BaseBuilder->countAllResults()
#5 /Applications/MAMP/htdocs/baliwag/hris/vendor/hermawan/codeigniter4-datatables/src/DataTable.php(174): Hermawan\DataTables\DataTableQuery->countAll()
#6 /Applications/MAMP/htdocs/baliwag/hris/app/Controllers/Employees.php(74): Hermawan\DataTables\DataTable->toJson(true)
#7 /Applications/MAMP/htdocs/baliwag/hris/vendor/codeigniter4/framework/system/CodeIgniter.php(832): App\Controllers\Employees->getEmployees()
#8 /Applications/MAMP/htdocs/baliwag/hris/vendor/codeigniter4/framework/system/CodeIgniter.php(419): CodeIgniter\CodeIgniter->runController(Object(App\Controllers\Employees))
#9 /Applications/MAMP/htdocs/baliwag/hris/vendor/codeigniter4/framework/system/CodeIgniter.php(326): CodeIgniter\CodeIgniter->handleRequest(NULL, Object(Config\Cache), false)
#10 /Applications/MAMP/htdocs/baliwag/hris/index.php(38): CodeIgniter\CodeIgniter->run()
#11 {main}
