ERROR - 2024-05-02 13:27:20 --> Table 'baliwagc_bessy_db.logs' doesn't exist
ERROR - 2024-05-02 13:48:11 --> Table 'baliwagc_bessy_db.logs' doesn't exist
CRITICAL - 2024-05-02 13:48:38 --> Undefined variable $departmentInfo
#0 C:\xampp\htdocs\BeSSy\app\Views\partials\chatDrawer.php(12): CodeIgniter\Debug\Exceptions->errorHandler(2, 'Undefined varia...', 'C:\\xampp\\htdocs...', 12)
#1 C:\xampp\htdocs\BeSSy\vendor\codeigniter4\framework\system\View\View.php(210): include('C:\\xampp\\htdocs...')
#2 C:\xampp\htdocs\BeSSy\vendor\codeigniter4\framework\system\View\View.php(213): CodeIgniter\View\View->CodeIgniter\View\{closure}()
#3 C:\xampp\htdocs\BeSSy\vendor\codeigniter4\framework\system\View\View.php(424): CodeIgniter\View\View->render('partials/chatDr...', NULL, true)
#4 C:\xampp\htdocs\BeSSy\app\Views\layouts\nonAdminContainer.php(38): CodeIgniter\View\View->include('partials/chatDr...')
#5 C:\xampp\htdocs\BeSSy\vendor\codeigniter4\framework\system\View\View.php(210): include('C:\\xampp\\htdocs...')
#6 C:\xampp\htdocs\BeSSy\vendor\codeigniter4\framework\system\View\View.php(213): CodeIgniter\View\View->CodeIgniter\View\{closure}()
#7 C:\xampp\htdocs\BeSSy\vendor\codeigniter4\framework\system\View\View.php(226): CodeIgniter\View\View->render('layouts/nonAdmi...', Array, true)
#8 C:\xampp\htdocs\BeSSy\vendor\codeigniter4\framework\system\Common.php(1089): CodeIgniter\View\View->render('chats/chatList', Array, true)
#9 C:\xampp\htdocs\BeSSy\app\Controllers\Chats.php(16): view('chats/chatList', Array)
#10 C:\xampp\htdocs\BeSSy\vendor\codeigniter4\framework\system\CodeIgniter.php(832): App\Controllers\Chats->index()
#11 C:\xampp\htdocs\BeSSy\vendor\codeigniter4\framework\system\CodeIgniter.php(419): CodeIgniter\CodeIgniter->runController(Object(App\Controllers\Chats))
#12 C:\xampp\htdocs\BeSSy\vendor\codeigniter4\framework\system\CodeIgniter.php(326): CodeIgniter\CodeIgniter->handleRequest(NULL, Object(Config\Cache), false)
#13 C:\xampp\htdocs\BeSSy\index.php(38): CodeIgniter\CodeIgniter->run()
#14 {main}
CRITICAL - 2024-05-02 13:51:51 --> Undefined variable $departmentInfo
#0 C:\xampp\htdocs\BeSSy\app\Views\partials\chatDrawer.php(12): CodeIgniter\Debug\Exceptions->errorHandler(2, 'Undefined varia...', 'C:\\xampp\\htdocs...', 12)
#1 C:\xampp\htdocs\BeSSy\vendor\codeigniter4\framework\system\View\View.php(210): include('C:\\xampp\\htdocs...')
#2 C:\xampp\htdocs\BeSSy\vendor\codeigniter4\framework\system\View\View.php(213): CodeIgniter\View\View->CodeIgniter\View\{closure}()
#3 C:\xampp\htdocs\BeSSy\vendor\codeigniter4\framework\system\View\View.php(424): CodeIgniter\View\View->render('partials/chatDr...', NULL, true)
#4 C:\xampp\htdocs\BeSSy\app\Views\layouts\nonAdminContainer.php(38): CodeIgniter\View\View->include('partials/chatDr...')
#5 C:\xampp\htdocs\BeSSy\vendor\codeigniter4\framework\system\View\View.php(210): include('C:\\xampp\\htdocs...')
#6 C:\xampp\htdocs\BeSSy\vendor\codeigniter4\framework\system\View\View.php(213): CodeIgniter\View\View->CodeIgniter\View\{closure}()
#7 C:\xampp\htdocs\BeSSy\vendor\codeigniter4\framework\system\View\View.php(226): CodeIgniter\View\View->render('layouts/nonAdmi...', Array, true)
#8 C:\xampp\htdocs\BeSSy\vendor\codeigniter4\framework\system\Common.php(1089): CodeIgniter\View\View->render('chats/chatList', Array, true)
#9 C:\xampp\htdocs\BeSSy\app\Controllers\Chats.php(16): view('chats/chatList', Array)
#10 C:\xampp\htdocs\BeSSy\vendor\codeigniter4\framework\system\CodeIgniter.php(832): App\Controllers\Chats->index()
#11 C:\xampp\htdocs\BeSSy\vendor\codeigniter4\framework\system\CodeIgniter.php(419): CodeIgniter\CodeIgniter->runController(Object(App\Controllers\Chats))
#12 C:\xampp\htdocs\BeSSy\vendor\codeigniter4\framework\system\CodeIgniter.php(326): CodeIgniter\CodeIgniter->handleRequest(NULL, Object(Config\Cache), false)
#13 C:\xampp\htdocs\BeSSy\index.php(38): CodeIgniter\CodeIgniter->run()
#14 {main}
CRITICAL - 2024-05-02 13:51:55 --> Undefined variable $departmentInfo
#0 C:\xampp\htdocs\BeSSy\app\Views\partials\chatDrawer.php(12): CodeIgniter\Debug\Exceptions->errorHandler(2, 'Undefined varia...', 'C:\\xampp\\htdocs...', 12)
#1 C:\xampp\htdocs\BeSSy\vendor\codeigniter4\framework\system\View\View.php(210): include('C:\\xampp\\htdocs...')
#2 C:\xampp\htdocs\BeSSy\vendor\codeigniter4\framework\system\View\View.php(213): CodeIgniter\View\View->CodeIgniter\View\{closure}()
#3 C:\xampp\htdocs\BeSSy\vendor\codeigniter4\framework\system\View\View.php(424): CodeIgniter\View\View->render('partials/chatDr...', NULL, true)
#4 C:\xampp\htdocs\BeSSy\app\Views\layouts\nonAdminContainer.php(38): CodeIgniter\View\View->include('partials/chatDr...')
#5 C:\xampp\htdocs\BeSSy\vendor\codeigniter4\framework\system\View\View.php(210): include('C:\\xampp\\htdocs...')
#6 C:\xampp\htdocs\BeSSy\vendor\codeigniter4\framework\system\View\View.php(213): CodeIgniter\View\View->CodeIgniter\View\{closure}()
#7 C:\xampp\htdocs\BeSSy\vendor\codeigniter4\framework\system\View\View.php(226): CodeIgniter\View\View->render('layouts/nonAdmi...', Array, true)
#8 C:\xampp\htdocs\BeSSy\vendor\codeigniter4\framework\system\Common.php(1089): CodeIgniter\View\View->render('chats/chatList', Array, true)
#9 C:\xampp\htdocs\BeSSy\app\Controllers\Chats.php(16): view('chats/chatList', Array)
#10 C:\xampp\htdocs\BeSSy\vendor\codeigniter4\framework\system\CodeIgniter.php(832): App\Controllers\Chats->index()
#11 C:\xampp\htdocs\BeSSy\vendor\codeigniter4\framework\system\CodeIgniter.php(419): CodeIgniter\CodeIgniter->runController(Object(App\Controllers\Chats))
#12 C:\xampp\htdocs\BeSSy\vendor\codeigniter4\framework\system\CodeIgniter.php(326): CodeIgniter\CodeIgniter->handleRequest(NULL, Object(Config\Cache), false)
#13 C:\xampp\htdocs\BeSSy\index.php(38): CodeIgniter\CodeIgniter->run()
#14 {main}
CRITICAL - 2024-05-02 13:51:57 --> Undefined variable $departmentInfo
#0 C:\xampp\htdocs\BeSSy\app\Views\partials\chatDrawer.php(12): CodeIgniter\Debug\Exceptions->errorHandler(2, 'Undefined varia...', 'C:\\xampp\\htdocs...', 12)
#1 C:\xampp\htdocs\BeSSy\vendor\codeigniter4\framework\system\View\View.php(210): include('C:\\xampp\\htdocs...')
#2 C:\xampp\htdocs\BeSSy\vendor\codeigniter4\framework\system\View\View.php(213): CodeIgniter\View\View->CodeIgniter\View\{closure}()
#3 C:\xampp\htdocs\BeSSy\vendor\codeigniter4\framework\system\View\View.php(424): CodeIgniter\View\View->render('partials/chatDr...', NULL, true)
#4 C:\xampp\htdocs\BeSSy\app\Views\layouts\nonAdminContainer.php(38): CodeIgniter\View\View->include('partials/chatDr...')
#5 C:\xampp\htdocs\BeSSy\vendor\codeigniter4\framework\system\View\View.php(210): include('C:\\xampp\\htdocs...')
#6 C:\xampp\htdocs\BeSSy\vendor\codeigniter4\framework\system\View\View.php(213): CodeIgniter\View\View->CodeIgniter\View\{closure}()
#7 C:\xampp\htdocs\BeSSy\vendor\codeigniter4\framework\system\View\View.php(226): CodeIgniter\View\View->render('layouts/nonAdmi...', Array, true)
#8 C:\xampp\htdocs\BeSSy\vendor\codeigniter4\framework\system\Common.php(1089): CodeIgniter\View\View->render('chats/chatList', Array, true)
#9 C:\xampp\htdocs\BeSSy\app\Controllers\Chats.php(16): view('chats/chatList', Array)
#10 C:\xampp\htdocs\BeSSy\vendor\codeigniter4\framework\system\CodeIgniter.php(832): App\Controllers\Chats->index()
#11 C:\xampp\htdocs\BeSSy\vendor\codeigniter4\framework\system\CodeIgniter.php(419): CodeIgniter\CodeIgniter->runController(Object(App\Controllers\Chats))
#12 C:\xampp\htdocs\BeSSy\vendor\codeigniter4\framework\system\CodeIgniter.php(326): CodeIgniter\CodeIgniter->handleRequest(NULL, Object(Config\Cache), false)
#13 C:\xampp\htdocs\BeSSy\index.php(38): CodeIgniter\CodeIgniter->run()
#14 {main}
CRITICAL - 2024-05-02 13:51:59 --> Undefined variable $departmentInfo
#0 C:\xampp\htdocs\BeSSy\app\Views\partials\chatDrawer.php(12): CodeIgniter\Debug\Exceptions->errorHandler(2, 'Undefined varia...', 'C:\\xampp\\htdocs...', 12)
#1 C:\xampp\htdocs\BeSSy\vendor\codeigniter4\framework\system\View\View.php(210): include('C:\\xampp\\htdocs...')
#2 C:\xampp\htdocs\BeSSy\vendor\codeigniter4\framework\system\View\View.php(213): CodeIgniter\View\View->CodeIgniter\View\{closure}()
#3 C:\xampp\htdocs\BeSSy\vendor\codeigniter4\framework\system\View\View.php(424): CodeIgniter\View\View->render('partials/chatDr...', NULL, true)
#4 C:\xampp\htdocs\BeSSy\app\Views\layouts\nonAdminContainer.php(38): CodeIgniter\View\View->include('partials/chatDr...')
#5 C:\xampp\htdocs\BeSSy\vendor\codeigniter4\framework\system\View\View.php(210): include('C:\\xampp\\htdocs...')
#6 C:\xampp\htdocs\BeSSy\vendor\codeigniter4\framework\system\View\View.php(213): CodeIgniter\View\View->CodeIgniter\View\{closure}()
#7 C:\xampp\htdocs\BeSSy\vendor\codeigniter4\framework\system\View\View.php(226): CodeIgniter\View\View->render('layouts/nonAdmi...', Array, true)
#8 C:\xampp\htdocs\BeSSy\vendor\codeigniter4\framework\system\Common.php(1089): CodeIgniter\View\View->render('chats/chatList', Array, true)
#9 C:\xampp\htdocs\BeSSy\app\Controllers\Chats.php(16): view('chats/chatList', Array)
#10 C:\xampp\htdocs\BeSSy\vendor\codeigniter4\framework\system\CodeIgniter.php(832): App\Controllers\Chats->index()
#11 C:\xampp\htdocs\BeSSy\vendor\codeigniter4\framework\system\CodeIgniter.php(419): CodeIgniter\CodeIgniter->runController(Object(App\Controllers\Chats))
#12 C:\xampp\htdocs\BeSSy\vendor\codeigniter4\framework\system\CodeIgniter.php(326): CodeIgniter\CodeIgniter->handleRequest(NULL, Object(Config\Cache), false)
#13 C:\xampp\htdocs\BeSSy\index.php(38): CodeIgniter\CodeIgniter->run()
#14 {main}
CRITICAL - 2024-05-02 13:52:37 --> Undefined variable $departmentInfo
#0 C:\xampp\htdocs\BeSSy\app\Views\partials\chatDrawer.php(12): CodeIgniter\Debug\Exceptions->errorHandler(2, 'Undefined varia...', 'C:\\xampp\\htdocs...', 12)
#1 C:\xampp\htdocs\BeSSy\vendor\codeigniter4\framework\system\View\View.php(210): include('C:\\xampp\\htdocs...')
#2 C:\xampp\htdocs\BeSSy\vendor\codeigniter4\framework\system\View\View.php(213): CodeIgniter\View\View->CodeIgniter\View\{closure}()
#3 C:\xampp\htdocs\BeSSy\vendor\codeigniter4\framework\system\View\View.php(424): CodeIgniter\View\View->render('partials/chatDr...', NULL, true)
#4 C:\xampp\htdocs\BeSSy\app\Views\layouts\nonAdminContainer.php(38): CodeIgniter\View\View->include('partials/chatDr...')
#5 C:\xampp\htdocs\BeSSy\vendor\codeigniter4\framework\system\View\View.php(210): include('C:\\xampp\\htdocs...')
#6 C:\xampp\htdocs\BeSSy\vendor\codeigniter4\framework\system\View\View.php(213): CodeIgniter\View\View->CodeIgniter\View\{closure}()
#7 C:\xampp\htdocs\BeSSy\vendor\codeigniter4\framework\system\View\View.php(226): CodeIgniter\View\View->render('layouts/nonAdmi...', Array, true)
#8 C:\xampp\htdocs\BeSSy\vendor\codeigniter4\framework\system\Common.php(1089): CodeIgniter\View\View->render('chats/chatList', Array, true)
#9 C:\xampp\htdocs\BeSSy\app\Controllers\Chats.php(16): view('chats/chatList', Array)
#10 C:\xampp\htdocs\BeSSy\vendor\codeigniter4\framework\system\CodeIgniter.php(832): App\Controllers\Chats->index()
#11 C:\xampp\htdocs\BeSSy\vendor\codeigniter4\framework\system\CodeIgniter.php(419): CodeIgniter\CodeIgniter->runController(Object(App\Controllers\Chats))
#12 C:\xampp\htdocs\BeSSy\vendor\codeigniter4\framework\system\CodeIgniter.php(326): CodeIgniter\CodeIgniter->handleRequest(NULL, Object(Config\Cache), false)
#13 C:\xampp\htdocs\BeSSy\index.php(38): CodeIgniter\CodeIgniter->run()
#14 {main}
CRITICAL - 2024-05-02 13:56:34 --> Undefined variable $departmentInfo
#0 C:\xampp\htdocs\BeSSy\app\Views\partials\chatDrawer.php(12): CodeIgniter\Debug\Exceptions->errorHandler(2, 'Undefined varia...', 'C:\\xampp\\htdocs...', 12)
#1 C:\xampp\htdocs\BeSSy\vendor\codeigniter4\framework\system\View\View.php(210): include('C:\\xampp\\htdocs...')
#2 C:\xampp\htdocs\BeSSy\vendor\codeigniter4\framework\system\View\View.php(213): CodeIgniter\View\View->CodeIgniter\View\{closure}()
#3 C:\xampp\htdocs\BeSSy\vendor\codeigniter4\framework\system\View\View.php(424): CodeIgniter\View\View->render('partials/chatDr...', NULL, true)
#4 C:\xampp\htdocs\BeSSy\app\Views\layouts\nonAdminContainer.php(38): CodeIgniter\View\View->include('partials/chatDr...')
#5 C:\xampp\htdocs\BeSSy\vendor\codeigniter4\framework\system\View\View.php(210): include('C:\\xampp\\htdocs...')
#6 C:\xampp\htdocs\BeSSy\vendor\codeigniter4\framework\system\View\View.php(213): CodeIgniter\View\View->CodeIgniter\View\{closure}()
#7 C:\xampp\htdocs\BeSSy\vendor\codeigniter4\framework\system\View\View.php(226): CodeIgniter\View\View->render('layouts/nonAdmi...', Array, true)
#8 C:\xampp\htdocs\BeSSy\vendor\codeigniter4\framework\system\Common.php(1089): CodeIgniter\View\View->render('chats/chatList', Array, true)
#9 C:\xampp\htdocs\BeSSy\app\Controllers\Chats.php(16): view('chats/chatList', Array)
#10 C:\xampp\htdocs\BeSSy\vendor\codeigniter4\framework\system\CodeIgniter.php(832): App\Controllers\Chats->index()
#11 C:\xampp\htdocs\BeSSy\vendor\codeigniter4\framework\system\CodeIgniter.php(419): CodeIgniter\CodeIgniter->runController(Object(App\Controllers\Chats))
#12 C:\xampp\htdocs\BeSSy\vendor\codeigniter4\framework\system\CodeIgniter.php(326): CodeIgniter\CodeIgniter->handleRequest(NULL, Object(Config\Cache), false)
#13 C:\xampp\htdocs\BeSSy\index.php(38): CodeIgniter\CodeIgniter->run()
#14 {main}
ERROR - 2024-05-02 14:13:29 --> Table 'baliwagc_bessy_db.logs' doesn't exist
CRITICAL - 2024-05-02 15:17:29 --> Undefined variable $departmentInfo
#0 C:\xampp\htdocs\BeSSy\app\Views\partials\chatDrawer.php(12): CodeIgniter\Debug\Exceptions->errorHandler(2, 'Undefined varia...', 'C:\\xampp\\htdocs...', 12)
#1 C:\xampp\htdocs\BeSSy\vendor\codeigniter4\framework\system\View\View.php(210): include('C:\\xampp\\htdocs...')
#2 C:\xampp\htdocs\BeSSy\vendor\codeigniter4\framework\system\View\View.php(213): CodeIgniter\View\View->CodeIgniter\View\{closure}()
#3 C:\xampp\htdocs\BeSSy\vendor\codeigniter4\framework\system\View\View.php(424): CodeIgniter\View\View->render('partials/chatDr...', NULL, true)
#4 C:\xampp\htdocs\BeSSy\app\Views\layouts\nonAdminContainer.php(38): CodeIgniter\View\View->include('partials/chatDr...')
#5 C:\xampp\htdocs\BeSSy\vendor\codeigniter4\framework\system\View\View.php(210): include('C:\\xampp\\htdocs...')
#6 C:\xampp\htdocs\BeSSy\vendor\codeigniter4\framework\system\View\View.php(213): CodeIgniter\View\View->CodeIgniter\View\{closure}()
#7 C:\xampp\htdocs\BeSSy\vendor\codeigniter4\framework\system\View\View.php(226): CodeIgniter\View\View->render('layouts/nonAdmi...', Array, true)
#8 C:\xampp\htdocs\BeSSy\vendor\codeigniter4\framework\system\Common.php(1089): CodeIgniter\View\View->render('chats/chatList', Array, true)
#9 C:\xampp\htdocs\BeSSy\app\Controllers\Chats.php(16): view('chats/chatList', Array)
#10 C:\xampp\htdocs\BeSSy\vendor\codeigniter4\framework\system\CodeIgniter.php(832): App\Controllers\Chats->index()
#11 C:\xampp\htdocs\BeSSy\vendor\codeigniter4\framework\system\CodeIgniter.php(419): CodeIgniter\CodeIgniter->runController(Object(App\Controllers\Chats))
#12 C:\xampp\htdocs\BeSSy\vendor\codeigniter4\framework\system\CodeIgniter.php(326): CodeIgniter\CodeIgniter->handleRequest(NULL, Object(Config\Cache), false)
#13 C:\xampp\htdocs\BeSSy\index.php(38): CodeIgniter\CodeIgniter->run()
#14 {main}
CRITICAL - 2024-05-02 15:17:56 --> Undefined variable $departmentInfo
#0 C:\xampp\htdocs\BeSSy\app\Views\partials\chatDrawer.php(12): CodeIgniter\Debug\Exceptions->errorHandler(2, 'Undefined varia...', 'C:\\xampp\\htdocs...', 12)
#1 C:\xampp\htdocs\BeSSy\vendor\codeigniter4\framework\system\View\View.php(210): include('C:\\xampp\\htdocs...')
#2 C:\xampp\htdocs\BeSSy\vendor\codeigniter4\framework\system\View\View.php(213): CodeIgniter\View\View->CodeIgniter\View\{closure}()
#3 C:\xampp\htdocs\BeSSy\vendor\codeigniter4\framework\system\View\View.php(424): CodeIgniter\View\View->render('partials/chatDr...', NULL, true)
#4 C:\xampp\htdocs\BeSSy\app\Views\layouts\nonAdminContainer.php(38): CodeIgniter\View\View->include('partials/chatDr...')
#5 C:\xampp\htdocs\BeSSy\vendor\codeigniter4\framework\system\View\View.php(210): include('C:\\xampp\\htdocs...')
#6 C:\xampp\htdocs\BeSSy\vendor\codeigniter4\framework\system\View\View.php(213): CodeIgniter\View\View->CodeIgniter\View\{closure}()
#7 C:\xampp\htdocs\BeSSy\vendor\codeigniter4\framework\system\View\View.php(226): CodeIgniter\View\View->render('layouts/nonAdmi...', Array, true)
#8 C:\xampp\htdocs\BeSSy\vendor\codeigniter4\framework\system\Common.php(1089): CodeIgniter\View\View->render('chats/chatList', Array, true)
#9 C:\xampp\htdocs\BeSSy\app\Controllers\Chats.php(16): view('chats/chatList', Array)
#10 C:\xampp\htdocs\BeSSy\vendor\codeigniter4\framework\system\CodeIgniter.php(832): App\Controllers\Chats->index()
#11 C:\xampp\htdocs\BeSSy\vendor\codeigniter4\framework\system\CodeIgniter.php(419): CodeIgniter\CodeIgniter->runController(Object(App\Controllers\Chats))
#12 C:\xampp\htdocs\BeSSy\vendor\codeigniter4\framework\system\CodeIgniter.php(326): CodeIgniter\CodeIgniter->handleRequest(NULL, Object(Config\Cache), false)
#13 C:\xampp\htdocs\BeSSy\index.php(38): CodeIgniter\CodeIgniter->run()
#14 {main}
ERROR - 2024-05-02 15:18:25 --> Table 'baliwagc_bessy_db.logs' doesn't exist
CRITICAL - 2024-05-02 15:18:36 --> Undefined variable $departmentInfo
#0 C:\xampp\htdocs\BeSSy\app\Views\partials\chatDrawer.php(12): CodeIgniter\Debug\Exceptions->errorHandler(2, 'Undefined varia...', 'C:\\xampp\\htdocs...', 12)
#1 C:\xampp\htdocs\BeSSy\vendor\codeigniter4\framework\system\View\View.php(210): include('C:\\xampp\\htdocs...')
#2 C:\xampp\htdocs\BeSSy\vendor\codeigniter4\framework\system\View\View.php(213): CodeIgniter\View\View->CodeIgniter\View\{closure}()
#3 C:\xampp\htdocs\BeSSy\vendor\codeigniter4\framework\system\View\View.php(424): CodeIgniter\View\View->render('partials/chatDr...', NULL, true)
#4 C:\xampp\htdocs\BeSSy\app\Views\layouts\nonAdminContainer.php(38): CodeIgniter\View\View->include('partials/chatDr...')
#5 C:\xampp\htdocs\BeSSy\vendor\codeigniter4\framework\system\View\View.php(210): include('C:\\xampp\\htdocs...')
#6 C:\xampp\htdocs\BeSSy\vendor\codeigniter4\framework\system\View\View.php(213): CodeIgniter\View\View->CodeIgniter\View\{closure}()
#7 C:\xampp\htdocs\BeSSy\vendor\codeigniter4\framework\system\View\View.php(226): CodeIgniter\View\View->render('layouts/nonAdmi...', Array, true)
#8 C:\xampp\htdocs\BeSSy\vendor\codeigniter4\framework\system\Common.php(1089): CodeIgniter\View\View->render('chats/chatList', Array, true)
#9 C:\xampp\htdocs\BeSSy\app\Controllers\Chats.php(16): view('chats/chatList', Array)
#10 C:\xampp\htdocs\BeSSy\vendor\codeigniter4\framework\system\CodeIgniter.php(832): App\Controllers\Chats->index()
#11 C:\xampp\htdocs\BeSSy\vendor\codeigniter4\framework\system\CodeIgniter.php(419): CodeIgniter\CodeIgniter->runController(Object(App\Controllers\Chats))
#12 C:\xampp\htdocs\BeSSy\vendor\codeigniter4\framework\system\CodeIgniter.php(326): CodeIgniter\CodeIgniter->handleRequest(NULL, Object(Config\Cache), false)
#13 C:\xampp\htdocs\BeSSy\index.php(38): CodeIgniter\CodeIgniter->run()
#14 {main}
CRITICAL - 2024-05-02 16:47:06 --> Undefined variable $departmentInfo
#0 C:\xampp\htdocs\BeSSy\app\Views\partials\chatDrawer.php(12): CodeIgniter\Debug\Exceptions->errorHandler(2, 'Undefined varia...', 'C:\\xampp\\htdocs...', 12)
#1 C:\xampp\htdocs\BeSSy\vendor\codeigniter4\framework\system\View\View.php(210): include('C:\\xampp\\htdocs...')
#2 C:\xampp\htdocs\BeSSy\vendor\codeigniter4\framework\system\View\View.php(213): CodeIgniter\View\View->CodeIgniter\View\{closure}()
#3 C:\xampp\htdocs\BeSSy\vendor\codeigniter4\framework\system\View\View.php(424): CodeIgniter\View\View->render('partials/chatDr...', NULL, true)
#4 C:\xampp\htdocs\BeSSy\app\Views\layouts\nonAdminContainer.php(56): CodeIgniter\View\View->include('partials/chatDr...')
#5 C:\xampp\htdocs\BeSSy\vendor\codeigniter4\framework\system\View\View.php(210): include('C:\\xampp\\htdocs...')
#6 C:\xampp\htdocs\BeSSy\vendor\codeigniter4\framework\system\View\View.php(213): CodeIgniter\View\View->CodeIgniter\View\{closure}()
#7 C:\xampp\htdocs\BeSSy\vendor\codeigniter4\framework\system\View\View.php(226): CodeIgniter\View\View->render('layouts/nonAdmi...', Array, true)
#8 C:\xampp\htdocs\BeSSy\vendor\codeigniter4\framework\system\Common.php(1089): CodeIgniter\View\View->render('chats/chatList', Array, true)
#9 C:\xampp\htdocs\BeSSy\app\Controllers\Chats.php(16): view('chats/chatList', Array)
#10 C:\xampp\htdocs\BeSSy\vendor\codeigniter4\framework\system\CodeIgniter.php(832): App\Controllers\Chats->index()
#11 C:\xampp\htdocs\BeSSy\vendor\codeigniter4\framework\system\CodeIgniter.php(419): CodeIgniter\CodeIgniter->runController(Object(App\Controllers\Chats))
#12 C:\xampp\htdocs\BeSSy\vendor\codeigniter4\framework\system\CodeIgniter.php(326): CodeIgniter\CodeIgniter->handleRequest(NULL, Object(Config\Cache), false)
#13 C:\xampp\htdocs\BeSSy\index.php(38): CodeIgniter\CodeIgniter->run()
#14 {main}
CRITICAL - 2024-05-02 16:47:12 --> Undefined variable $departmentInfo
#0 C:\xampp\htdocs\BeSSy\app\Views\partials\chatDrawer.php(12): CodeIgniter\Debug\Exceptions->errorHandler(2, 'Undefined varia...', 'C:\\xampp\\htdocs...', 12)
#1 C:\xampp\htdocs\BeSSy\vendor\codeigniter4\framework\system\View\View.php(210): include('C:\\xampp\\htdocs...')
#2 C:\xampp\htdocs\BeSSy\vendor\codeigniter4\framework\system\View\View.php(213): CodeIgniter\View\View->CodeIgniter\View\{closure}()
#3 C:\xampp\htdocs\BeSSy\vendor\codeigniter4\framework\system\View\View.php(424): CodeIgniter\View\View->render('partials/chatDr...', NULL, true)
#4 C:\xampp\htdocs\BeSSy\app\Views\layouts\nonAdminContainer.php(56): CodeIgniter\View\View->include('partials/chatDr...')
#5 C:\xampp\htdocs\BeSSy\vendor\codeigniter4\framework\system\View\View.php(210): include('C:\\xampp\\htdocs...')
#6 C:\xampp\htdocs\BeSSy\vendor\codeigniter4\framework\system\View\View.php(213): CodeIgniter\View\View->CodeIgniter\View\{closure}()
#7 C:\xampp\htdocs\BeSSy\vendor\codeigniter4\framework\system\View\View.php(226): CodeIgniter\View\View->render('layouts/nonAdmi...', Array, true)
#8 C:\xampp\htdocs\BeSSy\vendor\codeigniter4\framework\system\Common.php(1089): CodeIgniter\View\View->render('chats/chatList', Array, true)
#9 C:\xampp\htdocs\BeSSy\app\Controllers\Chats.php(16): view('chats/chatList', Array)
#10 C:\xampp\htdocs\BeSSy\vendor\codeigniter4\framework\system\CodeIgniter.php(832): App\Controllers\Chats->index()
#11 C:\xampp\htdocs\BeSSy\vendor\codeigniter4\framework\system\CodeIgniter.php(419): CodeIgniter\CodeIgniter->runController(Object(App\Controllers\Chats))
#12 C:\xampp\htdocs\BeSSy\vendor\codeigniter4\framework\system\CodeIgniter.php(326): CodeIgniter\CodeIgniter->handleRequest(NULL, Object(Config\Cache), false)
#13 C:\xampp\htdocs\BeSSy\index.php(38): CodeIgniter\CodeIgniter->run()
#14 {main}
CRITICAL - 2024-05-02 16:47:23 --> Undefined variable $departmentInfo
#0 C:\xampp\htdocs\BeSSy\app\Views\partials\chatDrawer.php(12): CodeIgniter\Debug\Exceptions->errorHandler(2, 'Undefined varia...', 'C:\\xampp\\htdocs...', 12)
#1 C:\xampp\htdocs\BeSSy\vendor\codeigniter4\framework\system\View\View.php(210): include('C:\\xampp\\htdocs...')
#2 C:\xampp\htdocs\BeSSy\vendor\codeigniter4\framework\system\View\View.php(213): CodeIgniter\View\View->CodeIgniter\View\{closure}()
#3 C:\xampp\htdocs\BeSSy\vendor\codeigniter4\framework\system\View\View.php(424): CodeIgniter\View\View->render('partials/chatDr...', NULL, true)
#4 C:\xampp\htdocs\BeSSy\app\Views\layouts\nonAdminContainer.php(56): CodeIgniter\View\View->include('partials/chatDr...')
#5 C:\xampp\htdocs\BeSSy\vendor\codeigniter4\framework\system\View\View.php(210): include('C:\\xampp\\htdocs...')
#6 C:\xampp\htdocs\BeSSy\vendor\codeigniter4\framework\system\View\View.php(213): CodeIgniter\View\View->CodeIgniter\View\{closure}()
#7 C:\xampp\htdocs\BeSSy\vendor\codeigniter4\framework\system\View\View.php(226): CodeIgniter\View\View->render('layouts/nonAdmi...', Array, true)
#8 C:\xampp\htdocs\BeSSy\vendor\codeigniter4\framework\system\Common.php(1089): CodeIgniter\View\View->render('chats/chatList', Array, true)
#9 C:\xampp\htdocs\BeSSy\app\Controllers\Chats.php(16): view('chats/chatList', Array)
#10 C:\xampp\htdocs\BeSSy\vendor\codeigniter4\framework\system\CodeIgniter.php(832): App\Controllers\Chats->index()
#11 C:\xampp\htdocs\BeSSy\vendor\codeigniter4\framework\system\CodeIgniter.php(419): CodeIgniter\CodeIgniter->runController(Object(App\Controllers\Chats))
#12 C:\xampp\htdocs\BeSSy\vendor\codeigniter4\framework\system\CodeIgniter.php(326): CodeIgniter\CodeIgniter->handleRequest(NULL, Object(Config\Cache), false)
#13 C:\xampp\htdocs\BeSSy\index.php(38): CodeIgniter\CodeIgniter->run()
#14 {main}
CRITICAL - 2024-05-02 16:47:27 --> Undefined variable $departmentInfo
#0 C:\xampp\htdocs\BeSSy\app\Views\partials\chatDrawer.php(12): CodeIgniter\Debug\Exceptions->errorHandler(2, 'Undefined varia...', 'C:\\xampp\\htdocs...', 12)
#1 C:\xampp\htdocs\BeSSy\vendor\codeigniter4\framework\system\View\View.php(210): include('C:\\xampp\\htdocs...')
#2 C:\xampp\htdocs\BeSSy\vendor\codeigniter4\framework\system\View\View.php(213): CodeIgniter\View\View->CodeIgniter\View\{closure}()
#3 C:\xampp\htdocs\BeSSy\vendor\codeigniter4\framework\system\View\View.php(424): CodeIgniter\View\View->render('partials/chatDr...', NULL, true)
#4 C:\xampp\htdocs\BeSSy\app\Views\layouts\nonAdminContainer.php(56): CodeIgniter\View\View->include('partials/chatDr...')
#5 C:\xampp\htdocs\BeSSy\vendor\codeigniter4\framework\system\View\View.php(210): include('C:\\xampp\\htdocs...')
#6 C:\xampp\htdocs\BeSSy\vendor\codeigniter4\framework\system\View\View.php(213): CodeIgniter\View\View->CodeIgniter\View\{closure}()
#7 C:\xampp\htdocs\BeSSy\vendor\codeigniter4\framework\system\View\View.php(226): CodeIgniter\View\View->render('layouts/nonAdmi...', Array, true)
#8 C:\xampp\htdocs\BeSSy\vendor\codeigniter4\framework\system\Common.php(1089): CodeIgniter\View\View->render('chats/chatList', Array, true)
#9 C:\xampp\htdocs\BeSSy\app\Controllers\Chats.php(16): view('chats/chatList', Array)
#10 C:\xampp\htdocs\BeSSy\vendor\codeigniter4\framework\system\CodeIgniter.php(832): App\Controllers\Chats->index()
#11 C:\xampp\htdocs\BeSSy\vendor\codeigniter4\framework\system\CodeIgniter.php(419): CodeIgniter\CodeIgniter->runController(Object(App\Controllers\Chats))
#12 C:\xampp\htdocs\BeSSy\vendor\codeigniter4\framework\system\CodeIgniter.php(326): CodeIgniter\CodeIgniter->handleRequest(NULL, Object(Config\Cache), false)
#13 C:\xampp\htdocs\BeSSy\index.php(38): CodeIgniter\CodeIgniter->run()
#14 {main}
CRITICAL - 2024-05-02 16:47:38 --> Undefined variable $departmentInfo
#0 C:\xampp\htdocs\BeSSy\app\Views\partials\chatDrawer.php(12): CodeIgniter\Debug\Exceptions->errorHandler(2, 'Undefined varia...', 'C:\\xampp\\htdocs...', 12)
#1 C:\xampp\htdocs\BeSSy\vendor\codeigniter4\framework\system\View\View.php(210): include('C:\\xampp\\htdocs...')
#2 C:\xampp\htdocs\BeSSy\vendor\codeigniter4\framework\system\View\View.php(213): CodeIgniter\View\View->CodeIgniter\View\{closure}()
#3 C:\xampp\htdocs\BeSSy\vendor\codeigniter4\framework\system\View\View.php(424): CodeIgniter\View\View->render('partials/chatDr...', NULL, true)
#4 C:\xampp\htdocs\BeSSy\app\Views\layouts\nonAdminContainer.php(56): CodeIgniter\View\View->include('partials/chatDr...')
#5 C:\xampp\htdocs\BeSSy\vendor\codeigniter4\framework\system\View\View.php(210): include('C:\\xampp\\htdocs...')
#6 C:\xampp\htdocs\BeSSy\vendor\codeigniter4\framework\system\View\View.php(213): CodeIgniter\View\View->CodeIgniter\View\{closure}()
#7 C:\xampp\htdocs\BeSSy\vendor\codeigniter4\framework\system\View\View.php(226): CodeIgniter\View\View->render('layouts/nonAdmi...', Array, true)
#8 C:\xampp\htdocs\BeSSy\vendor\codeigniter4\framework\system\Common.php(1089): CodeIgniter\View\View->render('chats/chatList', Array, true)
#9 C:\xampp\htdocs\BeSSy\app\Controllers\Chats.php(16): view('chats/chatList', Array)
#10 C:\xampp\htdocs\BeSSy\vendor\codeigniter4\framework\system\CodeIgniter.php(832): App\Controllers\Chats->index()
#11 C:\xampp\htdocs\BeSSy\vendor\codeigniter4\framework\system\CodeIgniter.php(419): CodeIgniter\CodeIgniter->runController(Object(App\Controllers\Chats))
#12 C:\xampp\htdocs\BeSSy\vendor\codeigniter4\framework\system\CodeIgniter.php(326): CodeIgniter\CodeIgniter->handleRequest(NULL, Object(Config\Cache), false)
#13 C:\xampp\htdocs\BeSSy\index.php(38): CodeIgniter\CodeIgniter->run()
#14 {main}
CRITICAL - 2024-05-02 16:48:03 --> Undefined variable $departmentInfo
#0 C:\xampp\htdocs\BeSSy\app\Views\partials\chatDrawer.php(12): CodeIgniter\Debug\Exceptions->errorHandler(2, 'Undefined varia...', 'C:\\xampp\\htdocs...', 12)
#1 C:\xampp\htdocs\BeSSy\vendor\codeigniter4\framework\system\View\View.php(210): include('C:\\xampp\\htdocs...')
#2 C:\xampp\htdocs\BeSSy\vendor\codeigniter4\framework\system\View\View.php(213): CodeIgniter\View\View->CodeIgniter\View\{closure}()
#3 C:\xampp\htdocs\BeSSy\vendor\codeigniter4\framework\system\View\View.php(424): CodeIgniter\View\View->render('partials/chatDr...', NULL, true)
#4 C:\xampp\htdocs\BeSSy\app\Views\layouts\nonAdminContainer.php(56): CodeIgniter\View\View->include('partials/chatDr...')
#5 C:\xampp\htdocs\BeSSy\vendor\codeigniter4\framework\system\View\View.php(210): include('C:\\xampp\\htdocs...')
#6 C:\xampp\htdocs\BeSSy\vendor\codeigniter4\framework\system\View\View.php(213): CodeIgniter\View\View->CodeIgniter\View\{closure}()
#7 C:\xampp\htdocs\BeSSy\vendor\codeigniter4\framework\system\View\View.php(226): CodeIgniter\View\View->render('layouts/nonAdmi...', Array, true)
#8 C:\xampp\htdocs\BeSSy\vendor\codeigniter4\framework\system\Common.php(1089): CodeIgniter\View\View->render('chats/chatList', Array, true)
#9 C:\xampp\htdocs\BeSSy\app\Controllers\Chats.php(16): view('chats/chatList', Array)
#10 C:\xampp\htdocs\BeSSy\vendor\codeigniter4\framework\system\CodeIgniter.php(832): App\Controllers\Chats->index()
#11 C:\xampp\htdocs\BeSSy\vendor\codeigniter4\framework\system\CodeIgniter.php(419): CodeIgniter\CodeIgniter->runController(Object(App\Controllers\Chats))
#12 C:\xampp\htdocs\BeSSy\vendor\codeigniter4\framework\system\CodeIgniter.php(326): CodeIgniter\CodeIgniter->handleRequest(NULL, Object(Config\Cache), false)
#13 C:\xampp\htdocs\BeSSy\index.php(38): CodeIgniter\CodeIgniter->run()
#14 {main}
CRITICAL - 2024-05-02 17:02:06 --> Undefined variable $departmentInfo
#0 C:\xampp\htdocs\BeSSy\app\Views\partials\chatDrawer.php(12): CodeIgniter\Debug\Exceptions->errorHandler(2, 'Undefined varia...', 'C:\\xampp\\htdocs...', 12)
#1 C:\xampp\htdocs\BeSSy\vendor\codeigniter4\framework\system\View\View.php(210): include('C:\\xampp\\htdocs...')
#2 C:\xampp\htdocs\BeSSy\vendor\codeigniter4\framework\system\View\View.php(213): CodeIgniter\View\View->CodeIgniter\View\{closure}()
#3 C:\xampp\htdocs\BeSSy\vendor\codeigniter4\framework\system\View\View.php(424): CodeIgniter\View\View->render('partials/chatDr...', NULL, true)
#4 C:\xampp\htdocs\BeSSy\app\Views\layouts\nonAdminContainer.php(56): CodeIgniter\View\View->include('partials/chatDr...')
#5 C:\xampp\htdocs\BeSSy\vendor\codeigniter4\framework\system\View\View.php(210): include('C:\\xampp\\htdocs...')
#6 C:\xampp\htdocs\BeSSy\vendor\codeigniter4\framework\system\View\View.php(213): CodeIgniter\View\View->CodeIgniter\View\{closure}()
#7 C:\xampp\htdocs\BeSSy\vendor\codeigniter4\framework\system\View\View.php(226): CodeIgniter\View\View->render('layouts/nonAdmi...', Array, true)
#8 C:\xampp\htdocs\BeSSy\vendor\codeigniter4\framework\system\Common.php(1089): CodeIgniter\View\View->render('chats/chatList', Array, true)
#9 C:\xampp\htdocs\BeSSy\app\Controllers\Chats.php(16): view('chats/chatList', Array)
#10 C:\xampp\htdocs\BeSSy\vendor\codeigniter4\framework\system\CodeIgniter.php(832): App\Controllers\Chats->index()
#11 C:\xampp\htdocs\BeSSy\vendor\codeigniter4\framework\system\CodeIgniter.php(419): CodeIgniter\CodeIgniter->runController(Object(App\Controllers\Chats))
#12 C:\xampp\htdocs\BeSSy\vendor\codeigniter4\framework\system\CodeIgniter.php(326): CodeIgniter\CodeIgniter->handleRequest(NULL, Object(Config\Cache), false)
#13 C:\xampp\htdocs\BeSSy\index.php(38): CodeIgniter\CodeIgniter->run()
#14 {main}
