ERROR - 2024-05-01 21:15:45 --> Table 'baliwagc_bessy_db.logs' doesn't exist
CRITICAL - 2024-05-01 21:51:45 --> trim(): Passing null to parameter #1 ($string) of type string is deprecated
#0 [internal function]: CodeIgniter\Debug\Exceptions->errorHandler(8192, 'trim(): Passing...', 'C:\\xampp\\htdocs...', 137)
#1 C:\xampp\htdocs\BeSSy\app\Controllers\Departments.php(137): trim(NULL)
#2 C:\xampp\htdocs\BeSSy\vendor\codeigniter4\framework\system\CodeIgniter.php(832): App\Controllers\Departments->updateServices('17')
#3 C:\xampp\htdocs\BeSSy\vendor\codeigniter4\framework\system\CodeIgniter.php(419): CodeIgniter\CodeIgniter->runController(Object(App\Controllers\Departments))
#4 C:\xampp\htdocs\BeSSy\vendor\codeigniter4\framework\system\CodeIgniter.php(326): CodeIgniter\CodeIgniter->handleRequest(NULL, Object(Config\Cache), false)
#5 C:\xampp\htdocs\BeSSy\index.php(38): CodeIgniter\CodeIgniter->run()
#6 {main}
CRITICAL - 2024-05-01 21:51:46 --> trim(): Passing null to parameter #1 ($string) of type string is deprecated
#0 [internal function]: CodeIgniter\Debug\Exceptions->errorHandler(8192, 'trim(): Passing...', 'C:\\xampp\\htdocs...', 137)
#1 C:\xampp\htdocs\BeSSy\app\Controllers\Departments.php(137): trim(NULL)
#2 C:\xampp\htdocs\BeSSy\vendor\codeigniter4\framework\system\CodeIgniter.php(832): App\Controllers\Departments->updateServices('17')
#3 C:\xampp\htdocs\BeSSy\vendor\codeigniter4\framework\system\CodeIgniter.php(419): CodeIgniter\CodeIgniter->runController(Object(App\Controllers\Departments))
#4 C:\xampp\htdocs\BeSSy\vendor\codeigniter4\framework\system\CodeIgniter.php(326): CodeIgniter\CodeIgniter->handleRequest(NULL, Object(Config\Cache), false)
#5 C:\xampp\htdocs\BeSSy\index.php(38): CodeIgniter\CodeIgniter->run()
#6 {main}
CRITICAL - 2024-05-01 21:58:30 --> trim(): Passing null to parameter #1 ($string) of type string is deprecated
#0 [internal function]: CodeIgniter\Debug\Exceptions->errorHandler(8192, 'trim(): Passing...', 'C:\\xampp\\htdocs...', 137)
#1 C:\xampp\htdocs\BeSSy\app\Controllers\Departments.php(137): trim(NULL)
#2 C:\xampp\htdocs\BeSSy\vendor\codeigniter4\framework\system\CodeIgniter.php(832): App\Controllers\Departments->updateServices('17')
#3 C:\xampp\htdocs\BeSSy\vendor\codeigniter4\framework\system\CodeIgniter.php(419): CodeIgniter\CodeIgniter->runController(Object(App\Controllers\Departments))
#4 C:\xampp\htdocs\BeSSy\vendor\codeigniter4\framework\system\CodeIgniter.php(326): CodeIgniter\CodeIgniter->handleRequest(NULL, Object(Config\Cache), false)
#5 C:\xampp\htdocs\BeSSy\index.php(38): CodeIgniter\CodeIgniter->run()
#6 {main}
