ERROR - 2024-04-22 09:29:57 --> Table 'baliwagc_bessy_db.logs' doesn't exist
ERROR - 2024-04-22 10:43:02 --> Table 'baliwagc_bessy_db.logs' doesn't exist
ERROR - 2024-04-22 10:43:18 --> Table 'baliwagc_bessy_db.logs' doesn't exist
CRITICAL - 2024-04-22 13:53:40 --> Undefined variable $convoInfo
#0 /Applications/MAMP/htdocs/baliwag/bessy/app/Views/partials/chatDrawer.php(37): CodeIgniter\Debug\Exceptions->errorHandler(2, 'Undefined varia...', '/Applications/M...', 37)
#1 /Applications/MAMP/htdocs/baliwag/bessy/vendor/codeigniter4/framework/system/View/View.php(210): include('/Applications/M...')
#2 /Applications/MAMP/htdocs/baliwag/bessy/vendor/codeigniter4/framework/system/View/View.php(213): CodeIgniter\View\View->CodeIgniter\View\{closure}()
#3 /Applications/MAMP/htdocs/baliwag/bessy/vendor/codeigniter4/framework/system/View/View.php(424): CodeIgniter\View\View->render('partials/chatDr...', NULL, true)
#4 /Applications/MAMP/htdocs/baliwag/bessy/app/Views/layouts/nonAdminContainer.php(38): CodeIgniter\View\View->include('partials/chatDr...')
#5 /Applications/MAMP/htdocs/baliwag/bessy/vendor/codeigniter4/framework/system/View/View.php(210): include('/Applications/M...')
#6 /Applications/MAMP/htdocs/baliwag/bessy/vendor/codeigniter4/framework/system/View/View.php(213): CodeIgniter\View\View->CodeIgniter\View\{closure}()
#7 /Applications/MAMP/htdocs/baliwag/bessy/vendor/codeigniter4/framework/system/View/View.php(226): CodeIgniter\View\View->render('layouts/nonAdmi...', Array, true)
#8 /Applications/MAMP/htdocs/baliwag/bessy/vendor/codeigniter4/framework/system/Common.php(1089): CodeIgniter\View\View->render('services/mayors...', Array, true)
#9 /Applications/MAMP/htdocs/baliwag/bessy/app/Controllers/Services.php(31): view('services/mayors...', Array)
#10 /Applications/MAMP/htdocs/baliwag/bessy/vendor/codeigniter4/framework/system/CodeIgniter.php(832): App\Controllers\Services->serviceView('1')
#11 /Applications/MAMP/htdocs/baliwag/bessy/vendor/codeigniter4/framework/system/CodeIgniter.php(419): CodeIgniter\CodeIgniter->runController(Object(App\Controllers\Services))
#12 /Applications/MAMP/htdocs/baliwag/bessy/vendor/codeigniter4/framework/system/CodeIgniter.php(326): CodeIgniter\CodeIgniter->handleRequest(NULL, Object(Config\Cache), false)
#13 /Applications/MAMP/htdocs/baliwag/bessy/index.php(38): CodeIgniter\CodeIgniter->run()
#14 {main}
CRITICAL - 2024-04-22 13:53:40 --> Undefined variable $convoInfo
#0 /Applications/MAMP/htdocs/baliwag/bessy/app/Views/partials/chatDrawer.php(37): CodeIgniter\Debug\Exceptions->errorHandler(2, 'Undefined varia...', '/Applications/M...', 37)
#1 /Applications/MAMP/htdocs/baliwag/bessy/vendor/codeigniter4/framework/system/View/View.php(210): include('/Applications/M...')
#2 /Applications/MAMP/htdocs/baliwag/bessy/vendor/codeigniter4/framework/system/View/View.php(213): CodeIgniter\View\View->CodeIgniter\View\{closure}()
#3 /Applications/MAMP/htdocs/baliwag/bessy/vendor/codeigniter4/framework/system/View/View.php(424): CodeIgniter\View\View->render('partials/chatDr...', NULL, true)
#4 /Applications/MAMP/htdocs/baliwag/bessy/app/Views/layouts/nonAdminContainer.php(38): CodeIgniter\View\View->include('partials/chatDr...')
#5 /Applications/MAMP/htdocs/baliwag/bessy/vendor/codeigniter4/framework/system/View/View.php(210): include('/Applications/M...')
#6 /Applications/MAMP/htdocs/baliwag/bessy/vendor/codeigniter4/framework/system/View/View.php(213): CodeIgniter\View\View->CodeIgniter\View\{closure}()
#7 /Applications/MAMP/htdocs/baliwag/bessy/vendor/codeigniter4/framework/system/View/View.php(226): CodeIgniter\View\View->render('layouts/nonAdmi...', Array, true)
#8 /Applications/MAMP/htdocs/baliwag/bessy/vendor/codeigniter4/framework/system/Common.php(1089): CodeIgniter\View\View->render('services/mayors...', Array, true)
#9 /Applications/MAMP/htdocs/baliwag/bessy/app/Controllers/Services.php(31): view('services/mayors...', Array)
#10 /Applications/MAMP/htdocs/baliwag/bessy/vendor/codeigniter4/framework/system/CodeIgniter.php(832): App\Controllers\Services->serviceView('1')
#11 /Applications/MAMP/htdocs/baliwag/bessy/vendor/codeigniter4/framework/system/CodeIgniter.php(419): CodeIgniter\CodeIgniter->runController(Object(App\Controllers\Services))
#12 /Applications/MAMP/htdocs/baliwag/bessy/vendor/codeigniter4/framework/system/CodeIgniter.php(326): CodeIgniter\CodeIgniter->handleRequest(NULL, Object(Config\Cache), false)
#13 /Applications/MAMP/htdocs/baliwag/bessy/index.php(38): CodeIgniter\CodeIgniter->run()
#14 {main}
CRITICAL - 2024-04-22 15:13:04 --> unlink(/Applications/MAMP/htdocs/baliwag/bessy/writable/debugbar/debugbar_1713769196.json): No such file or directory
#0 [internal function]: CodeIgniter\Debug\Exceptions->errorHandler(2, 'unlink(/Applica...', '/Applications/M...', 74)
#1 /Applications/MAMP/htdocs/baliwag/bessy/vendor/codeigniter4/framework/system/Debug/Toolbar/Collectors/History.php(74): unlink('/Applications/M...')
#2 /Applications/MAMP/htdocs/baliwag/bessy/vendor/codeigniter4/framework/system/Debug/Toolbar.php(487): CodeIgniter\Debug\Toolbar\Collectors\History->setFiles(1713769983, 20)
#3 /Applications/MAMP/htdocs/baliwag/bessy/vendor/codeigniter4/framework/system/Debug/Toolbar.php(464): CodeIgniter\Debug\Toolbar->format(Array, 'html')
#4 /Applications/MAMP/htdocs/baliwag/bessy/app/Config/Events.php(48): CodeIgniter\Debug\Toolbar->respond()
#5 /Applications/MAMP/htdocs/baliwag/bessy/vendor/codeigniter4/framework/system/Events/Events.php(149): CodeIgniter\Events\Events::Config\{closure}()
#6 /Applications/MAMP/htdocs/baliwag/bessy/vendor/codeigniter4/framework/system/CodeIgniter.php(308): CodeIgniter\Events\Events::trigger('pre_system')
#7 /Applications/MAMP/htdocs/baliwag/bessy/index.php(38): CodeIgniter\CodeIgniter->run()
#8 {main}
