ERROR - 2024-05-07 07:29:27 --> Table 'baliwagc_bessy_db.logs' doesn't exist
ERROR - 2024-05-07 07:29:39 --> Table 'baliwagc_bessy_db.logs' doesn't exist
CRITICAL - 2024-05-07 08:39:51 --> Undefined variable $departmentInfo
#0 C:\xampp\htdocs\BeSSy\app\Views\partials\chatDrawer.php(12): CodeIgniter\Debug\Exceptions->errorHandler(2, 'Undefined varia...', 'C:\\xampp\\htdocs...', 12)
#1 C:\xampp\htdocs\BeSSy\vendor\codeigniter4\framework\system\View\View.php(210): include('C:\\xampp\\htdocs...')
#2 C:\xampp\htdocs\BeSSy\vendor\codeigniter4\framework\system\View\View.php(213): CodeIgniter\View\View->CodeIgniter\View\{closure}()
#3 C:\xampp\htdocs\BeSSy\vendor\codeigniter4\framework\system\View\View.php(424): CodeIgniter\View\View->render('partials/chatDr...', NULL, true)
#4 C:\xampp\htdocs\BeSSy\app\Views\layouts\nonAdminContainer.php(68): CodeIgniter\View\View->include('partials/chatDr...')
#5 C:\xampp\htdocs\BeSSy\vendor\codeigniter4\framework\system\View\View.php(210): include('C:\\xampp\\htdocs...')
#6 C:\xampp\htdocs\BeSSy\vendor\codeigniter4\framework\system\View\View.php(213): CodeIgniter\View\View->CodeIgniter\View\{closure}()
#7 C:\xampp\htdocs\BeSSy\vendor\codeigniter4\framework\system\View\View.php(226): CodeIgniter\View\View->render('layouts/nonAdmi...', Array, true)
#8 C:\xampp\htdocs\BeSSy\vendor\codeigniter4\framework\system\Common.php(1089): CodeIgniter\View\View->render('chats/chatList', Array, true)
#9 C:\xampp\htdocs\BeSSy\app\Controllers\Chats.php(16): view('chats/chatList', Array)
#10 C:\xampp\htdocs\BeSSy\vendor\codeigniter4\framework\system\CodeIgniter.php(832): App\Controllers\Chats->index()
#11 C:\xampp\htdocs\BeSSy\vendor\codeigniter4\framework\system\CodeIgniter.php(419): CodeIgniter\CodeIgniter->runController(Object(App\Controllers\Chats))
#12 C:\xampp\htdocs\BeSSy\vendor\codeigniter4\framework\system\CodeIgniter.php(326): CodeIgniter\CodeIgniter->handleRequest(NULL, Object(Config\Cache), false)
#13 C:\xampp\htdocs\BeSSy\index.php(38): CodeIgniter\CodeIgniter->run()
#14 {main}
CRITICAL - 2024-05-07 08:52:54 --> Undefined variable $departmentInfo
#0 C:\xampp\htdocs\BeSSy\app\Views\partials\chatDrawer.php(12): CodeIgniter\Debug\Exceptions->errorHandler(2, 'Undefined varia...', 'C:\\xampp\\htdocs...', 12)
#1 C:\xampp\htdocs\BeSSy\vendor\codeigniter4\framework\system\View\View.php(210): include('C:\\xampp\\htdocs...')
#2 C:\xampp\htdocs\BeSSy\vendor\codeigniter4\framework\system\View\View.php(213): CodeIgniter\View\View->CodeIgniter\View\{closure}()
#3 C:\xampp\htdocs\BeSSy\vendor\codeigniter4\framework\system\View\View.php(424): CodeIgniter\View\View->render('partials/chatDr...', NULL, true)
#4 C:\xampp\htdocs\BeSSy\app\Views\layouts\nonAdminContainer.php(68): CodeIgniter\View\View->include('partials/chatDr...')
#5 C:\xampp\htdocs\BeSSy\vendor\codeigniter4\framework\system\View\View.php(210): include('C:\\xampp\\htdocs...')
#6 C:\xampp\htdocs\BeSSy\vendor\codeigniter4\framework\system\View\View.php(213): CodeIgniter\View\View->CodeIgniter\View\{closure}()
#7 C:\xampp\htdocs\BeSSy\vendor\codeigniter4\framework\system\View\View.php(226): CodeIgniter\View\View->render('layouts/nonAdmi...', Array, true)
#8 C:\xampp\htdocs\BeSSy\vendor\codeigniter4\framework\system\Common.php(1089): CodeIgniter\View\View->render('chats/chatList', Array, true)
#9 C:\xampp\htdocs\BeSSy\app\Controllers\Chats.php(16): view('chats/chatList', Array)
#10 C:\xampp\htdocs\BeSSy\vendor\codeigniter4\framework\system\CodeIgniter.php(832): App\Controllers\Chats->index()
#11 C:\xampp\htdocs\BeSSy\vendor\codeigniter4\framework\system\CodeIgniter.php(419): CodeIgniter\CodeIgniter->runController(Object(App\Controllers\Chats))
#12 C:\xampp\htdocs\BeSSy\vendor\codeigniter4\framework\system\CodeIgniter.php(326): CodeIgniter\CodeIgniter->handleRequest(NULL, Object(Config\Cache), false)
#13 C:\xampp\htdocs\BeSSy\index.php(38): CodeIgniter\CodeIgniter->run()
#14 {main}
CRITICAL - 2024-05-07 08:52:58 --> Undefined variable $departmentInfo
#0 C:\xampp\htdocs\BeSSy\app\Views\partials\chatDrawer.php(12): CodeIgniter\Debug\Exceptions->errorHandler(2, 'Undefined varia...', 'C:\\xampp\\htdocs...', 12)
#1 C:\xampp\htdocs\BeSSy\vendor\codeigniter4\framework\system\View\View.php(210): include('C:\\xampp\\htdocs...')
#2 C:\xampp\htdocs\BeSSy\vendor\codeigniter4\framework\system\View\View.php(213): CodeIgniter\View\View->CodeIgniter\View\{closure}()
#3 C:\xampp\htdocs\BeSSy\vendor\codeigniter4\framework\system\View\View.php(424): CodeIgniter\View\View->render('partials/chatDr...', NULL, true)
#4 C:\xampp\htdocs\BeSSy\app\Views\layouts\nonAdminContainer.php(68): CodeIgniter\View\View->include('partials/chatDr...')
#5 C:\xampp\htdocs\BeSSy\vendor\codeigniter4\framework\system\View\View.php(210): include('C:\\xampp\\htdocs...')
#6 C:\xampp\htdocs\BeSSy\vendor\codeigniter4\framework\system\View\View.php(213): CodeIgniter\View\View->CodeIgniter\View\{closure}()
#7 C:\xampp\htdocs\BeSSy\vendor\codeigniter4\framework\system\View\View.php(226): CodeIgniter\View\View->render('layouts/nonAdmi...', Array, true)
#8 C:\xampp\htdocs\BeSSy\vendor\codeigniter4\framework\system\Common.php(1089): CodeIgniter\View\View->render('chats/chatList', Array, true)
#9 C:\xampp\htdocs\BeSSy\app\Controllers\Chats.php(16): view('chats/chatList', Array)
#10 C:\xampp\htdocs\BeSSy\vendor\codeigniter4\framework\system\CodeIgniter.php(832): App\Controllers\Chats->index()
#11 C:\xampp\htdocs\BeSSy\vendor\codeigniter4\framework\system\CodeIgniter.php(419): CodeIgniter\CodeIgniter->runController(Object(App\Controllers\Chats))
#12 C:\xampp\htdocs\BeSSy\vendor\codeigniter4\framework\system\CodeIgniter.php(326): CodeIgniter\CodeIgniter->handleRequest(NULL, Object(Config\Cache), false)
#13 C:\xampp\htdocs\BeSSy\index.php(38): CodeIgniter\CodeIgniter->run()
#14 {main}
CRITICAL - 2024-05-07 08:53:26 --> Undefined variable $departmentInfo
#0 C:\xampp\htdocs\BeSSy\app\Views\partials\chatDrawer.php(12): CodeIgniter\Debug\Exceptions->errorHandler(2, 'Undefined varia...', 'C:\\xampp\\htdocs...', 12)
#1 C:\xampp\htdocs\BeSSy\vendor\codeigniter4\framework\system\View\View.php(210): include('C:\\xampp\\htdocs...')
#2 C:\xampp\htdocs\BeSSy\vendor\codeigniter4\framework\system\View\View.php(213): CodeIgniter\View\View->CodeIgniter\View\{closure}()
#3 C:\xampp\htdocs\BeSSy\vendor\codeigniter4\framework\system\View\View.php(424): CodeIgniter\View\View->render('partials/chatDr...', NULL, true)
#4 C:\xampp\htdocs\BeSSy\app\Views\layouts\nonAdminContainer.php(68): CodeIgniter\View\View->include('partials/chatDr...')
#5 C:\xampp\htdocs\BeSSy\vendor\codeigniter4\framework\system\View\View.php(210): include('C:\\xampp\\htdocs...')
#6 C:\xampp\htdocs\BeSSy\vendor\codeigniter4\framework\system\View\View.php(213): CodeIgniter\View\View->CodeIgniter\View\{closure}()
#7 C:\xampp\htdocs\BeSSy\vendor\codeigniter4\framework\system\View\View.php(226): CodeIgniter\View\View->render('layouts/nonAdmi...', Array, true)
#8 C:\xampp\htdocs\BeSSy\vendor\codeigniter4\framework\system\Common.php(1089): CodeIgniter\View\View->render('chats/chatList', Array, true)
#9 C:\xampp\htdocs\BeSSy\app\Controllers\Chats.php(16): view('chats/chatList', Array)
#10 C:\xampp\htdocs\BeSSy\vendor\codeigniter4\framework\system\CodeIgniter.php(832): App\Controllers\Chats->index()
#11 C:\xampp\htdocs\BeSSy\vendor\codeigniter4\framework\system\CodeIgniter.php(419): CodeIgniter\CodeIgniter->runController(Object(App\Controllers\Chats))
#12 C:\xampp\htdocs\BeSSy\vendor\codeigniter4\framework\system\CodeIgniter.php(326): CodeIgniter\CodeIgniter->handleRequest(NULL, Object(Config\Cache), false)
#13 C:\xampp\htdocs\BeSSy\index.php(38): CodeIgniter\CodeIgniter->run()
#14 {main}
CRITICAL - 2024-05-07 08:54:03 --> Undefined variable $departmentInfo
#0 C:\xampp\htdocs\BeSSy\app\Views\partials\chatDrawer.php(12): CodeIgniter\Debug\Exceptions->errorHandler(2, 'Undefined varia...', 'C:\\xampp\\htdocs...', 12)
#1 C:\xampp\htdocs\BeSSy\vendor\codeigniter4\framework\system\View\View.php(210): include('C:\\xampp\\htdocs...')
#2 C:\xampp\htdocs\BeSSy\vendor\codeigniter4\framework\system\View\View.php(213): CodeIgniter\View\View->CodeIgniter\View\{closure}()
#3 C:\xampp\htdocs\BeSSy\vendor\codeigniter4\framework\system\View\View.php(424): CodeIgniter\View\View->render('partials/chatDr...', NULL, true)
#4 C:\xampp\htdocs\BeSSy\app\Views\layouts\nonAdminContainer.php(68): CodeIgniter\View\View->include('partials/chatDr...')
#5 C:\xampp\htdocs\BeSSy\vendor\codeigniter4\framework\system\View\View.php(210): include('C:\\xampp\\htdocs...')
#6 C:\xampp\htdocs\BeSSy\vendor\codeigniter4\framework\system\View\View.php(213): CodeIgniter\View\View->CodeIgniter\View\{closure}()
#7 C:\xampp\htdocs\BeSSy\vendor\codeigniter4\framework\system\View\View.php(226): CodeIgniter\View\View->render('layouts/nonAdmi...', Array, true)
#8 C:\xampp\htdocs\BeSSy\vendor\codeigniter4\framework\system\Common.php(1089): CodeIgniter\View\View->render('chats/chatList', Array, true)
#9 C:\xampp\htdocs\BeSSy\app\Controllers\Chats.php(16): view('chats/chatList', Array)
#10 C:\xampp\htdocs\BeSSy\vendor\codeigniter4\framework\system\CodeIgniter.php(832): App\Controllers\Chats->index()
#11 C:\xampp\htdocs\BeSSy\vendor\codeigniter4\framework\system\CodeIgniter.php(419): CodeIgniter\CodeIgniter->runController(Object(App\Controllers\Chats))
#12 C:\xampp\htdocs\BeSSy\vendor\codeigniter4\framework\system\CodeIgniter.php(326): CodeIgniter\CodeIgniter->handleRequest(NULL, Object(Config\Cache), false)
#13 C:\xampp\htdocs\BeSSy\index.php(38): CodeIgniter\CodeIgniter->run()
#14 {main}
CRITICAL - 2024-05-07 08:54:53 --> Undefined variable $departmentInfo
#0 C:\xampp\htdocs\BeSSy\app\Views\partials\chatDrawer.php(12): CodeIgniter\Debug\Exceptions->errorHandler(2, 'Undefined varia...', 'C:\\xampp\\htdocs...', 12)
#1 C:\xampp\htdocs\BeSSy\vendor\codeigniter4\framework\system\View\View.php(210): include('C:\\xampp\\htdocs...')
#2 C:\xampp\htdocs\BeSSy\vendor\codeigniter4\framework\system\View\View.php(213): CodeIgniter\View\View->CodeIgniter\View\{closure}()
#3 C:\xampp\htdocs\BeSSy\vendor\codeigniter4\framework\system\View\View.php(424): CodeIgniter\View\View->render('partials/chatDr...', NULL, true)
#4 C:\xampp\htdocs\BeSSy\app\Views\layouts\nonAdminContainer.php(68): CodeIgniter\View\View->include('partials/chatDr...')
#5 C:\xampp\htdocs\BeSSy\vendor\codeigniter4\framework\system\View\View.php(210): include('C:\\xampp\\htdocs...')
#6 C:\xampp\htdocs\BeSSy\vendor\codeigniter4\framework\system\View\View.php(213): CodeIgniter\View\View->CodeIgniter\View\{closure}()
#7 C:\xampp\htdocs\BeSSy\vendor\codeigniter4\framework\system\View\View.php(226): CodeIgniter\View\View->render('layouts/nonAdmi...', Array, true)
#8 C:\xampp\htdocs\BeSSy\vendor\codeigniter4\framework\system\Common.php(1089): CodeIgniter\View\View->render('chats/chatList', Array, true)
#9 C:\xampp\htdocs\BeSSy\app\Controllers\Chats.php(16): view('chats/chatList', Array)
#10 C:\xampp\htdocs\BeSSy\vendor\codeigniter4\framework\system\CodeIgniter.php(832): App\Controllers\Chats->index()
#11 C:\xampp\htdocs\BeSSy\vendor\codeigniter4\framework\system\CodeIgniter.php(419): CodeIgniter\CodeIgniter->runController(Object(App\Controllers\Chats))
#12 C:\xampp\htdocs\BeSSy\vendor\codeigniter4\framework\system\CodeIgniter.php(326): CodeIgniter\CodeIgniter->handleRequest(NULL, Object(Config\Cache), false)
#13 C:\xampp\htdocs\BeSSy\index.php(38): CodeIgniter\CodeIgniter->run()
#14 {main}
CRITICAL - 2024-05-07 08:54:58 --> Undefined variable $departmentInfo
#0 C:\xampp\htdocs\BeSSy\app\Views\partials\chatDrawer.php(12): CodeIgniter\Debug\Exceptions->errorHandler(2, 'Undefined varia...', 'C:\\xampp\\htdocs...', 12)
#1 C:\xampp\htdocs\BeSSy\vendor\codeigniter4\framework\system\View\View.php(210): include('C:\\xampp\\htdocs...')
#2 C:\xampp\htdocs\BeSSy\vendor\codeigniter4\framework\system\View\View.php(213): CodeIgniter\View\View->CodeIgniter\View\{closure}()
#3 C:\xampp\htdocs\BeSSy\vendor\codeigniter4\framework\system\View\View.php(424): CodeIgniter\View\View->render('partials/chatDr...', NULL, true)
#4 C:\xampp\htdocs\BeSSy\app\Views\layouts\nonAdminContainer.php(68): CodeIgniter\View\View->include('partials/chatDr...')
#5 C:\xampp\htdocs\BeSSy\vendor\codeigniter4\framework\system\View\View.php(210): include('C:\\xampp\\htdocs...')
#6 C:\xampp\htdocs\BeSSy\vendor\codeigniter4\framework\system\View\View.php(213): CodeIgniter\View\View->CodeIgniter\View\{closure}()
#7 C:\xampp\htdocs\BeSSy\vendor\codeigniter4\framework\system\View\View.php(226): CodeIgniter\View\View->render('layouts/nonAdmi...', Array, true)
#8 C:\xampp\htdocs\BeSSy\vendor\codeigniter4\framework\system\Common.php(1089): CodeIgniter\View\View->render('chats/chatList', Array, true)
#9 C:\xampp\htdocs\BeSSy\app\Controllers\Chats.php(16): view('chats/chatList', Array)
#10 C:\xampp\htdocs\BeSSy\vendor\codeigniter4\framework\system\CodeIgniter.php(832): App\Controllers\Chats->index()
#11 C:\xampp\htdocs\BeSSy\vendor\codeigniter4\framework\system\CodeIgniter.php(419): CodeIgniter\CodeIgniter->runController(Object(App\Controllers\Chats))
#12 C:\xampp\htdocs\BeSSy\vendor\codeigniter4\framework\system\CodeIgniter.php(326): CodeIgniter\CodeIgniter->handleRequest(NULL, Object(Config\Cache), false)
#13 C:\xampp\htdocs\BeSSy\index.php(38): CodeIgniter\CodeIgniter->run()
#14 {main}
CRITICAL - 2024-05-07 08:55:03 --> Undefined variable $departmentInfo
#0 C:\xampp\htdocs\BeSSy\app\Views\partials\chatDrawer.php(12): CodeIgniter\Debug\Exceptions->errorHandler(2, 'Undefined varia...', 'C:\\xampp\\htdocs...', 12)
#1 C:\xampp\htdocs\BeSSy\vendor\codeigniter4\framework\system\View\View.php(210): include('C:\\xampp\\htdocs...')
#2 C:\xampp\htdocs\BeSSy\vendor\codeigniter4\framework\system\View\View.php(213): CodeIgniter\View\View->CodeIgniter\View\{closure}()
#3 C:\xampp\htdocs\BeSSy\vendor\codeigniter4\framework\system\View\View.php(424): CodeIgniter\View\View->render('partials/chatDr...', NULL, true)
#4 C:\xampp\htdocs\BeSSy\app\Views\layouts\nonAdminContainer.php(68): CodeIgniter\View\View->include('partials/chatDr...')
#5 C:\xampp\htdocs\BeSSy\vendor\codeigniter4\framework\system\View\View.php(210): include('C:\\xampp\\htdocs...')
#6 C:\xampp\htdocs\BeSSy\vendor\codeigniter4\framework\system\View\View.php(213): CodeIgniter\View\View->CodeIgniter\View\{closure}()
#7 C:\xampp\htdocs\BeSSy\vendor\codeigniter4\framework\system\View\View.php(226): CodeIgniter\View\View->render('layouts/nonAdmi...', Array, true)
#8 C:\xampp\htdocs\BeSSy\vendor\codeigniter4\framework\system\Common.php(1089): CodeIgniter\View\View->render('chats/chatList', Array, true)
#9 C:\xampp\htdocs\BeSSy\app\Controllers\Chats.php(16): view('chats/chatList', Array)
#10 C:\xampp\htdocs\BeSSy\vendor\codeigniter4\framework\system\CodeIgniter.php(832): App\Controllers\Chats->index()
#11 C:\xampp\htdocs\BeSSy\vendor\codeigniter4\framework\system\CodeIgniter.php(419): CodeIgniter\CodeIgniter->runController(Object(App\Controllers\Chats))
#12 C:\xampp\htdocs\BeSSy\vendor\codeigniter4\framework\system\CodeIgniter.php(326): CodeIgniter\CodeIgniter->handleRequest(NULL, Object(Config\Cache), false)
#13 C:\xampp\htdocs\BeSSy\index.php(38): CodeIgniter\CodeIgniter->run()
#14 {main}
CRITICAL - 2024-05-07 08:55:11 --> Undefined variable $departmentInfo
#0 C:\xampp\htdocs\BeSSy\app\Views\partials\chatDrawer.php(12): CodeIgniter\Debug\Exceptions->errorHandler(2, 'Undefined varia...', 'C:\\xampp\\htdocs...', 12)
#1 C:\xampp\htdocs\BeSSy\vendor\codeigniter4\framework\system\View\View.php(210): include('C:\\xampp\\htdocs...')
#2 C:\xampp\htdocs\BeSSy\vendor\codeigniter4\framework\system\View\View.php(213): CodeIgniter\View\View->CodeIgniter\View\{closure}()
#3 C:\xampp\htdocs\BeSSy\vendor\codeigniter4\framework\system\View\View.php(424): CodeIgniter\View\View->render('partials/chatDr...', NULL, true)
#4 C:\xampp\htdocs\BeSSy\app\Views\layouts\nonAdminContainer.php(68): CodeIgniter\View\View->include('partials/chatDr...')
#5 C:\xampp\htdocs\BeSSy\vendor\codeigniter4\framework\system\View\View.php(210): include('C:\\xampp\\htdocs...')
#6 C:\xampp\htdocs\BeSSy\vendor\codeigniter4\framework\system\View\View.php(213): CodeIgniter\View\View->CodeIgniter\View\{closure}()
#7 C:\xampp\htdocs\BeSSy\vendor\codeigniter4\framework\system\View\View.php(226): CodeIgniter\View\View->render('layouts/nonAdmi...', Array, true)
#8 C:\xampp\htdocs\BeSSy\vendor\codeigniter4\framework\system\Common.php(1089): CodeIgniter\View\View->render('chats/chatList', Array, true)
#9 C:\xampp\htdocs\BeSSy\app\Controllers\Chats.php(16): view('chats/chatList', Array)
#10 C:\xampp\htdocs\BeSSy\vendor\codeigniter4\framework\system\CodeIgniter.php(832): App\Controllers\Chats->index()
#11 C:\xampp\htdocs\BeSSy\vendor\codeigniter4\framework\system\CodeIgniter.php(419): CodeIgniter\CodeIgniter->runController(Object(App\Controllers\Chats))
#12 C:\xampp\htdocs\BeSSy\vendor\codeigniter4\framework\system\CodeIgniter.php(326): CodeIgniter\CodeIgniter->handleRequest(NULL, Object(Config\Cache), false)
#13 C:\xampp\htdocs\BeSSy\index.php(38): CodeIgniter\CodeIgniter->run()
#14 {main}
CRITICAL - 2024-05-07 08:58:40 --> Undefined variable $departmentInfo
#0 C:\xampp\htdocs\BeSSy\app\Views\partials\chatDrawer.php(12): CodeIgniter\Debug\Exceptions->errorHandler(2, 'Undefined varia...', 'C:\\xampp\\htdocs...', 12)
#1 C:\xampp\htdocs\BeSSy\vendor\codeigniter4\framework\system\View\View.php(210): include('C:\\xampp\\htdocs...')
#2 C:\xampp\htdocs\BeSSy\vendor\codeigniter4\framework\system\View\View.php(213): CodeIgniter\View\View->CodeIgniter\View\{closure}()
#3 C:\xampp\htdocs\BeSSy\vendor\codeigniter4\framework\system\View\View.php(424): CodeIgniter\View\View->render('partials/chatDr...', NULL, true)
#4 C:\xampp\htdocs\BeSSy\app\Views\layouts\nonAdminContainer.php(68): CodeIgniter\View\View->include('partials/chatDr...')
#5 C:\xampp\htdocs\BeSSy\vendor\codeigniter4\framework\system\View\View.php(210): include('C:\\xampp\\htdocs...')
#6 C:\xampp\htdocs\BeSSy\vendor\codeigniter4\framework\system\View\View.php(213): CodeIgniter\View\View->CodeIgniter\View\{closure}()
#7 C:\xampp\htdocs\BeSSy\vendor\codeigniter4\framework\system\View\View.php(226): CodeIgniter\View\View->render('layouts/nonAdmi...', Array, true)
#8 C:\xampp\htdocs\BeSSy\vendor\codeigniter4\framework\system\Common.php(1089): CodeIgniter\View\View->render('chats/chatList', Array, true)
#9 C:\xampp\htdocs\BeSSy\app\Controllers\Chats.php(16): view('chats/chatList', Array)
#10 C:\xampp\htdocs\BeSSy\vendor\codeigniter4\framework\system\CodeIgniter.php(832): App\Controllers\Chats->index()
#11 C:\xampp\htdocs\BeSSy\vendor\codeigniter4\framework\system\CodeIgniter.php(419): CodeIgniter\CodeIgniter->runController(Object(App\Controllers\Chats))
#12 C:\xampp\htdocs\BeSSy\vendor\codeigniter4\framework\system\CodeIgniter.php(326): CodeIgniter\CodeIgniter->handleRequest(NULL, Object(Config\Cache), false)
#13 C:\xampp\htdocs\BeSSy\index.php(38): CodeIgniter\CodeIgniter->run()
#14 {main}
CRITICAL - 2024-05-07 09:11:24 --> Undefined variable $departmentInfo
#0 C:\xampp\htdocs\BeSSy\app\Views\partials\chatDrawer.php(12): CodeIgniter\Debug\Exceptions->errorHandler(2, 'Undefined varia...', 'C:\\xampp\\htdocs...', 12)
#1 C:\xampp\htdocs\BeSSy\vendor\codeigniter4\framework\system\View\View.php(210): include('C:\\xampp\\htdocs...')
#2 C:\xampp\htdocs\BeSSy\vendor\codeigniter4\framework\system\View\View.php(213): CodeIgniter\View\View->CodeIgniter\View\{closure}()
#3 C:\xampp\htdocs\BeSSy\vendor\codeigniter4\framework\system\View\View.php(424): CodeIgniter\View\View->render('partials/chatDr...', NULL, true)
#4 C:\xampp\htdocs\BeSSy\app\Views\layouts\nonAdminContainer.php(72): CodeIgniter\View\View->include('partials/chatDr...')
#5 C:\xampp\htdocs\BeSSy\vendor\codeigniter4\framework\system\View\View.php(210): include('C:\\xampp\\htdocs...')
#6 C:\xampp\htdocs\BeSSy\vendor\codeigniter4\framework\system\View\View.php(213): CodeIgniter\View\View->CodeIgniter\View\{closure}()
#7 C:\xampp\htdocs\BeSSy\vendor\codeigniter4\framework\system\View\View.php(226): CodeIgniter\View\View->render('layouts/nonAdmi...', Array, true)
#8 C:\xampp\htdocs\BeSSy\vendor\codeigniter4\framework\system\Common.php(1089): CodeIgniter\View\View->render('chats/chatList', Array, true)
#9 C:\xampp\htdocs\BeSSy\app\Controllers\Chats.php(16): view('chats/chatList', Array)
#10 C:\xampp\htdocs\BeSSy\vendor\codeigniter4\framework\system\CodeIgniter.php(832): App\Controllers\Chats->index()
#11 C:\xampp\htdocs\BeSSy\vendor\codeigniter4\framework\system\CodeIgniter.php(419): CodeIgniter\CodeIgniter->runController(Object(App\Controllers\Chats))
#12 C:\xampp\htdocs\BeSSy\vendor\codeigniter4\framework\system\CodeIgniter.php(326): CodeIgniter\CodeIgniter->handleRequest(NULL, Object(Config\Cache), false)
#13 C:\xampp\htdocs\BeSSy\index.php(38): CodeIgniter\CodeIgniter->run()
#14 {main}
CRITICAL - 2024-05-07 09:12:34 --> Undefined variable $departmentInfo
#0 C:\xampp\htdocs\BeSSy\app\Views\partials\chatDrawer.php(12): CodeIgniter\Debug\Exceptions->errorHandler(2, 'Undefined varia...', 'C:\\xampp\\htdocs...', 12)
#1 C:\xampp\htdocs\BeSSy\vendor\codeigniter4\framework\system\View\View.php(210): include('C:\\xampp\\htdocs...')
#2 C:\xampp\htdocs\BeSSy\vendor\codeigniter4\framework\system\View\View.php(213): CodeIgniter\View\View->CodeIgniter\View\{closure}()
#3 C:\xampp\htdocs\BeSSy\vendor\codeigniter4\framework\system\View\View.php(424): CodeIgniter\View\View->render('partials/chatDr...', NULL, true)
#4 C:\xampp\htdocs\BeSSy\app\Views\layouts\main.php(52): CodeIgniter\View\View->include('partials/chatDr...')
#5 C:\xampp\htdocs\BeSSy\vendor\codeigniter4\framework\system\View\View.php(210): include('C:\\xampp\\htdocs...')
#6 C:\xampp\htdocs\BeSSy\vendor\codeigniter4\framework\system\View\View.php(213): CodeIgniter\View\View->CodeIgniter\View\{closure}()
#7 C:\xampp\htdocs\BeSSy\vendor\codeigniter4\framework\system\View\View.php(226): CodeIgniter\View\View->render('layouts/main', Array, true)
#8 C:\xampp\htdocs\BeSSy\vendor\codeigniter4\framework\system\Common.php(1089): CodeIgniter\View\View->render('users/editProfi...', Array, true)
#9 C:\xampp\htdocs\BeSSy\app\Controllers\Users.php(36): view('users/editProfi...', Array)
#10 C:\xampp\htdocs\BeSSy\vendor\codeigniter4\framework\system\CodeIgniter.php(832): App\Controllers\Users->myProfile()
#11 C:\xampp\htdocs\BeSSy\vendor\codeigniter4\framework\system\CodeIgniter.php(419): CodeIgniter\CodeIgniter->runController(Object(App\Controllers\Users))
#12 C:\xampp\htdocs\BeSSy\vendor\codeigniter4\framework\system\CodeIgniter.php(326): CodeIgniter\CodeIgniter->handleRequest(NULL, Object(Config\Cache), false)
#13 C:\xampp\htdocs\BeSSy\index.php(38): CodeIgniter\CodeIgniter->run()
#14 {main}
CRITICAL - 2024-05-07 09:13:50 --> Undefined variable $departmentInfo
#0 C:\xampp\htdocs\BeSSy\app\Views\partials\chatDrawer.php(12): CodeIgniter\Debug\Exceptions->errorHandler(2, 'Undefined varia...', 'C:\\xampp\\htdocs...', 12)
#1 C:\xampp\htdocs\BeSSy\vendor\codeigniter4\framework\system\View\View.php(210): include('C:\\xampp\\htdocs...')
#2 C:\xampp\htdocs\BeSSy\vendor\codeigniter4\framework\system\View\View.php(213): CodeIgniter\View\View->CodeIgniter\View\{closure}()
#3 C:\xampp\htdocs\BeSSy\vendor\codeigniter4\framework\system\View\View.php(424): CodeIgniter\View\View->render('partials/chatDr...', NULL, true)
#4 C:\xampp\htdocs\BeSSy\app\Views\layouts\nonAdminContainer.php(72): CodeIgniter\View\View->include('partials/chatDr...')
#5 C:\xampp\htdocs\BeSSy\vendor\codeigniter4\framework\system\View\View.php(210): include('C:\\xampp\\htdocs...')
#6 C:\xampp\htdocs\BeSSy\vendor\codeigniter4\framework\system\View\View.php(213): CodeIgniter\View\View->CodeIgniter\View\{closure}()
#7 C:\xampp\htdocs\BeSSy\vendor\codeigniter4\framework\system\View\View.php(226): CodeIgniter\View\View->render('layouts/nonAdmi...', Array, true)
#8 C:\xampp\htdocs\BeSSy\vendor\codeigniter4\framework\system\Common.php(1089): CodeIgniter\View\View->render('users/editProfi...', Array, true)
#9 C:\xampp\htdocs\BeSSy\app\Controllers\Users.php(36): view('users/editProfi...', Array)
#10 C:\xampp\htdocs\BeSSy\vendor\codeigniter4\framework\system\CodeIgniter.php(832): App\Controllers\Users->myProfile()
#11 C:\xampp\htdocs\BeSSy\vendor\codeigniter4\framework\system\CodeIgniter.php(419): CodeIgniter\CodeIgniter->runController(Object(App\Controllers\Users))
#12 C:\xampp\htdocs\BeSSy\vendor\codeigniter4\framework\system\CodeIgniter.php(326): CodeIgniter\CodeIgniter->handleRequest(NULL, Object(Config\Cache), false)
#13 C:\xampp\htdocs\BeSSy\index.php(38): CodeIgniter\CodeIgniter->run()
#14 {main}
CRITICAL - 2024-05-07 09:16:18 --> Undefined variable $convoInfo
#0 C:\xampp\htdocs\BeSSy\app\Views\partials\chatDrawer.php(37): CodeIgniter\Debug\Exceptions->errorHandler(2, 'Undefined varia...', 'C:\\xampp\\htdocs...', 37)
#1 C:\xampp\htdocs\BeSSy\vendor\codeigniter4\framework\system\View\View.php(210): include('C:\\xampp\\htdocs...')
#2 C:\xampp\htdocs\BeSSy\vendor\codeigniter4\framework\system\View\View.php(213): CodeIgniter\View\View->CodeIgniter\View\{closure}()
#3 C:\xampp\htdocs\BeSSy\vendor\codeigniter4\framework\system\View\View.php(424): CodeIgniter\View\View->render('partials/chatDr...', NULL, true)
#4 C:\xampp\htdocs\BeSSy\app\Views\layouts\nonAdminContainer.php(72): CodeIgniter\View\View->include('partials/chatDr...')
#5 C:\xampp\htdocs\BeSSy\vendor\codeigniter4\framework\system\View\View.php(210): include('C:\\xampp\\htdocs...')
#6 C:\xampp\htdocs\BeSSy\vendor\codeigniter4\framework\system\View\View.php(213): CodeIgniter\View\View->CodeIgniter\View\{closure}()
#7 C:\xampp\htdocs\BeSSy\vendor\codeigniter4\framework\system\View\View.php(226): CodeIgniter\View\View->render('layouts/nonAdmi...', Array, true)
#8 C:\xampp\htdocs\BeSSy\vendor\codeigniter4\framework\system\Common.php(1089): CodeIgniter\View\View->render('users/editProfi...', Array, true)
#9 C:\xampp\htdocs\BeSSy\app\Controllers\Users.php(38): view('users/editProfi...', Array)
#10 C:\xampp\htdocs\BeSSy\vendor\codeigniter4\framework\system\CodeIgniter.php(832): App\Controllers\Users->myProfile()
#11 C:\xampp\htdocs\BeSSy\vendor\codeigniter4\framework\system\CodeIgniter.php(419): CodeIgniter\CodeIgniter->runController(Object(App\Controllers\Users))
#12 C:\xampp\htdocs\BeSSy\vendor\codeigniter4\framework\system\CodeIgniter.php(326): CodeIgniter\CodeIgniter->handleRequest(NULL, Object(Config\Cache), false)
#13 C:\xampp\htdocs\BeSSy\index.php(38): CodeIgniter\CodeIgniter->run()
#14 {main}
CRITICAL - 2024-05-07 09:29:51 --> Undefined variable $departmentInfo
#0 C:\xampp\htdocs\BeSSy\app\Views\partials\chatDrawer.php(12): CodeIgniter\Debug\Exceptions->errorHandler(2, 'Undefined varia...', 'C:\\xampp\\htdocs...', 12)
#1 C:\xampp\htdocs\BeSSy\vendor\codeigniter4\framework\system\View\View.php(210): include('C:\\xampp\\htdocs...')
#2 C:\xampp\htdocs\BeSSy\vendor\codeigniter4\framework\system\View\View.php(213): CodeIgniter\View\View->CodeIgniter\View\{closure}()
#3 C:\xampp\htdocs\BeSSy\vendor\codeigniter4\framework\system\View\View.php(424): CodeIgniter\View\View->render('partials/chatDr...', NULL, true)
#4 C:\xampp\htdocs\BeSSy\app\Views\layouts\nonAdminContainer.php(72): CodeIgniter\View\View->include('partials/chatDr...')
#5 C:\xampp\htdocs\BeSSy\vendor\codeigniter4\framework\system\View\View.php(210): include('C:\\xampp\\htdocs...')
#6 C:\xampp\htdocs\BeSSy\vendor\codeigniter4\framework\system\View\View.php(213): CodeIgniter\View\View->CodeIgniter\View\{closure}()
#7 C:\xampp\htdocs\BeSSy\vendor\codeigniter4\framework\system\View\View.php(226): CodeIgniter\View\View->render('layouts/nonAdmi...', Array, true)
#8 C:\xampp\htdocs\BeSSy\vendor\codeigniter4\framework\system\Common.php(1089): CodeIgniter\View\View->render('chats/chatList', Array, true)
#9 C:\xampp\htdocs\BeSSy\app\Controllers\Chats.php(16): view('chats/chatList', Array)
#10 C:\xampp\htdocs\BeSSy\vendor\codeigniter4\framework\system\CodeIgniter.php(832): App\Controllers\Chats->index()
#11 C:\xampp\htdocs\BeSSy\vendor\codeigniter4\framework\system\CodeIgniter.php(419): CodeIgniter\CodeIgniter->runController(Object(App\Controllers\Chats))
#12 C:\xampp\htdocs\BeSSy\vendor\codeigniter4\framework\system\CodeIgniter.php(326): CodeIgniter\CodeIgniter->handleRequest(NULL, Object(Config\Cache), false)
#13 C:\xampp\htdocs\BeSSy\index.php(38): CodeIgniter\CodeIgniter->run()
#14 {main}
CRITICAL - 2024-05-07 09:30:11 --> Undefined variable $convoInfo
#0 C:\xampp\htdocs\BeSSy\app\Views\partials\chatDrawer.php(37): CodeIgniter\Debug\Exceptions->errorHandler(2, 'Undefined varia...', 'C:\\xampp\\htdocs...', 37)
#1 C:\xampp\htdocs\BeSSy\vendor\codeigniter4\framework\system\View\View.php(210): include('C:\\xampp\\htdocs...')
#2 C:\xampp\htdocs\BeSSy\vendor\codeigniter4\framework\system\View\View.php(213): CodeIgniter\View\View->CodeIgniter\View\{closure}()
#3 C:\xampp\htdocs\BeSSy\vendor\codeigniter4\framework\system\View\View.php(424): CodeIgniter\View\View->render('partials/chatDr...', NULL, true)
#4 C:\xampp\htdocs\BeSSy\app\Views\layouts\nonAdminContainer.php(72): CodeIgniter\View\View->include('partials/chatDr...')
#5 C:\xampp\htdocs\BeSSy\vendor\codeigniter4\framework\system\View\View.php(210): include('C:\\xampp\\htdocs...')
#6 C:\xampp\htdocs\BeSSy\vendor\codeigniter4\framework\system\View\View.php(213): CodeIgniter\View\View->CodeIgniter\View\{closure}()
#7 C:\xampp\htdocs\BeSSy\vendor\codeigniter4\framework\system\View\View.php(226): CodeIgniter\View\View->render('layouts/nonAdmi...', Array, true)
#8 C:\xampp\htdocs\BeSSy\vendor\codeigniter4\framework\system\Common.php(1089): CodeIgniter\View\View->render('chats/chatList', Array, true)
#9 C:\xampp\htdocs\BeSSy\app\Controllers\Chats.php(18): view('chats/chatList', Array)
#10 C:\xampp\htdocs\BeSSy\vendor\codeigniter4\framework\system\CodeIgniter.php(832): App\Controllers\Chats->index()
#11 C:\xampp\htdocs\BeSSy\vendor\codeigniter4\framework\system\CodeIgniter.php(419): CodeIgniter\CodeIgniter->runController(Object(App\Controllers\Chats))
#12 C:\xampp\htdocs\BeSSy\vendor\codeigniter4\framework\system\CodeIgniter.php(326): CodeIgniter\CodeIgniter->handleRequest(NULL, Object(Config\Cache), false)
#13 C:\xampp\htdocs\BeSSy\index.php(38): CodeIgniter\CodeIgniter->run()
#14 {main}
ERROR - 2024-05-07 14:40:27 --> Error connecting to the database: Access denied for user '****'@'localhost' (using password: YES)
CRITICAL - 2024-05-07 14:40:27 --> Unable to connect to the database.
Main connection [MySQLi]: Access denied for user '****'@'localhost' (using password: YES)
#0 C:\xampp\htdocs\BeSSy\vendor\codeigniter4\framework\system\Database\BaseConnection.php(577): CodeIgniter\Database\BaseConnection->initialize()
#1 C:\xampp\htdocs\BeSSy\vendor\codeigniter4\framework\system\Database\BaseBuilder.php(1455): CodeIgniter\Database\BaseConnection->query('SELECT *\nFROM `...', Array, false)
#2 C:\xampp\htdocs\BeSSy\vendor\codeigniter4\framework\system\Model.php(142): CodeIgniter\Database\BaseBuilder->get()
#3 C:\xampp\htdocs\BeSSy\vendor\codeigniter4\framework\system\BaseModel.php(523): CodeIgniter\Model->doFind(true, '11')
#4 C:\xampp\htdocs\BeSSy\vendor\myth\auth\src\Authentication\AuthenticationBase.php(138): CodeIgniter\BaseModel->find('11')
#5 C:\xampp\htdocs\BeSSy\vendor\myth\auth\src\Authentication\LocalAuthenticator.php(70): Myth\Auth\Authentication\AuthenticationBase->isLoggedIn()
#6 C:\xampp\htdocs\BeSSy\vendor\myth\auth\src\Filters\LoginFilter.php(45): Myth\Auth\Authentication\LocalAuthenticator->check()
#7 C:\xampp\htdocs\BeSSy\vendor\codeigniter4\framework\system\Filters\Filters.php(173): Myth\Auth\Filters\LoginFilter->before(Object(CodeIgniter\HTTP\IncomingRequest), NULL)
#8 C:\xampp\htdocs\BeSSy\vendor\codeigniter4\framework\system\CodeIgniter.php(393): CodeIgniter\Filters\Filters->run('/services/depar...', 'before')
#9 C:\xampp\htdocs\BeSSy\vendor\codeigniter4\framework\system\CodeIgniter.php(326): CodeIgniter\CodeIgniter->handleRequest(NULL, Object(Config\Cache), false)
#10 C:\xampp\htdocs\BeSSy\index.php(38): CodeIgniter\CodeIgniter->run()
#11 {main}
CRITICAL - 2024-05-07 14:40:36 --> syntax error, unexpected end of file
#0 C:\xampp\htdocs\BeSSy\vendor\codeigniter4\framework\system\View\View.php(213): CodeIgniter\View\View->CodeIgniter\View\{closure}()
#1 C:\xampp\htdocs\BeSSy\vendor\codeigniter4\framework\system\Common.php(1089): CodeIgniter\View\View->render('services/depart...', Array, true)
#2 C:\xampp\htdocs\BeSSy\app\Controllers\Services.php(21): view('services/depart...', Array)
#3 C:\xampp\htdocs\BeSSy\vendor\codeigniter4\framework\system\CodeIgniter.php(832): App\Controllers\Services->departmentServices('14')
#4 C:\xampp\htdocs\BeSSy\vendor\codeigniter4\framework\system\CodeIgniter.php(419): CodeIgniter\CodeIgniter->runController(Object(App\Controllers\Services))
#5 C:\xampp\htdocs\BeSSy\vendor\codeigniter4\framework\system\CodeIgniter.php(326): CodeIgniter\CodeIgniter->handleRequest(NULL, Object(Config\Cache), false)
#6 C:\xampp\htdocs\BeSSy\index.php(38): CodeIgniter\CodeIgniter->run()
#7 {main}
CRITICAL - 2024-05-07 14:41:07 --> Undefined variable $convoInfo
#0 C:\xampp\htdocs\BeSSy\app\Views\partials\chatDrawer.php(71): CodeIgniter\Debug\Exceptions->errorHandler(2, 'Undefined varia...', 'C:\\xampp\\htdocs...', 71)
#1 C:\xampp\htdocs\BeSSy\vendor\codeigniter4\framework\system\View\View.php(210): include('C:\\xampp\\htdocs...')
#2 C:\xampp\htdocs\BeSSy\vendor\codeigniter4\framework\system\View\View.php(213): CodeIgniter\View\View->CodeIgniter\View\{closure}()
#3 C:\xampp\htdocs\BeSSy\vendor\codeigniter4\framework\system\View\View.php(424): CodeIgniter\View\View->render('partials/chatDr...', NULL, true)
#4 C:\xampp\htdocs\BeSSy\app\Views\layouts\nonAdminContainer.php(75): CodeIgniter\View\View->include('partials/chatDr...')
#5 C:\xampp\htdocs\BeSSy\vendor\codeigniter4\framework\system\View\View.php(210): include('C:\\xampp\\htdocs...')
#6 C:\xampp\htdocs\BeSSy\vendor\codeigniter4\framework\system\View\View.php(213): CodeIgniter\View\View->CodeIgniter\View\{closure}()
#7 C:\xampp\htdocs\BeSSy\vendor\codeigniter4\framework\system\View\View.php(226): CodeIgniter\View\View->render('layouts/nonAdmi...', Array, true)
#8 C:\xampp\htdocs\BeSSy\vendor\codeigniter4\framework\system\Common.php(1089): CodeIgniter\View\View->render('services/depart...', Array, true)
#9 C:\xampp\htdocs\BeSSy\app\Controllers\Services.php(21): view('services/depart...', Array)
#10 C:\xampp\htdocs\BeSSy\vendor\codeigniter4\framework\system\CodeIgniter.php(832): App\Controllers\Services->departmentServices('14')
#11 C:\xampp\htdocs\BeSSy\vendor\codeigniter4\framework\system\CodeIgniter.php(419): CodeIgniter\CodeIgniter->runController(Object(App\Controllers\Services))
#12 C:\xampp\htdocs\BeSSy\vendor\codeigniter4\framework\system\CodeIgniter.php(326): CodeIgniter\CodeIgniter->handleRequest(NULL, Object(Config\Cache), false)
#13 C:\xampp\htdocs\BeSSy\index.php(38): CodeIgniter\CodeIgniter->run()
#14 {main}
CRITICAL - 2024-05-07 14:42:02 --> Undefined variable $convoInfo
#0 C:\xampp\htdocs\BeSSy\app\Views\partials\chatDrawer.php(71): CodeIgniter\Debug\Exceptions->errorHandler(2, 'Undefined varia...', 'C:\\xampp\\htdocs...', 71)
#1 C:\xampp\htdocs\BeSSy\vendor\codeigniter4\framework\system\View\View.php(210): include('C:\\xampp\\htdocs...')
#2 C:\xampp\htdocs\BeSSy\vendor\codeigniter4\framework\system\View\View.php(213): CodeIgniter\View\View->CodeIgniter\View\{closure}()
#3 C:\xampp\htdocs\BeSSy\vendor\codeigniter4\framework\system\View\View.php(424): CodeIgniter\View\View->render('partials/chatDr...', NULL, true)
#4 C:\xampp\htdocs\BeSSy\app\Views\layouts\nonAdminContainer.php(75): CodeIgniter\View\View->include('partials/chatDr...')
#5 C:\xampp\htdocs\BeSSy\vendor\codeigniter4\framework\system\View\View.php(210): include('C:\\xampp\\htdocs...')
#6 C:\xampp\htdocs\BeSSy\vendor\codeigniter4\framework\system\View\View.php(213): CodeIgniter\View\View->CodeIgniter\View\{closure}()
#7 C:\xampp\htdocs\BeSSy\vendor\codeigniter4\framework\system\View\View.php(226): CodeIgniter\View\View->render('layouts/nonAdmi...', Array, true)
#8 C:\xampp\htdocs\BeSSy\vendor\codeigniter4\framework\system\Common.php(1089): CodeIgniter\View\View->render('services/popula...', Array, true)
#9 C:\xampp\htdocs\BeSSy\app\Controllers\Services.php(34): view('services/popula...', Array)
#10 C:\xampp\htdocs\BeSSy\vendor\codeigniter4\framework\system\CodeIgniter.php(832): App\Controllers\Services->serviceView('5')
#11 C:\xampp\htdocs\BeSSy\vendor\codeigniter4\framework\system\CodeIgniter.php(419): CodeIgniter\CodeIgniter->runController(Object(App\Controllers\Services))
#12 C:\xampp\htdocs\BeSSy\vendor\codeigniter4\framework\system\CodeIgniter.php(326): CodeIgniter\CodeIgniter->handleRequest(NULL, Object(Config\Cache), false)
#13 C:\xampp\htdocs\BeSSy\index.php(38): CodeIgniter\CodeIgniter->run()
#14 {main}
CRITICAL - 2024-05-07 14:44:14 --> Undefined property: stdClass::$suffix
#0 C:\xampp\htdocs\BeSSy\app\Views\users\editProfile.php(146): CodeIgniter\Debug\Exceptions->errorHandler(2, 'Undefined prope...', 'C:\\xampp\\htdocs...', 146)
#1 C:\xampp\htdocs\BeSSy\vendor\codeigniter4\framework\system\View\View.php(210): include('C:\\xampp\\htdocs...')
#2 C:\xampp\htdocs\BeSSy\vendor\codeigniter4\framework\system\View\View.php(213): CodeIgniter\View\View->CodeIgniter\View\{closure}()
#3 C:\xampp\htdocs\BeSSy\vendor\codeigniter4\framework\system\Common.php(1089): CodeIgniter\View\View->render('users/editProfi...', Array, true)
#4 C:\xampp\htdocs\BeSSy\app\Controllers\Users.php(40): view('users/editProfi...', Array)
#5 C:\xampp\htdocs\BeSSy\vendor\codeigniter4\framework\system\CodeIgniter.php(832): App\Controllers\Users->myProfile()
#6 C:\xampp\htdocs\BeSSy\vendor\codeigniter4\framework\system\CodeIgniter.php(419): CodeIgniter\CodeIgniter->runController(Object(App\Controllers\Users))
#7 C:\xampp\htdocs\BeSSy\vendor\codeigniter4\framework\system\CodeIgniter.php(326): CodeIgniter\CodeIgniter->handleRequest(NULL, Object(Config\Cache), false)
#8 C:\xampp\htdocs\BeSSy\index.php(38): CodeIgniter\CodeIgniter->run()
#9 {main}
CRITICAL - 2024-05-07 15:00:04 --> Undefined variable $convoInfo
#0 C:\xampp\htdocs\BeSSy\app\Views\partials\chatDrawer.php(71): CodeIgniter\Debug\Exceptions->errorHandler(2, 'Undefined varia...', 'C:\\xampp\\htdocs...', 71)
#1 C:\xampp\htdocs\BeSSy\vendor\codeigniter4\framework\system\View\View.php(210): include('C:\\xampp\\htdocs...')
#2 C:\xampp\htdocs\BeSSy\vendor\codeigniter4\framework\system\View\View.php(213): CodeIgniter\View\View->CodeIgniter\View\{closure}()
#3 C:\xampp\htdocs\BeSSy\vendor\codeigniter4\framework\system\View\View.php(424): CodeIgniter\View\View->render('partials/chatDr...', NULL, true)
#4 C:\xampp\htdocs\BeSSy\app\Views\layouts\nonAdminContainer.php(75): CodeIgniter\View\View->include('partials/chatDr...')
#5 C:\xampp\htdocs\BeSSy\vendor\codeigniter4\framework\system\View\View.php(210): include('C:\\xampp\\htdocs...')
#6 C:\xampp\htdocs\BeSSy\vendor\codeigniter4\framework\system\View\View.php(213): CodeIgniter\View\View->CodeIgniter\View\{closure}()
#7 C:\xampp\htdocs\BeSSy\vendor\codeigniter4\framework\system\View\View.php(226): CodeIgniter\View\View->render('layouts/nonAdmi...', Array, true)
#8 C:\xampp\htdocs\BeSSy\vendor\codeigniter4\framework\system\Common.php(1089): CodeIgniter\View\View->render('services/popula...', Array, true)
#9 C:\xampp\htdocs\BeSSy\app\Controllers\Services.php(34): view('services/popula...', Array)
#10 C:\xampp\htdocs\BeSSy\vendor\codeigniter4\framework\system\CodeIgniter.php(832): App\Controllers\Services->serviceView('6')
#11 C:\xampp\htdocs\BeSSy\vendor\codeigniter4\framework\system\CodeIgniter.php(419): CodeIgniter\CodeIgniter->runController(Object(App\Controllers\Services))
#12 C:\xampp\htdocs\BeSSy\vendor\codeigniter4\framework\system\CodeIgniter.php(326): CodeIgniter\CodeIgniter->handleRequest(NULL, Object(Config\Cache), false)
#13 C:\xampp\htdocs\BeSSy\index.php(38): CodeIgniter\CodeIgniter->run()
#14 {main}
CRITICAL - 2024-05-07 15:04:09 --> Undefined property: stdClass::$suffix
#0 C:\xampp\htdocs\BeSSy\app\Views\users\editProfile.php(146): CodeIgniter\Debug\Exceptions->errorHandler(2, 'Undefined prope...', 'C:\\xampp\\htdocs...', 146)
#1 C:\xampp\htdocs\BeSSy\vendor\codeigniter4\framework\system\View\View.php(210): include('C:\\xampp\\htdocs...')
#2 C:\xampp\htdocs\BeSSy\vendor\codeigniter4\framework\system\View\View.php(213): CodeIgniter\View\View->CodeIgniter\View\{closure}()
#3 C:\xampp\htdocs\BeSSy\vendor\codeigniter4\framework\system\Common.php(1089): CodeIgniter\View\View->render('users/editProfi...', Array, true)
#4 C:\xampp\htdocs\BeSSy\app\Controllers\Users.php(40): view('users/editProfi...', Array)
#5 C:\xampp\htdocs\BeSSy\vendor\codeigniter4\framework\system\CodeIgniter.php(832): App\Controllers\Users->myProfile()
#6 C:\xampp\htdocs\BeSSy\vendor\codeigniter4\framework\system\CodeIgniter.php(419): CodeIgniter\CodeIgniter->runController(Object(App\Controllers\Users))
#7 C:\xampp\htdocs\BeSSy\vendor\codeigniter4\framework\system\CodeIgniter.php(326): CodeIgniter\CodeIgniter->handleRequest(NULL, Object(Config\Cache), false)
#8 C:\xampp\htdocs\BeSSy\index.php(38): CodeIgniter\CodeIgniter->run()
#9 {main}
CRITICAL - 2024-05-07 15:04:25 --> Undefined property: stdClass::$contact_number
#0 C:\xampp\htdocs\BeSSy\app\Views\users\editProfile.php(156): CodeIgniter\Debug\Exceptions->errorHandler(2, 'Undefined prope...', 'C:\\xampp\\htdocs...', 156)
#1 C:\xampp\htdocs\BeSSy\vendor\codeigniter4\framework\system\View\View.php(210): include('C:\\xampp\\htdocs...')
#2 C:\xampp\htdocs\BeSSy\vendor\codeigniter4\framework\system\View\View.php(213): CodeIgniter\View\View->CodeIgniter\View\{closure}()
#3 C:\xampp\htdocs\BeSSy\vendor\codeigniter4\framework\system\Common.php(1089): CodeIgniter\View\View->render('users/editProfi...', Array, true)
#4 C:\xampp\htdocs\BeSSy\app\Controllers\Users.php(40): view('users/editProfi...', Array)
#5 C:\xampp\htdocs\BeSSy\vendor\codeigniter4\framework\system\CodeIgniter.php(832): App\Controllers\Users->myProfile()
#6 C:\xampp\htdocs\BeSSy\vendor\codeigniter4\framework\system\CodeIgniter.php(419): CodeIgniter\CodeIgniter->runController(Object(App\Controllers\Users))
#7 C:\xampp\htdocs\BeSSy\vendor\codeigniter4\framework\system\CodeIgniter.php(326): CodeIgniter\CodeIgniter->handleRequest(NULL, Object(Config\Cache), false)
#8 C:\xampp\htdocs\BeSSy\index.php(38): CodeIgniter\CodeIgniter->run()
#9 {main}
CRITICAL - 2024-05-07 15:04:57 --> Undefined property: stdClass::$barangay
#0 C:\xampp\htdocs\BeSSy\app\Views\users\editProfile.php(164): CodeIgniter\Debug\Exceptions->errorHandler(2, 'Undefined prope...', 'C:\\xampp\\htdocs...', 164)
#1 C:\xampp\htdocs\BeSSy\vendor\codeigniter4\framework\system\View\View.php(210): include('C:\\xampp\\htdocs...')
#2 C:\xampp\htdocs\BeSSy\vendor\codeigniter4\framework\system\View\View.php(213): CodeIgniter\View\View->CodeIgniter\View\{closure}()
#3 C:\xampp\htdocs\BeSSy\vendor\codeigniter4\framework\system\Common.php(1089): CodeIgniter\View\View->render('users/editProfi...', Array, true)
#4 C:\xampp\htdocs\BeSSy\app\Controllers\Users.php(40): view('users/editProfi...', Array)
#5 C:\xampp\htdocs\BeSSy\vendor\codeigniter4\framework\system\CodeIgniter.php(832): App\Controllers\Users->myProfile()
#6 C:\xampp\htdocs\BeSSy\vendor\codeigniter4\framework\system\CodeIgniter.php(419): CodeIgniter\CodeIgniter->runController(Object(App\Controllers\Users))
#7 C:\xampp\htdocs\BeSSy\vendor\codeigniter4\framework\system\CodeIgniter.php(326): CodeIgniter\CodeIgniter->handleRequest(NULL, Object(Config\Cache), false)
#8 C:\xampp\htdocs\BeSSy\index.php(38): CodeIgniter\CodeIgniter->run()
#9 {main}
