ERROR - 2024-04-23 12:57:39 --> Table 'baliwagc_bessy_db.logs' doesn't exist
ERROR - 2024-04-23 12:59:34 --> Error connecting to the database: Access denied for user '****'@'localhost' (using password: NO)
CRITICAL - 2024-04-23 12:59:34 --> Unable to connect to the database.
Main connection [MySQLi]: Access denied for user '****'@'localhost' (using password: NO)
#0 /Applications/MAMP/htdocs/baliwag/bessy/vendor/codeigniter4/framework/system/Database/BaseConnection.php(577): CodeIgniter\Database\BaseConnection->initialize()
#1 /Applications/MAMP/htdocs/baliwag/bessy/vendor/codeigniter4/framework/system/Database/BaseBuilder.php(1455): CodeIgniter\Database\BaseConnection->query('SELECT *\nFROM `...', Array, false)
#2 /Applications/MAMP/htdocs/baliwag/bessy/vendor/codeigniter4/framework/system/Model.php(142): CodeIgniter\Database\BaseBuilder->get()
#3 /Applications/MAMP/htdocs/baliwag/bessy/vendor/codeigniter4/framework/system/BaseModel.php(523): CodeIgniter\Model->doFind(true, '11')
#4 /Applications/MAMP/htdocs/baliwag/bessy/vendor/myth/auth/src/Authentication/AuthenticationBase.php(138): CodeIgniter\BaseModel->find('11')
#5 /Applications/MAMP/htdocs/baliwag/bessy/vendor/myth/auth/src/Authentication/LocalAuthenticator.php(70): Myth\Auth\Authentication\AuthenticationBase->isLoggedIn()
#6 /Applications/MAMP/htdocs/baliwag/bessy/vendor/myth/auth/src/Filters/LoginFilter.php(45): Myth\Auth\Authentication\LocalAuthenticator->check()
#7 /Applications/MAMP/htdocs/baliwag/bessy/vendor/codeigniter4/framework/system/Filters/Filters.php(173): Myth\Auth\Filters\LoginFilter->before(Object(CodeIgniter\HTTP\IncomingRequest), NULL)
#8 /Applications/MAMP/htdocs/baliwag/bessy/vendor/codeigniter4/framework/system/CodeIgniter.php(393): CodeIgniter\Filters\Filters->run('/dashboard', 'before')
#9 /Applications/MAMP/htdocs/baliwag/bessy/vendor/codeigniter4/framework/system/CodeIgniter.php(326): CodeIgniter\CodeIgniter->handleRequest(NULL, Object(Config\Cache), false)
#10 /Applications/MAMP/htdocs/baliwag/bessy/index.php(38): CodeIgniter\CodeIgniter->run()
#11 {main}
ERROR - 2024-04-23 13:20:23 --> Error connecting to the database: Access denied for user '****'@'localhost' (using password: NO)
CRITICAL - 2024-04-23 13:20:23 --> Unable to connect to the database.
Main connection [MySQLi]: Access denied for user '****'@'localhost' (using password: NO)
#0 /Applications/MAMP/htdocs/baliwag/bessy/vendor/codeigniter4/framework/system/Database/BaseConnection.php(577): CodeIgniter\Database\BaseConnection->initialize()
#1 /Applications/MAMP/htdocs/baliwag/bessy/vendor/codeigniter4/framework/system/Database/BaseBuilder.php(1455): CodeIgniter\Database\BaseConnection->query('SELECT *\nFROM `...', Array, false)
#2 /Applications/MAMP/htdocs/baliwag/bessy/vendor/codeigniter4/framework/system/Model.php(142): CodeIgniter\Database\BaseBuilder->get()
#3 /Applications/MAMP/htdocs/baliwag/bessy/vendor/codeigniter4/framework/system/BaseModel.php(523): CodeIgniter\Model->doFind(true, '11')
#4 /Applications/MAMP/htdocs/baliwag/bessy/vendor/myth/auth/src/Authentication/AuthenticationBase.php(138): CodeIgniter\BaseModel->find('11')
#5 /Applications/MAMP/htdocs/baliwag/bessy/vendor/myth/auth/src/Authentication/LocalAuthenticator.php(70): Myth\Auth\Authentication\AuthenticationBase->isLoggedIn()
#6 /Applications/MAMP/htdocs/baliwag/bessy/vendor/myth/auth/src/Filters/LoginFilter.php(45): Myth\Auth\Authentication\LocalAuthenticator->check()
#7 /Applications/MAMP/htdocs/baliwag/bessy/vendor/codeigniter4/framework/system/Filters/Filters.php(173): Myth\Auth\Filters\LoginFilter->before(Object(CodeIgniter\HTTP\IncomingRequest), NULL)
#8 /Applications/MAMP/htdocs/baliwag/bessy/vendor/codeigniter4/framework/system/CodeIgniter.php(393): CodeIgniter\Filters\Filters->run('/', 'before')
#9 /Applications/MAMP/htdocs/baliwag/bessy/vendor/codeigniter4/framework/system/CodeIgniter.php(326): CodeIgniter\CodeIgniter->handleRequest(NULL, Object(Config\Cache), false)
#10 /Applications/MAMP/htdocs/baliwag/bessy/index.php(38): CodeIgniter\CodeIgniter->run()
#11 {main}
CRITICAL - 2024-04-23 13:20:51 --> Undefined variable $convoInfo
#0 /Applications/MAMP/htdocs/baliwag/bessy/app/Views/partials/chatDrawer.php(37): CodeIgniter\Debug\Exceptions->errorHandler(2, 'Undefined varia...', '/Applications/M...', 37)
#1 /Applications/MAMP/htdocs/baliwag/bessy/vendor/codeigniter4/framework/system/View/View.php(210): include('/Applications/M...')
#2 /Applications/MAMP/htdocs/baliwag/bessy/vendor/codeigniter4/framework/system/View/View.php(213): CodeIgniter\View\View->CodeIgniter\View\{closure}()
#3 /Applications/MAMP/htdocs/baliwag/bessy/vendor/codeigniter4/framework/system/View/View.php(424): CodeIgniter\View\View->render('partials/chatDr...', NULL, true)
#4 /Applications/MAMP/htdocs/baliwag/bessy/app/Views/layouts/nonAdminContainer.php(38): CodeIgniter\View\View->include('partials/chatDr...')
#5 /Applications/MAMP/htdocs/baliwag/bessy/vendor/codeigniter4/framework/system/View/View.php(210): include('/Applications/M...')
#6 /Applications/MAMP/htdocs/baliwag/bessy/vendor/codeigniter4/framework/system/View/View.php(213): CodeIgniter\View\View->CodeIgniter\View\{closure}()
#7 /Applications/MAMP/htdocs/baliwag/bessy/vendor/codeigniter4/framework/system/View/View.php(226): CodeIgniter\View\View->render('layouts/nonAdmi...', Array, true)
#8 /Applications/MAMP/htdocs/baliwag/bessy/vendor/codeigniter4/framework/system/Common.php(1089): CodeIgniter\View\View->render('services/mayors...', Array, true)
#9 /Applications/MAMP/htdocs/baliwag/bessy/app/Controllers/Services.php(31): view('services/mayors...', Array)
#10 /Applications/MAMP/htdocs/baliwag/bessy/vendor/codeigniter4/framework/system/CodeIgniter.php(832): App\Controllers\Services->serviceView('1')
#11 /Applications/MAMP/htdocs/baliwag/bessy/vendor/codeigniter4/framework/system/CodeIgniter.php(419): CodeIgniter\CodeIgniter->runController(Object(App\Controllers\Services))
#12 /Applications/MAMP/htdocs/baliwag/bessy/vendor/codeigniter4/framework/system/CodeIgniter.php(326): CodeIgniter\CodeIgniter->handleRequest(NULL, Object(Config\Cache), false)
#13 /Applications/MAMP/htdocs/baliwag/bessy/index.php(38): CodeIgniter\CodeIgniter->run()
#14 {main}
ERROR - 2024-04-23 13:38:41 --> Error connecting to the database: Access denied for user '****'@'localhost' (using password: NO)
CRITICAL - 2024-04-23 13:38:41 --> Unable to connect to the database.
Main connection [MySQLi]: Access denied for user '****'@'localhost' (using password: NO)
#0 /Applications/MAMP/htdocs/baliwag/bessy/vendor/codeigniter4/framework/system/Database/BaseConnection.php(577): CodeIgniter\Database\BaseConnection->initialize()
#1 /Applications/MAMP/htdocs/baliwag/bessy/vendor/codeigniter4/framework/system/Database/BaseBuilder.php(1455): CodeIgniter\Database\BaseConnection->query('SELECT *\nFROM `...', Array, false)
#2 /Applications/MAMP/htdocs/baliwag/bessy/vendor/codeigniter4/framework/system/Model.php(142): CodeIgniter\Database\BaseBuilder->get()
#3 /Applications/MAMP/htdocs/baliwag/bessy/vendor/codeigniter4/framework/system/BaseModel.php(523): CodeIgniter\Model->doFind(true, '11')
#4 /Applications/MAMP/htdocs/baliwag/bessy/vendor/myth/auth/src/Authentication/AuthenticationBase.php(138): CodeIgniter\BaseModel->find('11')
#5 /Applications/MAMP/htdocs/baliwag/bessy/vendor/myth/auth/src/Authentication/LocalAuthenticator.php(70): Myth\Auth\Authentication\AuthenticationBase->isLoggedIn()
#6 /Applications/MAMP/htdocs/baliwag/bessy/vendor/myth/auth/src/Filters/LoginFilter.php(45): Myth\Auth\Authentication\LocalAuthenticator->check()
#7 /Applications/MAMP/htdocs/baliwag/bessy/vendor/codeigniter4/framework/system/Filters/Filters.php(173): Myth\Auth\Filters\LoginFilter->before(Object(CodeIgniter\HTTP\IncomingRequest), NULL)
#8 /Applications/MAMP/htdocs/baliwag/bessy/vendor/codeigniter4/framework/system/CodeIgniter.php(393): CodeIgniter\Filters\Filters->run('/services/depar...', 'before')
#9 /Applications/MAMP/htdocs/baliwag/bessy/vendor/codeigniter4/framework/system/CodeIgniter.php(326): CodeIgniter\CodeIgniter->handleRequest(NULL, Object(Config\Cache), false)
#10 /Applications/MAMP/htdocs/baliwag/bessy/index.php(38): CodeIgniter\CodeIgniter->run()
#11 {main}
CRITICAL - 2024-04-23 13:39:04 --> Undefined variable $convoInfo
#0 /Applications/MAMP/htdocs/baliwag/bessy/app/Views/partials/chatDrawer.php(37): CodeIgniter\Debug\Exceptions->errorHandler(2, 'Undefined varia...', '/Applications/M...', 37)
#1 /Applications/MAMP/htdocs/baliwag/bessy/vendor/codeigniter4/framework/system/View/View.php(210): include('/Applications/M...')
#2 /Applications/MAMP/htdocs/baliwag/bessy/vendor/codeigniter4/framework/system/View/View.php(213): CodeIgniter\View\View->CodeIgniter\View\{closure}()
#3 /Applications/MAMP/htdocs/baliwag/bessy/vendor/codeigniter4/framework/system/View/View.php(424): CodeIgniter\View\View->render('partials/chatDr...', NULL, true)
#4 /Applications/MAMP/htdocs/baliwag/bessy/app/Views/layouts/nonAdminContainer.php(38): CodeIgniter\View\View->include('partials/chatDr...')
#5 /Applications/MAMP/htdocs/baliwag/bessy/vendor/codeigniter4/framework/system/View/View.php(210): include('/Applications/M...')
#6 /Applications/MAMP/htdocs/baliwag/bessy/vendor/codeigniter4/framework/system/View/View.php(213): CodeIgniter\View\View->CodeIgniter\View\{closure}()
#7 /Applications/MAMP/htdocs/baliwag/bessy/vendor/codeigniter4/framework/system/View/View.php(226): CodeIgniter\View\View->render('layouts/nonAdmi...', Array, true)
#8 /Applications/MAMP/htdocs/baliwag/bessy/vendor/codeigniter4/framework/system/Common.php(1089): CodeIgniter\View\View->render('services/popula...', Array, true)
#9 /Applications/MAMP/htdocs/baliwag/bessy/app/Controllers/Services.php(31): view('services/popula...', Array)
#10 /Applications/MAMP/htdocs/baliwag/bessy/vendor/codeigniter4/framework/system/CodeIgniter.php(832): App\Controllers\Services->serviceView('5')
#11 /Applications/MAMP/htdocs/baliwag/bessy/vendor/codeigniter4/framework/system/CodeIgniter.php(419): CodeIgniter\CodeIgniter->runController(Object(App\Controllers\Services))
#12 /Applications/MAMP/htdocs/baliwag/bessy/vendor/codeigniter4/framework/system/CodeIgniter.php(326): CodeIgniter\CodeIgniter->handleRequest(NULL, Object(Config\Cache), false)
#13 /Applications/MAMP/htdocs/baliwag/bessy/index.php(38): CodeIgniter\CodeIgniter->run()
#14 {main}
CRITICAL - 2024-04-23 13:39:44 --> Undefined variable $convoInfo
#0 /Applications/MAMP/htdocs/baliwag/bessy/app/Views/partials/chatDrawer.php(37): CodeIgniter\Debug\Exceptions->errorHandler(2, 'Undefined varia...', '/Applications/M...', 37)
#1 /Applications/MAMP/htdocs/baliwag/bessy/vendor/codeigniter4/framework/system/View/View.php(210): include('/Applications/M...')
#2 /Applications/MAMP/htdocs/baliwag/bessy/vendor/codeigniter4/framework/system/View/View.php(213): CodeIgniter\View\View->CodeIgniter\View\{closure}()
#3 /Applications/MAMP/htdocs/baliwag/bessy/vendor/codeigniter4/framework/system/View/View.php(424): CodeIgniter\View\View->render('partials/chatDr...', NULL, true)
#4 /Applications/MAMP/htdocs/baliwag/bessy/app/Views/layouts/nonAdminContainer.php(38): CodeIgniter\View\View->include('partials/chatDr...')
#5 /Applications/MAMP/htdocs/baliwag/bessy/vendor/codeigniter4/framework/system/View/View.php(210): include('/Applications/M...')
#6 /Applications/MAMP/htdocs/baliwag/bessy/vendor/codeigniter4/framework/system/View/View.php(213): CodeIgniter\View\View->CodeIgniter\View\{closure}()
#7 /Applications/MAMP/htdocs/baliwag/bessy/vendor/codeigniter4/framework/system/View/View.php(226): CodeIgniter\View\View->render('layouts/nonAdmi...', Array, true)
#8 /Applications/MAMP/htdocs/baliwag/bessy/vendor/codeigniter4/framework/system/Common.php(1089): CodeIgniter\View\View->render('services/popula...', Array, true)
#9 /Applications/MAMP/htdocs/baliwag/bessy/app/Controllers/Services.php(31): view('services/popula...', Array)
#10 /Applications/MAMP/htdocs/baliwag/bessy/vendor/codeigniter4/framework/system/CodeIgniter.php(832): App\Controllers\Services->serviceView('6')
#11 /Applications/MAMP/htdocs/baliwag/bessy/vendor/codeigniter4/framework/system/CodeIgniter.php(419): CodeIgniter\CodeIgniter->runController(Object(App\Controllers\Services))
#12 /Applications/MAMP/htdocs/baliwag/bessy/vendor/codeigniter4/framework/system/CodeIgniter.php(326): CodeIgniter\CodeIgniter->handleRequest(NULL, Object(Config\Cache), false)
#13 /Applications/MAMP/htdocs/baliwag/bessy/index.php(38): CodeIgniter\CodeIgniter->run()
#14 {main}
CRITICAL - 2024-04-23 13:39:47 --> Undefined variable $convoInfo
#0 /Applications/MAMP/htdocs/baliwag/bessy/app/Views/partials/chatDrawer.php(37): CodeIgniter\Debug\Exceptions->errorHandler(2, 'Undefined varia...', '/Applications/M...', 37)
#1 /Applications/MAMP/htdocs/baliwag/bessy/vendor/codeigniter4/framework/system/View/View.php(210): include('/Applications/M...')
#2 /Applications/MAMP/htdocs/baliwag/bessy/vendor/codeigniter4/framework/system/View/View.php(213): CodeIgniter\View\View->CodeIgniter\View\{closure}()
#3 /Applications/MAMP/htdocs/baliwag/bessy/vendor/codeigniter4/framework/system/View/View.php(424): CodeIgniter\View\View->render('partials/chatDr...', NULL, true)
#4 /Applications/MAMP/htdocs/baliwag/bessy/app/Views/layouts/nonAdminContainer.php(38): CodeIgniter\View\View->include('partials/chatDr...')
#5 /Applications/MAMP/htdocs/baliwag/bessy/vendor/codeigniter4/framework/system/View/View.php(210): include('/Applications/M...')
#6 /Applications/MAMP/htdocs/baliwag/bessy/vendor/codeigniter4/framework/system/View/View.php(213): CodeIgniter\View\View->CodeIgniter\View\{closure}()
#7 /Applications/MAMP/htdocs/baliwag/bessy/vendor/codeigniter4/framework/system/View/View.php(226): CodeIgniter\View\View->render('layouts/nonAdmi...', Array, true)
#8 /Applications/MAMP/htdocs/baliwag/bessy/vendor/codeigniter4/framework/system/Common.php(1089): CodeIgniter\View\View->render('services/popula...', Array, true)
#9 /Applications/MAMP/htdocs/baliwag/bessy/app/Controllers/Services.php(31): view('services/popula...', Array)
#10 /Applications/MAMP/htdocs/baliwag/bessy/vendor/codeigniter4/framework/system/CodeIgniter.php(832): App\Controllers\Services->serviceView('7')
#11 /Applications/MAMP/htdocs/baliwag/bessy/vendor/codeigniter4/framework/system/CodeIgniter.php(419): CodeIgniter\CodeIgniter->runController(Object(App\Controllers\Services))
#12 /Applications/MAMP/htdocs/baliwag/bessy/vendor/codeigniter4/framework/system/CodeIgniter.php(326): CodeIgniter\CodeIgniter->handleRequest(NULL, Object(Config\Cache), false)
#13 /Applications/MAMP/htdocs/baliwag/bessy/index.php(38): CodeIgniter\CodeIgniter->run()
#14 {main}
ERROR - 2024-04-23 13:43:37 --> Error connecting to the database: Access denied for user '****'@'localhost' (using password: NO)
CRITICAL - 2024-04-23 13:43:37 --> Unable to connect to the database.
Main connection [MySQLi]: Access denied for user '****'@'localhost' (using password: NO)
#0 /Applications/MAMP/htdocs/baliwag/bessy/vendor/codeigniter4/framework/system/Database/BaseConnection.php(577): CodeIgniter\Database\BaseConnection->initialize()
#1 /Applications/MAMP/htdocs/baliwag/bessy/vendor/codeigniter4/framework/system/Database/BaseBuilder.php(1455): CodeIgniter\Database\BaseConnection->query('SELECT *\nFROM `...', Array, false)
#2 /Applications/MAMP/htdocs/baliwag/bessy/vendor/codeigniter4/framework/system/Model.php(142): CodeIgniter\Database\BaseBuilder->get()
#3 /Applications/MAMP/htdocs/baliwag/bessy/vendor/codeigniter4/framework/system/BaseModel.php(523): CodeIgniter\Model->doFind(true, '11')
#4 /Applications/MAMP/htdocs/baliwag/bessy/vendor/myth/auth/src/Authentication/AuthenticationBase.php(138): CodeIgniter\BaseModel->find('11')
#5 /Applications/MAMP/htdocs/baliwag/bessy/vendor/myth/auth/src/Authentication/LocalAuthenticator.php(70): Myth\Auth\Authentication\AuthenticationBase->isLoggedIn()
#6 /Applications/MAMP/htdocs/baliwag/bessy/vendor/myth/auth/src/Filters/LoginFilter.php(45): Myth\Auth\Authentication\LocalAuthenticator->check()
#7 /Applications/MAMP/htdocs/baliwag/bessy/vendor/codeigniter4/framework/system/Filters/Filters.php(173): Myth\Auth\Filters\LoginFilter->before(Object(CodeIgniter\HTTP\IncomingRequest), NULL)
#8 /Applications/MAMP/htdocs/baliwag/bessy/vendor/codeigniter4/framework/system/CodeIgniter.php(393): CodeIgniter\Filters\Filters->run('/services/depar...', 'before')
#9 /Applications/MAMP/htdocs/baliwag/bessy/vendor/codeigniter4/framework/system/CodeIgniter.php(326): CodeIgniter\CodeIgniter->handleRequest(NULL, Object(Config\Cache), false)
#10 /Applications/MAMP/htdocs/baliwag/bessy/index.php(38): CodeIgniter\CodeIgniter->run()
#11 {main}
CRITICAL - 2024-04-23 13:43:50 --> Undefined variable $convoInfo
#0 /Applications/MAMP/htdocs/baliwag/bessy/app/Views/partials/chatDrawer.php(37): CodeIgniter\Debug\Exceptions->errorHandler(2, 'Undefined varia...', '/Applications/M...', 37)
#1 /Applications/MAMP/htdocs/baliwag/bessy/vendor/codeigniter4/framework/system/View/View.php(210): include('/Applications/M...')
#2 /Applications/MAMP/htdocs/baliwag/bessy/vendor/codeigniter4/framework/system/View/View.php(213): CodeIgniter\View\View->CodeIgniter\View\{closure}()
#3 /Applications/MAMP/htdocs/baliwag/bessy/vendor/codeigniter4/framework/system/View/View.php(424): CodeIgniter\View\View->render('partials/chatDr...', NULL, true)
#4 /Applications/MAMP/htdocs/baliwag/bessy/app/Views/layouts/main.php(52): CodeIgniter\View\View->include('partials/chatDr...')
#5 /Applications/MAMP/htdocs/baliwag/bessy/vendor/codeigniter4/framework/system/View/View.php(210): include('/Applications/M...')
#6 /Applications/MAMP/htdocs/baliwag/bessy/vendor/codeigniter4/framework/system/View/View.php(213): CodeIgniter\View\View->CodeIgniter\View\{closure}()
#7 /Applications/MAMP/htdocs/baliwag/bessy/vendor/codeigniter4/framework/system/View/View.php(226): CodeIgniter\View\View->render('layouts/main', Array, true)
#8 /Applications/MAMP/htdocs/baliwag/bessy/vendor/codeigniter4/framework/system/Common.php(1089): CodeIgniter\View\View->render('services/bplo/b...', Array, true)
#9 /Applications/MAMP/htdocs/baliwag/bessy/app/Controllers/Services.php(31): view('services/bplo/b...', Array)
#10 /Applications/MAMP/htdocs/baliwag/bessy/vendor/codeigniter4/framework/system/CodeIgniter.php(832): App\Controllers\Services->serviceView('9')
#11 /Applications/MAMP/htdocs/baliwag/bessy/vendor/codeigniter4/framework/system/CodeIgniter.php(419): CodeIgniter\CodeIgniter->runController(Object(App\Controllers\Services))
#12 /Applications/MAMP/htdocs/baliwag/bessy/vendor/codeigniter4/framework/system/CodeIgniter.php(326): CodeIgniter\CodeIgniter->handleRequest(NULL, Object(Config\Cache), false)
#13 /Applications/MAMP/htdocs/baliwag/bessy/index.php(38): CodeIgniter\CodeIgniter->run()
#14 {main}
CRITICAL - 2024-04-23 13:44:07 --> Undefined variable $convoInfo
#0 /Applications/MAMP/htdocs/baliwag/bessy/app/Views/partials/chatDrawer.php(37): CodeIgniter\Debug\Exceptions->errorHandler(2, 'Undefined varia...', '/Applications/M...', 37)
#1 /Applications/MAMP/htdocs/baliwag/bessy/vendor/codeigniter4/framework/system/View/View.php(210): include('/Applications/M...')
#2 /Applications/MAMP/htdocs/baliwag/bessy/vendor/codeigniter4/framework/system/View/View.php(213): CodeIgniter\View\View->CodeIgniter\View\{closure}()
#3 /Applications/MAMP/htdocs/baliwag/bessy/vendor/codeigniter4/framework/system/View/View.php(424): CodeIgniter\View\View->render('partials/chatDr...', NULL, true)
#4 /Applications/MAMP/htdocs/baliwag/bessy/app/Views/layouts/main.php(52): CodeIgniter\View\View->include('partials/chatDr...')
#5 /Applications/MAMP/htdocs/baliwag/bessy/vendor/codeigniter4/framework/system/View/View.php(210): include('/Applications/M...')
#6 /Applications/MAMP/htdocs/baliwag/bessy/vendor/codeigniter4/framework/system/View/View.php(213): CodeIgniter\View\View->CodeIgniter\View\{closure}()
#7 /Applications/MAMP/htdocs/baliwag/bessy/vendor/codeigniter4/framework/system/View/View.php(226): CodeIgniter\View\View->render('layouts/main', Array, true)
#8 /Applications/MAMP/htdocs/baliwag/bessy/vendor/codeigniter4/framework/system/Common.php(1089): CodeIgniter\View\View->render('services/bplo/b...', Array, true)
#9 /Applications/MAMP/htdocs/baliwag/bessy/app/Controllers/Services.php(31): view('services/bplo/b...', Array)
#10 /Applications/MAMP/htdocs/baliwag/bessy/vendor/codeigniter4/framework/system/CodeIgniter.php(832): App\Controllers\Services->serviceView('9')
#11 /Applications/MAMP/htdocs/baliwag/bessy/vendor/codeigniter4/framework/system/CodeIgniter.php(419): CodeIgniter\CodeIgniter->runController(Object(App\Controllers\Services))
#12 /Applications/MAMP/htdocs/baliwag/bessy/vendor/codeigniter4/framework/system/CodeIgniter.php(326): CodeIgniter\CodeIgniter->handleRequest(NULL, Object(Config\Cache), false)
#13 /Applications/MAMP/htdocs/baliwag/bessy/index.php(38): CodeIgniter\CodeIgniter->run()
#14 {main}
CRITICAL - 2024-04-23 13:44:23 --> Undefined variable $convoInfo
#0 /Applications/MAMP/htdocs/baliwag/bessy/app/Views/partials/chatDrawer.php(37): CodeIgniter\Debug\Exceptions->errorHandler(2, 'Undefined varia...', '/Applications/M...', 37)
#1 /Applications/MAMP/htdocs/baliwag/bessy/vendor/codeigniter4/framework/system/View/View.php(210): include('/Applications/M...')
#2 /Applications/MAMP/htdocs/baliwag/bessy/vendor/codeigniter4/framework/system/View/View.php(213): CodeIgniter\View\View->CodeIgniter\View\{closure}()
#3 /Applications/MAMP/htdocs/baliwag/bessy/vendor/codeigniter4/framework/system/View/View.php(424): CodeIgniter\View\View->render('partials/chatDr...', NULL, true)
#4 /Applications/MAMP/htdocs/baliwag/bessy/app/Views/layouts/nonAdminContainer.php(38): CodeIgniter\View\View->include('partials/chatDr...')
#5 /Applications/MAMP/htdocs/baliwag/bessy/vendor/codeigniter4/framework/system/View/View.php(210): include('/Applications/M...')
#6 /Applications/MAMP/htdocs/baliwag/bessy/vendor/codeigniter4/framework/system/View/View.php(213): CodeIgniter\View\View->CodeIgniter\View\{closure}()
#7 /Applications/MAMP/htdocs/baliwag/bessy/vendor/codeigniter4/framework/system/View/View.php(226): CodeIgniter\View\View->render('layouts/nonAdmi...', Array, true)
#8 /Applications/MAMP/htdocs/baliwag/bessy/vendor/codeigniter4/framework/system/Common.php(1089): CodeIgniter\View\View->render('services/mayors...', Array, true)
#9 /Applications/MAMP/htdocs/baliwag/bessy/app/Controllers/Services.php(31): view('services/mayors...', Array)
#10 /Applications/MAMP/htdocs/baliwag/bessy/vendor/codeigniter4/framework/system/CodeIgniter.php(832): App\Controllers\Services->serviceView('1')
#11 /Applications/MAMP/htdocs/baliwag/bessy/vendor/codeigniter4/framework/system/CodeIgniter.php(419): CodeIgniter\CodeIgniter->runController(Object(App\Controllers\Services))
#12 /Applications/MAMP/htdocs/baliwag/bessy/vendor/codeigniter4/framework/system/CodeIgniter.php(326): CodeIgniter\CodeIgniter->handleRequest(NULL, Object(Config\Cache), false)
#13 /Applications/MAMP/htdocs/baliwag/bessy/index.php(38): CodeIgniter\CodeIgniter->run()
#14 {main}
CRITICAL - 2024-04-23 13:46:33 --> Undefined variable $convoInfo
#0 /Applications/MAMP/htdocs/baliwag/bessy/app/Views/partials/chatDrawer.php(37): CodeIgniter\Debug\Exceptions->errorHandler(2, 'Undefined varia...', '/Applications/M...', 37)
#1 /Applications/MAMP/htdocs/baliwag/bessy/vendor/codeigniter4/framework/system/View/View.php(210): include('/Applications/M...')
#2 /Applications/MAMP/htdocs/baliwag/bessy/vendor/codeigniter4/framework/system/View/View.php(213): CodeIgniter\View\View->CodeIgniter\View\{closure}()
#3 /Applications/MAMP/htdocs/baliwag/bessy/vendor/codeigniter4/framework/system/View/View.php(424): CodeIgniter\View\View->render('partials/chatDr...', NULL, true)
#4 /Applications/MAMP/htdocs/baliwag/bessy/app/Views/layouts/nonAdminContainer.php(38): CodeIgniter\View\View->include('partials/chatDr...')
#5 /Applications/MAMP/htdocs/baliwag/bessy/vendor/codeigniter4/framework/system/View/View.php(210): include('/Applications/M...')
#6 /Applications/MAMP/htdocs/baliwag/bessy/vendor/codeigniter4/framework/system/View/View.php(213): CodeIgniter\View\View->CodeIgniter\View\{closure}()
#7 /Applications/MAMP/htdocs/baliwag/bessy/vendor/codeigniter4/framework/system/View/View.php(226): CodeIgniter\View\View->render('layouts/nonAdmi...', Array, true)
#8 /Applications/MAMP/htdocs/baliwag/bessy/vendor/codeigniter4/framework/system/Common.php(1089): CodeIgniter\View\View->render('services/bplo/b...', Array, true)
#9 /Applications/MAMP/htdocs/baliwag/bessy/app/Controllers/Services.php(31): view('services/bplo/b...', Array)
#10 /Applications/MAMP/htdocs/baliwag/bessy/vendor/codeigniter4/framework/system/CodeIgniter.php(832): App\Controllers\Services->serviceView('9')
#11 /Applications/MAMP/htdocs/baliwag/bessy/vendor/codeigniter4/framework/system/CodeIgniter.php(419): CodeIgniter\CodeIgniter->runController(Object(App\Controllers\Services))
#12 /Applications/MAMP/htdocs/baliwag/bessy/vendor/codeigniter4/framework/system/CodeIgniter.php(326): CodeIgniter\CodeIgniter->handleRequest(NULL, Object(Config\Cache), false)
#13 /Applications/MAMP/htdocs/baliwag/bessy/index.php(38): CodeIgniter\CodeIgniter->run()
#14 {main}
CRITICAL - 2024-04-23 13:48:27 --> Undefined variable $convoInfo
#0 /Applications/MAMP/htdocs/baliwag/bessy/app/Views/partials/chatDrawer.php(37): CodeIgniter\Debug\Exceptions->errorHandler(2, 'Undefined varia...', '/Applications/M...', 37)
#1 /Applications/MAMP/htdocs/baliwag/bessy/vendor/codeigniter4/framework/system/View/View.php(210): include('/Applications/M...')
#2 /Applications/MAMP/htdocs/baliwag/bessy/vendor/codeigniter4/framework/system/View/View.php(213): CodeIgniter\View\View->CodeIgniter\View\{closure}()
#3 /Applications/MAMP/htdocs/baliwag/bessy/vendor/codeigniter4/framework/system/View/View.php(424): CodeIgniter\View\View->render('partials/chatDr...', NULL, true)
#4 /Applications/MAMP/htdocs/baliwag/bessy/app/Views/layouts/nonAdminContainer.php(38): CodeIgniter\View\View->include('partials/chatDr...')
#5 /Applications/MAMP/htdocs/baliwag/bessy/vendor/codeigniter4/framework/system/View/View.php(210): include('/Applications/M...')
#6 /Applications/MAMP/htdocs/baliwag/bessy/vendor/codeigniter4/framework/system/View/View.php(213): CodeIgniter\View\View->CodeIgniter\View\{closure}()
#7 /Applications/MAMP/htdocs/baliwag/bessy/vendor/codeigniter4/framework/system/View/View.php(226): CodeIgniter\View\View->render('layouts/nonAdmi...', Array, true)
#8 /Applications/MAMP/htdocs/baliwag/bessy/vendor/codeigniter4/framework/system/Common.php(1089): CodeIgniter\View\View->render('services/mayors...', Array, true)
#9 /Applications/MAMP/htdocs/baliwag/bessy/app/Controllers/Services.php(31): view('services/mayors...', Array)
#10 /Applications/MAMP/htdocs/baliwag/bessy/vendor/codeigniter4/framework/system/CodeIgniter.php(832): App\Controllers\Services->serviceView('1')
#11 /Applications/MAMP/htdocs/baliwag/bessy/vendor/codeigniter4/framework/system/CodeIgniter.php(419): CodeIgniter\CodeIgniter->runController(Object(App\Controllers\Services))
#12 /Applications/MAMP/htdocs/baliwag/bessy/vendor/codeigniter4/framework/system/CodeIgniter.php(326): CodeIgniter\CodeIgniter->handleRequest(NULL, Object(Config\Cache), false)
#13 /Applications/MAMP/htdocs/baliwag/bessy/index.php(38): CodeIgniter\CodeIgniter->run()
#14 {main}
ERROR - 2024-04-23 14:03:40 --> Table 'baliwagc_bessy_db.building_permit_applications' doesn't exist
ERROR - 2024-04-23 14:03:40 --> Table 'baliwagc_bessy_db.building_permit_applications' doesn't exist
CRITICAL - 2024-04-23 14:03:40 --> Table 'baliwagc_bessy_db.building_permit_applications' doesn't exist
#0 /Applications/MAMP/htdocs/baliwag/bessy/vendor/codeigniter4/framework/system/Database/MySQLi/Connection.php(292): mysqli->query('SELECT COUNT(*)...', 0)
#1 /Applications/MAMP/htdocs/baliwag/bessy/vendor/codeigniter4/framework/system/Database/BaseConnection.php(670): CodeIgniter\Database\MySQLi\Connection->execute('SELECT COUNT(*)...')
#2 /Applications/MAMP/htdocs/baliwag/bessy/vendor/codeigniter4/framework/system/Database/BaseConnection.php(598): CodeIgniter\Database\BaseConnection->simpleQuery('SELECT COUNT(*)...')
#3 /Applications/MAMP/htdocs/baliwag/bessy/vendor/codeigniter4/framework/system/Database/BaseBuilder.php(1539): CodeIgniter\Database\BaseConnection->query('SELECT COUNT(*)...', Array, false)
#4 /Applications/MAMP/htdocs/baliwag/bessy/vendor/hermawan/codeigniter4-datatables/src/DataTableQuery.php(53): CodeIgniter\Database\BaseBuilder->countAllResults()
#5 /Applications/MAMP/htdocs/baliwag/bessy/vendor/hermawan/codeigniter4-datatables/src/DataTable.php(174): Hermawan\DataTables\DataTableQuery->countAll()
#6 /Applications/MAMP/htdocs/baliwag/bessy/app/Controllers/BPLO.php(64): Hermawan\DataTables\DataTable->toJson(true)
#7 /Applications/MAMP/htdocs/baliwag/bessy/vendor/codeigniter4/framework/system/CodeIgniter.php(832): App\Controllers\BPLO->getBuildingPermitApplicationsDataTable()
#8 /Applications/MAMP/htdocs/baliwag/bessy/vendor/codeigniter4/framework/system/CodeIgniter.php(419): CodeIgniter\CodeIgniter->runController(Object(App\Controllers\BPLO))
#9 /Applications/MAMP/htdocs/baliwag/bessy/vendor/codeigniter4/framework/system/CodeIgniter.php(326): CodeIgniter\CodeIgniter->handleRequest(NULL, Object(Config\Cache), false)
#10 /Applications/MAMP/htdocs/baliwag/bessy/index.php(38): CodeIgniter\CodeIgniter->run()
#11 {main}
ERROR - 2024-04-23 14:03:40 --> Table 'baliwagc_bessy_db.building_permit_applications' doesn't exist
CRITICAL - 2024-04-23 14:03:40 --> Table 'baliwagc_bessy_db.building_permit_applications' doesn't exist
#0 /Applications/MAMP/htdocs/baliwag/bessy/vendor/codeigniter4/framework/system/Database/MySQLi/Connection.php(292): mysqli->query('SELECT COUNT(*)...', 0)
#1 /Applications/MAMP/htdocs/baliwag/bessy/vendor/codeigniter4/framework/system/Database/BaseConnection.php(670): CodeIgniter\Database\MySQLi\Connection->execute('SELECT COUNT(*)...')
#2 /Applications/MAMP/htdocs/baliwag/bessy/vendor/codeigniter4/framework/system/Database/BaseConnection.php(598): CodeIgniter\Database\BaseConnection->simpleQuery('SELECT COUNT(*)...')
#3 /Applications/MAMP/htdocs/baliwag/bessy/vendor/codeigniter4/framework/system/Database/BaseBuilder.php(1539): CodeIgniter\Database\BaseConnection->query('SELECT COUNT(*)...', Array, false)
#4 /Applications/MAMP/htdocs/baliwag/bessy/vendor/hermawan/codeigniter4-datatables/src/DataTableQuery.php(53): CodeIgniter\Database\BaseBuilder->countAllResults()
#5 /Applications/MAMP/htdocs/baliwag/bessy/vendor/hermawan/codeigniter4-datatables/src/DataTable.php(174): Hermawan\DataTables\DataTableQuery->countAll()
#6 /Applications/MAMP/htdocs/baliwag/bessy/app/Controllers/BPLO.php(64): Hermawan\DataTables\DataTable->toJson(true)
#7 /Applications/MAMP/htdocs/baliwag/bessy/vendor/codeigniter4/framework/system/CodeIgniter.php(832): App\Controllers\BPLO->getBuildingPermitApplicationsDataTable()
#8 /Applications/MAMP/htdocs/baliwag/bessy/vendor/codeigniter4/framework/system/CodeIgniter.php(419): CodeIgniter\CodeIgniter->runController(Object(App\Controllers\BPLO))
#9 /Applications/MAMP/htdocs/baliwag/bessy/vendor/codeigniter4/framework/system/CodeIgniter.php(326): CodeIgniter\CodeIgniter->handleRequest(NULL, Object(Config\Cache), false)
#10 /Applications/MAMP/htdocs/baliwag/bessy/index.php(38): CodeIgniter\CodeIgniter->run()
#11 {main}
ERROR - 2024-04-23 14:03:40 --> Table 'baliwagc_bessy_db.building_permit_applications' doesn't exist
ERROR - 2024-04-23 14:03:40 --> Table 'baliwagc_bessy_db.building_permit_applications' doesn't exist
ERROR - 2024-04-23 14:03:40 --> Table 'baliwagc_bessy_db.building_permit_applications' doesn't exist
CRITICAL - 2024-04-23 14:08:41 --> Undefined variable $convoInfo
#0 /Applications/MAMP/htdocs/baliwag/bessy/app/Views/partials/chatDrawer.php(37): CodeIgniter\Debug\Exceptions->errorHandler(2, 'Undefined varia...', '/Applications/M...', 37)
#1 /Applications/MAMP/htdocs/baliwag/bessy/vendor/codeigniter4/framework/system/View/View.php(210): include('/Applications/M...')
#2 /Applications/MAMP/htdocs/baliwag/bessy/vendor/codeigniter4/framework/system/View/View.php(213): CodeIgniter\View\View->CodeIgniter\View\{closure}()
#3 /Applications/MAMP/htdocs/baliwag/bessy/vendor/codeigniter4/framework/system/View/View.php(424): CodeIgniter\View\View->render('partials/chatDr...', NULL, true)
#4 /Applications/MAMP/htdocs/baliwag/bessy/app/Views/layouts/nonAdminContainer.php(38): CodeIgniter\View\View->include('partials/chatDr...')
#5 /Applications/MAMP/htdocs/baliwag/bessy/vendor/codeigniter4/framework/system/View/View.php(210): include('/Applications/M...')
#6 /Applications/MAMP/htdocs/baliwag/bessy/vendor/codeigniter4/framework/system/View/View.php(213): CodeIgniter\View\View->CodeIgniter\View\{closure}()
#7 /Applications/MAMP/htdocs/baliwag/bessy/vendor/codeigniter4/framework/system/View/View.php(226): CodeIgniter\View\View->render('layouts/nonAdmi...', Array, true)
#8 /Applications/MAMP/htdocs/baliwag/bessy/vendor/codeigniter4/framework/system/Common.php(1089): CodeIgniter\View\View->render('services/bplo/b...', Array, true)
#9 /Applications/MAMP/htdocs/baliwag/bessy/app/Controllers/Services.php(31): view('services/bplo/b...', Array)
#10 /Applications/MAMP/htdocs/baliwag/bessy/vendor/codeigniter4/framework/system/CodeIgniter.php(832): App\Controllers\Services->serviceView('9')
#11 /Applications/MAMP/htdocs/baliwag/bessy/vendor/codeigniter4/framework/system/CodeIgniter.php(419): CodeIgniter\CodeIgniter->runController(Object(App\Controllers\Services))
#12 /Applications/MAMP/htdocs/baliwag/bessy/vendor/codeigniter4/framework/system/CodeIgniter.php(326): CodeIgniter\CodeIgniter->handleRequest(NULL, Object(Config\Cache), false)
#13 /Applications/MAMP/htdocs/baliwag/bessy/index.php(38): CodeIgniter\CodeIgniter->run()
#14 {main}
ERROR - 2024-04-23 14:09:53 --> Table 'baliwagc_bessy_db.building_permit_applications' doesn't exist
ERROR - 2024-04-23 14:09:53 --> Table 'baliwagc_bessy_db.building_permit_applications' doesn't exist
CRITICAL - 2024-04-23 14:09:53 --> Table 'baliwagc_bessy_db.building_permit_applications' doesn't exist
#0 /Applications/MAMP/htdocs/baliwag/bessy/vendor/codeigniter4/framework/system/Database/MySQLi/Connection.php(292): mysqli->query('SELECT COUNT(*)...', 0)
#1 /Applications/MAMP/htdocs/baliwag/bessy/vendor/codeigniter4/framework/system/Database/BaseConnection.php(670): CodeIgniter\Database\MySQLi\Connection->execute('SELECT COUNT(*)...')
#2 /Applications/MAMP/htdocs/baliwag/bessy/vendor/codeigniter4/framework/system/Database/BaseConnection.php(598): CodeIgniter\Database\BaseConnection->simpleQuery('SELECT COUNT(*)...')
#3 /Applications/MAMP/htdocs/baliwag/bessy/vendor/codeigniter4/framework/system/Database/BaseBuilder.php(1539): CodeIgniter\Database\BaseConnection->query('SELECT COUNT(*)...', Array, false)
#4 /Applications/MAMP/htdocs/baliwag/bessy/vendor/hermawan/codeigniter4-datatables/src/DataTableQuery.php(53): CodeIgniter\Database\BaseBuilder->countAllResults()
#5 /Applications/MAMP/htdocs/baliwag/bessy/vendor/hermawan/codeigniter4-datatables/src/DataTable.php(174): Hermawan\DataTables\DataTableQuery->countAll()
#6 /Applications/MAMP/htdocs/baliwag/bessy/app/Controllers/BPLO.php(64): Hermawan\DataTables\DataTable->toJson(true)
#7 /Applications/MAMP/htdocs/baliwag/bessy/vendor/codeigniter4/framework/system/CodeIgniter.php(832): App\Controllers\BPLO->getBuildingPermitApplicationsDataTable()
#8 /Applications/MAMP/htdocs/baliwag/bessy/vendor/codeigniter4/framework/system/CodeIgniter.php(419): CodeIgniter\CodeIgniter->runController(Object(App\Controllers\BPLO))
#9 /Applications/MAMP/htdocs/baliwag/bessy/vendor/codeigniter4/framework/system/CodeIgniter.php(326): CodeIgniter\CodeIgniter->handleRequest(NULL, Object(Config\Cache), false)
#10 /Applications/MAMP/htdocs/baliwag/bessy/index.php(38): CodeIgniter\CodeIgniter->run()
#11 {main}
ERROR - 2024-04-23 14:09:53 --> Table 'baliwagc_bessy_db.building_permit_applications' doesn't exist
CRITICAL - 2024-04-23 14:09:53 --> Table 'baliwagc_bessy_db.building_permit_applications' doesn't exist
#0 /Applications/MAMP/htdocs/baliwag/bessy/vendor/codeigniter4/framework/system/Database/MySQLi/Connection.php(292): mysqli->query('SELECT COUNT(*)...', 0)
#1 /Applications/MAMP/htdocs/baliwag/bessy/vendor/codeigniter4/framework/system/Database/BaseConnection.php(670): CodeIgniter\Database\MySQLi\Connection->execute('SELECT COUNT(*)...')
#2 /Applications/MAMP/htdocs/baliwag/bessy/vendor/codeigniter4/framework/system/Database/BaseConnection.php(598): CodeIgniter\Database\BaseConnection->simpleQuery('SELECT COUNT(*)...')
#3 /Applications/MAMP/htdocs/baliwag/bessy/vendor/codeigniter4/framework/system/Database/BaseBuilder.php(1539): CodeIgniter\Database\BaseConnection->query('SELECT COUNT(*)...', Array, false)
#4 /Applications/MAMP/htdocs/baliwag/bessy/vendor/hermawan/codeigniter4-datatables/src/DataTableQuery.php(53): CodeIgniter\Database\BaseBuilder->countAllResults()
#5 /Applications/MAMP/htdocs/baliwag/bessy/vendor/hermawan/codeigniter4-datatables/src/DataTable.php(174): Hermawan\DataTables\DataTableQuery->countAll()
#6 /Applications/MAMP/htdocs/baliwag/bessy/app/Controllers/BPLO.php(64): Hermawan\DataTables\DataTable->toJson(true)
#7 /Applications/MAMP/htdocs/baliwag/bessy/vendor/codeigniter4/framework/system/CodeIgniter.php(832): App\Controllers\BPLO->getBuildingPermitApplicationsDataTable()
#8 /Applications/MAMP/htdocs/baliwag/bessy/vendor/codeigniter4/framework/system/CodeIgniter.php(419): CodeIgniter\CodeIgniter->runController(Object(App\Controllers\BPLO))
#9 /Applications/MAMP/htdocs/baliwag/bessy/vendor/codeigniter4/framework/system/CodeIgniter.php(326): CodeIgniter\CodeIgniter->handleRequest(NULL, Object(Config\Cache), false)
#10 /Applications/MAMP/htdocs/baliwag/bessy/index.php(38): CodeIgniter\CodeIgniter->run()
#11 {main}
ERROR - 2024-04-23 14:09:53 --> Table 'baliwagc_bessy_db.building_permit_applications' doesn't exist
ERROR - 2024-04-23 14:09:53 --> Table 'baliwagc_bessy_db.building_permit_applications' doesn't exist
ERROR - 2024-04-23 14:09:53 --> Table 'baliwagc_bessy_db.building_permit_applications' doesn't exist
CRITICAL - 2024-04-23 14:10:36 --> Invalid file: services/bplo/buildingApplicationTracker.php
#0 /Applications/MAMP/htdocs/baliwag/bessy/vendor/codeigniter4/framework/system/View/View.php(198): CodeIgniter\Exceptions\FrameworkException::forInvalidFile('services/bplo/b...')
#1 /Applications/MAMP/htdocs/baliwag/bessy/vendor/codeigniter4/framework/system/Common.php(1089): CodeIgniter\View\View->render('services/bplo/b...', Array, true)
#2 /Applications/MAMP/htdocs/baliwag/bessy/app/Controllers/Services.php(31): view('services/bplo/b...', Array)
#3 /Applications/MAMP/htdocs/baliwag/bessy/vendor/codeigniter4/framework/system/CodeIgniter.php(832): App\Controllers\Services->serviceView('9')
#4 /Applications/MAMP/htdocs/baliwag/bessy/vendor/codeigniter4/framework/system/CodeIgniter.php(419): CodeIgniter\CodeIgniter->runController(Object(App\Controllers\Services))
#5 /Applications/MAMP/htdocs/baliwag/bessy/vendor/codeigniter4/framework/system/CodeIgniter.php(326): CodeIgniter\CodeIgniter->handleRequest(NULL, Object(Config\Cache), false)
#6 /Applications/MAMP/htdocs/baliwag/bessy/index.php(38): CodeIgniter\CodeIgniter->run()
#7 {main}
CRITICAL - 2024-04-23 14:12:24 --> Undefined variable $convoInfo
#0 /Applications/MAMP/htdocs/baliwag/bessy/app/Views/partials/chatDrawer.php(37): CodeIgniter\Debug\Exceptions->errorHandler(2, 'Undefined varia...', '/Applications/M...', 37)
#1 /Applications/MAMP/htdocs/baliwag/bessy/vendor/codeigniter4/framework/system/View/View.php(210): include('/Applications/M...')
#2 /Applications/MAMP/htdocs/baliwag/bessy/vendor/codeigniter4/framework/system/View/View.php(213): CodeIgniter\View\View->CodeIgniter\View\{closure}()
#3 /Applications/MAMP/htdocs/baliwag/bessy/vendor/codeigniter4/framework/system/View/View.php(424): CodeIgniter\View\View->render('partials/chatDr...', NULL, true)
#4 /Applications/MAMP/htdocs/baliwag/bessy/app/Views/layouts/nonAdminContainer.php(38): CodeIgniter\View\View->include('partials/chatDr...')
#5 /Applications/MAMP/htdocs/baliwag/bessy/vendor/codeigniter4/framework/system/View/View.php(210): include('/Applications/M...')
#6 /Applications/MAMP/htdocs/baliwag/bessy/vendor/codeigniter4/framework/system/View/View.php(213): CodeIgniter\View\View->CodeIgniter\View\{closure}()
#7 /Applications/MAMP/htdocs/baliwag/bessy/vendor/codeigniter4/framework/system/View/View.php(226): CodeIgniter\View\View->render('layouts/nonAdmi...', Array, true)
#8 /Applications/MAMP/htdocs/baliwag/bessy/vendor/codeigniter4/framework/system/Common.php(1089): CodeIgniter\View\View->render('services/depart...', Array, true)
#9 /Applications/MAMP/htdocs/baliwag/bessy/app/Controllers/Services.php(20): view('services/depart...', Array)
#10 /Applications/MAMP/htdocs/baliwag/bessy/vendor/codeigniter4/framework/system/CodeIgniter.php(832): App\Controllers\Services->departmentServices('21')
#11 /Applications/MAMP/htdocs/baliwag/bessy/vendor/codeigniter4/framework/system/CodeIgniter.php(419): CodeIgniter\CodeIgniter->runController(Object(App\Controllers\Services))
#12 /Applications/MAMP/htdocs/baliwag/bessy/vendor/codeigniter4/framework/system/CodeIgniter.php(326): CodeIgniter\CodeIgniter->handleRequest(NULL, Object(Config\Cache), false)
#13 /Applications/MAMP/htdocs/baliwag/bessy/index.php(38): CodeIgniter\CodeIgniter->run()
#14 {main}
CRITICAL - 2024-04-23 14:12:53 --> Call to undefined method App\Controllers\Services::getConvoInfo()
#0 /Applications/MAMP/htdocs/baliwag/bessy/vendor/codeigniter4/framework/system/CodeIgniter.php(832): App\Controllers\Services->serviceView('9')
#1 /Applications/MAMP/htdocs/baliwag/bessy/vendor/codeigniter4/framework/system/CodeIgniter.php(419): CodeIgniter\CodeIgniter->runController(Object(App\Controllers\Services))
#2 /Applications/MAMP/htdocs/baliwag/bessy/vendor/codeigniter4/framework/system/CodeIgniter.php(326): CodeIgniter\CodeIgniter->handleRequest(NULL, Object(Config\Cache), false)
#3 /Applications/MAMP/htdocs/baliwag/bessy/index.php(38): CodeIgniter\CodeIgniter->run()
#4 {main}
CRITICAL - 2024-04-23 14:14:50 --> Undefined variable $convoInfo
#0 /Applications/MAMP/htdocs/baliwag/bessy/app/Views/partials/chatDrawer.php(37): CodeIgniter\Debug\Exceptions->errorHandler(2, 'Undefined varia...', '/Applications/M...', 37)
#1 /Applications/MAMP/htdocs/baliwag/bessy/vendor/codeigniter4/framework/system/View/View.php(210): include('/Applications/M...')
#2 /Applications/MAMP/htdocs/baliwag/bessy/vendor/codeigniter4/framework/system/View/View.php(213): CodeIgniter\View\View->CodeIgniter\View\{closure}()
#3 /Applications/MAMP/htdocs/baliwag/bessy/vendor/codeigniter4/framework/system/View/View.php(424): CodeIgniter\View\View->render('partials/chatDr...', NULL, true)
#4 /Applications/MAMP/htdocs/baliwag/bessy/app/Views/layouts/nonAdminContainer.php(38): CodeIgniter\View\View->include('partials/chatDr...')
#5 /Applications/MAMP/htdocs/baliwag/bessy/vendor/codeigniter4/framework/system/View/View.php(210): include('/Applications/M...')
#6 /Applications/MAMP/htdocs/baliwag/bessy/vendor/codeigniter4/framework/system/View/View.php(213): CodeIgniter\View\View->CodeIgniter\View\{closure}()
#7 /Applications/MAMP/htdocs/baliwag/bessy/vendor/codeigniter4/framework/system/View/View.php(226): CodeIgniter\View\View->render('layouts/nonAdmi...', Array, true)
#8 /Applications/MAMP/htdocs/baliwag/bessy/vendor/codeigniter4/framework/system/Common.php(1089): CodeIgniter\View\View->render('services/depart...', Array, true)
#9 /Applications/MAMP/htdocs/baliwag/bessy/app/Controllers/Services.php(20): view('services/depart...', Array)
#10 /Applications/MAMP/htdocs/baliwag/bessy/vendor/codeigniter4/framework/system/CodeIgniter.php(832): App\Controllers\Services->departmentServices('21')
#11 /Applications/MAMP/htdocs/baliwag/bessy/vendor/codeigniter4/framework/system/CodeIgniter.php(419): CodeIgniter\CodeIgniter->runController(Object(App\Controllers\Services))
#12 /Applications/MAMP/htdocs/baliwag/bessy/vendor/codeigniter4/framework/system/CodeIgniter.php(326): CodeIgniter\CodeIgniter->handleRequest(NULL, Object(Config\Cache), false)
#13 /Applications/MAMP/htdocs/baliwag/bessy/index.php(38): CodeIgniter\CodeIgniter->run()
#14 {main}
CRITICAL - 2024-04-23 14:15:49 --> Call to undefined method App\Controllers\Services::getConvoInfo()
#0 /Applications/MAMP/htdocs/baliwag/bessy/vendor/codeigniter4/framework/system/CodeIgniter.php(832): App\Controllers\Services->departmentServices('21')
#1 /Applications/MAMP/htdocs/baliwag/bessy/vendor/codeigniter4/framework/system/CodeIgniter.php(419): CodeIgniter\CodeIgniter->runController(Object(App\Controllers\Services))
#2 /Applications/MAMP/htdocs/baliwag/bessy/vendor/codeigniter4/framework/system/CodeIgniter.php(326): CodeIgniter\CodeIgniter->handleRequest(NULL, Object(Config\Cache), false)
#3 /Applications/MAMP/htdocs/baliwag/bessy/index.php(38): CodeIgniter\CodeIgniter->run()
#4 {main}
CRITICAL - 2024-04-23 14:17:17 --> Call to undefined method App\Controllers\Services::getConvoInfo()
#0 /Applications/MAMP/htdocs/baliwag/bessy/vendor/codeigniter4/framework/system/CodeIgniter.php(832): App\Controllers\Services->departmentServices('21')
#1 /Applications/MAMP/htdocs/baliwag/bessy/vendor/codeigniter4/framework/system/CodeIgniter.php(419): CodeIgniter\CodeIgniter->runController(Object(App\Controllers\Services))
#2 /Applications/MAMP/htdocs/baliwag/bessy/vendor/codeigniter4/framework/system/CodeIgniter.php(326): CodeIgniter\CodeIgniter->handleRequest(NULL, Object(Config\Cache), false)
#3 /Applications/MAMP/htdocs/baliwag/bessy/index.php(38): CodeIgniter\CodeIgniter->run()
#4 {main}
CRITICAL - 2024-04-23 14:17:29 --> Undefined variable $convoInfo
#0 /Applications/MAMP/htdocs/baliwag/bessy/app/Views/partials/chatDrawer.php(37): CodeIgniter\Debug\Exceptions->errorHandler(2, 'Undefined varia...', '/Applications/M...', 37)
#1 /Applications/MAMP/htdocs/baliwag/bessy/vendor/codeigniter4/framework/system/View/View.php(210): include('/Applications/M...')
#2 /Applications/MAMP/htdocs/baliwag/bessy/vendor/codeigniter4/framework/system/View/View.php(213): CodeIgniter\View\View->CodeIgniter\View\{closure}()
#3 /Applications/MAMP/htdocs/baliwag/bessy/vendor/codeigniter4/framework/system/View/View.php(424): CodeIgniter\View\View->render('partials/chatDr...', NULL, true)
#4 /Applications/MAMP/htdocs/baliwag/bessy/app/Views/layouts/nonAdminContainer.php(38): CodeIgniter\View\View->include('partials/chatDr...')
#5 /Applications/MAMP/htdocs/baliwag/bessy/vendor/codeigniter4/framework/system/View/View.php(210): include('/Applications/M...')
#6 /Applications/MAMP/htdocs/baliwag/bessy/vendor/codeigniter4/framework/system/View/View.php(213): CodeIgniter\View\View->CodeIgniter\View\{closure}()
#7 /Applications/MAMP/htdocs/baliwag/bessy/vendor/codeigniter4/framework/system/View/View.php(226): CodeIgniter\View\View->render('layouts/nonAdmi...', Array, true)
#8 /Applications/MAMP/htdocs/baliwag/bessy/vendor/codeigniter4/framework/system/Common.php(1089): CodeIgniter\View\View->render('services/depart...', Array, true)
#9 /Applications/MAMP/htdocs/baliwag/bessy/app/Controllers/Services.php(20): view('services/depart...', Array)
#10 /Applications/MAMP/htdocs/baliwag/bessy/vendor/codeigniter4/framework/system/CodeIgniter.php(832): App\Controllers\Services->departmentServices('21')
#11 /Applications/MAMP/htdocs/baliwag/bessy/vendor/codeigniter4/framework/system/CodeIgniter.php(419): CodeIgniter\CodeIgniter->runController(Object(App\Controllers\Services))
#12 /Applications/MAMP/htdocs/baliwag/bessy/vendor/codeigniter4/framework/system/CodeIgniter.php(326): CodeIgniter\CodeIgniter->handleRequest(NULL, Object(Config\Cache), false)
#13 /Applications/MAMP/htdocs/baliwag/bessy/index.php(38): CodeIgniter\CodeIgniter->run()
#14 {main}
CRITICAL - 2024-04-23 14:17:31 --> Undefined variable $convoInfo
#0 /Applications/MAMP/htdocs/baliwag/bessy/app/Views/partials/chatDrawer.php(37): CodeIgniter\Debug\Exceptions->errorHandler(2, 'Undefined varia...', '/Applications/M...', 37)
#1 /Applications/MAMP/htdocs/baliwag/bessy/vendor/codeigniter4/framework/system/View/View.php(210): include('/Applications/M...')
#2 /Applications/MAMP/htdocs/baliwag/bessy/vendor/codeigniter4/framework/system/View/View.php(213): CodeIgniter\View\View->CodeIgniter\View\{closure}()
#3 /Applications/MAMP/htdocs/baliwag/bessy/vendor/codeigniter4/framework/system/View/View.php(424): CodeIgniter\View\View->render('partials/chatDr...', NULL, true)
#4 /Applications/MAMP/htdocs/baliwag/bessy/app/Views/layouts/nonAdminContainer.php(38): CodeIgniter\View\View->include('partials/chatDr...')
#5 /Applications/MAMP/htdocs/baliwag/bessy/vendor/codeigniter4/framework/system/View/View.php(210): include('/Applications/M...')
#6 /Applications/MAMP/htdocs/baliwag/bessy/vendor/codeigniter4/framework/system/View/View.php(213): CodeIgniter\View\View->CodeIgniter\View\{closure}()
#7 /Applications/MAMP/htdocs/baliwag/bessy/vendor/codeigniter4/framework/system/View/View.php(226): CodeIgniter\View\View->render('layouts/nonAdmi...', Array, true)
#8 /Applications/MAMP/htdocs/baliwag/bessy/vendor/codeigniter4/framework/system/Common.php(1089): CodeIgniter\View\View->render('services/depart...', Array, true)
#9 /Applications/MAMP/htdocs/baliwag/bessy/app/Controllers/Services.php(20): view('services/depart...', Array)
#10 /Applications/MAMP/htdocs/baliwag/bessy/vendor/codeigniter4/framework/system/CodeIgniter.php(832): App\Controllers\Services->departmentServices('21')
#11 /Applications/MAMP/htdocs/baliwag/bessy/vendor/codeigniter4/framework/system/CodeIgniter.php(419): CodeIgniter\CodeIgniter->runController(Object(App\Controllers\Services))
#12 /Applications/MAMP/htdocs/baliwag/bessy/vendor/codeigniter4/framework/system/CodeIgniter.php(326): CodeIgniter\CodeIgniter->handleRequest(NULL, Object(Config\Cache), false)
#13 /Applications/MAMP/htdocs/baliwag/bessy/index.php(38): CodeIgniter\CodeIgniter->run()
#14 {main}
ERROR - 2024-04-23 14:17:51 --> Table 'baliwagc_bessy_db.building_permit_applications' doesn't exist
ERROR - 2024-04-23 14:17:51 --> Table 'baliwagc_bessy_db.building_permit_applications' doesn't exist
CRITICAL - 2024-04-23 14:17:51 --> Table 'baliwagc_bessy_db.building_permit_applications' doesn't exist
#0 /Applications/MAMP/htdocs/baliwag/bessy/vendor/codeigniter4/framework/system/Database/MySQLi/Connection.php(292): mysqli->query('SELECT COUNT(*)...', 0)
#1 /Applications/MAMP/htdocs/baliwag/bessy/vendor/codeigniter4/framework/system/Database/BaseConnection.php(670): CodeIgniter\Database\MySQLi\Connection->execute('SELECT COUNT(*)...')
#2 /Applications/MAMP/htdocs/baliwag/bessy/vendor/codeigniter4/framework/system/Database/BaseConnection.php(598): CodeIgniter\Database\BaseConnection->simpleQuery('SELECT COUNT(*)...')
#3 /Applications/MAMP/htdocs/baliwag/bessy/vendor/codeigniter4/framework/system/Database/BaseBuilder.php(1539): CodeIgniter\Database\BaseConnection->query('SELECT COUNT(*)...', Array, false)
#4 /Applications/MAMP/htdocs/baliwag/bessy/vendor/hermawan/codeigniter4-datatables/src/DataTableQuery.php(53): CodeIgniter\Database\BaseBuilder->countAllResults()
#5 /Applications/MAMP/htdocs/baliwag/bessy/vendor/hermawan/codeigniter4-datatables/src/DataTable.php(174): Hermawan\DataTables\DataTableQuery->countAll()
#6 /Applications/MAMP/htdocs/baliwag/bessy/app/Controllers/BPLO.php(64): Hermawan\DataTables\DataTable->toJson(true)
#7 /Applications/MAMP/htdocs/baliwag/bessy/vendor/codeigniter4/framework/system/CodeIgniter.php(832): App\Controllers\BPLO->getBuildingPermitApplicationsDataTable()
#8 /Applications/MAMP/htdocs/baliwag/bessy/vendor/codeigniter4/framework/system/CodeIgniter.php(419): CodeIgniter\CodeIgniter->runController(Object(App\Controllers\BPLO))
#9 /Applications/MAMP/htdocs/baliwag/bessy/vendor/codeigniter4/framework/system/CodeIgniter.php(326): CodeIgniter\CodeIgniter->handleRequest(NULL, Object(Config\Cache), false)
#10 /Applications/MAMP/htdocs/baliwag/bessy/index.php(38): CodeIgniter\CodeIgniter->run()
#11 {main}
ERROR - 2024-04-23 14:17:51 --> Table 'baliwagc_bessy_db.building_permit_applications' doesn't exist
CRITICAL - 2024-04-23 14:17:51 --> Table 'baliwagc_bessy_db.building_permit_applications' doesn't exist
#0 /Applications/MAMP/htdocs/baliwag/bessy/vendor/codeigniter4/framework/system/Database/MySQLi/Connection.php(292): mysqli->query('SELECT COUNT(*)...', 0)
#1 /Applications/MAMP/htdocs/baliwag/bessy/vendor/codeigniter4/framework/system/Database/BaseConnection.php(670): CodeIgniter\Database\MySQLi\Connection->execute('SELECT COUNT(*)...')
#2 /Applications/MAMP/htdocs/baliwag/bessy/vendor/codeigniter4/framework/system/Database/BaseConnection.php(598): CodeIgniter\Database\BaseConnection->simpleQuery('SELECT COUNT(*)...')
#3 /Applications/MAMP/htdocs/baliwag/bessy/vendor/codeigniter4/framework/system/Database/BaseBuilder.php(1539): CodeIgniter\Database\BaseConnection->query('SELECT COUNT(*)...', Array, false)
#4 /Applications/MAMP/htdocs/baliwag/bessy/vendor/hermawan/codeigniter4-datatables/src/DataTableQuery.php(53): CodeIgniter\Database\BaseBuilder->countAllResults()
#5 /Applications/MAMP/htdocs/baliwag/bessy/vendor/hermawan/codeigniter4-datatables/src/DataTable.php(174): Hermawan\DataTables\DataTableQuery->countAll()
#6 /Applications/MAMP/htdocs/baliwag/bessy/app/Controllers/BPLO.php(64): Hermawan\DataTables\DataTable->toJson(true)
#7 /Applications/MAMP/htdocs/baliwag/bessy/vendor/codeigniter4/framework/system/CodeIgniter.php(832): App\Controllers\BPLO->getBuildingPermitApplicationsDataTable()
#8 /Applications/MAMP/htdocs/baliwag/bessy/vendor/codeigniter4/framework/system/CodeIgniter.php(419): CodeIgniter\CodeIgniter->runController(Object(App\Controllers\BPLO))
#9 /Applications/MAMP/htdocs/baliwag/bessy/vendor/codeigniter4/framework/system/CodeIgniter.php(326): CodeIgniter\CodeIgniter->handleRequest(NULL, Object(Config\Cache), false)
#10 /Applications/MAMP/htdocs/baliwag/bessy/index.php(38): CodeIgniter\CodeIgniter->run()
#11 {main}
ERROR - 2024-04-23 14:17:51 --> Table 'baliwagc_bessy_db.building_permit_applications' doesn't exist
ERROR - 2024-04-23 14:17:51 --> Table 'baliwagc_bessy_db.building_permit_applications' doesn't exist
ERROR - 2024-04-23 14:17:51 --> Table 'baliwagc_bessy_db.building_permit_applications' doesn't exist
CRITICAL - 2024-04-23 14:19:38 --> Call to undefined method App\Controllers\Services::getConvoInfo()
#0 /Applications/MAMP/htdocs/baliwag/bessy/vendor/codeigniter4/framework/system/CodeIgniter.php(832): App\Controllers\Services->serviceView('9')
#1 /Applications/MAMP/htdocs/baliwag/bessy/vendor/codeigniter4/framework/system/CodeIgniter.php(419): CodeIgniter\CodeIgniter->runController(Object(App\Controllers\Services))
#2 /Applications/MAMP/htdocs/baliwag/bessy/vendor/codeigniter4/framework/system/CodeIgniter.php(326): CodeIgniter\CodeIgniter->handleRequest(NULL, Object(Config\Cache), false)
#3 /Applications/MAMP/htdocs/baliwag/bessy/index.php(38): CodeIgniter\CodeIgniter->run()
#4 {main}
CRITICAL - 2024-04-23 14:19:40 --> Call to undefined method App\Controllers\Services::getConvoInfo()
#0 /Applications/MAMP/htdocs/baliwag/bessy/vendor/codeigniter4/framework/system/CodeIgniter.php(832): App\Controllers\Services->departmentServices('21')
#1 /Applications/MAMP/htdocs/baliwag/bessy/vendor/codeigniter4/framework/system/CodeIgniter.php(419): CodeIgniter\CodeIgniter->runController(Object(App\Controllers\Services))
#2 /Applications/MAMP/htdocs/baliwag/bessy/vendor/codeigniter4/framework/system/CodeIgniter.php(326): CodeIgniter\CodeIgniter->handleRequest(NULL, Object(Config\Cache), false)
#3 /Applications/MAMP/htdocs/baliwag/bessy/index.php(38): CodeIgniter\CodeIgniter->run()
#4 {main}
CRITICAL - 2024-04-23 14:20:06 --> Undefined variable $convoInfo
#0 /Applications/MAMP/htdocs/baliwag/bessy/app/Views/partials/chatDrawer.php(37): CodeIgniter\Debug\Exceptions->errorHandler(2, 'Undefined varia...', '/Applications/M...', 37)
#1 /Applications/MAMP/htdocs/baliwag/bessy/vendor/codeigniter4/framework/system/View/View.php(210): include('/Applications/M...')
#2 /Applications/MAMP/htdocs/baliwag/bessy/vendor/codeigniter4/framework/system/View/View.php(213): CodeIgniter\View\View->CodeIgniter\View\{closure}()
#3 /Applications/MAMP/htdocs/baliwag/bessy/vendor/codeigniter4/framework/system/View/View.php(424): CodeIgniter\View\View->render('partials/chatDr...', NULL, true)
#4 /Applications/MAMP/htdocs/baliwag/bessy/app/Views/layouts/nonAdminContainer.php(38): CodeIgniter\View\View->include('partials/chatDr...')
#5 /Applications/MAMP/htdocs/baliwag/bessy/vendor/codeigniter4/framework/system/View/View.php(210): include('/Applications/M...')
#6 /Applications/MAMP/htdocs/baliwag/bessy/vendor/codeigniter4/framework/system/View/View.php(213): CodeIgniter\View\View->CodeIgniter\View\{closure}()
#7 /Applications/MAMP/htdocs/baliwag/bessy/vendor/codeigniter4/framework/system/View/View.php(226): CodeIgniter\View\View->render('layouts/nonAdmi...', Array, true)
#8 /Applications/MAMP/htdocs/baliwag/bessy/vendor/codeigniter4/framework/system/Common.php(1089): CodeIgniter\View\View->render('services/depart...', Array, true)
#9 /Applications/MAMP/htdocs/baliwag/bessy/app/Controllers/Services.php(20): view('services/depart...', Array)
#10 /Applications/MAMP/htdocs/baliwag/bessy/vendor/codeigniter4/framework/system/CodeIgniter.php(832): App\Controllers\Services->departmentServices('21')
#11 /Applications/MAMP/htdocs/baliwag/bessy/vendor/codeigniter4/framework/system/CodeIgniter.php(419): CodeIgniter\CodeIgniter->runController(Object(App\Controllers\Services))
#12 /Applications/MAMP/htdocs/baliwag/bessy/vendor/codeigniter4/framework/system/CodeIgniter.php(326): CodeIgniter\CodeIgniter->handleRequest(NULL, Object(Config\Cache), false)
#13 /Applications/MAMP/htdocs/baliwag/bessy/index.php(38): CodeIgniter\CodeIgniter->run()
#14 {main}
CRITICAL - 2024-04-23 14:20:32 --> Invalid file: services/bplo/buildingApplicationTracker.php
#0 /Applications/MAMP/htdocs/baliwag/bessy/vendor/codeigniter4/framework/system/View/View.php(198): CodeIgniter\Exceptions\FrameworkException::forInvalidFile('services/bplo/b...')
#1 /Applications/MAMP/htdocs/baliwag/bessy/vendor/codeigniter4/framework/system/Common.php(1089): CodeIgniter\View\View->render('services/bplo/b...', Array, true)
#2 /Applications/MAMP/htdocs/baliwag/bessy/app/Controllers/Services.php(32): view('services/bplo/b...', Array)
#3 /Applications/MAMP/htdocs/baliwag/bessy/vendor/codeigniter4/framework/system/CodeIgniter.php(832): App\Controllers\Services->serviceView('9')
#4 /Applications/MAMP/htdocs/baliwag/bessy/vendor/codeigniter4/framework/system/CodeIgniter.php(419): CodeIgniter\CodeIgniter->runController(Object(App\Controllers\Services))
#5 /Applications/MAMP/htdocs/baliwag/bessy/vendor/codeigniter4/framework/system/CodeIgniter.php(326): CodeIgniter\CodeIgniter->handleRequest(NULL, Object(Config\Cache), false)
#6 /Applications/MAMP/htdocs/baliwag/bessy/index.php(38): CodeIgniter\CodeIgniter->run()
#7 {main}
CRITICAL - 2024-04-23 14:20:48 --> Undefined variable $convoInfo
#0 /Applications/MAMP/htdocs/baliwag/bessy/app/Views/partials/chatDrawer.php(37): CodeIgniter\Debug\Exceptions->errorHandler(2, 'Undefined varia...', '/Applications/M...', 37)
#1 /Applications/MAMP/htdocs/baliwag/bessy/vendor/codeigniter4/framework/system/View/View.php(210): include('/Applications/M...')
#2 /Applications/MAMP/htdocs/baliwag/bessy/vendor/codeigniter4/framework/system/View/View.php(213): CodeIgniter\View\View->CodeIgniter\View\{closure}()
#3 /Applications/MAMP/htdocs/baliwag/bessy/vendor/codeigniter4/framework/system/View/View.php(424): CodeIgniter\View\View->render('partials/chatDr...', NULL, true)
#4 /Applications/MAMP/htdocs/baliwag/bessy/app/Views/layouts/nonAdminContainer.php(38): CodeIgniter\View\View->include('partials/chatDr...')
#5 /Applications/MAMP/htdocs/baliwag/bessy/vendor/codeigniter4/framework/system/View/View.php(210): include('/Applications/M...')
#6 /Applications/MAMP/htdocs/baliwag/bessy/vendor/codeigniter4/framework/system/View/View.php(213): CodeIgniter\View\View->CodeIgniter\View\{closure}()
#7 /Applications/MAMP/htdocs/baliwag/bessy/vendor/codeigniter4/framework/system/View/View.php(226): CodeIgniter\View\View->render('layouts/nonAdmi...', Array, true)
#8 /Applications/MAMP/htdocs/baliwag/bessy/vendor/codeigniter4/framework/system/Common.php(1089): CodeIgniter\View\View->render('services/depart...', Array, true)
#9 /Applications/MAMP/htdocs/baliwag/bessy/app/Controllers/Services.php(20): view('services/depart...', Array)
#10 /Applications/MAMP/htdocs/baliwag/bessy/vendor/codeigniter4/framework/system/CodeIgniter.php(832): App\Controllers\Services->departmentServices('21')
#11 /Applications/MAMP/htdocs/baliwag/bessy/vendor/codeigniter4/framework/system/CodeIgniter.php(419): CodeIgniter\CodeIgniter->runController(Object(App\Controllers\Services))
#12 /Applications/MAMP/htdocs/baliwag/bessy/vendor/codeigniter4/framework/system/CodeIgniter.php(326): CodeIgniter\CodeIgniter->handleRequest(NULL, Object(Config\Cache), false)
#13 /Applications/MAMP/htdocs/baliwag/bessy/index.php(38): CodeIgniter\CodeIgniter->run()
#14 {main}
CRITICAL - 2024-04-23 14:21:15 --> Call to undefined method App\Controllers\Services::getConvoInfo()
#0 /Applications/MAMP/htdocs/baliwag/bessy/vendor/codeigniter4/framework/system/CodeIgniter.php(832): App\Controllers\Services->departmentServices('21')
#1 /Applications/MAMP/htdocs/baliwag/bessy/vendor/codeigniter4/framework/system/CodeIgniter.php(419): CodeIgniter\CodeIgniter->runController(Object(App\Controllers\Services))
#2 /Applications/MAMP/htdocs/baliwag/bessy/vendor/codeigniter4/framework/system/CodeIgniter.php(326): CodeIgniter\CodeIgniter->handleRequest(NULL, Object(Config\Cache), false)
#3 /Applications/MAMP/htdocs/baliwag/bessy/index.php(38): CodeIgniter\CodeIgniter->run()
#4 {main}
CRITICAL - 2024-04-23 14:21:27 --> Call to undefined method App\Controllers\Services::getConvoInfo()
#0 /Applications/MAMP/htdocs/baliwag/bessy/vendor/codeigniter4/framework/system/CodeIgniter.php(832): App\Controllers\Services->departmentServices('21')
#1 /Applications/MAMP/htdocs/baliwag/bessy/vendor/codeigniter4/framework/system/CodeIgniter.php(419): CodeIgniter\CodeIgniter->runController(Object(App\Controllers\Services))
#2 /Applications/MAMP/htdocs/baliwag/bessy/vendor/codeigniter4/framework/system/CodeIgniter.php(326): CodeIgniter\CodeIgniter->handleRequest(NULL, Object(Config\Cache), false)
#3 /Applications/MAMP/htdocs/baliwag/bessy/index.php(38): CodeIgniter\CodeIgniter->run()
#4 {main}
CRITICAL - 2024-04-23 14:21:28 --> Call to undefined method App\Controllers\Services::getConvoInfo()
#0 /Applications/MAMP/htdocs/baliwag/bessy/vendor/codeigniter4/framework/system/CodeIgniter.php(832): App\Controllers\Services->departmentServices('21')
#1 /Applications/MAMP/htdocs/baliwag/bessy/vendor/codeigniter4/framework/system/CodeIgniter.php(419): CodeIgniter\CodeIgniter->runController(Object(App\Controllers\Services))
#2 /Applications/MAMP/htdocs/baliwag/bessy/vendor/codeigniter4/framework/system/CodeIgniter.php(326): CodeIgniter\CodeIgniter->handleRequest(NULL, Object(Config\Cache), false)
#3 /Applications/MAMP/htdocs/baliwag/bessy/index.php(38): CodeIgniter\CodeIgniter->run()
#4 {main}
CRITICAL - 2024-04-23 14:21:57 --> Call to undefined method App\Controllers\Services::getConvoInfo()
#0 /Applications/MAMP/htdocs/baliwag/bessy/vendor/codeigniter4/framework/system/CodeIgniter.php(832): App\Controllers\Services->departmentServices('21')
#1 /Applications/MAMP/htdocs/baliwag/bessy/vendor/codeigniter4/framework/system/CodeIgniter.php(419): CodeIgniter\CodeIgniter->runController(Object(App\Controllers\Services))
#2 /Applications/MAMP/htdocs/baliwag/bessy/vendor/codeigniter4/framework/system/CodeIgniter.php(326): CodeIgniter\CodeIgniter->handleRequest(NULL, Object(Config\Cache), false)
#3 /Applications/MAMP/htdocs/baliwag/bessy/index.php(38): CodeIgniter\CodeIgniter->run()
#4 {main}
CRITICAL - 2024-04-23 14:22:36 --> Call to undefined method App\Controllers\Services::getConvoInfo()
#0 /Applications/MAMP/htdocs/baliwag/bessy/vendor/codeigniter4/framework/system/CodeIgniter.php(832): App\Controllers\Services->departmentServices('21')
#1 /Applications/MAMP/htdocs/baliwag/bessy/vendor/codeigniter4/framework/system/CodeIgniter.php(419): CodeIgniter\CodeIgniter->runController(Object(App\Controllers\Services))
#2 /Applications/MAMP/htdocs/baliwag/bessy/vendor/codeigniter4/framework/system/CodeIgniter.php(326): CodeIgniter\CodeIgniter->handleRequest(NULL, Object(Config\Cache), false)
#3 /Applications/MAMP/htdocs/baliwag/bessy/index.php(38): CodeIgniter\CodeIgniter->run()
#4 {main}
ERROR - 2024-04-23 14:23:10 --> Table 'baliwagc_bessy_db.building_permit_applications' doesn't exist
ERROR - 2024-04-23 14:23:10 --> Table 'baliwagc_bessy_db.building_permit_applications' doesn't exist
CRITICAL - 2024-04-23 14:23:10 --> Table 'baliwagc_bessy_db.building_permit_applications' doesn't exist
#0 /Applications/MAMP/htdocs/baliwag/bessy/vendor/codeigniter4/framework/system/Database/MySQLi/Connection.php(292): mysqli->query('SELECT COUNT(*)...', 0)
#1 /Applications/MAMP/htdocs/baliwag/bessy/vendor/codeigniter4/framework/system/Database/BaseConnection.php(670): CodeIgniter\Database\MySQLi\Connection->execute('SELECT COUNT(*)...')
#2 /Applications/MAMP/htdocs/baliwag/bessy/vendor/codeigniter4/framework/system/Database/BaseConnection.php(598): CodeIgniter\Database\BaseConnection->simpleQuery('SELECT COUNT(*)...')
#3 /Applications/MAMP/htdocs/baliwag/bessy/vendor/codeigniter4/framework/system/Database/BaseBuilder.php(1539): CodeIgniter\Database\BaseConnection->query('SELECT COUNT(*)...', Array, false)
#4 /Applications/MAMP/htdocs/baliwag/bessy/vendor/hermawan/codeigniter4-datatables/src/DataTableQuery.php(53): CodeIgniter\Database\BaseBuilder->countAllResults()
#5 /Applications/MAMP/htdocs/baliwag/bessy/vendor/hermawan/codeigniter4-datatables/src/DataTable.php(174): Hermawan\DataTables\DataTableQuery->countAll()
#6 /Applications/MAMP/htdocs/baliwag/bessy/app/Controllers/BPLO.php(64): Hermawan\DataTables\DataTable->toJson(true)
#7 /Applications/MAMP/htdocs/baliwag/bessy/vendor/codeigniter4/framework/system/CodeIgniter.php(832): App\Controllers\BPLO->getBuildingPermitApplicationsDataTable()
#8 /Applications/MAMP/htdocs/baliwag/bessy/vendor/codeigniter4/framework/system/CodeIgniter.php(419): CodeIgniter\CodeIgniter->runController(Object(App\Controllers\BPLO))
#9 /Applications/MAMP/htdocs/baliwag/bessy/vendor/codeigniter4/framework/system/CodeIgniter.php(326): CodeIgniter\CodeIgniter->handleRequest(NULL, Object(Config\Cache), false)
#10 /Applications/MAMP/htdocs/baliwag/bessy/index.php(38): CodeIgniter\CodeIgniter->run()
#11 {main}
ERROR - 2024-04-23 14:23:10 --> Table 'baliwagc_bessy_db.building_permit_applications' doesn't exist
CRITICAL - 2024-04-23 14:23:10 --> Table 'baliwagc_bessy_db.building_permit_applications' doesn't exist
#0 /Applications/MAMP/htdocs/baliwag/bessy/vendor/codeigniter4/framework/system/Database/MySQLi/Connection.php(292): mysqli->query('SELECT COUNT(*)...', 0)
#1 /Applications/MAMP/htdocs/baliwag/bessy/vendor/codeigniter4/framework/system/Database/BaseConnection.php(670): CodeIgniter\Database\MySQLi\Connection->execute('SELECT COUNT(*)...')
#2 /Applications/MAMP/htdocs/baliwag/bessy/vendor/codeigniter4/framework/system/Database/BaseConnection.php(598): CodeIgniter\Database\BaseConnection->simpleQuery('SELECT COUNT(*)...')
#3 /Applications/MAMP/htdocs/baliwag/bessy/vendor/codeigniter4/framework/system/Database/BaseBuilder.php(1539): CodeIgniter\Database\BaseConnection->query('SELECT COUNT(*)...', Array, false)
#4 /Applications/MAMP/htdocs/baliwag/bessy/vendor/hermawan/codeigniter4-datatables/src/DataTableQuery.php(53): CodeIgniter\Database\BaseBuilder->countAllResults()
#5 /Applications/MAMP/htdocs/baliwag/bessy/vendor/hermawan/codeigniter4-datatables/src/DataTable.php(174): Hermawan\DataTables\DataTableQuery->countAll()
#6 /Applications/MAMP/htdocs/baliwag/bessy/app/Controllers/BPLO.php(64): Hermawan\DataTables\DataTable->toJson(true)
#7 /Applications/MAMP/htdocs/baliwag/bessy/vendor/codeigniter4/framework/system/CodeIgniter.php(832): App\Controllers\BPLO->getBuildingPermitApplicationsDataTable()
#8 /Applications/MAMP/htdocs/baliwag/bessy/vendor/codeigniter4/framework/system/CodeIgniter.php(419): CodeIgniter\CodeIgniter->runController(Object(App\Controllers\BPLO))
#9 /Applications/MAMP/htdocs/baliwag/bessy/vendor/codeigniter4/framework/system/CodeIgniter.php(326): CodeIgniter\CodeIgniter->handleRequest(NULL, Object(Config\Cache), false)
#10 /Applications/MAMP/htdocs/baliwag/bessy/index.php(38): CodeIgniter\CodeIgniter->run()
#11 {main}
ERROR - 2024-04-23 14:23:10 --> Table 'baliwagc_bessy_db.building_permit_applications' doesn't exist
ERROR - 2024-04-23 14:23:10 --> Table 'baliwagc_bessy_db.building_permit_applications' doesn't exist
ERROR - 2024-04-23 14:23:10 --> Table 'baliwagc_bessy_db.building_permit_applications' doesn't exist
ERROR - 2024-04-23 14:25:45 --> Table 'baliwagc_bessy_db.building_permit_applications' doesn't exist
ERROR - 2024-04-23 14:25:45 --> Table 'baliwagc_bessy_db.building_permit_applications' doesn't exist
CRITICAL - 2024-04-23 14:25:45 --> Table 'baliwagc_bessy_db.building_permit_applications' doesn't exist
#0 /Applications/MAMP/htdocs/baliwag/bessy/vendor/codeigniter4/framework/system/Database/MySQLi/Connection.php(292): mysqli->query('SELECT COUNT(*)...', 0)
#1 /Applications/MAMP/htdocs/baliwag/bessy/vendor/codeigniter4/framework/system/Database/BaseConnection.php(670): CodeIgniter\Database\MySQLi\Connection->execute('SELECT COUNT(*)...')
#2 /Applications/MAMP/htdocs/baliwag/bessy/vendor/codeigniter4/framework/system/Database/BaseConnection.php(598): CodeIgniter\Database\BaseConnection->simpleQuery('SELECT COUNT(*)...')
#3 /Applications/MAMP/htdocs/baliwag/bessy/vendor/codeigniter4/framework/system/Database/BaseBuilder.php(1539): CodeIgniter\Database\BaseConnection->query('SELECT COUNT(*)...', Array, false)
#4 /Applications/MAMP/htdocs/baliwag/bessy/vendor/hermawan/codeigniter4-datatables/src/DataTableQuery.php(53): CodeIgniter\Database\BaseBuilder->countAllResults()
#5 /Applications/MAMP/htdocs/baliwag/bessy/vendor/hermawan/codeigniter4-datatables/src/DataTable.php(174): Hermawan\DataTables\DataTableQuery->countAll()
#6 /Applications/MAMP/htdocs/baliwag/bessy/app/Controllers/BPLO.php(64): Hermawan\DataTables\DataTable->toJson(true)
#7 /Applications/MAMP/htdocs/baliwag/bessy/vendor/codeigniter4/framework/system/CodeIgniter.php(832): App\Controllers\BPLO->getBuildingPermitApplicationsDataTable()
#8 /Applications/MAMP/htdocs/baliwag/bessy/vendor/codeigniter4/framework/system/CodeIgniter.php(419): CodeIgniter\CodeIgniter->runController(Object(App\Controllers\BPLO))
#9 /Applications/MAMP/htdocs/baliwag/bessy/vendor/codeigniter4/framework/system/CodeIgniter.php(326): CodeIgniter\CodeIgniter->handleRequest(NULL, Object(Config\Cache), false)
#10 /Applications/MAMP/htdocs/baliwag/bessy/index.php(38): CodeIgniter\CodeIgniter->run()
#11 {main}
ERROR - 2024-04-23 14:25:45 --> Table 'baliwagc_bessy_db.building_permit_applications' doesn't exist
CRITICAL - 2024-04-23 14:25:45 --> Table 'baliwagc_bessy_db.building_permit_applications' doesn't exist
#0 /Applications/MAMP/htdocs/baliwag/bessy/vendor/codeigniter4/framework/system/Database/MySQLi/Connection.php(292): mysqli->query('SELECT COUNT(*)...', 0)
#1 /Applications/MAMP/htdocs/baliwag/bessy/vendor/codeigniter4/framework/system/Database/BaseConnection.php(670): CodeIgniter\Database\MySQLi\Connection->execute('SELECT COUNT(*)...')
#2 /Applications/MAMP/htdocs/baliwag/bessy/vendor/codeigniter4/framework/system/Database/BaseConnection.php(598): CodeIgniter\Database\BaseConnection->simpleQuery('SELECT COUNT(*)...')
#3 /Applications/MAMP/htdocs/baliwag/bessy/vendor/codeigniter4/framework/system/Database/BaseBuilder.php(1539): CodeIgniter\Database\BaseConnection->query('SELECT COUNT(*)...', Array, false)
#4 /Applications/MAMP/htdocs/baliwag/bessy/vendor/hermawan/codeigniter4-datatables/src/DataTableQuery.php(53): CodeIgniter\Database\BaseBuilder->countAllResults()
#5 /Applications/MAMP/htdocs/baliwag/bessy/vendor/hermawan/codeigniter4-datatables/src/DataTable.php(174): Hermawan\DataTables\DataTableQuery->countAll()
#6 /Applications/MAMP/htdocs/baliwag/bessy/app/Controllers/BPLO.php(64): Hermawan\DataTables\DataTable->toJson(true)
#7 /Applications/MAMP/htdocs/baliwag/bessy/vendor/codeigniter4/framework/system/CodeIgniter.php(832): App\Controllers\BPLO->getBuildingPermitApplicationsDataTable()
#8 /Applications/MAMP/htdocs/baliwag/bessy/vendor/codeigniter4/framework/system/CodeIgniter.php(419): CodeIgniter\CodeIgniter->runController(Object(App\Controllers\BPLO))
#9 /Applications/MAMP/htdocs/baliwag/bessy/vendor/codeigniter4/framework/system/CodeIgniter.php(326): CodeIgniter\CodeIgniter->handleRequest(NULL, Object(Config\Cache), false)
#10 /Applications/MAMP/htdocs/baliwag/bessy/index.php(38): CodeIgniter\CodeIgniter->run()
#11 {main}
ERROR - 2024-04-23 14:25:45 --> Table 'baliwagc_bessy_db.building_permit_applications' doesn't exist
ERROR - 2024-04-23 14:25:45 --> Table 'baliwagc_bessy_db.building_permit_applications' doesn't exist
ERROR - 2024-04-23 14:25:45 --> Table 'baliwagc_bessy_db.building_permit_applications' doesn't exist
ERROR - 2024-04-23 14:27:02 --> Table 'baliwagc_bessy_db.logs' doesn't exist
ERROR - 2024-04-23 14:38:41 --> Error connecting to the database: Access denied for user '****'@'localhost' (using password: NO)
CRITICAL - 2024-04-23 14:38:41 --> Unable to connect to the database.
Main connection [MySQLi]: Access denied for user '****'@'localhost' (using password: NO)
#0 /Applications/MAMP/htdocs/baliwag/bessy/vendor/codeigniter4/framework/system/Database/BaseConnection.php(577): CodeIgniter\Database\BaseConnection->initialize()
#1 /Applications/MAMP/htdocs/baliwag/bessy/vendor/codeigniter4/framework/system/Database/BaseBuilder.php(1455): CodeIgniter\Database\BaseConnection->query('SELECT *\nFROM `...', Array, false)
#2 /Applications/MAMP/htdocs/baliwag/bessy/vendor/codeigniter4/framework/system/Model.php(142): CodeIgniter\Database\BaseBuilder->get()
#3 /Applications/MAMP/htdocs/baliwag/bessy/vendor/codeigniter4/framework/system/BaseModel.php(523): CodeIgniter\Model->doFind(true, '1')
#4 /Applications/MAMP/htdocs/baliwag/bessy/vendor/myth/auth/src/Authentication/AuthenticationBase.php(138): CodeIgniter\BaseModel->find('1')
#5 /Applications/MAMP/htdocs/baliwag/bessy/vendor/myth/auth/src/Authentication/LocalAuthenticator.php(70): Myth\Auth\Authentication\AuthenticationBase->isLoggedIn()
#6 /Applications/MAMP/htdocs/baliwag/bessy/vendor/myth/auth/src/Filters/LoginFilter.php(45): Myth\Auth\Authentication\LocalAuthenticator->check()
#7 /Applications/MAMP/htdocs/baliwag/bessy/vendor/codeigniter4/framework/system/Filters/Filters.php(173): Myth\Auth\Filters\LoginFilter->before(Object(CodeIgniter\HTTP\IncomingRequest), NULL)
#8 /Applications/MAMP/htdocs/baliwag/bessy/vendor/codeigniter4/framework/system/CodeIgniter.php(393): CodeIgniter\Filters\Filters->run('/departments', 'before')
#9 /Applications/MAMP/htdocs/baliwag/bessy/vendor/codeigniter4/framework/system/CodeIgniter.php(326): CodeIgniter\CodeIgniter->handleRequest(NULL, Object(Config\Cache), false)
#10 /Applications/MAMP/htdocs/baliwag/bessy/index.php(38): CodeIgniter\CodeIgniter->run()
#11 {main}
ERROR - 2024-04-23 14:38:48 --> Error connecting to the database: Access denied for user '****'@'localhost' (using password: NO)
CRITICAL - 2024-04-23 14:38:48 --> Unable to connect to the database.
Main connection [MySQLi]: Access denied for user '****'@'localhost' (using password: NO)
#0 /Applications/MAMP/htdocs/baliwag/bessy/vendor/codeigniter4/framework/system/Database/BaseConnection.php(577): CodeIgniter\Database\BaseConnection->initialize()
#1 /Applications/MAMP/htdocs/baliwag/bessy/vendor/codeigniter4/framework/system/Database/BaseBuilder.php(1455): CodeIgniter\Database\BaseConnection->query('SELECT *\nFROM `...', Array, false)
#2 /Applications/MAMP/htdocs/baliwag/bessy/vendor/codeigniter4/framework/system/Model.php(142): CodeIgniter\Database\BaseBuilder->get()
#3 /Applications/MAMP/htdocs/baliwag/bessy/vendor/codeigniter4/framework/system/BaseModel.php(523): CodeIgniter\Model->doFind(true, '1')
#4 /Applications/MAMP/htdocs/baliwag/bessy/vendor/myth/auth/src/Authentication/AuthenticationBase.php(138): CodeIgniter\BaseModel->find('1')
#5 /Applications/MAMP/htdocs/baliwag/bessy/vendor/myth/auth/src/Authentication/LocalAuthenticator.php(70): Myth\Auth\Authentication\AuthenticationBase->isLoggedIn()
#6 /Applications/MAMP/htdocs/baliwag/bessy/vendor/myth/auth/src/Filters/LoginFilter.php(45): Myth\Auth\Authentication\LocalAuthenticator->check()
#7 /Applications/MAMP/htdocs/baliwag/bessy/vendor/codeigniter4/framework/system/Filters/Filters.php(173): Myth\Auth\Filters\LoginFilter->before(Object(CodeIgniter\HTTP\IncomingRequest), NULL)
#8 /Applications/MAMP/htdocs/baliwag/bessy/vendor/codeigniter4/framework/system/CodeIgniter.php(393): CodeIgniter\Filters\Filters->run('/dashboard', 'before')
#9 /Applications/MAMP/htdocs/baliwag/bessy/vendor/codeigniter4/framework/system/CodeIgniter.php(326): CodeIgniter\CodeIgniter->handleRequest(NULL, Object(Config\Cache), false)
#10 /Applications/MAMP/htdocs/baliwag/bessy/index.php(38): CodeIgniter\CodeIgniter->run()
#11 {main}
ERROR - 2024-04-23 14:38:49 --> Error connecting to the database: Access denied for user '****'@'localhost' (using password: NO)
CRITICAL - 2024-04-23 14:38:49 --> Unable to connect to the database.
Main connection [MySQLi]: Access denied for user '****'@'localhost' (using password: NO)
#0 /Applications/MAMP/htdocs/baliwag/bessy/vendor/codeigniter4/framework/system/Database/BaseConnection.php(577): CodeIgniter\Database\BaseConnection->initialize()
#1 /Applications/MAMP/htdocs/baliwag/bessy/vendor/codeigniter4/framework/system/Database/BaseBuilder.php(1455): CodeIgniter\Database\BaseConnection->query('SELECT *\nFROM `...', Array, false)
#2 /Applications/MAMP/htdocs/baliwag/bessy/vendor/codeigniter4/framework/system/Model.php(142): CodeIgniter\Database\BaseBuilder->get()
#3 /Applications/MAMP/htdocs/baliwag/bessy/vendor/codeigniter4/framework/system/BaseModel.php(523): CodeIgniter\Model->doFind(true, '1')
#4 /Applications/MAMP/htdocs/baliwag/bessy/vendor/myth/auth/src/Authentication/AuthenticationBase.php(138): CodeIgniter\BaseModel->find('1')
#5 /Applications/MAMP/htdocs/baliwag/bessy/vendor/myth/auth/src/Authentication/LocalAuthenticator.php(70): Myth\Auth\Authentication\AuthenticationBase->isLoggedIn()
#6 /Applications/MAMP/htdocs/baliwag/bessy/vendor/myth/auth/src/Controllers/AuthController.php(49): Myth\Auth\Authentication\LocalAuthenticator->check()
#7 /Applications/MAMP/htdocs/baliwag/bessy/vendor/codeigniter4/framework/system/CodeIgniter.php(832): Myth\Auth\Controllers\AuthController->login()
#8 /Applications/MAMP/htdocs/baliwag/bessy/vendor/codeigniter4/framework/system/CodeIgniter.php(419): CodeIgniter\CodeIgniter->runController(Object(Myth\Auth\Controllers\AuthController))
#9 /Applications/MAMP/htdocs/baliwag/bessy/vendor/codeigniter4/framework/system/CodeIgniter.php(326): CodeIgniter\CodeIgniter->handleRequest(NULL, Object(Config\Cache), false)
#10 /Applications/MAMP/htdocs/baliwag/bessy/index.php(38): CodeIgniter\CodeIgniter->run()
#11 {main}
ERROR - 2024-04-23 14:40:07 --> Table 'baliwagc_bessy_db.logs' doesn't exist
CRITICAL - 2024-04-23 14:40:07 --> Call to undefined method App\Controllers\Dashboard::getConvoInfo()
#0 /Applications/MAMP/htdocs/baliwag/bessy/vendor/codeigniter4/framework/system/CodeIgniter.php(832): App\Controllers\Dashboard->index()
#1 /Applications/MAMP/htdocs/baliwag/bessy/vendor/codeigniter4/framework/system/CodeIgniter.php(419): CodeIgniter\CodeIgniter->runController(Object(App\Controllers\Dashboard))
#2 /Applications/MAMP/htdocs/baliwag/bessy/vendor/codeigniter4/framework/system/CodeIgniter.php(326): CodeIgniter\CodeIgniter->handleRequest(NULL, Object(Config\Cache), false)
#3 /Applications/MAMP/htdocs/baliwag/bessy/index.php(38): CodeIgniter\CodeIgniter->run()
#4 {main}
