ERROR - 2024-04-04 14:27:09 --> Table 'baliwagc_bessy_db.logs' doesn't exist
ERROR - 2024-04-04 14:27:13 --> Table 'baliwagc_bessy_db.logs' doesn't exist
CRITICAL - 2024-04-04 15:00:41 --> Undefined property: stdClass::$dept_id
#0 /Applications/MAMP/htdocs/baliwag/bessy/app/Views/dashboards/clientDashbord.php(27): CodeIgniter\Debug\Exceptions->errorHandler(2, 'Undefined prope...', '/Applications/M...', 27)
#1 /Applications/MAMP/htdocs/baliwag/bessy/vendor/codeigniter4/framework/system/View/View.php(210): include('/Applications/M...')
#2 /Applications/MAMP/htdocs/baliwag/bessy/vendor/codeigniter4/framework/system/View/View.php(213): CodeIgniter\View\View->CodeIgniter\View\{closure}()
#3 /Applications/MAMP/htdocs/baliwag/bessy/vendor/codeigniter4/framework/system/Common.php(1089): CodeIgniter\View\View->render('dashboards/clie...', Array, true)
#4 /Applications/MAMP/htdocs/baliwag/bessy/app/Controllers/Dashboard.php(38): view('dashboards/clie...', Array)
#5 /Applications/MAMP/htdocs/baliwag/bessy/vendor/codeigniter4/framework/system/CodeIgniter.php(832): App\Controllers\Dashboard->index()
#6 /Applications/MAMP/htdocs/baliwag/bessy/vendor/codeigniter4/framework/system/CodeIgniter.php(419): CodeIgniter\CodeIgniter->runController(Object(App\Controllers\Dashboard))
#7 /Applications/MAMP/htdocs/baliwag/bessy/vendor/codeigniter4/framework/system/CodeIgniter.php(326): CodeIgniter\CodeIgniter->handleRequest(NULL, Object(Config\Cache), false)
#8 /Applications/MAMP/htdocs/baliwag/bessy/index.php(38): CodeIgniter\CodeIgniter->run()
#9 {main}
CRITICAL - 2024-04-04 15:12:11 --> Invalid file: services/manageDepartments.php
#0 /Applications/MAMP/htdocs/baliwag/bessy/vendor/codeigniter4/framework/system/View/View.php(198): CodeIgniter\Exceptions\FrameworkException::forInvalidFile('services/manage...')
#1 /Applications/MAMP/htdocs/baliwag/bessy/vendor/codeigniter4/framework/system/Common.php(1089): CodeIgniter\View\View->render('services/manage...', Array, true)
#2 /Applications/MAMP/htdocs/baliwag/bessy/app/Controllers/Services.php(16): view('services/manage...', Array)
#3 /Applications/MAMP/htdocs/baliwag/bessy/vendor/codeigniter4/framework/system/CodeIgniter.php(832): App\Controllers\Services->departmentServices('10')
#4 /Applications/MAMP/htdocs/baliwag/bessy/vendor/codeigniter4/framework/system/CodeIgniter.php(419): CodeIgniter\CodeIgniter->runController(Object(App\Controllers\Services))
#5 /Applications/MAMP/htdocs/baliwag/bessy/vendor/codeigniter4/framework/system/CodeIgniter.php(326): CodeIgniter\CodeIgniter->handleRequest(NULL, Object(Config\Cache), false)
#6 /Applications/MAMP/htdocs/baliwag/bessy/index.php(38): CodeIgniter\CodeIgniter->run()
#7 {main}
CRITICAL - 2024-04-04 15:12:51 --> Invalid file: services/manageDepartments.php
#0 /Applications/MAMP/htdocs/baliwag/bessy/vendor/codeigniter4/framework/system/View/View.php(198): CodeIgniter\Exceptions\FrameworkException::forInvalidFile('services/manage...')
#1 /Applications/MAMP/htdocs/baliwag/bessy/vendor/codeigniter4/framework/system/Common.php(1089): CodeIgniter\View\View->render('services/manage...', Array, true)
#2 /Applications/MAMP/htdocs/baliwag/bessy/app/Controllers/Services.php(16): view('services/manage...', Array)
#3 /Applications/MAMP/htdocs/baliwag/bessy/vendor/codeigniter4/framework/system/CodeIgniter.php(832): App\Controllers\Services->departmentServices('10')
#4 /Applications/MAMP/htdocs/baliwag/bessy/vendor/codeigniter4/framework/system/CodeIgniter.php(419): CodeIgniter\CodeIgniter->runController(Object(App\Controllers\Services))
#5 /Applications/MAMP/htdocs/baliwag/bessy/vendor/codeigniter4/framework/system/CodeIgniter.php(326): CodeIgniter\CodeIgniter->handleRequest(NULL, Object(Config\Cache), false)
#6 /Applications/MAMP/htdocs/baliwag/bessy/index.php(38): CodeIgniter\CodeIgniter->run()
#7 {main}
CRITICAL - 2024-04-04 15:13:02 --> Invalid file: services/manageDepartments.php
#0 /Applications/MAMP/htdocs/baliwag/bessy/vendor/codeigniter4/framework/system/View/View.php(198): CodeIgniter\Exceptions\FrameworkException::forInvalidFile('services/manage...')
#1 /Applications/MAMP/htdocs/baliwag/bessy/vendor/codeigniter4/framework/system/Common.php(1089): CodeIgniter\View\View->render('services/manage...', Array, true)
#2 /Applications/MAMP/htdocs/baliwag/bessy/app/Controllers/Services.php(16): view('services/manage...', Array)
#3 /Applications/MAMP/htdocs/baliwag/bessy/vendor/codeigniter4/framework/system/CodeIgniter.php(832): App\Controllers\Services->departmentServices('10')
#4 /Applications/MAMP/htdocs/baliwag/bessy/vendor/codeigniter4/framework/system/CodeIgniter.php(419): CodeIgniter\CodeIgniter->runController(Object(App\Controllers\Services))
#5 /Applications/MAMP/htdocs/baliwag/bessy/vendor/codeigniter4/framework/system/CodeIgniter.php(326): CodeIgniter\CodeIgniter->handleRequest(NULL, Object(Config\Cache), false)
#6 /Applications/MAMP/htdocs/baliwag/bessy/index.php(38): CodeIgniter\CodeIgniter->run()
#7 {main}
CRITICAL - 2024-04-04 15:13:25 --> Undefined variable $activeDepartments
#0 /Applications/MAMP/htdocs/baliwag/bessy/app/Views/services/departmentServices.php(25): CodeIgniter\Debug\Exceptions->errorHandler(2, 'Undefined varia...', '/Applications/M...', 25)
#1 /Applications/MAMP/htdocs/baliwag/bessy/vendor/codeigniter4/framework/system/View/View.php(210): include('/Applications/M...')
#2 /Applications/MAMP/htdocs/baliwag/bessy/vendor/codeigniter4/framework/system/View/View.php(213): CodeIgniter\View\View->CodeIgniter\View\{closure}()
#3 /Applications/MAMP/htdocs/baliwag/bessy/vendor/codeigniter4/framework/system/Common.php(1089): CodeIgniter\View\View->render('services/depart...', Array, true)
#4 /Applications/MAMP/htdocs/baliwag/bessy/app/Controllers/Services.php(16): view('services/depart...', Array)
#5 /Applications/MAMP/htdocs/baliwag/bessy/vendor/codeigniter4/framework/system/CodeIgniter.php(832): App\Controllers\Services->departmentServices('10')
#6 /Applications/MAMP/htdocs/baliwag/bessy/vendor/codeigniter4/framework/system/CodeIgniter.php(419): CodeIgniter\CodeIgniter->runController(Object(App\Controllers\Services))
#7 /Applications/MAMP/htdocs/baliwag/bessy/vendor/codeigniter4/framework/system/CodeIgniter.php(326): CodeIgniter\CodeIgniter->handleRequest(NULL, Object(Config\Cache), false)
#8 /Applications/MAMP/htdocs/baliwag/bessy/index.php(38): CodeIgniter\CodeIgniter->run()
#9 {main}
CRITICAL - 2024-04-04 15:14:37 --> Attempt to read property "service_id" on bool
#0 /Applications/MAMP/htdocs/baliwag/bessy/app/Views/services/departmentServices.php(27): CodeIgniter\Debug\Exceptions->errorHandler(2, 'Attempt to read...', '/Applications/M...', 27)
#1 /Applications/MAMP/htdocs/baliwag/bessy/vendor/codeigniter4/framework/system/View/View.php(210): include('/Applications/M...')
#2 /Applications/MAMP/htdocs/baliwag/bessy/vendor/codeigniter4/framework/system/View/View.php(213): CodeIgniter\View\View->CodeIgniter\View\{closure}()
#3 /Applications/MAMP/htdocs/baliwag/bessy/vendor/codeigniter4/framework/system/Common.php(1089): CodeIgniter\View\View->render('services/depart...', Array, true)
#4 /Applications/MAMP/htdocs/baliwag/bessy/app/Controllers/Services.php(16): view('services/depart...', Array)
#5 /Applications/MAMP/htdocs/baliwag/bessy/vendor/codeigniter4/framework/system/CodeIgniter.php(832): App\Controllers\Services->departmentServices('10')
#6 /Applications/MAMP/htdocs/baliwag/bessy/vendor/codeigniter4/framework/system/CodeIgniter.php(419): CodeIgniter\CodeIgniter->runController(Object(App\Controllers\Services))
#7 /Applications/MAMP/htdocs/baliwag/bessy/vendor/codeigniter4/framework/system/CodeIgniter.php(326): CodeIgniter\CodeIgniter->handleRequest(NULL, Object(Config\Cache), false)
#8 /Applications/MAMP/htdocs/baliwag/bessy/index.php(38): CodeIgniter\CodeIgniter->run()
#9 {main}
CRITICAL - 2024-04-04 15:16:03 --> Attempt to read property "service_id" on bool
#0 /Applications/MAMP/htdocs/baliwag/bessy/app/Views/services/departmentServices.php(27): CodeIgniter\Debug\Exceptions->errorHandler(2, 'Attempt to read...', '/Applications/M...', 27)
#1 /Applications/MAMP/htdocs/baliwag/bessy/vendor/codeigniter4/framework/system/View/View.php(210): include('/Applications/M...')
#2 /Applications/MAMP/htdocs/baliwag/bessy/vendor/codeigniter4/framework/system/View/View.php(213): CodeIgniter\View\View->CodeIgniter\View\{closure}()
#3 /Applications/MAMP/htdocs/baliwag/bessy/vendor/codeigniter4/framework/system/Common.php(1089): CodeIgniter\View\View->render('services/depart...', Array, true)
#4 /Applications/MAMP/htdocs/baliwag/bessy/app/Controllers/Services.php(18): view('services/depart...', Array)
#5 /Applications/MAMP/htdocs/baliwag/bessy/vendor/codeigniter4/framework/system/CodeIgniter.php(832): App\Controllers\Services->departmentServices('10')
#6 /Applications/MAMP/htdocs/baliwag/bessy/vendor/codeigniter4/framework/system/CodeIgniter.php(419): CodeIgniter\CodeIgniter->runController(Object(App\Controllers\Services))
#7 /Applications/MAMP/htdocs/baliwag/bessy/vendor/codeigniter4/framework/system/CodeIgniter.php(326): CodeIgniter\CodeIgniter->handleRequest(NULL, Object(Config\Cache), false)
#8 /Applications/MAMP/htdocs/baliwag/bessy/index.php(38): CodeIgniter\CodeIgniter->run()
#9 {main}
CRITICAL - 2024-04-04 15:16:21 --> Attempt to read property "service_id" on bool
#0 /Applications/MAMP/htdocs/baliwag/bessy/app/Views/services/departmentServices.php(27): CodeIgniter\Debug\Exceptions->errorHandler(2, 'Attempt to read...', '/Applications/M...', 27)
#1 /Applications/MAMP/htdocs/baliwag/bessy/vendor/codeigniter4/framework/system/View/View.php(210): include('/Applications/M...')
#2 /Applications/MAMP/htdocs/baliwag/bessy/vendor/codeigniter4/framework/system/View/View.php(213): CodeIgniter\View\View->CodeIgniter\View\{closure}()
#3 /Applications/MAMP/htdocs/baliwag/bessy/vendor/codeigniter4/framework/system/Common.php(1089): CodeIgniter\View\View->render('services/depart...', Array, true)
#4 /Applications/MAMP/htdocs/baliwag/bessy/app/Controllers/Services.php(18): view('services/depart...', Array)
#5 /Applications/MAMP/htdocs/baliwag/bessy/vendor/codeigniter4/framework/system/CodeIgniter.php(832): App\Controllers\Services->departmentServices('10')
#6 /Applications/MAMP/htdocs/baliwag/bessy/vendor/codeigniter4/framework/system/CodeIgniter.php(419): CodeIgniter\CodeIgniter->runController(Object(App\Controllers\Services))
#7 /Applications/MAMP/htdocs/baliwag/bessy/vendor/codeigniter4/framework/system/CodeIgniter.php(326): CodeIgniter\CodeIgniter->handleRequest(NULL, Object(Config\Cache), false)
#8 /Applications/MAMP/htdocs/baliwag/bessy/index.php(38): CodeIgniter\CodeIgniter->run()
#9 {main}
CRITICAL - 2024-04-04 15:16:25 --> Attempt to read property "service_id" on bool
#0 /Applications/MAMP/htdocs/baliwag/bessy/app/Views/services/departmentServices.php(27): CodeIgniter\Debug\Exceptions->errorHandler(2, 'Attempt to read...', '/Applications/M...', 27)
#1 /Applications/MAMP/htdocs/baliwag/bessy/vendor/codeigniter4/framework/system/View/View.php(210): include('/Applications/M...')
#2 /Applications/MAMP/htdocs/baliwag/bessy/vendor/codeigniter4/framework/system/View/View.php(213): CodeIgniter\View\View->CodeIgniter\View\{closure}()
#3 /Applications/MAMP/htdocs/baliwag/bessy/vendor/codeigniter4/framework/system/Common.php(1089): CodeIgniter\View\View->render('services/depart...', Array, true)
#4 /Applications/MAMP/htdocs/baliwag/bessy/app/Controllers/Services.php(17): view('services/depart...', Array)
#5 /Applications/MAMP/htdocs/baliwag/bessy/vendor/codeigniter4/framework/system/CodeIgniter.php(832): App\Controllers\Services->departmentServices('10')
#6 /Applications/MAMP/htdocs/baliwag/bessy/vendor/codeigniter4/framework/system/CodeIgniter.php(419): CodeIgniter\CodeIgniter->runController(Object(App\Controllers\Services))
#7 /Applications/MAMP/htdocs/baliwag/bessy/vendor/codeigniter4/framework/system/CodeIgniter.php(326): CodeIgniter\CodeIgniter->handleRequest(NULL, Object(Config\Cache), false)
#8 /Applications/MAMP/htdocs/baliwag/bessy/index.php(38): CodeIgniter\CodeIgniter->run()
#9 {main}
CRITICAL - 2024-04-04 15:16:29 --> Attempt to read property "service_id" on bool
#0 /Applications/MAMP/htdocs/baliwag/bessy/app/Views/services/departmentServices.php(27): CodeIgniter\Debug\Exceptions->errorHandler(2, 'Attempt to read...', '/Applications/M...', 27)
#1 /Applications/MAMP/htdocs/baliwag/bessy/vendor/codeigniter4/framework/system/View/View.php(210): include('/Applications/M...')
#2 /Applications/MAMP/htdocs/baliwag/bessy/vendor/codeigniter4/framework/system/View/View.php(213): CodeIgniter\View\View->CodeIgniter\View\{closure}()
#3 /Applications/MAMP/htdocs/baliwag/bessy/vendor/codeigniter4/framework/system/Common.php(1089): CodeIgniter\View\View->render('services/depart...', Array, true)
#4 /Applications/MAMP/htdocs/baliwag/bessy/app/Controllers/Services.php(18): view('services/depart...', Array)
#5 /Applications/MAMP/htdocs/baliwag/bessy/vendor/codeigniter4/framework/system/CodeIgniter.php(832): App\Controllers\Services->departmentServices('10')
#6 /Applications/MAMP/htdocs/baliwag/bessy/vendor/codeigniter4/framework/system/CodeIgniter.php(419): CodeIgniter\CodeIgniter->runController(Object(App\Controllers\Services))
#7 /Applications/MAMP/htdocs/baliwag/bessy/vendor/codeigniter4/framework/system/CodeIgniter.php(326): CodeIgniter\CodeIgniter->handleRequest(NULL, Object(Config\Cache), false)
#8 /Applications/MAMP/htdocs/baliwag/bessy/index.php(38): CodeIgniter\CodeIgniter->run()
#9 {main}
CRITICAL - 2024-04-04 15:20:14 --> Call to undefined function App\Controllers\getDepartments()
#0 /Applications/MAMP/htdocs/baliwag/bessy/vendor/codeigniter4/framework/system/CodeIgniter.php(832): App\Controllers\Services->departmentServices('10')
#1 /Applications/MAMP/htdocs/baliwag/bessy/vendor/codeigniter4/framework/system/CodeIgniter.php(419): CodeIgniter\CodeIgniter->runController(Object(App\Controllers\Services))
#2 /Applications/MAMP/htdocs/baliwag/bessy/vendor/codeigniter4/framework/system/CodeIgniter.php(326): CodeIgniter\CodeIgniter->handleRequest(NULL, Object(Config\Cache), false)
#3 /Applications/MAMP/htdocs/baliwag/bessy/index.php(38): CodeIgniter\CodeIgniter->run()
#4 {main}
CRITICAL - 2024-04-04 15:21:38 --> Undefined variable $deptID
#0 /Applications/MAMP/htdocs/baliwag/bessy/app/Controllers/Services.php(15): CodeIgniter\Debug\Exceptions->errorHandler(2, 'Undefined varia...', '/Applications/M...', 15)
#1 /Applications/MAMP/htdocs/baliwag/bessy/vendor/codeigniter4/framework/system/CodeIgniter.php(832): App\Controllers\Services->departmentServices('10')
#2 /Applications/MAMP/htdocs/baliwag/bessy/vendor/codeigniter4/framework/system/CodeIgniter.php(419): CodeIgniter\CodeIgniter->runController(Object(App\Controllers\Services))
#3 /Applications/MAMP/htdocs/baliwag/bessy/vendor/codeigniter4/framework/system/CodeIgniter.php(326): CodeIgniter\CodeIgniter->handleRequest(NULL, Object(Config\Cache), false)
#4 /Applications/MAMP/htdocs/baliwag/bessy/index.php(38): CodeIgniter\CodeIgniter->run()
#5 {main}
CRITICAL - 2024-04-04 15:23:45 --> Attempt to read property "service_id" on bool
#0 /Applications/MAMP/htdocs/baliwag/bessy/app/Views/services/departmentServices.php(28): CodeIgniter\Debug\Exceptions->errorHandler(2, 'Attempt to read...', '/Applications/M...', 28)
#1 /Applications/MAMP/htdocs/baliwag/bessy/vendor/codeigniter4/framework/system/View/View.php(210): include('/Applications/M...')
#2 /Applications/MAMP/htdocs/baliwag/bessy/vendor/codeigniter4/framework/system/View/View.php(213): CodeIgniter\View\View->CodeIgniter\View\{closure}()
#3 /Applications/MAMP/htdocs/baliwag/bessy/vendor/codeigniter4/framework/system/Common.php(1089): CodeIgniter\View\View->render('services/depart...', Array, true)
#4 /Applications/MAMP/htdocs/baliwag/bessy/app/Controllers/Services.php(19): view('services/depart...', Array)
#5 /Applications/MAMP/htdocs/baliwag/bessy/vendor/codeigniter4/framework/system/CodeIgniter.php(832): App\Controllers\Services->departmentServices('10')
#6 /Applications/MAMP/htdocs/baliwag/bessy/vendor/codeigniter4/framework/system/CodeIgniter.php(419): CodeIgniter\CodeIgniter->runController(Object(App\Controllers\Services))
#7 /Applications/MAMP/htdocs/baliwag/bessy/vendor/codeigniter4/framework/system/CodeIgniter.php(326): CodeIgniter\CodeIgniter->handleRequest(NULL, Object(Config\Cache), false)
#8 /Applications/MAMP/htdocs/baliwag/bessy/index.php(38): CodeIgniter\CodeIgniter->run()
#9 {main}
CRITICAL - 2024-04-04 15:35:21 --> Undefined variable $departmentInfo
#0 /Applications/MAMP/htdocs/baliwag/bessy/app/Views/partials/chatBox.php(10): CodeIgniter\Debug\Exceptions->errorHandler(2, 'Undefined varia...', '/Applications/M...', 10)
#1 /Applications/MAMP/htdocs/baliwag/bessy/vendor/codeigniter4/framework/system/View/View.php(210): include('/Applications/M...')
#2 /Applications/MAMP/htdocs/baliwag/bessy/vendor/codeigniter4/framework/system/View/View.php(213): CodeIgniter\View\View->CodeIgniter\View\{closure}()
#3 /Applications/MAMP/htdocs/baliwag/bessy/vendor/codeigniter4/framework/system/View/View.php(424): CodeIgniter\View\View->render('partials/chatBo...', NULL, true)
#4 /Applications/MAMP/htdocs/baliwag/bessy/app/Views/dashboards/clientDashbord.php(49): CodeIgniter\View\View->include('partials/chatBo...')
#5 /Applications/MAMP/htdocs/baliwag/bessy/vendor/codeigniter4/framework/system/View/View.php(210): include('/Applications/M...')
#6 /Applications/MAMP/htdocs/baliwag/bessy/vendor/codeigniter4/framework/system/View/View.php(213): CodeIgniter\View\View->CodeIgniter\View\{closure}()
#7 /Applications/MAMP/htdocs/baliwag/bessy/vendor/codeigniter4/framework/system/Common.php(1089): CodeIgniter\View\View->render('dashboards/clie...', Array, true)
#8 /Applications/MAMP/htdocs/baliwag/bessy/app/Controllers/Dashboard.php(38): view('dashboards/clie...', Array)
#9 /Applications/MAMP/htdocs/baliwag/bessy/vendor/codeigniter4/framework/system/CodeIgniter.php(832): App\Controllers\Dashboard->index()
#10 /Applications/MAMP/htdocs/baliwag/bessy/vendor/codeigniter4/framework/system/CodeIgniter.php(419): CodeIgniter\CodeIgniter->runController(Object(App\Controllers\Dashboard))
#11 /Applications/MAMP/htdocs/baliwag/bessy/vendor/codeigniter4/framework/system/CodeIgniter.php(326): CodeIgniter\CodeIgniter->handleRequest(NULL, Object(Config\Cache), false)
#12 /Applications/MAMP/htdocs/baliwag/bessy/index.php(38): CodeIgniter\CodeIgniter->run()
#13 {main}
CRITICAL - 2024-04-04 16:36:25 --> Undefined variable $departmentInfo
#0 /Applications/MAMP/htdocs/baliwag/bessy/app/Views/partials/chatBox.php(10): CodeIgniter\Debug\Exceptions->errorHandler(2, 'Undefined varia...', '/Applications/M...', 10)
#1 /Applications/MAMP/htdocs/baliwag/bessy/vendor/codeigniter4/framework/system/View/View.php(210): include('/Applications/M...')
#2 /Applications/MAMP/htdocs/baliwag/bessy/vendor/codeigniter4/framework/system/View/View.php(213): CodeIgniter\View\View->CodeIgniter\View\{closure}()
#3 /Applications/MAMP/htdocs/baliwag/bessy/vendor/codeigniter4/framework/system/View/View.php(424): CodeIgniter\View\View->render('partials/chatBo...', NULL, true)
#4 /Applications/MAMP/htdocs/baliwag/bessy/app/Views/dashboards/clientDashbord.php(49): CodeIgniter\View\View->include('partials/chatBo...')
#5 /Applications/MAMP/htdocs/baliwag/bessy/vendor/codeigniter4/framework/system/View/View.php(210): include('/Applications/M...')
#6 /Applications/MAMP/htdocs/baliwag/bessy/vendor/codeigniter4/framework/system/View/View.php(213): CodeIgniter\View\View->CodeIgniter\View\{closure}()
#7 /Applications/MAMP/htdocs/baliwag/bessy/vendor/codeigniter4/framework/system/Common.php(1089): CodeIgniter\View\View->render('dashboards/clie...', Array, true)
#8 /Applications/MAMP/htdocs/baliwag/bessy/app/Controllers/Dashboard.php(38): view('dashboards/clie...', Array)
#9 /Applications/MAMP/htdocs/baliwag/bessy/vendor/codeigniter4/framework/system/CodeIgniter.php(832): App\Controllers\Dashboard->index()
#10 /Applications/MAMP/htdocs/baliwag/bessy/vendor/codeigniter4/framework/system/CodeIgniter.php(419): CodeIgniter\CodeIgniter->runController(Object(App\Controllers\Dashboard))
#11 /Applications/MAMP/htdocs/baliwag/bessy/vendor/codeigniter4/framework/system/CodeIgniter.php(326): CodeIgniter\CodeIgniter->handleRequest(NULL, Object(Config\Cache), false)
#12 /Applications/MAMP/htdocs/baliwag/bessy/index.php(38): CodeIgniter\CodeIgniter->run()
#13 {main}
CRITICAL - 2024-04-04 16:36:46 --> Undefined variable $departmentInfo
#0 /Applications/MAMP/htdocs/baliwag/bessy/app/Views/partials/chatBox.php(10): CodeIgniter\Debug\Exceptions->errorHandler(2, 'Undefined varia...', '/Applications/M...', 10)
#1 /Applications/MAMP/htdocs/baliwag/bessy/vendor/codeigniter4/framework/system/View/View.php(210): include('/Applications/M...')
#2 /Applications/MAMP/htdocs/baliwag/bessy/vendor/codeigniter4/framework/system/View/View.php(213): CodeIgniter\View\View->CodeIgniter\View\{closure}()
#3 /Applications/MAMP/htdocs/baliwag/bessy/vendor/codeigniter4/framework/system/View/View.php(424): CodeIgniter\View\View->render('partials/chatBo...', NULL, true)
#4 /Applications/MAMP/htdocs/baliwag/bessy/app/Views/dashboards/clientDashbord.php(49): CodeIgniter\View\View->include('partials/chatBo...')
#5 /Applications/MAMP/htdocs/baliwag/bessy/vendor/codeigniter4/framework/system/View/View.php(210): include('/Applications/M...')
#6 /Applications/MAMP/htdocs/baliwag/bessy/vendor/codeigniter4/framework/system/View/View.php(213): CodeIgniter\View\View->CodeIgniter\View\{closure}()
#7 /Applications/MAMP/htdocs/baliwag/bessy/vendor/codeigniter4/framework/system/Common.php(1089): CodeIgniter\View\View->render('dashboards/clie...', Array, true)
#8 /Applications/MAMP/htdocs/baliwag/bessy/app/Controllers/Dashboard.php(38): view('dashboards/clie...', Array)
#9 /Applications/MAMP/htdocs/baliwag/bessy/vendor/codeigniter4/framework/system/CodeIgniter.php(832): App\Controllers\Dashboard->index()
#10 /Applications/MAMP/htdocs/baliwag/bessy/vendor/codeigniter4/framework/system/CodeIgniter.php(419): CodeIgniter\CodeIgniter->runController(Object(App\Controllers\Dashboard))
#11 /Applications/MAMP/htdocs/baliwag/bessy/vendor/codeigniter4/framework/system/CodeIgniter.php(326): CodeIgniter\CodeIgniter->handleRequest(NULL, Object(Config\Cache), false)
#12 /Applications/MAMP/htdocs/baliwag/bessy/index.php(38): CodeIgniter\CodeIgniter->run()
#13 {main}
CRITICAL - 2024-04-04 16:37:58 --> Undefined variable $departmentInfo
#0 /Applications/MAMP/htdocs/baliwag/bessy/app/Views/partials/chatBox.php(9): CodeIgniter\Debug\Exceptions->errorHandler(2, 'Undefined varia...', '/Applications/M...', 9)
#1 /Applications/MAMP/htdocs/baliwag/bessy/vendor/codeigniter4/framework/system/View/View.php(210): include('/Applications/M...')
#2 /Applications/MAMP/htdocs/baliwag/bessy/vendor/codeigniter4/framework/system/View/View.php(213): CodeIgniter\View\View->CodeIgniter\View\{closure}()
#3 /Applications/MAMP/htdocs/baliwag/bessy/vendor/codeigniter4/framework/system/View/View.php(424): CodeIgniter\View\View->render('partials/chatBo...', NULL, true)
#4 /Applications/MAMP/htdocs/baliwag/bessy/app/Views/dashboards/clientDashbord.php(49): CodeIgniter\View\View->include('partials/chatBo...')
#5 /Applications/MAMP/htdocs/baliwag/bessy/vendor/codeigniter4/framework/system/View/View.php(210): include('/Applications/M...')
#6 /Applications/MAMP/htdocs/baliwag/bessy/vendor/codeigniter4/framework/system/View/View.php(213): CodeIgniter\View\View->CodeIgniter\View\{closure}()
#7 /Applications/MAMP/htdocs/baliwag/bessy/vendor/codeigniter4/framework/system/Common.php(1089): CodeIgniter\View\View->render('dashboards/clie...', Array, true)
#8 /Applications/MAMP/htdocs/baliwag/bessy/app/Controllers/Dashboard.php(38): view('dashboards/clie...', Array)
#9 /Applications/MAMP/htdocs/baliwag/bessy/vendor/codeigniter4/framework/system/CodeIgniter.php(832): App\Controllers\Dashboard->index()
#10 /Applications/MAMP/htdocs/baliwag/bessy/vendor/codeigniter4/framework/system/CodeIgniter.php(419): CodeIgniter\CodeIgniter->runController(Object(App\Controllers\Dashboard))
#11 /Applications/MAMP/htdocs/baliwag/bessy/vendor/codeigniter4/framework/system/CodeIgniter.php(326): CodeIgniter\CodeIgniter->handleRequest(NULL, Object(Config\Cache), false)
#12 /Applications/MAMP/htdocs/baliwag/bessy/index.php(38): CodeIgniter\CodeIgniter->run()
#13 {main}
CRITICAL - 2024-04-04 16:39:10 --> Trying to access array offset on value of type bool
#0 /Applications/MAMP/htdocs/baliwag/bessy/app/Views/partials/chatBox.php(10): CodeIgniter\Debug\Exceptions->errorHandler(2, 'Trying to acces...', '/Applications/M...', 10)
#1 /Applications/MAMP/htdocs/baliwag/bessy/vendor/codeigniter4/framework/system/View/View.php(210): include('/Applications/M...')
#2 /Applications/MAMP/htdocs/baliwag/bessy/vendor/codeigniter4/framework/system/View/View.php(213): CodeIgniter\View\View->CodeIgniter\View\{closure}()
#3 /Applications/MAMP/htdocs/baliwag/bessy/vendor/codeigniter4/framework/system/View/View.php(424): CodeIgniter\View\View->render('partials/chatBo...', NULL, true)
#4 /Applications/MAMP/htdocs/baliwag/bessy/app/Views/dashboards/clientDashbord.php(49): CodeIgniter\View\View->include('partials/chatBo...')
#5 /Applications/MAMP/htdocs/baliwag/bessy/vendor/codeigniter4/framework/system/View/View.php(210): include('/Applications/M...')
#6 /Applications/MAMP/htdocs/baliwag/bessy/vendor/codeigniter4/framework/system/View/View.php(213): CodeIgniter\View\View->CodeIgniter\View\{closure}()
#7 /Applications/MAMP/htdocs/baliwag/bessy/vendor/codeigniter4/framework/system/Common.php(1089): CodeIgniter\View\View->render('dashboards/clie...', Array, true)
#8 /Applications/MAMP/htdocs/baliwag/bessy/app/Controllers/Dashboard.php(39): view('dashboards/clie...', Array)
#9 /Applications/MAMP/htdocs/baliwag/bessy/vendor/codeigniter4/framework/system/CodeIgniter.php(832): App\Controllers\Dashboard->index()
#10 /Applications/MAMP/htdocs/baliwag/bessy/vendor/codeigniter4/framework/system/CodeIgniter.php(419): CodeIgniter\CodeIgniter->runController(Object(App\Controllers\Dashboard))
#11 /Applications/MAMP/htdocs/baliwag/bessy/vendor/codeigniter4/framework/system/CodeIgniter.php(326): CodeIgniter\CodeIgniter->handleRequest(NULL, Object(Config\Cache), false)
#12 /Applications/MAMP/htdocs/baliwag/bessy/index.php(38): CodeIgniter\CodeIgniter->run()
#13 {main}
CRITICAL - 2024-04-04 16:44:10 --> Undefined variable $deptID
#0 /Applications/MAMP/htdocs/baliwag/bessy/app/Controllers/Services.php(26): CodeIgniter\Debug\Exceptions->errorHandler(2, 'Undefined varia...', '/Applications/M...', 26)
#1 /Applications/MAMP/htdocs/baliwag/bessy/vendor/codeigniter4/framework/system/CodeIgniter.php(832): App\Controllers\Services->serviceView('1')
#2 /Applications/MAMP/htdocs/baliwag/bessy/vendor/codeigniter4/framework/system/CodeIgniter.php(419): CodeIgniter\CodeIgniter->runController(Object(App\Controllers\Services))
#3 /Applications/MAMP/htdocs/baliwag/bessy/vendor/codeigniter4/framework/system/CodeIgniter.php(326): CodeIgniter\CodeIgniter->handleRequest(NULL, Object(Config\Cache), false)
#4 /Applications/MAMP/htdocs/baliwag/bessy/index.php(38): CodeIgniter\CodeIgniter->run()
#5 {main}
CRITICAL - 2024-04-04 16:44:30 --> Undefined array key 0
#0 /Applications/MAMP/htdocs/baliwag/bessy/app/Controllers/Services.php(26): CodeIgniter\Debug\Exceptions->errorHandler(2, 'Undefined array...', '/Applications/M...', 26)
#1 /Applications/MAMP/htdocs/baliwag/bessy/vendor/codeigniter4/framework/system/CodeIgniter.php(832): App\Controllers\Services->serviceView('1')
#2 /Applications/MAMP/htdocs/baliwag/bessy/vendor/codeigniter4/framework/system/CodeIgniter.php(419): CodeIgniter\CodeIgniter->runController(Object(App\Controllers\Services))
#3 /Applications/MAMP/htdocs/baliwag/bessy/vendor/codeigniter4/framework/system/CodeIgniter.php(326): CodeIgniter\CodeIgniter->handleRequest(NULL, Object(Config\Cache), false)
#4 /Applications/MAMP/htdocs/baliwag/bessy/index.php(38): CodeIgniter\CodeIgniter->run()
#5 {main}
CRITICAL - 2024-04-04 16:45:27 --> Undefined variable $services
#0 /Applications/MAMP/htdocs/baliwag/bessy/app/Controllers/Services.php(25): CodeIgniter\Debug\Exceptions->errorHandler(2, 'Undefined varia...', '/Applications/M...', 25)
#1 /Applications/MAMP/htdocs/baliwag/bessy/vendor/codeigniter4/framework/system/CodeIgniter.php(832): App\Controllers\Services->serviceView('1')
#2 /Applications/MAMP/htdocs/baliwag/bessy/vendor/codeigniter4/framework/system/CodeIgniter.php(419): CodeIgniter\CodeIgniter->runController(Object(App\Controllers\Services))
#3 /Applications/MAMP/htdocs/baliwag/bessy/vendor/codeigniter4/framework/system/CodeIgniter.php(326): CodeIgniter\CodeIgniter->handleRequest(NULL, Object(Config\Cache), false)
#4 /Applications/MAMP/htdocs/baliwag/bessy/index.php(38): CodeIgniter\CodeIgniter->run()
#5 {main}
CRITICAL - 2024-04-04 16:45:34 --> Invalid file: services/serviceView.php
#0 /Applications/MAMP/htdocs/baliwag/bessy/vendor/codeigniter4/framework/system/View/View.php(198): CodeIgniter\Exceptions\FrameworkException::forInvalidFile('services/servic...')
#1 /Applications/MAMP/htdocs/baliwag/bessy/vendor/codeigniter4/framework/system/Common.php(1089): CodeIgniter\View\View->render('services/servic...', Array, true)
#2 /Applications/MAMP/htdocs/baliwag/bessy/app/Controllers/Services.php(28): view('services/servic...', Array)
#3 /Applications/MAMP/htdocs/baliwag/bessy/vendor/codeigniter4/framework/system/CodeIgniter.php(832): App\Controllers\Services->serviceView('1')
#4 /Applications/MAMP/htdocs/baliwag/bessy/vendor/codeigniter4/framework/system/CodeIgniter.php(419): CodeIgniter\CodeIgniter->runController(Object(App\Controllers\Services))
#5 /Applications/MAMP/htdocs/baliwag/bessy/vendor/codeigniter4/framework/system/CodeIgniter.php(326): CodeIgniter\CodeIgniter->handleRequest(NULL, Object(Config\Cache), false)
#6 /Applications/MAMP/htdocs/baliwag/bessy/index.php(38): CodeIgniter\CodeIgniter->run()
#7 {main}
CRITICAL - 2024-04-04 16:46:28 --> Invalid file: mayors/mayor_clearance.php
#0 /Applications/MAMP/htdocs/baliwag/bessy/vendor/codeigniter4/framework/system/View/View.php(198): CodeIgniter\Exceptions\FrameworkException::forInvalidFile('mayors/mayor_cl...')
#1 /Applications/MAMP/htdocs/baliwag/bessy/vendor/codeigniter4/framework/system/Common.php(1089): CodeIgniter\View\View->render('mayors/mayor_cl...', Array, true)
#2 /Applications/MAMP/htdocs/baliwag/bessy/app/Controllers/Services.php(29): view('mayors/mayor_cl...', Array)
#3 /Applications/MAMP/htdocs/baliwag/bessy/vendor/codeigniter4/framework/system/CodeIgniter.php(832): App\Controllers\Services->serviceView('1')
#4 /Applications/MAMP/htdocs/baliwag/bessy/vendor/codeigniter4/framework/system/CodeIgniter.php(419): CodeIgniter\CodeIgniter->runController(Object(App\Controllers\Services))
#5 /Applications/MAMP/htdocs/baliwag/bessy/vendor/codeigniter4/framework/system/CodeIgniter.php(326): CodeIgniter\CodeIgniter->handleRequest(NULL, Object(Config\Cache), false)
#6 /Applications/MAMP/htdocs/baliwag/bessy/index.php(38): CodeIgniter\CodeIgniter->run()
#7 {main}
CRITICAL - 2024-04-04 16:47:01 --> Invalid file: mayors/mayorsClearance.php
#0 /Applications/MAMP/htdocs/baliwag/bessy/vendor/codeigniter4/framework/system/View/View.php(198): CodeIgniter\Exceptions\FrameworkException::forInvalidFile('mayors/mayorsCl...')
#1 /Applications/MAMP/htdocs/baliwag/bessy/vendor/codeigniter4/framework/system/Common.php(1089): CodeIgniter\View\View->render('mayors/mayorsCl...', Array, true)
#2 /Applications/MAMP/htdocs/baliwag/bessy/app/Controllers/Services.php(29): view('mayors/mayorsCl...', Array)
#3 /Applications/MAMP/htdocs/baliwag/bessy/vendor/codeigniter4/framework/system/CodeIgniter.php(832): App\Controllers\Services->serviceView('1')
#4 /Applications/MAMP/htdocs/baliwag/bessy/vendor/codeigniter4/framework/system/CodeIgniter.php(419): CodeIgniter\CodeIgniter->runController(Object(App\Controllers\Services))
#5 /Applications/MAMP/htdocs/baliwag/bessy/vendor/codeigniter4/framework/system/CodeIgniter.php(326): CodeIgniter\CodeIgniter->handleRequest(NULL, Object(Config\Cache), false)
#6 /Applications/MAMP/htdocs/baliwag/bessy/index.php(38): CodeIgniter\CodeIgniter->run()
#7 {main}
CRITICAL - 2024-04-04 16:47:02 --> Invalid file: mayors/mayorsClearance.php
#0 /Applications/MAMP/htdocs/baliwag/bessy/vendor/codeigniter4/framework/system/View/View.php(198): CodeIgniter\Exceptions\FrameworkException::forInvalidFile('mayors/mayorsCl...')
#1 /Applications/MAMP/htdocs/baliwag/bessy/vendor/codeigniter4/framework/system/Common.php(1089): CodeIgniter\View\View->render('mayors/mayorsCl...', Array, true)
#2 /Applications/MAMP/htdocs/baliwag/bessy/app/Controllers/Services.php(29): view('mayors/mayorsCl...', Array)
#3 /Applications/MAMP/htdocs/baliwag/bessy/vendor/codeigniter4/framework/system/CodeIgniter.php(832): App\Controllers\Services->serviceView('1')
#4 /Applications/MAMP/htdocs/baliwag/bessy/vendor/codeigniter4/framework/system/CodeIgniter.php(419): CodeIgniter\CodeIgniter->runController(Object(App\Controllers\Services))
#5 /Applications/MAMP/htdocs/baliwag/bessy/vendor/codeigniter4/framework/system/CodeIgniter.php(326): CodeIgniter\CodeIgniter->handleRequest(NULL, Object(Config\Cache), false)
#6 /Applications/MAMP/htdocs/baliwag/bessy/index.php(38): CodeIgniter\CodeIgniter->run()
#7 {main}
CRITICAL - 2024-04-04 16:58:41 --> Undefined variable $title
#0 /Applications/MAMP/htdocs/baliwag/bessy/app/Views/services/departmentServices.php(15): CodeIgniter\Debug\Exceptions->errorHandler(2, 'Undefined varia...', '/Applications/M...', 15)
#1 /Applications/MAMP/htdocs/baliwag/bessy/vendor/codeigniter4/framework/system/View/View.php(210): include('/Applications/M...')
#2 /Applications/MAMP/htdocs/baliwag/bessy/vendor/codeigniter4/framework/system/View/View.php(213): CodeIgniter\View\View->CodeIgniter\View\{closure}()
#3 /Applications/MAMP/htdocs/baliwag/bessy/vendor/codeigniter4/framework/system/Common.php(1089): CodeIgniter\View\View->render('services/depart...', Array, true)
#4 /Applications/MAMP/htdocs/baliwag/bessy/app/Controllers/Services.php(19): view('services/depart...', Array)
#5 /Applications/MAMP/htdocs/baliwag/bessy/vendor/codeigniter4/framework/system/CodeIgniter.php(832): App\Controllers\Services->departmentServices('10')
#6 /Applications/MAMP/htdocs/baliwag/bessy/vendor/codeigniter4/framework/system/CodeIgniter.php(419): CodeIgniter\CodeIgniter->runController(Object(App\Controllers\Services))
#7 /Applications/MAMP/htdocs/baliwag/bessy/vendor/codeigniter4/framework/system/CodeIgniter.php(326): CodeIgniter\CodeIgniter->handleRequest(NULL, Object(Config\Cache), false)
#8 /Applications/MAMP/htdocs/baliwag/bessy/index.php(38): CodeIgniter\CodeIgniter->run()
#9 {main}
CRITICAL - 2024-04-04 16:58:52 --> Undefined variable $title
#0 /Applications/MAMP/htdocs/baliwag/bessy/app/Views/services/departmentServices.php(7): CodeIgniter\Debug\Exceptions->errorHandler(2, 'Undefined varia...', '/Applications/M...', 7)
#1 /Applications/MAMP/htdocs/baliwag/bessy/vendor/codeigniter4/framework/system/View/View.php(210): include('/Applications/M...')
#2 /Applications/MAMP/htdocs/baliwag/bessy/vendor/codeigniter4/framework/system/View/View.php(213): CodeIgniter\View\View->CodeIgniter\View\{closure}()
#3 /Applications/MAMP/htdocs/baliwag/bessy/vendor/codeigniter4/framework/system/Common.php(1089): CodeIgniter\View\View->render('services/depart...', Array, true)
#4 /Applications/MAMP/htdocs/baliwag/bessy/app/Controllers/Services.php(19): view('services/depart...', Array)
#5 /Applications/MAMP/htdocs/baliwag/bessy/vendor/codeigniter4/framework/system/CodeIgniter.php(832): App\Controllers\Services->departmentServices('10')
#6 /Applications/MAMP/htdocs/baliwag/bessy/vendor/codeigniter4/framework/system/CodeIgniter.php(419): CodeIgniter\CodeIgniter->runController(Object(App\Controllers\Services))
#7 /Applications/MAMP/htdocs/baliwag/bessy/vendor/codeigniter4/framework/system/CodeIgniter.php(326): CodeIgniter\CodeIgniter->handleRequest(NULL, Object(Config\Cache), false)
#8 /Applications/MAMP/htdocs/baliwag/bessy/index.php(38): CodeIgniter\CodeIgniter->run()
#9 {main}
