ERROR - 2024-04-16 10:16:21 --> Table 'baliwagc_bessy_db.logs' doesn't exist
ERROR - 2024-04-16 13:46:25 --> Table 'baliwagc_bessy_db.logs' doesn't exist
ERROR - 2024-04-16 13:46:37 --> Table 'baliwagc_bessy_db.logs' doesn't exist
CRITICAL - 2024-04-16 14:01:34 --> Undefined property: App\Controllers\Services::$getConvoInfo
#0 /Applications/MAMP/htdocs/baliwag/bessy/app/Controllers/BaseController.php(74): CodeIgniter\Debug\Exceptions->errorHandler(2, 'Undefined prope...', '/Applications/M...', 74)
#1 /Applications/MAMP/htdocs/baliwag/bessy/vendor/codeigniter4/framework/system/CodeIgniter.php(810): App\Controllers\BaseController->initController(Object(CodeIgniter\HTTP\IncomingRequest), Object(CodeIgniter\HTTP\Response), Object(CodeIgniter\Log\Logger))
#2 /Applications/MAMP/htdocs/baliwag/bessy/vendor/codeigniter4/framework/system/CodeIgniter.php(410): CodeIgniter\CodeIgniter->createController()
#3 /Applications/MAMP/htdocs/baliwag/bessy/vendor/codeigniter4/framework/system/CodeIgniter.php(326): CodeIgniter\CodeIgniter->handleRequest(NULL, Object(Config\Cache), false)
#4 /Applications/MAMP/htdocs/baliwag/bessy/index.php(38): CodeIgniter\CodeIgniter->run()
#5 {main}
CRITICAL - 2024-04-16 14:01:49 --> Undefined property: App\Controllers\Services::$getConvoInfo
#0 /Applications/MAMP/htdocs/baliwag/bessy/app/Controllers/BaseController.php(74): CodeIgniter\Debug\Exceptions->errorHandler(2, 'Undefined prope...', '/Applications/M...', 74)
#1 /Applications/MAMP/htdocs/baliwag/bessy/vendor/codeigniter4/framework/system/CodeIgniter.php(810): App\Controllers\BaseController->initController(Object(CodeIgniter\HTTP\IncomingRequest), Object(CodeIgniter\HTTP\Response), Object(CodeIgniter\Log\Logger))
#2 /Applications/MAMP/htdocs/baliwag/bessy/vendor/codeigniter4/framework/system/CodeIgniter.php(410): CodeIgniter\CodeIgniter->createController()
#3 /Applications/MAMP/htdocs/baliwag/bessy/vendor/codeigniter4/framework/system/CodeIgniter.php(326): CodeIgniter\CodeIgniter->handleRequest(NULL, Object(Config\Cache), false)
#4 /Applications/MAMP/htdocs/baliwag/bessy/index.php(38): CodeIgniter\CodeIgniter->run()
#5 {main}
CRITICAL - 2024-04-16 14:01:51 --> Undefined property: App\Controllers\Services::$getConvoInfo
#0 /Applications/MAMP/htdocs/baliwag/bessy/app/Controllers/BaseController.php(74): CodeIgniter\Debug\Exceptions->errorHandler(2, 'Undefined prope...', '/Applications/M...', 74)
#1 /Applications/MAMP/htdocs/baliwag/bessy/vendor/codeigniter4/framework/system/CodeIgniter.php(810): App\Controllers\BaseController->initController(Object(CodeIgniter\HTTP\IncomingRequest), Object(CodeIgniter\HTTP\Response), Object(CodeIgniter\Log\Logger))
#2 /Applications/MAMP/htdocs/baliwag/bessy/vendor/codeigniter4/framework/system/CodeIgniter.php(410): CodeIgniter\CodeIgniter->createController()
#3 /Applications/MAMP/htdocs/baliwag/bessy/vendor/codeigniter4/framework/system/CodeIgniter.php(326): CodeIgniter\CodeIgniter->handleRequest(NULL, Object(Config\Cache), false)
#4 /Applications/MAMP/htdocs/baliwag/bessy/index.php(38): CodeIgniter\CodeIgniter->run()
#5 {main}
CRITICAL - 2024-04-16 14:05:39 --> Undefined variable $conveInfo
#0 /Applications/MAMP/htdocs/baliwag/bessy/app/Controllers/BaseController.php(102): CodeIgniter\Debug\Exceptions->errorHandler(2, 'Undefined varia...', '/Applications/M...', 102)
#1 /Applications/MAMP/htdocs/baliwag/bessy/app/Controllers/Dashboard.php(37): App\Controllers\BaseController->getConvoInfo('11', 0)
#2 /Applications/MAMP/htdocs/baliwag/bessy/vendor/codeigniter4/framework/system/CodeIgniter.php(832): App\Controllers\Dashboard->index()
#3 /Applications/MAMP/htdocs/baliwag/bessy/vendor/codeigniter4/framework/system/CodeIgniter.php(419): CodeIgniter\CodeIgniter->runController(Object(App\Controllers\Dashboard))
#4 /Applications/MAMP/htdocs/baliwag/bessy/vendor/codeigniter4/framework/system/CodeIgniter.php(326): CodeIgniter\CodeIgniter->handleRequest(NULL, Object(Config\Cache), false)
#5 /Applications/MAMP/htdocs/baliwag/bessy/index.php(38): CodeIgniter\CodeIgniter->run()
#6 {main}
CRITICAL - 2024-04-16 14:11:44 --> Too few arguments to function App\Controllers\BaseController::getConvoInfo(), 2 passed in /Applications/MAMP/htdocs/baliwag/bessy/app/Controllers/Dashboard.php on line 37 and exactly 3 expected
#0 /Applications/MAMP/htdocs/baliwag/bessy/app/Controllers/Dashboard.php(37): App\Controllers\BaseController->getConvoInfo('11', 0)
#1 /Applications/MAMP/htdocs/baliwag/bessy/vendor/codeigniter4/framework/system/CodeIgniter.php(832): App\Controllers\Dashboard->index()
#2 /Applications/MAMP/htdocs/baliwag/bessy/vendor/codeigniter4/framework/system/CodeIgniter.php(419): CodeIgniter\CodeIgniter->runController(Object(App\Controllers\Dashboard))
#3 /Applications/MAMP/htdocs/baliwag/bessy/vendor/codeigniter4/framework/system/CodeIgniter.php(326): CodeIgniter\CodeIgniter->handleRequest(NULL, Object(Config\Cache), false)
#4 /Applications/MAMP/htdocs/baliwag/bessy/index.php(38): CodeIgniter\CodeIgniter->run()
#5 {main}
CRITICAL - 2024-04-16 14:12:14 --> Undefined variable $convoInfo
#0 /Applications/MAMP/htdocs/baliwag/bessy/app/Controllers/Dashboard.php(40): CodeIgniter\Debug\Exceptions->errorHandler(2, 'Undefined varia...', '/Applications/M...', 40)
#1 /Applications/MAMP/htdocs/baliwag/bessy/vendor/codeigniter4/framework/system/CodeIgniter.php(832): App\Controllers\Dashboard->index()
#2 /Applications/MAMP/htdocs/baliwag/bessy/vendor/codeigniter4/framework/system/CodeIgniter.php(419): CodeIgniter\CodeIgniter->runController(Object(App\Controllers\Dashboard))
#3 /Applications/MAMP/htdocs/baliwag/bessy/vendor/codeigniter4/framework/system/CodeIgniter.php(326): CodeIgniter\CodeIgniter->handleRequest(NULL, Object(Config\Cache), false)
#4 /Applications/MAMP/htdocs/baliwag/bessy/index.php(38): CodeIgniter\CodeIgniter->run()
#5 {main}
CRITICAL - 2024-04-16 14:13:09 --> Undefined variable $userInformation
#0 /Applications/MAMP/htdocs/baliwag/bessy/app/Controllers/Dashboard.php(40): CodeIgniter\Debug\Exceptions->errorHandler(2, 'Undefined varia...', '/Applications/M...', 40)
#1 /Applications/MAMP/htdocs/baliwag/bessy/vendor/codeigniter4/framework/system/CodeIgniter.php(832): App\Controllers\Dashboard->index()
#2 /Applications/MAMP/htdocs/baliwag/bessy/vendor/codeigniter4/framework/system/CodeIgniter.php(419): CodeIgniter\CodeIgniter->runController(Object(App\Controllers\Dashboard))
#3 /Applications/MAMP/htdocs/baliwag/bessy/vendor/codeigniter4/framework/system/CodeIgniter.php(326): CodeIgniter\CodeIgniter->handleRequest(NULL, Object(Config\Cache), false)
#4 /Applications/MAMP/htdocs/baliwag/bessy/index.php(38): CodeIgniter\CodeIgniter->run()
#5 {main}
CRITICAL - 2024-04-16 14:13:17 --> Undefined variable $userInformation
#0 /Applications/MAMP/htdocs/baliwag/bessy/app/Controllers/Dashboard.php(40): CodeIgniter\Debug\Exceptions->errorHandler(2, 'Undefined varia...', '/Applications/M...', 40)
#1 /Applications/MAMP/htdocs/baliwag/bessy/vendor/codeigniter4/framework/system/CodeIgniter.php(832): App\Controllers\Dashboard->index()
#2 /Applications/MAMP/htdocs/baliwag/bessy/vendor/codeigniter4/framework/system/CodeIgniter.php(419): CodeIgniter\CodeIgniter->runController(Object(App\Controllers\Dashboard))
#3 /Applications/MAMP/htdocs/baliwag/bessy/vendor/codeigniter4/framework/system/CodeIgniter.php(326): CodeIgniter\CodeIgniter->handleRequest(NULL, Object(Config\Cache), false)
#4 /Applications/MAMP/htdocs/baliwag/bessy/index.php(38): CodeIgniter\CodeIgniter->run()
#5 {main}
CRITICAL - 2024-04-16 14:13:37 --> Cannot use object of type App\Controllers\Dashboard as array
#0 /Applications/MAMP/htdocs/baliwag/bessy/vendor/codeigniter4/framework/system/CodeIgniter.php(832): App\Controllers\Dashboard->index()
#1 /Applications/MAMP/htdocs/baliwag/bessy/vendor/codeigniter4/framework/system/CodeIgniter.php(419): CodeIgniter\CodeIgniter->runController(Object(App\Controllers\Dashboard))
#2 /Applications/MAMP/htdocs/baliwag/bessy/vendor/codeigniter4/framework/system/CodeIgniter.php(326): CodeIgniter\CodeIgniter->handleRequest(NULL, Object(Config\Cache), false)
#3 /Applications/MAMP/htdocs/baliwag/bessy/index.php(38): CodeIgniter\CodeIgniter->run()
#4 {main}
CRITICAL - 2024-04-16 14:14:47 --> Cannot use object of type stdClass as array
#0 /Applications/MAMP/htdocs/baliwag/bessy/vendor/codeigniter4/framework/system/CodeIgniter.php(832): App\Controllers\Dashboard->index()
#1 /Applications/MAMP/htdocs/baliwag/bessy/vendor/codeigniter4/framework/system/CodeIgniter.php(419): CodeIgniter\CodeIgniter->runController(Object(App\Controllers\Dashboard))
#2 /Applications/MAMP/htdocs/baliwag/bessy/vendor/codeigniter4/framework/system/CodeIgniter.php(326): CodeIgniter\CodeIgniter->handleRequest(NULL, Object(Config\Cache), false)
#3 /Applications/MAMP/htdocs/baliwag/bessy/index.php(38): CodeIgniter\CodeIgniter->run()
#4 {main}
CRITICAL - 2024-04-16 14:16:09 --> Attempt to read property "convo_id" on array
#0 /Applications/MAMP/htdocs/baliwag/bessy/app/Controllers/BaseController.php(109): CodeIgniter\Debug\Exceptions->errorHandler(2, 'Attempt to read...', '/Applications/M...', 109)
#1 /Applications/MAMP/htdocs/baliwag/bessy/app/Controllers/Dashboard.php(37): App\Controllers\BaseController->getConvoInfo('11', 0, 'Client Client')
#2 /Applications/MAMP/htdocs/baliwag/bessy/vendor/codeigniter4/framework/system/CodeIgniter.php(832): App\Controllers\Dashboard->index()
#3 /Applications/MAMP/htdocs/baliwag/bessy/vendor/codeigniter4/framework/system/CodeIgniter.php(419): CodeIgniter\CodeIgniter->runController(Object(App\Controllers\Dashboard))
#4 /Applications/MAMP/htdocs/baliwag/bessy/vendor/codeigniter4/framework/system/CodeIgniter.php(326): CodeIgniter\CodeIgniter->handleRequest(NULL, Object(Config\Cache), false)
#5 /Applications/MAMP/htdocs/baliwag/bessy/index.php(38): CodeIgniter\CodeIgniter->run()
#6 {main}
CRITICAL - 2024-04-16 14:23:30 --> Call to undefined function App\Controllers\parseInt()
#0 /Applications/MAMP/htdocs/baliwag/bessy/app/Controllers/Dashboard.php(37): App\Controllers\BaseController->getConvoInfo('11', 0, 'Client Client')
#1 /Applications/MAMP/htdocs/baliwag/bessy/vendor/codeigniter4/framework/system/CodeIgniter.php(832): App\Controllers\Dashboard->index()
#2 /Applications/MAMP/htdocs/baliwag/bessy/vendor/codeigniter4/framework/system/CodeIgniter.php(419): CodeIgniter\CodeIgniter->runController(Object(App\Controllers\Dashboard))
#3 /Applications/MAMP/htdocs/baliwag/bessy/vendor/codeigniter4/framework/system/CodeIgniter.php(326): CodeIgniter\CodeIgniter->handleRequest(NULL, Object(Config\Cache), false)
#4 /Applications/MAMP/htdocs/baliwag/bessy/index.php(38): CodeIgniter\CodeIgniter->run()
#5 {main}
CRITICAL - 2024-04-16 14:23:40 --> Call to undefined function App\Controllers\int()
#0 /Applications/MAMP/htdocs/baliwag/bessy/app/Controllers/Dashboard.php(37): App\Controllers\BaseController->getConvoInfo('11', 0, 'Client Client')
#1 /Applications/MAMP/htdocs/baliwag/bessy/vendor/codeigniter4/framework/system/CodeIgniter.php(832): App\Controllers\Dashboard->index()
#2 /Applications/MAMP/htdocs/baliwag/bessy/vendor/codeigniter4/framework/system/CodeIgniter.php(419): CodeIgniter\CodeIgniter->runController(Object(App\Controllers\Dashboard))
#3 /Applications/MAMP/htdocs/baliwag/bessy/vendor/codeigniter4/framework/system/CodeIgniter.php(326): CodeIgniter\CodeIgniter->handleRequest(NULL, Object(Config\Cache), false)
#4 /Applications/MAMP/htdocs/baliwag/bessy/index.php(38): CodeIgniter\CodeIgniter->run()
#5 {main}
CRITICAL - 2024-04-16 15:17:18 --> Attempt to read property "firstname" on array
#0 /Applications/MAMP/htdocs/baliwag/bessy/app/Controllers/Chats.php(22): CodeIgniter\Debug\Exceptions->errorHandler(2, 'Attempt to read...', '/Applications/M...', 22)
#1 /Applications/MAMP/htdocs/baliwag/bessy/vendor/codeigniter4/framework/system/CodeIgniter.php(832): App\Controllers\Chats->insertChat()
#2 /Applications/MAMP/htdocs/baliwag/bessy/vendor/codeigniter4/framework/system/CodeIgniter.php(419): CodeIgniter\CodeIgniter->runController(Object(App\Controllers\Chats))
#3 /Applications/MAMP/htdocs/baliwag/bessy/vendor/codeigniter4/framework/system/CodeIgniter.php(326): CodeIgniter\CodeIgniter->handleRequest(NULL, Object(Config\Cache), false)
#4 /Applications/MAMP/htdocs/baliwag/bessy/index.php(38): CodeIgniter\CodeIgniter->run()
#5 {main}
CRITICAL - 2024-04-16 15:17:37 --> Attempt to read property "firstname" on array
#0 /Applications/MAMP/htdocs/baliwag/bessy/app/Controllers/Chats.php(22): CodeIgniter\Debug\Exceptions->errorHandler(2, 'Attempt to read...', '/Applications/M...', 22)
#1 /Applications/MAMP/htdocs/baliwag/bessy/vendor/codeigniter4/framework/system/CodeIgniter.php(832): App\Controllers\Chats->insertChat()
#2 /Applications/MAMP/htdocs/baliwag/bessy/vendor/codeigniter4/framework/system/CodeIgniter.php(419): CodeIgniter\CodeIgniter->runController(Object(App\Controllers\Chats))
#3 /Applications/MAMP/htdocs/baliwag/bessy/vendor/codeigniter4/framework/system/CodeIgniter.php(326): CodeIgniter\CodeIgniter->handleRequest(NULL, Object(Config\Cache), false)
#4 /Applications/MAMP/htdocs/baliwag/bessy/index.php(38): CodeIgniter\CodeIgniter->run()
#5 {main}
CRITICAL - 2024-04-16 15:22:01 --> Undefined property: App\Controllers\Services::$userInformation
#0 /Applications/MAMP/htdocs/baliwag/bessy/app/Controllers/BaseController.php(73): CodeIgniter\Debug\Exceptions->errorHandler(2, 'Undefined prope...', '/Applications/M...', 73)
#1 /Applications/MAMP/htdocs/baliwag/bessy/vendor/codeigniter4/framework/system/CodeIgniter.php(810): App\Controllers\BaseController->initController(Object(CodeIgniter\HTTP\IncomingRequest), Object(CodeIgniter\HTTP\Response), Object(CodeIgniter\Log\Logger))
#2 /Applications/MAMP/htdocs/baliwag/bessy/vendor/codeigniter4/framework/system/CodeIgniter.php(410): CodeIgniter\CodeIgniter->createController()
#3 /Applications/MAMP/htdocs/baliwag/bessy/vendor/codeigniter4/framework/system/CodeIgniter.php(326): CodeIgniter\CodeIgniter->handleRequest(NULL, Object(Config\Cache), false)
#4 /Applications/MAMP/htdocs/baliwag/bessy/index.php(38): CodeIgniter\CodeIgniter->run()
#5 {main}
CRITICAL - 2024-04-16 15:22:55 --> Attempt to read property "firstname" on array
#0 /Applications/MAMP/htdocs/baliwag/bessy/app/Controllers/Chats.php(22): CodeIgniter\Debug\Exceptions->errorHandler(2, 'Attempt to read...', '/Applications/M...', 22)
#1 /Applications/MAMP/htdocs/baliwag/bessy/vendor/codeigniter4/framework/system/CodeIgniter.php(832): App\Controllers\Chats->insertChat()
#2 /Applications/MAMP/htdocs/baliwag/bessy/vendor/codeigniter4/framework/system/CodeIgniter.php(419): CodeIgniter\CodeIgniter->runController(Object(App\Controllers\Chats))
#3 /Applications/MAMP/htdocs/baliwag/bessy/vendor/codeigniter4/framework/system/CodeIgniter.php(326): CodeIgniter\CodeIgniter->handleRequest(NULL, Object(Config\Cache), false)
#4 /Applications/MAMP/htdocs/baliwag/bessy/index.php(38): CodeIgniter\CodeIgniter->run()
#5 {main}
CRITICAL - 2024-04-16 15:23:50 --> Attempt to read property "firstname" on array
#0 /Applications/MAMP/htdocs/baliwag/bessy/app/Controllers/Chats.php(22): CodeIgniter\Debug\Exceptions->errorHandler(2, 'Attempt to read...', '/Applications/M...', 22)
#1 /Applications/MAMP/htdocs/baliwag/bessy/vendor/codeigniter4/framework/system/CodeIgniter.php(832): App\Controllers\Chats->insertChat()
#2 /Applications/MAMP/htdocs/baliwag/bessy/vendor/codeigniter4/framework/system/CodeIgniter.php(419): CodeIgniter\CodeIgniter->runController(Object(App\Controllers\Chats))
#3 /Applications/MAMP/htdocs/baliwag/bessy/vendor/codeigniter4/framework/system/CodeIgniter.php(326): CodeIgniter\CodeIgniter->handleRequest(NULL, Object(Config\Cache), false)
#4 /Applications/MAMP/htdocs/baliwag/bessy/index.php(38): CodeIgniter\CodeIgniter->run()
#5 {main}
ERROR - 2024-04-16 15:48:58 --> Table 'baliwagc_bessy_db.logs' doesn't exist
CRITICAL - 2024-04-16 15:48:58 --> Undefined variable $departmentInfo
#0 /Applications/MAMP/htdocs/baliwag/bessy/app/Views/partials/chatDrawer.php(11): CodeIgniter\Debug\Exceptions->errorHandler(2, 'Undefined varia...', '/Applications/M...', 11)
#1 /Applications/MAMP/htdocs/baliwag/bessy/vendor/codeigniter4/framework/system/View/View.php(210): include('/Applications/M...')
#2 /Applications/MAMP/htdocs/baliwag/bessy/vendor/codeigniter4/framework/system/View/View.php(213): CodeIgniter\View\View->CodeIgniter\View\{closure}()
#3 /Applications/MAMP/htdocs/baliwag/bessy/vendor/codeigniter4/framework/system/View/View.php(424): CodeIgniter\View\View->render('partials/chatDr...', NULL, true)
#4 /Applications/MAMP/htdocs/baliwag/bessy/app/Views/layouts/nonAdminContainer.php(38): CodeIgniter\View\View->include('partials/chatDr...')
#5 /Applications/MAMP/htdocs/baliwag/bessy/vendor/codeigniter4/framework/system/View/View.php(210): include('/Applications/M...')
#6 /Applications/MAMP/htdocs/baliwag/bessy/vendor/codeigniter4/framework/system/View/View.php(213): CodeIgniter\View\View->CodeIgniter\View\{closure}()
#7 /Applications/MAMP/htdocs/baliwag/bessy/vendor/codeigniter4/framework/system/View/View.php(226): CodeIgniter\View\View->render('layouts/nonAdmi...', Array, true)
#8 /Applications/MAMP/htdocs/baliwag/bessy/vendor/codeigniter4/framework/system/Common.php(1089): CodeIgniter\View\View->render('dashboards/offi...', Array, true)
#9 /Applications/MAMP/htdocs/baliwag/bessy/app/Controllers/Dashboard.php(30): view('dashboards/offi...', Array)
#10 /Applications/MAMP/htdocs/baliwag/bessy/vendor/codeigniter4/framework/system/CodeIgniter.php(832): App\Controllers\Dashboard->index()
#11 /Applications/MAMP/htdocs/baliwag/bessy/vendor/codeigniter4/framework/system/CodeIgniter.php(419): CodeIgniter\CodeIgniter->runController(Object(App\Controllers\Dashboard))
#12 /Applications/MAMP/htdocs/baliwag/bessy/vendor/codeigniter4/framework/system/CodeIgniter.php(326): CodeIgniter\CodeIgniter->handleRequest(NULL, Object(Config\Cache), false)
#13 /Applications/MAMP/htdocs/baliwag/bessy/index.php(38): CodeIgniter\CodeIgniter->run()
#14 {main}
CRITICAL - 2024-04-16 15:49:18 --> Undefined variable $departmentInfo
#0 /Applications/MAMP/htdocs/baliwag/bessy/app/Views/partials/chatBox.php(10): CodeIgniter\Debug\Exceptions->errorHandler(2, 'Undefined varia...', '/Applications/M...', 10)
#1 /Applications/MAMP/htdocs/baliwag/bessy/vendor/codeigniter4/framework/system/View/View.php(210): include('/Applications/M...')
#2 /Applications/MAMP/htdocs/baliwag/bessy/vendor/codeigniter4/framework/system/View/View.php(213): CodeIgniter\View\View->CodeIgniter\View\{closure}()
#3 /Applications/MAMP/htdocs/baliwag/bessy/vendor/codeigniter4/framework/system/View/View.php(424): CodeIgniter\View\View->render('partials/chatBo...', NULL, true)
#4 /Applications/MAMP/htdocs/baliwag/bessy/app/Views/chats/chatList.php(94): CodeIgniter\View\View->include('partials/chatBo...')
#5 /Applications/MAMP/htdocs/baliwag/bessy/vendor/codeigniter4/framework/system/View/View.php(210): include('/Applications/M...')
#6 /Applications/MAMP/htdocs/baliwag/bessy/vendor/codeigniter4/framework/system/View/View.php(213): CodeIgniter\View\View->CodeIgniter\View\{closure}()
#7 /Applications/MAMP/htdocs/baliwag/bessy/vendor/codeigniter4/framework/system/Common.php(1089): CodeIgniter\View\View->render('chats/chatList', Array, true)
#8 /Applications/MAMP/htdocs/baliwag/bessy/app/Controllers/Chats.php(14): view('chats/chatList', Array)
#9 /Applications/MAMP/htdocs/baliwag/bessy/vendor/codeigniter4/framework/system/CodeIgniter.php(832): App\Controllers\Chats->index()
#10 /Applications/MAMP/htdocs/baliwag/bessy/vendor/codeigniter4/framework/system/CodeIgniter.php(419): CodeIgniter\CodeIgniter->runController(Object(App\Controllers\Chats))
#11 /Applications/MAMP/htdocs/baliwag/bessy/vendor/codeigniter4/framework/system/CodeIgniter.php(326): CodeIgniter\CodeIgniter->handleRequest(NULL, Object(Config\Cache), false)
#12 /Applications/MAMP/htdocs/baliwag/bessy/index.php(38): CodeIgniter\CodeIgniter->run()
#13 {main}
CRITICAL - 2024-04-16 15:49:23 --> Undefined variable $departmentInfo
#0 /Applications/MAMP/htdocs/baliwag/bessy/app/Views/partials/chatDrawer.php(11): CodeIgniter\Debug\Exceptions->errorHandler(2, 'Undefined varia...', '/Applications/M...', 11)
#1 /Applications/MAMP/htdocs/baliwag/bessy/vendor/codeigniter4/framework/system/View/View.php(210): include('/Applications/M...')
#2 /Applications/MAMP/htdocs/baliwag/bessy/vendor/codeigniter4/framework/system/View/View.php(213): CodeIgniter\View\View->CodeIgniter\View\{closure}()
#3 /Applications/MAMP/htdocs/baliwag/bessy/vendor/codeigniter4/framework/system/View/View.php(424): CodeIgniter\View\View->render('partials/chatDr...', NULL, true)
#4 /Applications/MAMP/htdocs/baliwag/bessy/app/Views/layouts/nonAdminContainer.php(38): CodeIgniter\View\View->include('partials/chatDr...')
#5 /Applications/MAMP/htdocs/baliwag/bessy/vendor/codeigniter4/framework/system/View/View.php(210): include('/Applications/M...')
#6 /Applications/MAMP/htdocs/baliwag/bessy/vendor/codeigniter4/framework/system/View/View.php(213): CodeIgniter\View\View->CodeIgniter\View\{closure}()
#7 /Applications/MAMP/htdocs/baliwag/bessy/vendor/codeigniter4/framework/system/View/View.php(226): CodeIgniter\View\View->render('layouts/nonAdmi...', Array, true)
#8 /Applications/MAMP/htdocs/baliwag/bessy/vendor/codeigniter4/framework/system/Common.php(1089): CodeIgniter\View\View->render('dashboards/offi...', Array, true)
#9 /Applications/MAMP/htdocs/baliwag/bessy/app/Controllers/Dashboard.php(30): view('dashboards/offi...', Array)
#10 /Applications/MAMP/htdocs/baliwag/bessy/vendor/codeigniter4/framework/system/CodeIgniter.php(832): App\Controllers\Dashboard->index()
#11 /Applications/MAMP/htdocs/baliwag/bessy/vendor/codeigniter4/framework/system/CodeIgniter.php(419): CodeIgniter\CodeIgniter->runController(Object(App\Controllers\Dashboard))
#12 /Applications/MAMP/htdocs/baliwag/bessy/vendor/codeigniter4/framework/system/CodeIgniter.php(326): CodeIgniter\CodeIgniter->handleRequest(NULL, Object(Config\Cache), false)
#13 /Applications/MAMP/htdocs/baliwag/bessy/index.php(38): CodeIgniter\CodeIgniter->run()
#14 {main}
CRITICAL - 2024-04-16 15:50:14 --> Undefined variable $convoInfo
#0 /Applications/MAMP/htdocs/baliwag/bessy/app/Views/partials/chatDrawer.php(63): CodeIgniter\Debug\Exceptions->errorHandler(2, 'Undefined varia...', '/Applications/M...', 63)
#1 /Applications/MAMP/htdocs/baliwag/bessy/vendor/codeigniter4/framework/system/View/View.php(210): include('/Applications/M...')
#2 /Applications/MAMP/htdocs/baliwag/bessy/vendor/codeigniter4/framework/system/View/View.php(213): CodeIgniter\View\View->CodeIgniter\View\{closure}()
#3 /Applications/MAMP/htdocs/baliwag/bessy/vendor/codeigniter4/framework/system/View/View.php(424): CodeIgniter\View\View->render('partials/chatDr...', NULL, true)
#4 /Applications/MAMP/htdocs/baliwag/bessy/app/Views/layouts/nonAdminContainer.php(38): CodeIgniter\View\View->include('partials/chatDr...')
#5 /Applications/MAMP/htdocs/baliwag/bessy/vendor/codeigniter4/framework/system/View/View.php(210): include('/Applications/M...')
#6 /Applications/MAMP/htdocs/baliwag/bessy/vendor/codeigniter4/framework/system/View/View.php(213): CodeIgniter\View\View->CodeIgniter\View\{closure}()
#7 /Applications/MAMP/htdocs/baliwag/bessy/vendor/codeigniter4/framework/system/View/View.php(226): CodeIgniter\View\View->render('layouts/nonAdmi...', Array, true)
#8 /Applications/MAMP/htdocs/baliwag/bessy/vendor/codeigniter4/framework/system/Common.php(1089): CodeIgniter\View\View->render('dashboards/offi...', Array, true)
#9 /Applications/MAMP/htdocs/baliwag/bessy/app/Controllers/Dashboard.php(31): view('dashboards/offi...', Array)
#10 /Applications/MAMP/htdocs/baliwag/bessy/vendor/codeigniter4/framework/system/CodeIgniter.php(832): App\Controllers\Dashboard->index()
#11 /Applications/MAMP/htdocs/baliwag/bessy/vendor/codeigniter4/framework/system/CodeIgniter.php(419): CodeIgniter\CodeIgniter->runController(Object(App\Controllers\Dashboard))
#12 /Applications/MAMP/htdocs/baliwag/bessy/vendor/codeigniter4/framework/system/CodeIgniter.php(326): CodeIgniter\CodeIgniter->handleRequest(NULL, Object(Config\Cache), false)
#13 /Applications/MAMP/htdocs/baliwag/bessy/index.php(38): CodeIgniter\CodeIgniter->run()
#14 {main}
CRITICAL - 2024-04-16 15:53:56 --> Undefined property: CodeIgniter\View\View::$userInformation
#0 /Applications/MAMP/htdocs/baliwag/bessy/app/Views/partials/chatDrawer.php(1): CodeIgniter\Debug\Exceptions->errorHandler(2, 'Undefined prope...', '/Applications/M...', 1)
#1 /Applications/MAMP/htdocs/baliwag/bessy/vendor/codeigniter4/framework/system/View/View.php(210): include('/Applications/M...')
#2 /Applications/MAMP/htdocs/baliwag/bessy/vendor/codeigniter4/framework/system/View/View.php(213): CodeIgniter\View\View->CodeIgniter\View\{closure}()
#3 /Applications/MAMP/htdocs/baliwag/bessy/vendor/codeigniter4/framework/system/View/View.php(424): CodeIgniter\View\View->render('partials/chatDr...', NULL, true)
#4 /Applications/MAMP/htdocs/baliwag/bessy/app/Views/layouts/nonAdminContainer.php(38): CodeIgniter\View\View->include('partials/chatDr...')
#5 /Applications/MAMP/htdocs/baliwag/bessy/vendor/codeigniter4/framework/system/View/View.php(210): include('/Applications/M...')
#6 /Applications/MAMP/htdocs/baliwag/bessy/vendor/codeigniter4/framework/system/View/View.php(213): CodeIgniter\View\View->CodeIgniter\View\{closure}()
#7 /Applications/MAMP/htdocs/baliwag/bessy/vendor/codeigniter4/framework/system/View/View.php(226): CodeIgniter\View\View->render('layouts/nonAdmi...', Array, true)
#8 /Applications/MAMP/htdocs/baliwag/bessy/vendor/codeigniter4/framework/system/Common.php(1089): CodeIgniter\View\View->render('dashboards/offi...', Array, true)
#9 /Applications/MAMP/htdocs/baliwag/bessy/app/Controllers/Dashboard.php(31): view('dashboards/offi...', Array)
#10 /Applications/MAMP/htdocs/baliwag/bessy/vendor/codeigniter4/framework/system/CodeIgniter.php(832): App\Controllers\Dashboard->index()
#11 /Applications/MAMP/htdocs/baliwag/bessy/vendor/codeigniter4/framework/system/CodeIgniter.php(419): CodeIgniter\CodeIgniter->runController(Object(App\Controllers\Dashboard))
#12 /Applications/MAMP/htdocs/baliwag/bessy/vendor/codeigniter4/framework/system/CodeIgniter.php(326): CodeIgniter\CodeIgniter->handleRequest(NULL, Object(Config\Cache), false)
#13 /Applications/MAMP/htdocs/baliwag/bessy/index.php(38): CodeIgniter\CodeIgniter->run()
#14 {main}
CRITICAL - 2024-04-16 15:53:57 --> Undefined property: CodeIgniter\View\View::$userInformation
#0 /Applications/MAMP/htdocs/baliwag/bessy/app/Views/partials/chatDrawer.php(1): CodeIgniter\Debug\Exceptions->errorHandler(2, 'Undefined prope...', '/Applications/M...', 1)
#1 /Applications/MAMP/htdocs/baliwag/bessy/vendor/codeigniter4/framework/system/View/View.php(210): include('/Applications/M...')
#2 /Applications/MAMP/htdocs/baliwag/bessy/vendor/codeigniter4/framework/system/View/View.php(213): CodeIgniter\View\View->CodeIgniter\View\{closure}()
#3 /Applications/MAMP/htdocs/baliwag/bessy/vendor/codeigniter4/framework/system/View/View.php(424): CodeIgniter\View\View->render('partials/chatDr...', NULL, true)
#4 /Applications/MAMP/htdocs/baliwag/bessy/app/Views/layouts/nonAdminContainer.php(38): CodeIgniter\View\View->include('partials/chatDr...')
#5 /Applications/MAMP/htdocs/baliwag/bessy/vendor/codeigniter4/framework/system/View/View.php(210): include('/Applications/M...')
#6 /Applications/MAMP/htdocs/baliwag/bessy/vendor/codeigniter4/framework/system/View/View.php(213): CodeIgniter\View\View->CodeIgniter\View\{closure}()
#7 /Applications/MAMP/htdocs/baliwag/bessy/vendor/codeigniter4/framework/system/View/View.php(226): CodeIgniter\View\View->render('layouts/nonAdmi...', Array, true)
#8 /Applications/MAMP/htdocs/baliwag/bessy/vendor/codeigniter4/framework/system/Common.php(1089): CodeIgniter\View\View->render('dashboards/offi...', Array, true)
#9 /Applications/MAMP/htdocs/baliwag/bessy/app/Controllers/Dashboard.php(31): view('dashboards/offi...', Array)
#10 /Applications/MAMP/htdocs/baliwag/bessy/vendor/codeigniter4/framework/system/CodeIgniter.php(832): App\Controllers\Dashboard->index()
#11 /Applications/MAMP/htdocs/baliwag/bessy/vendor/codeigniter4/framework/system/CodeIgniter.php(419): CodeIgniter\CodeIgniter->runController(Object(App\Controllers\Dashboard))
#12 /Applications/MAMP/htdocs/baliwag/bessy/vendor/codeigniter4/framework/system/CodeIgniter.php(326): CodeIgniter\CodeIgniter->handleRequest(NULL, Object(Config\Cache), false)
#13 /Applications/MAMP/htdocs/baliwag/bessy/index.php(38): CodeIgniter\CodeIgniter->run()
#14 {main}
CRITICAL - 2024-04-16 15:53:58 --> Undefined property: CodeIgniter\View\View::$userInformation
#0 /Applications/MAMP/htdocs/baliwag/bessy/app/Views/partials/chatDrawer.php(1): CodeIgniter\Debug\Exceptions->errorHandler(2, 'Undefined prope...', '/Applications/M...', 1)
#1 /Applications/MAMP/htdocs/baliwag/bessy/vendor/codeigniter4/framework/system/View/View.php(210): include('/Applications/M...')
#2 /Applications/MAMP/htdocs/baliwag/bessy/vendor/codeigniter4/framework/system/View/View.php(213): CodeIgniter\View\View->CodeIgniter\View\{closure}()
#3 /Applications/MAMP/htdocs/baliwag/bessy/vendor/codeigniter4/framework/system/View/View.php(424): CodeIgniter\View\View->render('partials/chatDr...', NULL, true)
#4 /Applications/MAMP/htdocs/baliwag/bessy/app/Views/layouts/nonAdminContainer.php(38): CodeIgniter\View\View->include('partials/chatDr...')
#5 /Applications/MAMP/htdocs/baliwag/bessy/vendor/codeigniter4/framework/system/View/View.php(210): include('/Applications/M...')
#6 /Applications/MAMP/htdocs/baliwag/bessy/vendor/codeigniter4/framework/system/View/View.php(213): CodeIgniter\View\View->CodeIgniter\View\{closure}()
#7 /Applications/MAMP/htdocs/baliwag/bessy/vendor/codeigniter4/framework/system/View/View.php(226): CodeIgniter\View\View->render('layouts/nonAdmi...', Array, true)
#8 /Applications/MAMP/htdocs/baliwag/bessy/vendor/codeigniter4/framework/system/Common.php(1089): CodeIgniter\View\View->render('dashboards/offi...', Array, true)
#9 /Applications/MAMP/htdocs/baliwag/bessy/app/Controllers/Dashboard.php(31): view('dashboards/offi...', Array)
#10 /Applications/MAMP/htdocs/baliwag/bessy/vendor/codeigniter4/framework/system/CodeIgniter.php(832): App\Controllers\Dashboard->index()
#11 /Applications/MAMP/htdocs/baliwag/bessy/vendor/codeigniter4/framework/system/CodeIgniter.php(419): CodeIgniter\CodeIgniter->runController(Object(App\Controllers\Dashboard))
#12 /Applications/MAMP/htdocs/baliwag/bessy/vendor/codeigniter4/framework/system/CodeIgniter.php(326): CodeIgniter\CodeIgniter->handleRequest(NULL, Object(Config\Cache), false)
#13 /Applications/MAMP/htdocs/baliwag/bessy/index.php(38): CodeIgniter\CodeIgniter->run()
#14 {main}
CRITICAL - 2024-04-16 15:54:30 --> Undefined property: CodeIgniter\View\View::$userInformation
#0 /Applications/MAMP/htdocs/baliwag/bessy/app/Views/partials/chatDrawer.php(1): CodeIgniter\Debug\Exceptions->errorHandler(2, 'Undefined prope...', '/Applications/M...', 1)
#1 /Applications/MAMP/htdocs/baliwag/bessy/vendor/codeigniter4/framework/system/View/View.php(210): include('/Applications/M...')
#2 /Applications/MAMP/htdocs/baliwag/bessy/vendor/codeigniter4/framework/system/View/View.php(213): CodeIgniter\View\View->CodeIgniter\View\{closure}()
#3 /Applications/MAMP/htdocs/baliwag/bessy/vendor/codeigniter4/framework/system/View/View.php(424): CodeIgniter\View\View->render('partials/chatDr...', NULL, true)
#4 /Applications/MAMP/htdocs/baliwag/bessy/app/Views/layouts/nonAdminContainer.php(38): CodeIgniter\View\View->include('partials/chatDr...')
#5 /Applications/MAMP/htdocs/baliwag/bessy/vendor/codeigniter4/framework/system/View/View.php(210): include('/Applications/M...')
#6 /Applications/MAMP/htdocs/baliwag/bessy/vendor/codeigniter4/framework/system/View/View.php(213): CodeIgniter\View\View->CodeIgniter\View\{closure}()
#7 /Applications/MAMP/htdocs/baliwag/bessy/vendor/codeigniter4/framework/system/View/View.php(226): CodeIgniter\View\View->render('layouts/nonAdmi...', Array, true)
#8 /Applications/MAMP/htdocs/baliwag/bessy/vendor/codeigniter4/framework/system/Common.php(1089): CodeIgniter\View\View->render('dashboards/offi...', Array, true)
#9 /Applications/MAMP/htdocs/baliwag/bessy/app/Controllers/Dashboard.php(31): view('dashboards/offi...', Array)
#10 /Applications/MAMP/htdocs/baliwag/bessy/vendor/codeigniter4/framework/system/CodeIgniter.php(832): App\Controllers\Dashboard->index()
#11 /Applications/MAMP/htdocs/baliwag/bessy/vendor/codeigniter4/framework/system/CodeIgniter.php(419): CodeIgniter\CodeIgniter->runController(Object(App\Controllers\Dashboard))
#12 /Applications/MAMP/htdocs/baliwag/bessy/vendor/codeigniter4/framework/system/CodeIgniter.php(326): CodeIgniter\CodeIgniter->handleRequest(NULL, Object(Config\Cache), false)
#13 /Applications/MAMP/htdocs/baliwag/bessy/index.php(38): CodeIgniter\CodeIgniter->run()
#14 {main}
CRITICAL - 2024-04-16 15:54:49 --> Undefined property: CodeIgniter\View\View::$userInformation
#0 /Applications/MAMP/htdocs/baliwag/bessy/app/Views/partials/chatDrawer.php(1): CodeIgniter\Debug\Exceptions->errorHandler(2, 'Undefined prope...', '/Applications/M...', 1)
#1 /Applications/MAMP/htdocs/baliwag/bessy/vendor/codeigniter4/framework/system/View/View.php(210): include('/Applications/M...')
#2 /Applications/MAMP/htdocs/baliwag/bessy/vendor/codeigniter4/framework/system/View/View.php(213): CodeIgniter\View\View->CodeIgniter\View\{closure}()
#3 /Applications/MAMP/htdocs/baliwag/bessy/vendor/codeigniter4/framework/system/View/View.php(424): CodeIgniter\View\View->render('partials/chatDr...', NULL, true)
#4 /Applications/MAMP/htdocs/baliwag/bessy/app/Views/layouts/nonAdminContainer.php(38): CodeIgniter\View\View->include('partials/chatDr...')
#5 /Applications/MAMP/htdocs/baliwag/bessy/vendor/codeigniter4/framework/system/View/View.php(210): include('/Applications/M...')
#6 /Applications/MAMP/htdocs/baliwag/bessy/vendor/codeigniter4/framework/system/View/View.php(213): CodeIgniter\View\View->CodeIgniter\View\{closure}()
#7 /Applications/MAMP/htdocs/baliwag/bessy/vendor/codeigniter4/framework/system/View/View.php(226): CodeIgniter\View\View->render('layouts/nonAdmi...', Array, true)
#8 /Applications/MAMP/htdocs/baliwag/bessy/vendor/codeigniter4/framework/system/Common.php(1089): CodeIgniter\View\View->render('dashboards/offi...', Array, true)
#9 /Applications/MAMP/htdocs/baliwag/bessy/app/Controllers/Dashboard.php(31): view('dashboards/offi...', Array)
#10 /Applications/MAMP/htdocs/baliwag/bessy/vendor/codeigniter4/framework/system/CodeIgniter.php(832): App\Controllers\Dashboard->index()
#11 /Applications/MAMP/htdocs/baliwag/bessy/vendor/codeigniter4/framework/system/CodeIgniter.php(419): CodeIgniter\CodeIgniter->runController(Object(App\Controllers\Dashboard))
#12 /Applications/MAMP/htdocs/baliwag/bessy/vendor/codeigniter4/framework/system/CodeIgniter.php(326): CodeIgniter\CodeIgniter->handleRequest(NULL, Object(Config\Cache), false)
#13 /Applications/MAMP/htdocs/baliwag/bessy/index.php(38): CodeIgniter\CodeIgniter->run()
#14 {main}
CRITICAL - 2024-04-16 15:54:57 --> Undefined property: CodeIgniter\View\View::$userInformation
#0 /Applications/MAMP/htdocs/baliwag/bessy/app/Views/partials/chatDrawer.php(1): CodeIgniter\Debug\Exceptions->errorHandler(2, 'Undefined prope...', '/Applications/M...', 1)
#1 /Applications/MAMP/htdocs/baliwag/bessy/vendor/codeigniter4/framework/system/View/View.php(210): include('/Applications/M...')
#2 /Applications/MAMP/htdocs/baliwag/bessy/vendor/codeigniter4/framework/system/View/View.php(213): CodeIgniter\View\View->CodeIgniter\View\{closure}()
#3 /Applications/MAMP/htdocs/baliwag/bessy/vendor/codeigniter4/framework/system/View/View.php(424): CodeIgniter\View\View->render('partials/chatDr...', NULL, true)
#4 /Applications/MAMP/htdocs/baliwag/bessy/app/Views/layouts/nonAdminContainer.php(38): CodeIgniter\View\View->include('partials/chatDr...')
#5 /Applications/MAMP/htdocs/baliwag/bessy/vendor/codeigniter4/framework/system/View/View.php(210): include('/Applications/M...')
#6 /Applications/MAMP/htdocs/baliwag/bessy/vendor/codeigniter4/framework/system/View/View.php(213): CodeIgniter\View\View->CodeIgniter\View\{closure}()
#7 /Applications/MAMP/htdocs/baliwag/bessy/vendor/codeigniter4/framework/system/View/View.php(226): CodeIgniter\View\View->render('layouts/nonAdmi...', Array, true)
#8 /Applications/MAMP/htdocs/baliwag/bessy/vendor/codeigniter4/framework/system/Common.php(1089): CodeIgniter\View\View->render('dashboards/offi...', Array, true)
#9 /Applications/MAMP/htdocs/baliwag/bessy/app/Controllers/Dashboard.php(31): view('dashboards/offi...', Array)
#10 /Applications/MAMP/htdocs/baliwag/bessy/vendor/codeigniter4/framework/system/CodeIgniter.php(832): App\Controllers\Dashboard->index()
#11 /Applications/MAMP/htdocs/baliwag/bessy/vendor/codeigniter4/framework/system/CodeIgniter.php(419): CodeIgniter\CodeIgniter->runController(Object(App\Controllers\Dashboard))
#12 /Applications/MAMP/htdocs/baliwag/bessy/vendor/codeigniter4/framework/system/CodeIgniter.php(326): CodeIgniter\CodeIgniter->handleRequest(NULL, Object(Config\Cache), false)
#13 /Applications/MAMP/htdocs/baliwag/bessy/index.php(38): CodeIgniter\CodeIgniter->run()
#14 {main}
CRITICAL - 2024-04-16 15:55:19 --> Undefined property: CodeIgniter\View\View::$userInformation
#0 /Applications/MAMP/htdocs/baliwag/bessy/app/Views/partials/chatDrawer.php(1): CodeIgniter\Debug\Exceptions->errorHandler(2, 'Undefined prope...', '/Applications/M...', 1)
#1 /Applications/MAMP/htdocs/baliwag/bessy/vendor/codeigniter4/framework/system/View/View.php(210): include('/Applications/M...')
#2 /Applications/MAMP/htdocs/baliwag/bessy/vendor/codeigniter4/framework/system/View/View.php(213): CodeIgniter\View\View->CodeIgniter\View\{closure}()
#3 /Applications/MAMP/htdocs/baliwag/bessy/vendor/codeigniter4/framework/system/View/View.php(424): CodeIgniter\View\View->render('partials/chatDr...', NULL, true)
#4 /Applications/MAMP/htdocs/baliwag/bessy/app/Views/layouts/nonAdminContainer.php(38): CodeIgniter\View\View->include('partials/chatDr...')
#5 /Applications/MAMP/htdocs/baliwag/bessy/vendor/codeigniter4/framework/system/View/View.php(210): include('/Applications/M...')
#6 /Applications/MAMP/htdocs/baliwag/bessy/vendor/codeigniter4/framework/system/View/View.php(213): CodeIgniter\View\View->CodeIgniter\View\{closure}()
#7 /Applications/MAMP/htdocs/baliwag/bessy/vendor/codeigniter4/framework/system/View/View.php(226): CodeIgniter\View\View->render('layouts/nonAdmi...', Array, true)
#8 /Applications/MAMP/htdocs/baliwag/bessy/vendor/codeigniter4/framework/system/Common.php(1089): CodeIgniter\View\View->render('dashboards/offi...', Array, true)
#9 /Applications/MAMP/htdocs/baliwag/bessy/app/Controllers/Dashboard.php(31): view('dashboards/offi...', Array)
#10 /Applications/MAMP/htdocs/baliwag/bessy/vendor/codeigniter4/framework/system/CodeIgniter.php(832): App\Controllers\Dashboard->index()
#11 /Applications/MAMP/htdocs/baliwag/bessy/vendor/codeigniter4/framework/system/CodeIgniter.php(419): CodeIgniter\CodeIgniter->runController(Object(App\Controllers\Dashboard))
#12 /Applications/MAMP/htdocs/baliwag/bessy/vendor/codeigniter4/framework/system/CodeIgniter.php(326): CodeIgniter\CodeIgniter->handleRequest(NULL, Object(Config\Cache), false)
#13 /Applications/MAMP/htdocs/baliwag/bessy/index.php(38): CodeIgniter\CodeIgniter->run()
#14 {main}
CRITICAL - 2024-04-16 15:55:47 --> Undefined property: CodeIgniter\View\View::$userInformation
#0 /Applications/MAMP/htdocs/baliwag/bessy/app/Views/partials/chatDrawer.php(1): CodeIgniter\Debug\Exceptions->errorHandler(2, 'Undefined prope...', '/Applications/M...', 1)
#1 /Applications/MAMP/htdocs/baliwag/bessy/vendor/codeigniter4/framework/system/View/View.php(210): include('/Applications/M...')
#2 /Applications/MAMP/htdocs/baliwag/bessy/vendor/codeigniter4/framework/system/View/View.php(213): CodeIgniter\View\View->CodeIgniter\View\{closure}()
#3 /Applications/MAMP/htdocs/baliwag/bessy/vendor/codeigniter4/framework/system/View/View.php(424): CodeIgniter\View\View->render('partials/chatDr...', NULL, true)
#4 /Applications/MAMP/htdocs/baliwag/bessy/app/Views/layouts/nonAdminContainer.php(38): CodeIgniter\View\View->include('partials/chatDr...')
#5 /Applications/MAMP/htdocs/baliwag/bessy/vendor/codeigniter4/framework/system/View/View.php(210): include('/Applications/M...')
#6 /Applications/MAMP/htdocs/baliwag/bessy/vendor/codeigniter4/framework/system/View/View.php(213): CodeIgniter\View\View->CodeIgniter\View\{closure}()
#7 /Applications/MAMP/htdocs/baliwag/bessy/vendor/codeigniter4/framework/system/View/View.php(226): CodeIgniter\View\View->render('layouts/nonAdmi...', Array, true)
#8 /Applications/MAMP/htdocs/baliwag/bessy/vendor/codeigniter4/framework/system/Common.php(1089): CodeIgniter\View\View->render('dashboards/offi...', Array, true)
#9 /Applications/MAMP/htdocs/baliwag/bessy/app/Controllers/Dashboard.php(31): view('dashboards/offi...', Array)
#10 /Applications/MAMP/htdocs/baliwag/bessy/vendor/codeigniter4/framework/system/CodeIgniter.php(832): App\Controllers\Dashboard->index()
#11 /Applications/MAMP/htdocs/baliwag/bessy/vendor/codeigniter4/framework/system/CodeIgniter.php(419): CodeIgniter\CodeIgniter->runController(Object(App\Controllers\Dashboard))
#12 /Applications/MAMP/htdocs/baliwag/bessy/vendor/codeigniter4/framework/system/CodeIgniter.php(326): CodeIgniter\CodeIgniter->handleRequest(NULL, Object(Config\Cache), false)
#13 /Applications/MAMP/htdocs/baliwag/bessy/index.php(38): CodeIgniter\CodeIgniter->run()
#14 {main}
CRITICAL - 2024-04-16 15:55:48 --> Undefined property: CodeIgniter\View\View::$userInformation
#0 /Applications/MAMP/htdocs/baliwag/bessy/app/Views/partials/chatDrawer.php(1): CodeIgniter\Debug\Exceptions->errorHandler(2, 'Undefined prope...', '/Applications/M...', 1)
#1 /Applications/MAMP/htdocs/baliwag/bessy/vendor/codeigniter4/framework/system/View/View.php(210): include('/Applications/M...')
#2 /Applications/MAMP/htdocs/baliwag/bessy/vendor/codeigniter4/framework/system/View/View.php(213): CodeIgniter\View\View->CodeIgniter\View\{closure}()
#3 /Applications/MAMP/htdocs/baliwag/bessy/vendor/codeigniter4/framework/system/View/View.php(424): CodeIgniter\View\View->render('partials/chatDr...', NULL, true)
#4 /Applications/MAMP/htdocs/baliwag/bessy/app/Views/layouts/nonAdminContainer.php(38): CodeIgniter\View\View->include('partials/chatDr...')
#5 /Applications/MAMP/htdocs/baliwag/bessy/vendor/codeigniter4/framework/system/View/View.php(210): include('/Applications/M...')
#6 /Applications/MAMP/htdocs/baliwag/bessy/vendor/codeigniter4/framework/system/View/View.php(213): CodeIgniter\View\View->CodeIgniter\View\{closure}()
#7 /Applications/MAMP/htdocs/baliwag/bessy/vendor/codeigniter4/framework/system/View/View.php(226): CodeIgniter\View\View->render('layouts/nonAdmi...', Array, true)
#8 /Applications/MAMP/htdocs/baliwag/bessy/vendor/codeigniter4/framework/system/Common.php(1089): CodeIgniter\View\View->render('dashboards/offi...', Array, true)
#9 /Applications/MAMP/htdocs/baliwag/bessy/app/Controllers/Dashboard.php(31): view('dashboards/offi...', Array)
#10 /Applications/MAMP/htdocs/baliwag/bessy/vendor/codeigniter4/framework/system/CodeIgniter.php(832): App\Controllers\Dashboard->index()
#11 /Applications/MAMP/htdocs/baliwag/bessy/vendor/codeigniter4/framework/system/CodeIgniter.php(419): CodeIgniter\CodeIgniter->runController(Object(App\Controllers\Dashboard))
#12 /Applications/MAMP/htdocs/baliwag/bessy/vendor/codeigniter4/framework/system/CodeIgniter.php(326): CodeIgniter\CodeIgniter->handleRequest(NULL, Object(Config\Cache), false)
#13 /Applications/MAMP/htdocs/baliwag/bessy/index.php(38): CodeIgniter\CodeIgniter->run()
#14 {main}
CRITICAL - 2024-04-16 15:55:49 --> Undefined property: CodeIgniter\View\View::$userInformation
#0 /Applications/MAMP/htdocs/baliwag/bessy/app/Views/partials/chatDrawer.php(1): CodeIgniter\Debug\Exceptions->errorHandler(2, 'Undefined prope...', '/Applications/M...', 1)
#1 /Applications/MAMP/htdocs/baliwag/bessy/vendor/codeigniter4/framework/system/View/View.php(210): include('/Applications/M...')
#2 /Applications/MAMP/htdocs/baliwag/bessy/vendor/codeigniter4/framework/system/View/View.php(213): CodeIgniter\View\View->CodeIgniter\View\{closure}()
#3 /Applications/MAMP/htdocs/baliwag/bessy/vendor/codeigniter4/framework/system/View/View.php(424): CodeIgniter\View\View->render('partials/chatDr...', NULL, true)
#4 /Applications/MAMP/htdocs/baliwag/bessy/app/Views/layouts/nonAdminContainer.php(38): CodeIgniter\View\View->include('partials/chatDr...')
#5 /Applications/MAMP/htdocs/baliwag/bessy/vendor/codeigniter4/framework/system/View/View.php(210): include('/Applications/M...')
#6 /Applications/MAMP/htdocs/baliwag/bessy/vendor/codeigniter4/framework/system/View/View.php(213): CodeIgniter\View\View->CodeIgniter\View\{closure}()
#7 /Applications/MAMP/htdocs/baliwag/bessy/vendor/codeigniter4/framework/system/View/View.php(226): CodeIgniter\View\View->render('layouts/nonAdmi...', Array, true)
#8 /Applications/MAMP/htdocs/baliwag/bessy/vendor/codeigniter4/framework/system/Common.php(1089): CodeIgniter\View\View->render('dashboards/offi...', Array, true)
#9 /Applications/MAMP/htdocs/baliwag/bessy/app/Controllers/Dashboard.php(31): view('dashboards/offi...', Array)
#10 /Applications/MAMP/htdocs/baliwag/bessy/vendor/codeigniter4/framework/system/CodeIgniter.php(832): App\Controllers\Dashboard->index()
#11 /Applications/MAMP/htdocs/baliwag/bessy/vendor/codeigniter4/framework/system/CodeIgniter.php(419): CodeIgniter\CodeIgniter->runController(Object(App\Controllers\Dashboard))
#12 /Applications/MAMP/htdocs/baliwag/bessy/vendor/codeigniter4/framework/system/CodeIgniter.php(326): CodeIgniter\CodeIgniter->handleRequest(NULL, Object(Config\Cache), false)
#13 /Applications/MAMP/htdocs/baliwag/bessy/index.php(38): CodeIgniter\CodeIgniter->run()
#14 {main}
CRITICAL - 2024-04-16 15:55:49 --> Undefined property: CodeIgniter\View\View::$userInformation
#0 /Applications/MAMP/htdocs/baliwag/bessy/app/Views/partials/chatDrawer.php(1): CodeIgniter\Debug\Exceptions->errorHandler(2, 'Undefined prope...', '/Applications/M...', 1)
#1 /Applications/MAMP/htdocs/baliwag/bessy/vendor/codeigniter4/framework/system/View/View.php(210): include('/Applications/M...')
#2 /Applications/MAMP/htdocs/baliwag/bessy/vendor/codeigniter4/framework/system/View/View.php(213): CodeIgniter\View\View->CodeIgniter\View\{closure}()
#3 /Applications/MAMP/htdocs/baliwag/bessy/vendor/codeigniter4/framework/system/View/View.php(424): CodeIgniter\View\View->render('partials/chatDr...', NULL, true)
#4 /Applications/MAMP/htdocs/baliwag/bessy/app/Views/layouts/nonAdminContainer.php(38): CodeIgniter\View\View->include('partials/chatDr...')
#5 /Applications/MAMP/htdocs/baliwag/bessy/vendor/codeigniter4/framework/system/View/View.php(210): include('/Applications/M...')
#6 /Applications/MAMP/htdocs/baliwag/bessy/vendor/codeigniter4/framework/system/View/View.php(213): CodeIgniter\View\View->CodeIgniter\View\{closure}()
#7 /Applications/MAMP/htdocs/baliwag/bessy/vendor/codeigniter4/framework/system/View/View.php(226): CodeIgniter\View\View->render('layouts/nonAdmi...', Array, true)
#8 /Applications/MAMP/htdocs/baliwag/bessy/vendor/codeigniter4/framework/system/Common.php(1089): CodeIgniter\View\View->render('dashboards/offi...', Array, true)
#9 /Applications/MAMP/htdocs/baliwag/bessy/app/Controllers/Dashboard.php(31): view('dashboards/offi...', Array)
#10 /Applications/MAMP/htdocs/baliwag/bessy/vendor/codeigniter4/framework/system/CodeIgniter.php(832): App\Controllers\Dashboard->index()
#11 /Applications/MAMP/htdocs/baliwag/bessy/vendor/codeigniter4/framework/system/CodeIgniter.php(419): CodeIgniter\CodeIgniter->runController(Object(App\Controllers\Dashboard))
#12 /Applications/MAMP/htdocs/baliwag/bessy/vendor/codeigniter4/framework/system/CodeIgniter.php(326): CodeIgniter\CodeIgniter->handleRequest(NULL, Object(Config\Cache), false)
#13 /Applications/MAMP/htdocs/baliwag/bessy/index.php(38): CodeIgniter\CodeIgniter->run()
#14 {main}
CRITICAL - 2024-04-16 15:55:53 --> Undefined property: CodeIgniter\View\View::$userInformation
#0 /Applications/MAMP/htdocs/baliwag/bessy/app/Views/partials/chatDrawer.php(1): CodeIgniter\Debug\Exceptions->errorHandler(2, 'Undefined prope...', '/Applications/M...', 1)
#1 /Applications/MAMP/htdocs/baliwag/bessy/vendor/codeigniter4/framework/system/View/View.php(210): include('/Applications/M...')
#2 /Applications/MAMP/htdocs/baliwag/bessy/vendor/codeigniter4/framework/system/View/View.php(213): CodeIgniter\View\View->CodeIgniter\View\{closure}()
#3 /Applications/MAMP/htdocs/baliwag/bessy/vendor/codeigniter4/framework/system/View/View.php(424): CodeIgniter\View\View->render('partials/chatDr...', NULL, true)
#4 /Applications/MAMP/htdocs/baliwag/bessy/app/Views/layouts/nonAdminContainer.php(38): CodeIgniter\View\View->include('partials/chatDr...')
#5 /Applications/MAMP/htdocs/baliwag/bessy/vendor/codeigniter4/framework/system/View/View.php(210): include('/Applications/M...')
#6 /Applications/MAMP/htdocs/baliwag/bessy/vendor/codeigniter4/framework/system/View/View.php(213): CodeIgniter\View\View->CodeIgniter\View\{closure}()
#7 /Applications/MAMP/htdocs/baliwag/bessy/vendor/codeigniter4/framework/system/View/View.php(226): CodeIgniter\View\View->render('layouts/nonAdmi...', Array, true)
#8 /Applications/MAMP/htdocs/baliwag/bessy/vendor/codeigniter4/framework/system/Common.php(1089): CodeIgniter\View\View->render('dashboards/offi...', Array, true)
#9 /Applications/MAMP/htdocs/baliwag/bessy/app/Controllers/Dashboard.php(31): view('dashboards/offi...', Array)
#10 /Applications/MAMP/htdocs/baliwag/bessy/vendor/codeigniter4/framework/system/CodeIgniter.php(832): App\Controllers\Dashboard->index()
#11 /Applications/MAMP/htdocs/baliwag/bessy/vendor/codeigniter4/framework/system/CodeIgniter.php(419): CodeIgniter\CodeIgniter->runController(Object(App\Controllers\Dashboard))
#12 /Applications/MAMP/htdocs/baliwag/bessy/vendor/codeigniter4/framework/system/CodeIgniter.php(326): CodeIgniter\CodeIgniter->handleRequest(NULL, Object(Config\Cache), false)
#13 /Applications/MAMP/htdocs/baliwag/bessy/index.php(38): CodeIgniter\CodeIgniter->run()
#14 {main}
CRITICAL - 2024-04-16 15:55:54 --> Undefined property: CodeIgniter\View\View::$userInformation
#0 /Applications/MAMP/htdocs/baliwag/bessy/app/Views/partials/chatDrawer.php(1): CodeIgniter\Debug\Exceptions->errorHandler(2, 'Undefined prope...', '/Applications/M...', 1)
#1 /Applications/MAMP/htdocs/baliwag/bessy/vendor/codeigniter4/framework/system/View/View.php(210): include('/Applications/M...')
#2 /Applications/MAMP/htdocs/baliwag/bessy/vendor/codeigniter4/framework/system/View/View.php(213): CodeIgniter\View\View->CodeIgniter\View\{closure}()
#3 /Applications/MAMP/htdocs/baliwag/bessy/vendor/codeigniter4/framework/system/View/View.php(424): CodeIgniter\View\View->render('partials/chatDr...', NULL, true)
#4 /Applications/MAMP/htdocs/baliwag/bessy/app/Views/layouts/nonAdminContainer.php(38): CodeIgniter\View\View->include('partials/chatDr...')
#5 /Applications/MAMP/htdocs/baliwag/bessy/vendor/codeigniter4/framework/system/View/View.php(210): include('/Applications/M...')
#6 /Applications/MAMP/htdocs/baliwag/bessy/vendor/codeigniter4/framework/system/View/View.php(213): CodeIgniter\View\View->CodeIgniter\View\{closure}()
#7 /Applications/MAMP/htdocs/baliwag/bessy/vendor/codeigniter4/framework/system/View/View.php(226): CodeIgniter\View\View->render('layouts/nonAdmi...', Array, true)
#8 /Applications/MAMP/htdocs/baliwag/bessy/vendor/codeigniter4/framework/system/Common.php(1089): CodeIgniter\View\View->render('dashboards/offi...', Array, true)
#9 /Applications/MAMP/htdocs/baliwag/bessy/app/Controllers/Dashboard.php(31): view('dashboards/offi...', Array)
#10 /Applications/MAMP/htdocs/baliwag/bessy/vendor/codeigniter4/framework/system/CodeIgniter.php(832): App\Controllers\Dashboard->index()
#11 /Applications/MAMP/htdocs/baliwag/bessy/vendor/codeigniter4/framework/system/CodeIgniter.php(419): CodeIgniter\CodeIgniter->runController(Object(App\Controllers\Dashboard))
#12 /Applications/MAMP/htdocs/baliwag/bessy/vendor/codeigniter4/framework/system/CodeIgniter.php(326): CodeIgniter\CodeIgniter->handleRequest(NULL, Object(Config\Cache), false)
#13 /Applications/MAMP/htdocs/baliwag/bessy/index.php(38): CodeIgniter\CodeIgniter->run()
#14 {main}
CRITICAL - 2024-04-16 15:56:27 --> Undefined property: CodeIgniter\View\View::$userInformation
#0 /Applications/MAMP/htdocs/baliwag/bessy/app/Views/layouts/nonAdminContainer.php(38): CodeIgniter\Debug\Exceptions->errorHandler(2, 'Undefined prope...', '/Applications/M...', 38)
#1 /Applications/MAMP/htdocs/baliwag/bessy/vendor/codeigniter4/framework/system/View/View.php(210): include('/Applications/M...')
#2 /Applications/MAMP/htdocs/baliwag/bessy/vendor/codeigniter4/framework/system/View/View.php(213): CodeIgniter\View\View->CodeIgniter\View\{closure}()
#3 /Applications/MAMP/htdocs/baliwag/bessy/vendor/codeigniter4/framework/system/View/View.php(226): CodeIgniter\View\View->render('layouts/nonAdmi...', Array, true)
#4 /Applications/MAMP/htdocs/baliwag/bessy/vendor/codeigniter4/framework/system/Common.php(1089): CodeIgniter\View\View->render('dashboards/offi...', Array, true)
#5 /Applications/MAMP/htdocs/baliwag/bessy/app/Controllers/Dashboard.php(31): view('dashboards/offi...', Array)
#6 /Applications/MAMP/htdocs/baliwag/bessy/vendor/codeigniter4/framework/system/CodeIgniter.php(832): App\Controllers\Dashboard->index()
#7 /Applications/MAMP/htdocs/baliwag/bessy/vendor/codeigniter4/framework/system/CodeIgniter.php(419): CodeIgniter\CodeIgniter->runController(Object(App\Controllers\Dashboard))
#8 /Applications/MAMP/htdocs/baliwag/bessy/vendor/codeigniter4/framework/system/CodeIgniter.php(326): CodeIgniter\CodeIgniter->handleRequest(NULL, Object(Config\Cache), false)
#9 /Applications/MAMP/htdocs/baliwag/bessy/index.php(38): CodeIgniter\CodeIgniter->run()
#10 {main}
CRITICAL - 2024-04-16 15:56:36 --> Undefined property: CodeIgniter\View\View::$userInformation
#0 /Applications/MAMP/htdocs/baliwag/bessy/app/Views/layouts/nonAdminContainer.php(38): CodeIgniter\Debug\Exceptions->errorHandler(2, 'Undefined prope...', '/Applications/M...', 38)
#1 /Applications/MAMP/htdocs/baliwag/bessy/vendor/codeigniter4/framework/system/View/View.php(210): include('/Applications/M...')
#2 /Applications/MAMP/htdocs/baliwag/bessy/vendor/codeigniter4/framework/system/View/View.php(213): CodeIgniter\View\View->CodeIgniter\View\{closure}()
#3 /Applications/MAMP/htdocs/baliwag/bessy/vendor/codeigniter4/framework/system/View/View.php(226): CodeIgniter\View\View->render('layouts/nonAdmi...', Array, true)
#4 /Applications/MAMP/htdocs/baliwag/bessy/vendor/codeigniter4/framework/system/Common.php(1089): CodeIgniter\View\View->render('dashboards/offi...', Array, true)
#5 /Applications/MAMP/htdocs/baliwag/bessy/app/Controllers/Dashboard.php(31): view('dashboards/offi...', Array)
#6 /Applications/MAMP/htdocs/baliwag/bessy/vendor/codeigniter4/framework/system/CodeIgniter.php(832): App\Controllers\Dashboard->index()
#7 /Applications/MAMP/htdocs/baliwag/bessy/vendor/codeigniter4/framework/system/CodeIgniter.php(419): CodeIgniter\CodeIgniter->runController(Object(App\Controllers\Dashboard))
#8 /Applications/MAMP/htdocs/baliwag/bessy/vendor/codeigniter4/framework/system/CodeIgniter.php(326): CodeIgniter\CodeIgniter->handleRequest(NULL, Object(Config\Cache), false)
#9 /Applications/MAMP/htdocs/baliwag/bessy/index.php(38): CodeIgniter\CodeIgniter->run()
#10 {main}
CRITICAL - 2024-04-16 15:57:24 --> Undefined property: CodeIgniter\View\View::$userInformation
#0 /Applications/MAMP/htdocs/baliwag/bessy/app/Views/partials/chatDrawer.php(2): CodeIgniter\Debug\Exceptions->errorHandler(2, 'Undefined prope...', '/Applications/M...', 2)
#1 /Applications/MAMP/htdocs/baliwag/bessy/vendor/codeigniter4/framework/system/View/View.php(210): include('/Applications/M...')
#2 /Applications/MAMP/htdocs/baliwag/bessy/vendor/codeigniter4/framework/system/View/View.php(213): CodeIgniter\View\View->CodeIgniter\View\{closure}()
#3 /Applications/MAMP/htdocs/baliwag/bessy/vendor/codeigniter4/framework/system/View/View.php(424): CodeIgniter\View\View->render('partials/chatDr...', NULL, true)
#4 /Applications/MAMP/htdocs/baliwag/bessy/app/Views/layouts/nonAdminContainer.php(38): CodeIgniter\View\View->include('partials/chatDr...')
#5 /Applications/MAMP/htdocs/baliwag/bessy/vendor/codeigniter4/framework/system/View/View.php(210): include('/Applications/M...')
#6 /Applications/MAMP/htdocs/baliwag/bessy/vendor/codeigniter4/framework/system/View/View.php(213): CodeIgniter\View\View->CodeIgniter\View\{closure}()
#7 /Applications/MAMP/htdocs/baliwag/bessy/vendor/codeigniter4/framework/system/View/View.php(226): CodeIgniter\View\View->render('layouts/nonAdmi...', Array, true)
#8 /Applications/MAMP/htdocs/baliwag/bessy/vendor/codeigniter4/framework/system/Common.php(1089): CodeIgniter\View\View->render('dashboards/offi...', Array, true)
#9 /Applications/MAMP/htdocs/baliwag/bessy/app/Controllers/Dashboard.php(31): view('dashboards/offi...', Array)
#10 /Applications/MAMP/htdocs/baliwag/bessy/vendor/codeigniter4/framework/system/CodeIgniter.php(832): App\Controllers\Dashboard->index()
#11 /Applications/MAMP/htdocs/baliwag/bessy/vendor/codeigniter4/framework/system/CodeIgniter.php(419): CodeIgniter\CodeIgniter->runController(Object(App\Controllers\Dashboard))
#12 /Applications/MAMP/htdocs/baliwag/bessy/vendor/codeigniter4/framework/system/CodeIgniter.php(326): CodeIgniter\CodeIgniter->handleRequest(NULL, Object(Config\Cache), false)
#13 /Applications/MAMP/htdocs/baliwag/bessy/index.php(38): CodeIgniter\CodeIgniter->run()
#14 {main}
CRITICAL - 2024-04-16 15:57:41 --> Undefined variable $departmentInfo
#0 /Applications/MAMP/htdocs/baliwag/bessy/app/Views/partials/chatBox.php(10): CodeIgniter\Debug\Exceptions->errorHandler(2, 'Undefined varia...', '/Applications/M...', 10)
#1 /Applications/MAMP/htdocs/baliwag/bessy/vendor/codeigniter4/framework/system/View/View.php(210): include('/Applications/M...')
#2 /Applications/MAMP/htdocs/baliwag/bessy/vendor/codeigniter4/framework/system/View/View.php(213): CodeIgniter\View\View->CodeIgniter\View\{closure}()
#3 /Applications/MAMP/htdocs/baliwag/bessy/vendor/codeigniter4/framework/system/View/View.php(424): CodeIgniter\View\View->render('partials/chatBo...', NULL, true)
#4 /Applications/MAMP/htdocs/baliwag/bessy/app/Views/chats/chatList.php(94): CodeIgniter\View\View->include('partials/chatBo...')
#5 /Applications/MAMP/htdocs/baliwag/bessy/vendor/codeigniter4/framework/system/View/View.php(210): include('/Applications/M...')
#6 /Applications/MAMP/htdocs/baliwag/bessy/vendor/codeigniter4/framework/system/View/View.php(213): CodeIgniter\View\View->CodeIgniter\View\{closure}()
#7 /Applications/MAMP/htdocs/baliwag/bessy/vendor/codeigniter4/framework/system/Common.php(1089): CodeIgniter\View\View->render('chats/chatList', Array, true)
#8 /Applications/MAMP/htdocs/baliwag/bessy/app/Controllers/Chats.php(14): view('chats/chatList', Array)
#9 /Applications/MAMP/htdocs/baliwag/bessy/vendor/codeigniter4/framework/system/CodeIgniter.php(832): App\Controllers\Chats->index()
#10 /Applications/MAMP/htdocs/baliwag/bessy/vendor/codeigniter4/framework/system/CodeIgniter.php(419): CodeIgniter\CodeIgniter->runController(Object(App\Controllers\Chats))
#11 /Applications/MAMP/htdocs/baliwag/bessy/vendor/codeigniter4/framework/system/CodeIgniter.php(326): CodeIgniter\CodeIgniter->handleRequest(NULL, Object(Config\Cache), false)
#12 /Applications/MAMP/htdocs/baliwag/bessy/index.php(38): CodeIgniter\CodeIgniter->run()
#13 {main}
CRITICAL - 2024-04-16 15:57:48 --> Undefined variable $departmentInfo
#0 /Applications/MAMP/htdocs/baliwag/bessy/app/Views/partials/chatBox.php(10): CodeIgniter\Debug\Exceptions->errorHandler(2, 'Undefined varia...', '/Applications/M...', 10)
#1 /Applications/MAMP/htdocs/baliwag/bessy/vendor/codeigniter4/framework/system/View/View.php(210): include('/Applications/M...')
#2 /Applications/MAMP/htdocs/baliwag/bessy/vendor/codeigniter4/framework/system/View/View.php(213): CodeIgniter\View\View->CodeIgniter\View\{closure}()
#3 /Applications/MAMP/htdocs/baliwag/bessy/vendor/codeigniter4/framework/system/View/View.php(424): CodeIgniter\View\View->render('partials/chatBo...', NULL, true)
#4 /Applications/MAMP/htdocs/baliwag/bessy/app/Views/chats/chatList.php(94): CodeIgniter\View\View->include('partials/chatBo...')
#5 /Applications/MAMP/htdocs/baliwag/bessy/vendor/codeigniter4/framework/system/View/View.php(210): include('/Applications/M...')
#6 /Applications/MAMP/htdocs/baliwag/bessy/vendor/codeigniter4/framework/system/View/View.php(213): CodeIgniter\View\View->CodeIgniter\View\{closure}()
#7 /Applications/MAMP/htdocs/baliwag/bessy/vendor/codeigniter4/framework/system/Common.php(1089): CodeIgniter\View\View->render('chats/chatList', Array, true)
#8 /Applications/MAMP/htdocs/baliwag/bessy/app/Controllers/Chats.php(14): view('chats/chatList', Array)
#9 /Applications/MAMP/htdocs/baliwag/bessy/vendor/codeigniter4/framework/system/CodeIgniter.php(832): App\Controllers\Chats->index()
#10 /Applications/MAMP/htdocs/baliwag/bessy/vendor/codeigniter4/framework/system/CodeIgniter.php(419): CodeIgniter\CodeIgniter->runController(Object(App\Controllers\Chats))
#11 /Applications/MAMP/htdocs/baliwag/bessy/vendor/codeigniter4/framework/system/CodeIgniter.php(326): CodeIgniter\CodeIgniter->handleRequest(NULL, Object(Config\Cache), false)
#12 /Applications/MAMP/htdocs/baliwag/bessy/index.php(38): CodeIgniter\CodeIgniter->run()
#13 {main}
CRITICAL - 2024-04-16 16:09:46 --> Class "App\Controllers\DataTable" not found
#0 /Applications/MAMP/htdocs/baliwag/bessy/vendor/codeigniter4/framework/system/CodeIgniter.php(832): App\Controllers\Chats->getConvoList()
#1 /Applications/MAMP/htdocs/baliwag/bessy/vendor/codeigniter4/framework/system/CodeIgniter.php(419): CodeIgniter\CodeIgniter->runController(Object(App\Controllers\Chats))
#2 /Applications/MAMP/htdocs/baliwag/bessy/vendor/codeigniter4/framework/system/CodeIgniter.php(326): CodeIgniter\CodeIgniter->handleRequest(NULL, Object(Config\Cache), false)
#3 /Applications/MAMP/htdocs/baliwag/bessy/index.php(38): CodeIgniter\CodeIgniter->run()
#4 {main}
CRITICAL - 2024-04-16 16:28:26 --> Undefined variable $departmentInfo
#0 /Applications/MAMP/htdocs/baliwag/bessy/app/Views/partials/chatBox.php(10): CodeIgniter\Debug\Exceptions->errorHandler(2, 'Undefined varia...', '/Applications/M...', 10)
#1 /Applications/MAMP/htdocs/baliwag/bessy/vendor/codeigniter4/framework/system/View/View.php(210): include('/Applications/M...')
#2 /Applications/MAMP/htdocs/baliwag/bessy/vendor/codeigniter4/framework/system/View/View.php(213): CodeIgniter\View\View->CodeIgniter\View\{closure}()
#3 /Applications/MAMP/htdocs/baliwag/bessy/vendor/codeigniter4/framework/system/View/View.php(424): CodeIgniter\View\View->render('partials/chatBo...', NULL, true)
#4 /Applications/MAMP/htdocs/baliwag/bessy/app/Views/chats/chatList.php(43): CodeIgniter\View\View->include('partials/chatBo...')
#5 /Applications/MAMP/htdocs/baliwag/bessy/vendor/codeigniter4/framework/system/View/View.php(210): include('/Applications/M...')
#6 /Applications/MAMP/htdocs/baliwag/bessy/vendor/codeigniter4/framework/system/View/View.php(213): CodeIgniter\View\View->CodeIgniter\View\{closure}()
#7 /Applications/MAMP/htdocs/baliwag/bessy/vendor/codeigniter4/framework/system/Common.php(1089): CodeIgniter\View\View->render('chats/chatList', Array, true)
#8 /Applications/MAMP/htdocs/baliwag/bessy/app/Controllers/Chats.php(15): view('chats/chatList', Array)
#9 /Applications/MAMP/htdocs/baliwag/bessy/vendor/codeigniter4/framework/system/CodeIgniter.php(832): App\Controllers\Chats->index()
#10 /Applications/MAMP/htdocs/baliwag/bessy/vendor/codeigniter4/framework/system/CodeIgniter.php(419): CodeIgniter\CodeIgniter->runController(Object(App\Controllers\Chats))
#11 /Applications/MAMP/htdocs/baliwag/bessy/vendor/codeigniter4/framework/system/CodeIgniter.php(326): CodeIgniter\CodeIgniter->handleRequest(NULL, Object(Config\Cache), false)
#12 /Applications/MAMP/htdocs/baliwag/bessy/index.php(38): CodeIgniter\CodeIgniter->run()
#13 {main}
