ERROR - 2024-04-18 09:56:02 --> Table 'baliwagc_bessy_db.logs' doesn't exist
ERROR - 2024-04-18 09:56:08 --> Table 'baliwagc_bessy_db.logs' doesn't exist
ERROR - 2024-04-18 09:56:35 --> Table 'baliwagc_bessy_db.logs' doesn't exist
ERROR - 2024-04-18 10:33:31 --> Table 'baliwagc_bessy_db.logs' doesn't exist
CRITICAL - 2024-04-18 12:52:06 --> Undefined variable $convoInfo
#0 /Applications/MAMP/htdocs/baliwag/bessy/app/Views/partials/chatDrawer.php(41): CodeIgniter\Debug\Exceptions->errorHandler(2, 'Undefined varia...', '/Applications/M...', 41)
#1 /Applications/MAMP/htdocs/baliwag/bessy/vendor/codeigniter4/framework/system/View/View.php(210): include('/Applications/M...')
#2 /Applications/MAMP/htdocs/baliwag/bessy/vendor/codeigniter4/framework/system/View/View.php(213): CodeIgniter\View\View->CodeIgniter\View\{closure}()
#3 /Applications/MAMP/htdocs/baliwag/bessy/vendor/codeigniter4/framework/system/View/View.php(424): CodeIgniter\View\View->render('partials/chatDr...', NULL, true)
#4 /Applications/MAMP/htdocs/baliwag/bessy/app/Views/layouts/nonAdminContainer.php(38): CodeIgniter\View\View->include('partials/chatDr...')
#5 /Applications/MAMP/htdocs/baliwag/bessy/vendor/codeigniter4/framework/system/View/View.php(210): include('/Applications/M...')
#6 /Applications/MAMP/htdocs/baliwag/bessy/vendor/codeigniter4/framework/system/View/View.php(213): CodeIgniter\View\View->CodeIgniter\View\{closure}()
#7 /Applications/MAMP/htdocs/baliwag/bessy/vendor/codeigniter4/framework/system/View/View.php(226): CodeIgniter\View\View->render('layouts/nonAdmi...', Array, true)
#8 /Applications/MAMP/htdocs/baliwag/bessy/vendor/codeigniter4/framework/system/Common.php(1089): CodeIgniter\View\View->render('services/mayors...', Array, true)
#9 /Applications/MAMP/htdocs/baliwag/bessy/app/Controllers/Services.php(31): view('services/mayors...', Array)
#10 /Applications/MAMP/htdocs/baliwag/bessy/vendor/codeigniter4/framework/system/CodeIgniter.php(832): App\Controllers\Services->serviceView('1')
#11 /Applications/MAMP/htdocs/baliwag/bessy/vendor/codeigniter4/framework/system/CodeIgniter.php(419): CodeIgniter\CodeIgniter->runController(Object(App\Controllers\Services))
#12 /Applications/MAMP/htdocs/baliwag/bessy/vendor/codeigniter4/framework/system/CodeIgniter.php(326): CodeIgniter\CodeIgniter->handleRequest(NULL, Object(Config\Cache), false)
#13 /Applications/MAMP/htdocs/baliwag/bessy/index.php(38): CodeIgniter\CodeIgniter->run()
#14 {main}
ERROR - 2024-04-18 13:58:21 --> Table 'baliwagc_bessy_db.logs' doesn't exist
CRITICAL - 2024-04-18 14:17:33 --> Undefined variable $totalTime
#0 /Applications/MAMP/htdocs/baliwag/bessy/vendor/codeigniter4/framework/system/Debug/Toolbar/Views/toolbar.tpl.php(40): CodeIgniter\Debug\Exceptions->errorHandler(2, 'Undefined varia...', '/Applications/M...', 40)
#1 /Applications/MAMP/htdocs/baliwag/bessy/vendor/codeigniter4/framework/system/Debug/Toolbar.php(501): include('/Applications/M...')
#2 /Applications/MAMP/htdocs/baliwag/bessy/vendor/codeigniter4/framework/system/Debug/Toolbar.php(464): CodeIgniter\Debug\Toolbar->format(Array, 'html')
#3 /Applications/MAMP/htdocs/baliwag/bessy/app/Config/Events.php(48): CodeIgniter\Debug\Toolbar->respond()
#4 /Applications/MAMP/htdocs/baliwag/bessy/vendor/codeigniter4/framework/system/Events/Events.php(149): CodeIgniter\Events\Events::Config\{closure}()
#5 /Applications/MAMP/htdocs/baliwag/bessy/vendor/codeigniter4/framework/system/CodeIgniter.php(308): CodeIgniter\Events\Events::trigger('pre_system')
#6 /Applications/MAMP/htdocs/baliwag/bessy/index.php(38): CodeIgniter\CodeIgniter->run()
#7 {main}
CRITICAL - 2024-04-18 14:24:54 --> var_dump() expects at least 1 argument, 0 given
#0 /Applications/MAMP/htdocs/baliwag/bessy/app/Controllers/Chats.php(84): var_dump()
#1 /Applications/MAMP/htdocs/baliwag/bessy/vendor/codeigniter4/framework/system/CodeIgniter.php(832): App\Controllers\Chats->uploadFile('2')
#2 /Applications/MAMP/htdocs/baliwag/bessy/vendor/codeigniter4/framework/system/CodeIgniter.php(419): CodeIgniter\CodeIgniter->runController(Object(App\Controllers\Chats))
#3 /Applications/MAMP/htdocs/baliwag/bessy/vendor/codeigniter4/framework/system/CodeIgniter.php(326): CodeIgniter\CodeIgniter->handleRequest(NULL, Object(Config\Cache), false)
#4 /Applications/MAMP/htdocs/baliwag/bessy/index.php(38): CodeIgniter\CodeIgniter->run()
#5 {main}
CRITICAL - 2024-04-18 14:29:22 --> Undefined variable $img
#0 /Applications/MAMP/htdocs/baliwag/bessy/app/Controllers/Chats.php(84): CodeIgniter\Debug\Exceptions->errorHandler(2, 'Undefined varia...', '/Applications/M...', 84)
#1 /Applications/MAMP/htdocs/baliwag/bessy/vendor/codeigniter4/framework/system/CodeIgniter.php(832): App\Controllers\Chats->uploadFile('2')
#2 /Applications/MAMP/htdocs/baliwag/bessy/vendor/codeigniter4/framework/system/CodeIgniter.php(419): CodeIgniter\CodeIgniter->runController(Object(App\Controllers\Chats))
#3 /Applications/MAMP/htdocs/baliwag/bessy/vendor/codeigniter4/framework/system/CodeIgniter.php(326): CodeIgniter\CodeIgniter->handleRequest(NULL, Object(Config\Cache), false)
#4 /Applications/MAMP/htdocs/baliwag/bessy/index.php(38): CodeIgniter\CodeIgniter->run()
#5 {main}
CRITICAL - 2024-04-18 14:29:37 --> The uploaded file has already been moved.
#0 /Applications/MAMP/htdocs/baliwag/bessy/vendor/codeigniter4/framework/system/HTTP/Files/UploadedFile.php(133): CodeIgniter\HTTP\Exceptions\HTTPException::forAlreadyMoved()
#1 /Applications/MAMP/htdocs/baliwag/bessy/app/Controllers/Chats.php(84): CodeIgniter\HTTP\Files\UploadedFile->move('/Applications/M...')
#2 /Applications/MAMP/htdocs/baliwag/bessy/vendor/codeigniter4/framework/system/CodeIgniter.php(832): App\Controllers\Chats->uploadFile('2')
#3 /Applications/MAMP/htdocs/baliwag/bessy/vendor/codeigniter4/framework/system/CodeIgniter.php(419): CodeIgniter\CodeIgniter->runController(Object(App\Controllers\Chats))
#4 /Applications/MAMP/htdocs/baliwag/bessy/vendor/codeigniter4/framework/system/CodeIgniter.php(326): CodeIgniter\CodeIgniter->handleRequest(NULL, Object(Config\Cache), false)
#5 /Applications/MAMP/htdocs/baliwag/bessy/index.php(38): CodeIgniter\CodeIgniter->run()
#6 {main}
CRITICAL - 2024-04-18 14:31:33 --> The uploaded file has already been moved.
#0 /Applications/MAMP/htdocs/baliwag/bessy/vendor/codeigniter4/framework/system/HTTP/Files/UploadedFile.php(133): CodeIgniter\HTTP\Exceptions\HTTPException::forAlreadyMoved()
#1 /Applications/MAMP/htdocs/baliwag/bessy/app/Controllers/Chats.php(84): CodeIgniter\HTTP\Files\UploadedFile->move('/Applications/M...')
#2 /Applications/MAMP/htdocs/baliwag/bessy/vendor/codeigniter4/framework/system/CodeIgniter.php(832): App\Controllers\Chats->uploadFile('2')
#3 /Applications/MAMP/htdocs/baliwag/bessy/vendor/codeigniter4/framework/system/CodeIgniter.php(419): CodeIgniter\CodeIgniter->runController(Object(App\Controllers\Chats))
#4 /Applications/MAMP/htdocs/baliwag/bessy/vendor/codeigniter4/framework/system/CodeIgniter.php(326): CodeIgniter\CodeIgniter->handleRequest(NULL, Object(Config\Cache), false)
#5 /Applications/MAMP/htdocs/baliwag/bessy/index.php(38): CodeIgniter\CodeIgniter->run()
#6 {main}
CRITICAL - 2024-04-18 14:32:08 --> The uploaded file has already been moved.
#0 /Applications/MAMP/htdocs/baliwag/bessy/vendor/codeigniter4/framework/system/HTTP/Files/UploadedFile.php(133): CodeIgniter\HTTP\Exceptions\HTTPException::forAlreadyMoved()
#1 /Applications/MAMP/htdocs/baliwag/bessy/app/Controllers/Chats.php(84): CodeIgniter\HTTP\Files\UploadedFile->move('/Applications/M...')
#2 /Applications/MAMP/htdocs/baliwag/bessy/vendor/codeigniter4/framework/system/CodeIgniter.php(832): App\Controllers\Chats->uploadFile('2')
#3 /Applications/MAMP/htdocs/baliwag/bessy/vendor/codeigniter4/framework/system/CodeIgniter.php(419): CodeIgniter\CodeIgniter->runController(Object(App\Controllers\Chats))
#4 /Applications/MAMP/htdocs/baliwag/bessy/vendor/codeigniter4/framework/system/CodeIgniter.php(326): CodeIgniter\CodeIgniter->handleRequest(NULL, Object(Config\Cache), false)
#5 /Applications/MAMP/htdocs/baliwag/bessy/index.php(38): CodeIgniter\CodeIgniter->run()
#6 {main}
CRITICAL - 2024-04-18 14:33:02 --> The uploaded file has already been moved.
#0 /Applications/MAMP/htdocs/baliwag/bessy/vendor/codeigniter4/framework/system/HTTP/Files/UploadedFile.php(133): CodeIgniter\HTTP\Exceptions\HTTPException::forAlreadyMoved()
#1 /Applications/MAMP/htdocs/baliwag/bessy/app/Controllers/Chats.php(84): CodeIgniter\HTTP\Files\UploadedFile->move('/Applications/M...')
#2 /Applications/MAMP/htdocs/baliwag/bessy/vendor/codeigniter4/framework/system/CodeIgniter.php(832): App\Controllers\Chats->uploadFile('2')
#3 /Applications/MAMP/htdocs/baliwag/bessy/vendor/codeigniter4/framework/system/CodeIgniter.php(419): CodeIgniter\CodeIgniter->runController(Object(App\Controllers\Chats))
#4 /Applications/MAMP/htdocs/baliwag/bessy/vendor/codeigniter4/framework/system/CodeIgniter.php(326): CodeIgniter\CodeIgniter->handleRequest(NULL, Object(Config\Cache), false)
#5 /Applications/MAMP/htdocs/baliwag/bessy/index.php(38): CodeIgniter\CodeIgniter->run()
#6 {main}
CRITICAL - 2024-04-18 14:34:18 --> The uploaded file has already been moved.
#0 /Applications/MAMP/htdocs/baliwag/bessy/vendor/codeigniter4/framework/system/HTTP/Files/UploadedFile.php(133): CodeIgniter\HTTP\Exceptions\HTTPException::forAlreadyMoved()
#1 /Applications/MAMP/htdocs/baliwag/bessy/app/Controllers/Chats.php(84): CodeIgniter\HTTP\Files\UploadedFile->move('/Applications/M...', '1713422058_c14b...')
#2 /Applications/MAMP/htdocs/baliwag/bessy/vendor/codeigniter4/framework/system/CodeIgniter.php(832): App\Controllers\Chats->uploadFile('2')
#3 /Applications/MAMP/htdocs/baliwag/bessy/vendor/codeigniter4/framework/system/CodeIgniter.php(419): CodeIgniter\CodeIgniter->runController(Object(App\Controllers\Chats))
#4 /Applications/MAMP/htdocs/baliwag/bessy/vendor/codeigniter4/framework/system/CodeIgniter.php(326): CodeIgniter\CodeIgniter->handleRequest(NULL, Object(Config\Cache), false)
#5 /Applications/MAMP/htdocs/baliwag/bessy/index.php(38): CodeIgniter\CodeIgniter->run()
#6 {main}
CRITICAL - 2024-04-18 14:34:55 --> The uploaded file has already been moved.
#0 /Applications/MAMP/htdocs/baliwag/bessy/vendor/codeigniter4/framework/system/HTTP/Files/UploadedFile.php(133): CodeIgniter\HTTP\Exceptions\HTTPException::forAlreadyMoved()
#1 /Applications/MAMP/htdocs/baliwag/bessy/app/Controllers/Chats.php(84): CodeIgniter\HTTP\Files\UploadedFile->move('/Applications/M...', '1713422095_174d...')
#2 /Applications/MAMP/htdocs/baliwag/bessy/vendor/codeigniter4/framework/system/CodeIgniter.php(832): App\Controllers\Chats->uploadFile('2')
#3 /Applications/MAMP/htdocs/baliwag/bessy/vendor/codeigniter4/framework/system/CodeIgniter.php(419): CodeIgniter\CodeIgniter->runController(Object(App\Controllers\Chats))
#4 /Applications/MAMP/htdocs/baliwag/bessy/vendor/codeigniter4/framework/system/CodeIgniter.php(326): CodeIgniter\CodeIgniter->handleRequest(NULL, Object(Config\Cache), false)
#5 /Applications/MAMP/htdocs/baliwag/bessy/index.php(38): CodeIgniter\CodeIgniter->run()
#6 {main}
CRITICAL - 2024-04-18 14:35:22 --> Undefined variable $data
#0 /Applications/MAMP/htdocs/baliwag/bessy/app/Controllers/Chats.php(90): CodeIgniter\Debug\Exceptions->errorHandler(2, 'Undefined varia...', '/Applications/M...', 90)
#1 /Applications/MAMP/htdocs/baliwag/bessy/vendor/codeigniter4/framework/system/CodeIgniter.php(832): App\Controllers\Chats->uploadFile('2')
#2 /Applications/MAMP/htdocs/baliwag/bessy/vendor/codeigniter4/framework/system/CodeIgniter.php(419): CodeIgniter\CodeIgniter->runController(Object(App\Controllers\Chats))
#3 /Applications/MAMP/htdocs/baliwag/bessy/vendor/codeigniter4/framework/system/CodeIgniter.php(326): CodeIgniter\CodeIgniter->handleRequest(NULL, Object(Config\Cache), false)
#4 /Applications/MAMP/htdocs/baliwag/bessy/index.php(38): CodeIgniter\CodeIgniter->run()
#5 {main}
CRITICAL - 2024-04-18 14:36:02 --> Undefined variable $data
#0 /Applications/MAMP/htdocs/baliwag/bessy/app/Controllers/Chats.php(90): CodeIgniter\Debug\Exceptions->errorHandler(2, 'Undefined varia...', '/Applications/M...', 90)
#1 /Applications/MAMP/htdocs/baliwag/bessy/vendor/codeigniter4/framework/system/CodeIgniter.php(832): App\Controllers\Chats->uploadFile('2')
#2 /Applications/MAMP/htdocs/baliwag/bessy/vendor/codeigniter4/framework/system/CodeIgniter.php(419): CodeIgniter\CodeIgniter->runController(Object(App\Controllers\Chats))
#3 /Applications/MAMP/htdocs/baliwag/bessy/vendor/codeigniter4/framework/system/CodeIgniter.php(326): CodeIgniter\CodeIgniter->handleRequest(NULL, Object(Config\Cache), false)
#4 /Applications/MAMP/htdocs/baliwag/bessy/index.php(38): CodeIgniter\CodeIgniter->run()
#5 {main}
CRITICAL - 2024-04-18 14:40:16 --> Undefined variable $data
#0 /Applications/MAMP/htdocs/baliwag/bessy/app/Controllers/Chats.php(92): CodeIgniter\Debug\Exceptions->errorHandler(2, 'Undefined varia...', '/Applications/M...', 92)
#1 /Applications/MAMP/htdocs/baliwag/bessy/vendor/codeigniter4/framework/system/CodeIgniter.php(832): App\Controllers\Chats->uploadFile(NULL)
#2 /Applications/MAMP/htdocs/baliwag/bessy/vendor/codeigniter4/framework/system/CodeIgniter.php(419): CodeIgniter\CodeIgniter->runController(Object(App\Controllers\Chats))
#3 /Applications/MAMP/htdocs/baliwag/bessy/vendor/codeigniter4/framework/system/CodeIgniter.php(326): CodeIgniter\CodeIgniter->handleRequest(NULL, Object(Config\Cache), false)
#4 /Applications/MAMP/htdocs/baliwag/bessy/index.php(38): CodeIgniter\CodeIgniter->run()
#5 {main}
CRITICAL - 2024-04-18 15:28:10 --> Undefined variable $title
#0 /Applications/MAMP/htdocs/baliwag/bessy/app/Views/chats/videoCall.php(6): CodeIgniter\Debug\Exceptions->errorHandler(2, 'Undefined varia...', '/Applications/M...', 6)
#1 /Applications/MAMP/htdocs/baliwag/bessy/vendor/codeigniter4/framework/system/View/View.php(210): include('/Applications/M...')
#2 /Applications/MAMP/htdocs/baliwag/bessy/vendor/codeigniter4/framework/system/View/View.php(213): CodeIgniter\View\View->CodeIgniter\View\{closure}()
#3 /Applications/MAMP/htdocs/baliwag/bessy/vendor/codeigniter4/framework/system/Common.php(1089): CodeIgniter\View\View->render('chats/videoCall', Array, true)
#4 /Applications/MAMP/htdocs/baliwag/bessy/app/Controllers/Chats.php(116): view('chats/videoCall', Array)
#5 /Applications/MAMP/htdocs/baliwag/bessy/vendor/codeigniter4/framework/system/CodeIgniter.php(832): App\Controllers\Chats->videoCall()
#6 /Applications/MAMP/htdocs/baliwag/bessy/vendor/codeigniter4/framework/system/CodeIgniter.php(419): CodeIgniter\CodeIgniter->runController(Object(App\Controllers\Chats))
#7 /Applications/MAMP/htdocs/baliwag/bessy/vendor/codeigniter4/framework/system/CodeIgniter.php(326): CodeIgniter\CodeIgniter->handleRequest(NULL, Object(Config\Cache), false)
#8 /Applications/MAMP/htdocs/baliwag/bessy/index.php(38): CodeIgniter\CodeIgniter->run()
#9 {main}
CRITICAL - 2024-04-18 15:28:17 --> Undefined variable $departmentInfo
#0 /Applications/MAMP/htdocs/baliwag/bessy/app/Views/partials/chatDrawer.php(12): CodeIgniter\Debug\Exceptions->errorHandler(2, 'Undefined varia...', '/Applications/M...', 12)
#1 /Applications/MAMP/htdocs/baliwag/bessy/vendor/codeigniter4/framework/system/View/View.php(210): include('/Applications/M...')
#2 /Applications/MAMP/htdocs/baliwag/bessy/vendor/codeigniter4/framework/system/View/View.php(213): CodeIgniter\View\View->CodeIgniter\View\{closure}()
#3 /Applications/MAMP/htdocs/baliwag/bessy/vendor/codeigniter4/framework/system/View/View.php(424): CodeIgniter\View\View->render('partials/chatDr...', NULL, true)
#4 /Applications/MAMP/htdocs/baliwag/bessy/app/Views/layouts/nonAdminContainer.php(38): CodeIgniter\View\View->include('partials/chatDr...')
#5 /Applications/MAMP/htdocs/baliwag/bessy/vendor/codeigniter4/framework/system/View/View.php(210): include('/Applications/M...')
#6 /Applications/MAMP/htdocs/baliwag/bessy/vendor/codeigniter4/framework/system/View/View.php(213): CodeIgniter\View\View->CodeIgniter\View\{closure}()
#7 /Applications/MAMP/htdocs/baliwag/bessy/vendor/codeigniter4/framework/system/View/View.php(226): CodeIgniter\View\View->render('layouts/nonAdmi...', Array, true)
#8 /Applications/MAMP/htdocs/baliwag/bessy/vendor/codeigniter4/framework/system/Common.php(1089): CodeIgniter\View\View->render('chats/videoCall', Array, true)
#9 /Applications/MAMP/htdocs/baliwag/bessy/app/Controllers/Chats.php(116): view('chats/videoCall', Array)
#10 /Applications/MAMP/htdocs/baliwag/bessy/vendor/codeigniter4/framework/system/CodeIgniter.php(832): App\Controllers\Chats->videoCall()
#11 /Applications/MAMP/htdocs/baliwag/bessy/vendor/codeigniter4/framework/system/CodeIgniter.php(419): CodeIgniter\CodeIgniter->runController(Object(App\Controllers\Chats))
#12 /Applications/MAMP/htdocs/baliwag/bessy/vendor/codeigniter4/framework/system/CodeIgniter.php(326): CodeIgniter\CodeIgniter->handleRequest(NULL, Object(Config\Cache), false)
#13 /Applications/MAMP/htdocs/baliwag/bessy/index.php(38): CodeIgniter\CodeIgniter->run()
#14 {main}
CRITICAL - 2024-04-18 15:28:34 --> Undefined variable $departmentInfo
#0 /Applications/MAMP/htdocs/baliwag/bessy/app/Views/partials/chatDrawer.php(12): CodeIgniter\Debug\Exceptions->errorHandler(2, 'Undefined varia...', '/Applications/M...', 12)
#1 /Applications/MAMP/htdocs/baliwag/bessy/vendor/codeigniter4/framework/system/View/View.php(210): include('/Applications/M...')
#2 /Applications/MAMP/htdocs/baliwag/bessy/vendor/codeigniter4/framework/system/View/View.php(213): CodeIgniter\View\View->CodeIgniter\View\{closure}()
#3 /Applications/MAMP/htdocs/baliwag/bessy/vendor/codeigniter4/framework/system/View/View.php(424): CodeIgniter\View\View->render('partials/chatDr...', NULL, true)
#4 /Applications/MAMP/htdocs/baliwag/bessy/app/Views/layouts/nonAdminContainer.php(38): CodeIgniter\View\View->include('partials/chatDr...')
#5 /Applications/MAMP/htdocs/baliwag/bessy/vendor/codeigniter4/framework/system/View/View.php(210): include('/Applications/M...')
#6 /Applications/MAMP/htdocs/baliwag/bessy/vendor/codeigniter4/framework/system/View/View.php(213): CodeIgniter\View\View->CodeIgniter\View\{closure}()
#7 /Applications/MAMP/htdocs/baliwag/bessy/vendor/codeigniter4/framework/system/View/View.php(226): CodeIgniter\View\View->render('layouts/nonAdmi...', Array, true)
#8 /Applications/MAMP/htdocs/baliwag/bessy/vendor/codeigniter4/framework/system/Common.php(1089): CodeIgniter\View\View->render('chats/videoCall', Array, true)
#9 /Applications/MAMP/htdocs/baliwag/bessy/app/Controllers/Chats.php(116): view('chats/videoCall', Array)
#10 /Applications/MAMP/htdocs/baliwag/bessy/vendor/codeigniter4/framework/system/CodeIgniter.php(832): App\Controllers\Chats->videoCall()
#11 /Applications/MAMP/htdocs/baliwag/bessy/vendor/codeigniter4/framework/system/CodeIgniter.php(419): CodeIgniter\CodeIgniter->runController(Object(App\Controllers\Chats))
#12 /Applications/MAMP/htdocs/baliwag/bessy/vendor/codeigniter4/framework/system/CodeIgniter.php(326): CodeIgniter\CodeIgniter->handleRequest(NULL, Object(Config\Cache), false)
#13 /Applications/MAMP/htdocs/baliwag/bessy/index.php(38): CodeIgniter\CodeIgniter->run()
#14 {main}
CRITICAL - 2024-04-18 15:28:52 --> View themes, no current section.
#0 /Applications/MAMP/htdocs/baliwag/bessy/app/Views/chats/videoCall.php(4): CodeIgniter\View\View->endSection()
#1 /Applications/MAMP/htdocs/baliwag/bessy/vendor/codeigniter4/framework/system/View/View.php(210): include('/Applications/M...')
#2 /Applications/MAMP/htdocs/baliwag/bessy/vendor/codeigniter4/framework/system/View/View.php(213): CodeIgniter\View\View->CodeIgniter\View\{closure}()
#3 /Applications/MAMP/htdocs/baliwag/bessy/vendor/codeigniter4/framework/system/Common.php(1089): CodeIgniter\View\View->render('chats/videoCall', Array, true)
#4 /Applications/MAMP/htdocs/baliwag/bessy/app/Controllers/Chats.php(116): view('chats/videoCall', Array)
#5 /Applications/MAMP/htdocs/baliwag/bessy/vendor/codeigniter4/framework/system/CodeIgniter.php(832): App\Controllers\Chats->videoCall()
#6 /Applications/MAMP/htdocs/baliwag/bessy/vendor/codeigniter4/framework/system/CodeIgniter.php(419): CodeIgniter\CodeIgniter->runController(Object(App\Controllers\Chats))
#7 /Applications/MAMP/htdocs/baliwag/bessy/vendor/codeigniter4/framework/system/CodeIgniter.php(326): CodeIgniter\CodeIgniter->handleRequest(NULL, Object(Config\Cache), false)
#8 /Applications/MAMP/htdocs/baliwag/bessy/index.php(38): CodeIgniter\CodeIgniter->run()
#9 {main}
CRITICAL - 2024-04-18 15:29:02 --> Undefined variable $departmentInfo
#0 /Applications/MAMP/htdocs/baliwag/bessy/app/Views/partials/chatDrawer.php(12): CodeIgniter\Debug\Exceptions->errorHandler(2, 'Undefined varia...', '/Applications/M...', 12)
#1 /Applications/MAMP/htdocs/baliwag/bessy/vendor/codeigniter4/framework/system/View/View.php(210): include('/Applications/M...')
#2 /Applications/MAMP/htdocs/baliwag/bessy/vendor/codeigniter4/framework/system/View/View.php(213): CodeIgniter\View\View->CodeIgniter\View\{closure}()
#3 /Applications/MAMP/htdocs/baliwag/bessy/vendor/codeigniter4/framework/system/View/View.php(424): CodeIgniter\View\View->render('partials/chatDr...', NULL, true)
#4 /Applications/MAMP/htdocs/baliwag/bessy/app/Views/layouts/nonAdminContainer.php(38): CodeIgniter\View\View->include('partials/chatDr...')
#5 /Applications/MAMP/htdocs/baliwag/bessy/vendor/codeigniter4/framework/system/View/View.php(210): include('/Applications/M...')
#6 /Applications/MAMP/htdocs/baliwag/bessy/vendor/codeigniter4/framework/system/View/View.php(213): CodeIgniter\View\View->CodeIgniter\View\{closure}()
#7 /Applications/MAMP/htdocs/baliwag/bessy/vendor/codeigniter4/framework/system/View/View.php(226): CodeIgniter\View\View->render('layouts/nonAdmi...', Array, true)
#8 /Applications/MAMP/htdocs/baliwag/bessy/vendor/codeigniter4/framework/system/Common.php(1089): CodeIgniter\View\View->render('chats/videoCall', Array, true)
#9 /Applications/MAMP/htdocs/baliwag/bessy/app/Controllers/Chats.php(116): view('chats/videoCall', Array)
#10 /Applications/MAMP/htdocs/baliwag/bessy/vendor/codeigniter4/framework/system/CodeIgniter.php(832): App\Controllers\Chats->videoCall()
#11 /Applications/MAMP/htdocs/baliwag/bessy/vendor/codeigniter4/framework/system/CodeIgniter.php(419): CodeIgniter\CodeIgniter->runController(Object(App\Controllers\Chats))
#12 /Applications/MAMP/htdocs/baliwag/bessy/vendor/codeigniter4/framework/system/CodeIgniter.php(326): CodeIgniter\CodeIgniter->handleRequest(NULL, Object(Config\Cache), false)
#13 /Applications/MAMP/htdocs/baliwag/bessy/index.php(38): CodeIgniter\CodeIgniter->run()
#14 {main}
CRITICAL - 2024-04-18 15:47:10 --> Undefined variable $departmentInfo
#0 /Applications/MAMP/htdocs/baliwag/bessy/app/Views/partials/chatDrawer.php(12): CodeIgniter\Debug\Exceptions->errorHandler(2, 'Undefined varia...', '/Applications/M...', 12)
#1 /Applications/MAMP/htdocs/baliwag/bessy/vendor/codeigniter4/framework/system/View/View.php(210): include('/Applications/M...')
#2 /Applications/MAMP/htdocs/baliwag/bessy/vendor/codeigniter4/framework/system/View/View.php(213): CodeIgniter\View\View->CodeIgniter\View\{closure}()
#3 /Applications/MAMP/htdocs/baliwag/bessy/vendor/codeigniter4/framework/system/View/View.php(424): CodeIgniter\View\View->render('partials/chatDr...', NULL, true)
#4 /Applications/MAMP/htdocs/baliwag/bessy/app/Views/layouts/nonAdminContainer.php(38): CodeIgniter\View\View->include('partials/chatDr...')
#5 /Applications/MAMP/htdocs/baliwag/bessy/vendor/codeigniter4/framework/system/View/View.php(210): include('/Applications/M...')
#6 /Applications/MAMP/htdocs/baliwag/bessy/vendor/codeigniter4/framework/system/View/View.php(213): CodeIgniter\View\View->CodeIgniter\View\{closure}()
#7 /Applications/MAMP/htdocs/baliwag/bessy/vendor/codeigniter4/framework/system/View/View.php(226): CodeIgniter\View\View->render('layouts/nonAdmi...', Array, true)
#8 /Applications/MAMP/htdocs/baliwag/bessy/vendor/codeigniter4/framework/system/Common.php(1089): CodeIgniter\View\View->render('chats/videoCall', Array, true)
#9 /Applications/MAMP/htdocs/baliwag/bessy/app/Controllers/Chats.php(116): view('chats/videoCall', Array)
#10 /Applications/MAMP/htdocs/baliwag/bessy/vendor/codeigniter4/framework/system/CodeIgniter.php(832): App\Controllers\Chats->videoCall()
#11 /Applications/MAMP/htdocs/baliwag/bessy/vendor/codeigniter4/framework/system/CodeIgniter.php(419): CodeIgniter\CodeIgniter->runController(Object(App\Controllers\Chats))
#12 /Applications/MAMP/htdocs/baliwag/bessy/vendor/codeigniter4/framework/system/CodeIgniter.php(326): CodeIgniter\CodeIgniter->handleRequest(NULL, Object(Config\Cache), false)
#13 /Applications/MAMP/htdocs/baliwag/bessy/index.php(38): CodeIgniter\CodeIgniter->run()
#14 {main}
CRITICAL - 2024-04-18 15:50:23 --> Undefined variable $departmentInfo
#0 /Applications/MAMP/htdocs/baliwag/bessy/app/Views/partials/chatDrawer.php(12): CodeIgniter\Debug\Exceptions->errorHandler(2, 'Undefined varia...', '/Applications/M...', 12)
#1 /Applications/MAMP/htdocs/baliwag/bessy/vendor/codeigniter4/framework/system/View/View.php(210): include('/Applications/M...')
#2 /Applications/MAMP/htdocs/baliwag/bessy/vendor/codeigniter4/framework/system/View/View.php(213): CodeIgniter\View\View->CodeIgniter\View\{closure}()
#3 /Applications/MAMP/htdocs/baliwag/bessy/vendor/codeigniter4/framework/system/View/View.php(424): CodeIgniter\View\View->render('partials/chatDr...', NULL, true)
#4 /Applications/MAMP/htdocs/baliwag/bessy/app/Views/layouts/nonAdminContainer.php(38): CodeIgniter\View\View->include('partials/chatDr...')
#5 /Applications/MAMP/htdocs/baliwag/bessy/vendor/codeigniter4/framework/system/View/View.php(210): include('/Applications/M...')
#6 /Applications/MAMP/htdocs/baliwag/bessy/vendor/codeigniter4/framework/system/View/View.php(213): CodeIgniter\View\View->CodeIgniter\View\{closure}()
#7 /Applications/MAMP/htdocs/baliwag/bessy/vendor/codeigniter4/framework/system/View/View.php(226): CodeIgniter\View\View->render('layouts/nonAdmi...', Array, true)
#8 /Applications/MAMP/htdocs/baliwag/bessy/vendor/codeigniter4/framework/system/Common.php(1089): CodeIgniter\View\View->render('chats/videoCall', Array, true)
#9 /Applications/MAMP/htdocs/baliwag/bessy/app/Controllers/Chats.php(116): view('chats/videoCall', Array)
#10 /Applications/MAMP/htdocs/baliwag/bessy/vendor/codeigniter4/framework/system/CodeIgniter.php(832): App\Controllers\Chats->videoCall()
#11 /Applications/MAMP/htdocs/baliwag/bessy/vendor/codeigniter4/framework/system/CodeIgniter.php(419): CodeIgniter\CodeIgniter->runController(Object(App\Controllers\Chats))
#12 /Applications/MAMP/htdocs/baliwag/bessy/vendor/codeigniter4/framework/system/CodeIgniter.php(326): CodeIgniter\CodeIgniter->handleRequest(NULL, Object(Config\Cache), false)
#13 /Applications/MAMP/htdocs/baliwag/bessy/index.php(38): CodeIgniter\CodeIgniter->run()
#14 {main}
CRITICAL - 2024-04-18 15:50:39 --> Undefined variable $departmentInfo
#0 /Applications/MAMP/htdocs/baliwag/bessy/app/Views/partials/chatDrawer.php(12): CodeIgniter\Debug\Exceptions->errorHandler(2, 'Undefined varia...', '/Applications/M...', 12)
#1 /Applications/MAMP/htdocs/baliwag/bessy/vendor/codeigniter4/framework/system/View/View.php(210): include('/Applications/M...')
#2 /Applications/MAMP/htdocs/baliwag/bessy/vendor/codeigniter4/framework/system/View/View.php(213): CodeIgniter\View\View->CodeIgniter\View\{closure}()
#3 /Applications/MAMP/htdocs/baliwag/bessy/vendor/codeigniter4/framework/system/View/View.php(424): CodeIgniter\View\View->render('partials/chatDr...', NULL, true)
#4 /Applications/MAMP/htdocs/baliwag/bessy/app/Views/layouts/nonAdminContainer.php(38): CodeIgniter\View\View->include('partials/chatDr...')
#5 /Applications/MAMP/htdocs/baliwag/bessy/vendor/codeigniter4/framework/system/View/View.php(210): include('/Applications/M...')
#6 /Applications/MAMP/htdocs/baliwag/bessy/vendor/codeigniter4/framework/system/View/View.php(213): CodeIgniter\View\View->CodeIgniter\View\{closure}()
#7 /Applications/MAMP/htdocs/baliwag/bessy/vendor/codeigniter4/framework/system/View/View.php(226): CodeIgniter\View\View->render('layouts/nonAdmi...', Array, true)
#8 /Applications/MAMP/htdocs/baliwag/bessy/vendor/codeigniter4/framework/system/Common.php(1089): CodeIgniter\View\View->render('chats/videoCall', Array, true)
#9 /Applications/MAMP/htdocs/baliwag/bessy/app/Controllers/Chats.php(116): view('chats/videoCall', Array)
#10 /Applications/MAMP/htdocs/baliwag/bessy/vendor/codeigniter4/framework/system/CodeIgniter.php(832): App\Controllers\Chats->videoCall()
#11 /Applications/MAMP/htdocs/baliwag/bessy/vendor/codeigniter4/framework/system/CodeIgniter.php(419): CodeIgniter\CodeIgniter->runController(Object(App\Controllers\Chats))
#12 /Applications/MAMP/htdocs/baliwag/bessy/vendor/codeigniter4/framework/system/CodeIgniter.php(326): CodeIgniter\CodeIgniter->handleRequest(NULL, Object(Config\Cache), false)
#13 /Applications/MAMP/htdocs/baliwag/bessy/index.php(38): CodeIgniter\CodeIgniter->run()
#14 {main}
CRITICAL - 2024-04-18 15:50:40 --> Undefined variable $departmentInfo
#0 /Applications/MAMP/htdocs/baliwag/bessy/app/Views/partials/chatDrawer.php(12): CodeIgniter\Debug\Exceptions->errorHandler(2, 'Undefined varia...', '/Applications/M...', 12)
#1 /Applications/MAMP/htdocs/baliwag/bessy/vendor/codeigniter4/framework/system/View/View.php(210): include('/Applications/M...')
#2 /Applications/MAMP/htdocs/baliwag/bessy/vendor/codeigniter4/framework/system/View/View.php(213): CodeIgniter\View\View->CodeIgniter\View\{closure}()
#3 /Applications/MAMP/htdocs/baliwag/bessy/vendor/codeigniter4/framework/system/View/View.php(424): CodeIgniter\View\View->render('partials/chatDr...', NULL, true)
#4 /Applications/MAMP/htdocs/baliwag/bessy/app/Views/layouts/nonAdminContainer.php(38): CodeIgniter\View\View->include('partials/chatDr...')
#5 /Applications/MAMP/htdocs/baliwag/bessy/vendor/codeigniter4/framework/system/View/View.php(210): include('/Applications/M...')
#6 /Applications/MAMP/htdocs/baliwag/bessy/vendor/codeigniter4/framework/system/View/View.php(213): CodeIgniter\View\View->CodeIgniter\View\{closure}()
#7 /Applications/MAMP/htdocs/baliwag/bessy/vendor/codeigniter4/framework/system/View/View.php(226): CodeIgniter\View\View->render('layouts/nonAdmi...', Array, true)
#8 /Applications/MAMP/htdocs/baliwag/bessy/vendor/codeigniter4/framework/system/Common.php(1089): CodeIgniter\View\View->render('chats/videoCall', Array, true)
#9 /Applications/MAMP/htdocs/baliwag/bessy/app/Controllers/Chats.php(116): view('chats/videoCall', Array)
#10 /Applications/MAMP/htdocs/baliwag/bessy/vendor/codeigniter4/framework/system/CodeIgniter.php(832): App\Controllers\Chats->videoCall()
#11 /Applications/MAMP/htdocs/baliwag/bessy/vendor/codeigniter4/framework/system/CodeIgniter.php(419): CodeIgniter\CodeIgniter->runController(Object(App\Controllers\Chats))
#12 /Applications/MAMP/htdocs/baliwag/bessy/vendor/codeigniter4/framework/system/CodeIgniter.php(326): CodeIgniter\CodeIgniter->handleRequest(NULL, Object(Config\Cache), false)
#13 /Applications/MAMP/htdocs/baliwag/bessy/index.php(38): CodeIgniter\CodeIgniter->run()
#14 {main}
CRITICAL - 2024-04-18 15:50:41 --> Undefined variable $departmentInfo
#0 /Applications/MAMP/htdocs/baliwag/bessy/app/Views/partials/chatDrawer.php(12): CodeIgniter\Debug\Exceptions->errorHandler(2, 'Undefined varia...', '/Applications/M...', 12)
#1 /Applications/MAMP/htdocs/baliwag/bessy/vendor/codeigniter4/framework/system/View/View.php(210): include('/Applications/M...')
#2 /Applications/MAMP/htdocs/baliwag/bessy/vendor/codeigniter4/framework/system/View/View.php(213): CodeIgniter\View\View->CodeIgniter\View\{closure}()
#3 /Applications/MAMP/htdocs/baliwag/bessy/vendor/codeigniter4/framework/system/View/View.php(424): CodeIgniter\View\View->render('partials/chatDr...', NULL, true)
#4 /Applications/MAMP/htdocs/baliwag/bessy/app/Views/layouts/nonAdminContainer.php(38): CodeIgniter\View\View->include('partials/chatDr...')
#5 /Applications/MAMP/htdocs/baliwag/bessy/vendor/codeigniter4/framework/system/View/View.php(210): include('/Applications/M...')
#6 /Applications/MAMP/htdocs/baliwag/bessy/vendor/codeigniter4/framework/system/View/View.php(213): CodeIgniter\View\View->CodeIgniter\View\{closure}()
#7 /Applications/MAMP/htdocs/baliwag/bessy/vendor/codeigniter4/framework/system/View/View.php(226): CodeIgniter\View\View->render('layouts/nonAdmi...', Array, true)
#8 /Applications/MAMP/htdocs/baliwag/bessy/vendor/codeigniter4/framework/system/Common.php(1089): CodeIgniter\View\View->render('chats/videoCall', Array, true)
#9 /Applications/MAMP/htdocs/baliwag/bessy/app/Controllers/Chats.php(116): view('chats/videoCall', Array)
#10 /Applications/MAMP/htdocs/baliwag/bessy/vendor/codeigniter4/framework/system/CodeIgniter.php(832): App\Controllers\Chats->videoCall()
#11 /Applications/MAMP/htdocs/baliwag/bessy/vendor/codeigniter4/framework/system/CodeIgniter.php(419): CodeIgniter\CodeIgniter->runController(Object(App\Controllers\Chats))
#12 /Applications/MAMP/htdocs/baliwag/bessy/vendor/codeigniter4/framework/system/CodeIgniter.php(326): CodeIgniter\CodeIgniter->handleRequest(NULL, Object(Config\Cache), false)
#13 /Applications/MAMP/htdocs/baliwag/bessy/index.php(38): CodeIgniter\CodeIgniter->run()
#14 {main}
CRITICAL - 2024-04-18 15:51:18 --> Undefined variable $departmentInfo
#0 /Applications/MAMP/htdocs/baliwag/bessy/app/Views/partials/chatDrawer.php(12): CodeIgniter\Debug\Exceptions->errorHandler(2, 'Undefined varia...', '/Applications/M...', 12)
#1 /Applications/MAMP/htdocs/baliwag/bessy/vendor/codeigniter4/framework/system/View/View.php(210): include('/Applications/M...')
#2 /Applications/MAMP/htdocs/baliwag/bessy/vendor/codeigniter4/framework/system/View/View.php(213): CodeIgniter\View\View->CodeIgniter\View\{closure}()
#3 /Applications/MAMP/htdocs/baliwag/bessy/vendor/codeigniter4/framework/system/View/View.php(424): CodeIgniter\View\View->render('partials/chatDr...', NULL, true)
#4 /Applications/MAMP/htdocs/baliwag/bessy/app/Views/layouts/nonAdminContainer.php(38): CodeIgniter\View\View->include('partials/chatDr...')
#5 /Applications/MAMP/htdocs/baliwag/bessy/vendor/codeigniter4/framework/system/View/View.php(210): include('/Applications/M...')
#6 /Applications/MAMP/htdocs/baliwag/bessy/vendor/codeigniter4/framework/system/View/View.php(213): CodeIgniter\View\View->CodeIgniter\View\{closure}()
#7 /Applications/MAMP/htdocs/baliwag/bessy/vendor/codeigniter4/framework/system/View/View.php(226): CodeIgniter\View\View->render('layouts/nonAdmi...', Array, true)
#8 /Applications/MAMP/htdocs/baliwag/bessy/vendor/codeigniter4/framework/system/Common.php(1089): CodeIgniter\View\View->render('chats/videoCall', Array, true)
#9 /Applications/MAMP/htdocs/baliwag/bessy/app/Controllers/Chats.php(116): view('chats/videoCall', Array)
#10 /Applications/MAMP/htdocs/baliwag/bessy/vendor/codeigniter4/framework/system/CodeIgniter.php(832): App\Controllers\Chats->videoCall()
#11 /Applications/MAMP/htdocs/baliwag/bessy/vendor/codeigniter4/framework/system/CodeIgniter.php(419): CodeIgniter\CodeIgniter->runController(Object(App\Controllers\Chats))
#12 /Applications/MAMP/htdocs/baliwag/bessy/vendor/codeigniter4/framework/system/CodeIgniter.php(326): CodeIgniter\CodeIgniter->handleRequest(NULL, Object(Config\Cache), false)
#13 /Applications/MAMP/htdocs/baliwag/bessy/index.php(38): CodeIgniter\CodeIgniter->run()
#14 {main}
CRITICAL - 2024-04-18 15:51:19 --> Undefined variable $departmentInfo
#0 /Applications/MAMP/htdocs/baliwag/bessy/app/Views/partials/chatDrawer.php(12): CodeIgniter\Debug\Exceptions->errorHandler(2, 'Undefined varia...', '/Applications/M...', 12)
#1 /Applications/MAMP/htdocs/baliwag/bessy/vendor/codeigniter4/framework/system/View/View.php(210): include('/Applications/M...')
#2 /Applications/MAMP/htdocs/baliwag/bessy/vendor/codeigniter4/framework/system/View/View.php(213): CodeIgniter\View\View->CodeIgniter\View\{closure}()
#3 /Applications/MAMP/htdocs/baliwag/bessy/vendor/codeigniter4/framework/system/View/View.php(424): CodeIgniter\View\View->render('partials/chatDr...', NULL, true)
#4 /Applications/MAMP/htdocs/baliwag/bessy/app/Views/layouts/nonAdminContainer.php(38): CodeIgniter\View\View->include('partials/chatDr...')
#5 /Applications/MAMP/htdocs/baliwag/bessy/vendor/codeigniter4/framework/system/View/View.php(210): include('/Applications/M...')
#6 /Applications/MAMP/htdocs/baliwag/bessy/vendor/codeigniter4/framework/system/View/View.php(213): CodeIgniter\View\View->CodeIgniter\View\{closure}()
#7 /Applications/MAMP/htdocs/baliwag/bessy/vendor/codeigniter4/framework/system/View/View.php(226): CodeIgniter\View\View->render('layouts/nonAdmi...', Array, true)
#8 /Applications/MAMP/htdocs/baliwag/bessy/vendor/codeigniter4/framework/system/Common.php(1089): CodeIgniter\View\View->render('chats/videoCall', Array, true)
#9 /Applications/MAMP/htdocs/baliwag/bessy/app/Controllers/Chats.php(116): view('chats/videoCall', Array)
#10 /Applications/MAMP/htdocs/baliwag/bessy/vendor/codeigniter4/framework/system/CodeIgniter.php(832): App\Controllers\Chats->videoCall()
#11 /Applications/MAMP/htdocs/baliwag/bessy/vendor/codeigniter4/framework/system/CodeIgniter.php(419): CodeIgniter\CodeIgniter->runController(Object(App\Controllers\Chats))
#12 /Applications/MAMP/htdocs/baliwag/bessy/vendor/codeigniter4/framework/system/CodeIgniter.php(326): CodeIgniter\CodeIgniter->handleRequest(NULL, Object(Config\Cache), false)
#13 /Applications/MAMP/htdocs/baliwag/bessy/index.php(38): CodeIgniter\CodeIgniter->run()
#14 {main}
